<?xml version="1.0" encoding="UTF-8" ?>
<testsuite errors="1" failures="0" hostname="LAPTOP-3CKUMRO9" name="sample.JUnit3TestSuite" skipped="0" tests="5" time="1.167" timestamp="2020-03-20T12:50:50">
  <properties>
    <property name="libs.jsp-compiler.javadoc" value="" />
    <property name="netbeans.autoupdate.country" value="ES" />
    <property name="javac.test.classpath" value=":build/classes:C:\Program Files\NetBeans 8.2\platform\modules\ext\junit-4.12.jar::C:\Program Files\NetBeans 8.2\platform\modules\ext\hamcrest-core-1.3.jar" />
    <property name="libs.jsf20.maven-pom" value="" />
    <property name="libs.DataBindingME.src" value="C:\Program Files\NetBeans 8.2\mobility\sources\netbeans_databindingme-src.zip" />
    <property name="libs.spring-webmvc4.0.src" value="" />
    <property name="javac.includes" value="sample/JUnit3TestSuite.java" />
    <property name="ant.core.lib" value="C:\Program Files\NetBeans 8.2\extide\ant\lib\ant.jar" />
    <property name="javadoc.windowtitle" value="" />
    <property name="libs.jsp-compilation.javadoc" value="" />
    <property name="user.dir" value="C:\Users\barra\Documents\NetBeansProjects\JUnitSampleSol" />
    <property name="libs.javaee-api-7.0.src" value="" />
    <property name="java.vm.version" value="25.241-b07" />
    <property name="libs.DataBindingME.classpath" value="C:\Program Files\NetBeans 8.2\mobility\modules\ext\netbeans_databindingme.jar" />
    <property name="libs.j2me_common_ant.src" value="" />
    <property name="libs.MySQLDriver.classpath" value="C:\Program Files\NetBeans 8.2\ide\modules\ext\mysql-connector-java-5.1.23-bin.jar" />
    <property name="libs.eclipselinkmodelgen.src" value="" />
    <property name="javadoc.notree" value="false" />
    <property name="netbeans.autoupdate.version" value="1.23" />
    <property name="libs.javaee-web-api-6.0.classpath" value="C:\Program Files\NetBeans 8.2\enterprise\modules\ext\javaee-web-api-6.0.jar" />
    <property name="libs.DataBindingME-PIM.maven-pom" value="" />
    <property name="javac.profile.cmd.line.arg" value="" />
    <property name="jdk.home" value="C:\Program Files\Java\jdk1.8.0_241" />
    <property name="libs.javac-api.src" value="" />
    <property name="javadoc.noindex" value="false" />
    <property name="libs.jpa2-persistence.classpath" value="C:\Program Files\NetBeans 8.2\java\modules\ext\hibernate4\hibernate-jpa-2.1-api-1.0.0.Final.jar" />
    <property name="sun.os.patch.level" value="" />
    <property name="java.vm.specification.name" value="Java Virtual Machine Specification" />
    <property name="nb.show.statistics.ui" value="usageStatisticsEnabled" />
    <property name="netbeans.autoupdate.variant" value="" />
    <property name="have.tests" value="true" />
    <property name="org.xml.sax.driver" value="com.sun.org.apache.xerces.internal.jaxp.SAXParserImpl$JAXPSAXParser" />
    <property name="libs.hamcrest.classpath" value="C:\Program Files\NetBeans 8.2\platform\modules\ext\hamcrest-core-1.3.jar" />
    <property name="libs.javac-api.javadoc" value="" />
    <property name="os.name" value="Windows 10" />
    <property name="test.class" value="sample.JUnit3TestSuite" />
    <property name="libs.beans-binding.classpath" value="C:\Program Files\NetBeans 8.2\java\modules\ext\beansbinding-1.2.1.jar" />
    <property name="libs.javaee-endorsed-api-7.0.maven-pom" value="" />
    <property name="ap.proc.none.internal" value="" />
    <property name="libs.DataBindingME-SVG.javadoc" value="C:\Program Files\NetBeans 8.2\mobility\modules\docs\netbeans_databindingme_svg-api.zip" />
    <property name="libs.restapi.javadoc" value="" />
    <property name="libs.JWSAntTasks.maven-pom" value="" />
    <property name="libs.jstl.classpath" value="C:\Program Files\NetBeans 8.2\enterprise\modules\ext\jstl-impl.jar;C:\Program Files\NetBeans 8.2\enterprise\modules\ext\jstl-api.jar" />
    <property name="libs.testng.src" value="" />
    <property name="libs.spring-webmvc3.0.src" value="" />
    <property name="libs.restapi.classpath" value="C:\Program Files\NetBeans 8.2\enterprise\modules\ext\jaxrs-2.0\javax.ws.rs-api-2.0.jar" />
    <property name="java.vendor.url.bug" value="http://bugreport.sun.com/bugreport/" />
    <property name="libs.jaxb.maven-pom" value="" />
    <property name="os.arch" value="amd64" />
    <property name="libs.eclipselink.src" value="" />
    <property name="user.name" value="barra" />
    <property name="libs.jsf12.javadoc" value="C:\Program Files\NetBeans 8.2\enterprise\docs\javaee-doc-api.jar" />
    <property name="copylibs.rebase" value="true" />
    <property name="libs.j2me_common_ant.maven-pom" value="" />
    <property name="ant.file.JUnitSampleSol" value="C:\Users\barra\Documents\NetBeansProjects\JUnitSampleSol\build.xml" />
    <property name="libs.spring-webmvc3.0.maven-pom" value="" />
    <property name="libs.swing-layout.maven-pom" value="" />
    <property name="sun.java.command" value="org.apache.tools.ant.taskdefs.optional.junit.JUnitTestRunner sample.JUnit3TestSuite skipNonTests=false filtertrace=true haltOnError=false haltOnFailure=false showoutput=true outputtoformatters=true logfailedtests=true threadid=0 logtestlistenerevents=true formatter=org.apache.tools.ant.taskdefs.optional.junit.BriefJUnitResultFormatter formatter=org.apache.tools.ant.taskdefs.optional.junit.XMLJUnitResultFormatter,C:\Users\barra\Documents\NetBeansProjects\JUnitSampleSol\build\test\results\TEST-sample.JUnit3TestSuite.xml crashfile=C:\Users\barra\Documents\NetBeansProjects\JUnitSampleSol\build\junitvmwatcher5589893557173260647.properties propsfile=C:\Users\barra\Documents\NetBeansProjects\JUnitSampleSol\build\junit6233756047607867435.properties" />
    <property name="build.classes.dir" value="build/classes" />
    <property name="netbeans.accept_license_class" value="org.netbeans.license.AcceptLicense" />
    <property name="build.sysclasspath" value="ignore" />
    <property name="manifest.encoding" value="UTF-8" />
    <property name="ap.supported.internal" value="true" />
    <property name="java.failonerror" value="true" />
    <property name="libs.javaee-endorsed-api-7.0.javadoc" value="C:\Program Files\NetBeans 8.2\enterprise\docs\javaee-doc-api.jar" />
    <property name="libs.jaxws21.javadoc" value="C:\Program Files\NetBeans 8.2\java\docs\jaxws-api-doc.zip" />
    <property name="libs.spring-webmvc4.0.javadoc" value="" />
    <property name="includes" value="**" />
    <property name="user.country" value="ES" />
    <property name="javadoc.encoding" value="UTF-8" />
    <property name="javac.classpath" value="" />
    <property name="libs.jsp-compilation-syscp.src" value="" />
    <property name="libs.spring-framework400.classpath" value="C:\Program Files\NetBeans 8.2\ide\modules\org-apache-commons-logging.jar;C:\Program Files\NetBeans 8.2\java\modules\ext\cglib-2.2.jar;C:\Program Files\NetBeans 8.2\java\modules\ext\spring-4\spring-aop-4.0.1.RELEASE.jar;C:\Program Files\NetBeans 8.2\java\modules\ext\spring-4\spring-aspects-4.0.1.RELEASE.jar;C:\Program Files\NetBeans 8.2\java\modules\ext\spring-4\spring-beans-4.0.1.RELEASE.jar;C:\Program Files\NetBeans 8.2\java\modules\ext\spring-4\spring-build-src-4.0.1.RELEASE.jar;C:\Program Files\NetBeans 8.2\java\modules\ext\spring-4\spring-context-4.0.1.RELEASE.jar;C:\Program Files\NetBeans 8.2\java\modules\ext\spring-4\spring-context-support-4.0.1.RELEASE.jar;C:\Program Files\NetBeans 8.2\java\modules\ext\spring-4\spring-core-4.0.1.RELEASE.jar;C:\Program Files\NetBeans 8.2\java\modules\ext\spring-4\spring-expression-4.0.1.RELEASE.jar;C:\Program Files\NetBeans 8.2\java\modules\ext\spring-4\spring-framework-bom-4.0.1.RELEASE.jar;C:\Program Files\NetBeans 8.2\java\modules\ext\spring-4\spring-instrument-4.0.1.RELEASE.jar;C:\Program Files\NetBeans 8.2\java\modules\ext\spring-4\spring-instrument-tomcat-4.0.1.RELEASE.jar;C:\Program Files\NetBeans 8.2\java\modules\ext\spring-4\spring-jdbc-4.0.1.RELEASE.jar;C:\Program Files\NetBeans 8.2\java\modules\ext\spring-4\spring-jms-4.0.1.RELEASE.jar;C:\Program Files\NetBeans 8.2\java\modules\ext\spring-4\spring-messaging-4.0.1.RELEASE.jar;C:\Program Files\NetBeans 8.2\java\modules\ext\spring-4\spring-orm-4.0.1.RELEASE.jar;C:\Program Files\NetBeans 8.2\java\modules\ext\spring-4\spring-oxm-4.0.1.RELEASE.jar;C:\Program Files\NetBeans 8.2\java\modules\ext\spring-4\spring-test-4.0.1.RELEASE.jar;C:\Program Files\NetBeans 8.2\java\modules\ext\spring-4\spring-tx-4.0.1.RELEASE.jar;C:\Program Files\NetBeans 8.2\java\modules\ext\spring-4\spring-web-4.0.1.RELEASE.jar;C:\Program Files\NetBeans 8.2\java\modules\ext\spring-4\spring-webmvc-4.0.1.RELEASE.jar;C:\Program Files\NetBeans 8.2\java\modules\ext\spring-4\spring-webmvc-portlet-4.0.1.RELEASE.jar;C:\Program Files\NetBeans 8.2\java\modules\ext\spring-4\spring-websocket-4.0.1.RELEASE.jar" />
    <property name="debug-transport" value="dt_shmem" />
    <property name="netbeans.home" value="C:\Program Files\NetBeans 8.2\platform" />
    <property name="build.compiler.emacs" value="true" />
    <property name="libs.javaee-web-api-6.0.src" value="" />
    <property name="libs.jsp-compilation-syscp.classpath" value="C:\Program Files\NetBeans 8.2\extide\ant\lib\ant.jar;C:\Program Files\NetBeans 8.2\enterprise\modules\ext\servlet3.1-jsp2.3-api.jar;C:\Program Files\NetBeans 8.2\enterprise\modules\ext\glassfish-jspparser-4.0.jar;C:\Program Files\NetBeans 8.2\enterprise\modules\ext\jstl-impl.jar;C:\Program Files\NetBeans 8.2\enterprise\modules\ext\jsf-2_2\javax.faces.jar" />
    <property name="java.endorsed.dirs" value="C:\Program Files\Java\jdk1.8.0_241\jre\lib\endorsed" />
    <property name="libs.groovy-all.src" value="" />
    <property name="test.includes" value="sample/JUnit3TestSuite.java" />
    <property name="netbeans.dynamic.classpath" value="C:\Program Files\NetBeans 8.2\platform\core\asm-all-5.0.1.jar;C:\Program Files\NetBeans 8.2\platform\core\core-base.jar;C:\Program Files\NetBeans 8.2\platform\core\core.jar;C:\Program Files\NetBeans 8.2\platform\core\org-netbeans-libs-asm.jar;C:\Program Files\NetBeans 8.2\platform\core\org-openide-filesystems-compat8.jar;C:\Program Files\NetBeans 8.2\platform\core\org-openide-filesystems.jar;C:\Program Files\NetBeans 8.2\platform\core\locale\core-base_ja.jar;C:\Program Files\NetBeans 8.2\platform\core\locale\core-base_pt_BR.jar;C:\Program Files\NetBeans 8.2\platform\core\locale\core-base_ru.jar;C:\Program Files\NetBeans 8.2\platform\core\locale\core-base_zh_CN.jar;C:\Program Files\NetBeans 8.2\platform\core\locale\core_ja.jar;C:\Program Files\NetBeans 8.2\platform\core\locale\core_pt_BR.jar;C:\Program Files\NetBeans 8.2\platform\core\locale\core_ru.jar;C:\Program Files\NetBeans 8.2\platform\core\locale\core_zh_CN.jar;C:\Program Files\NetBeans 8.2\platform\core\locale\org-netbeans-libs-asm_ja.jar;C:\Program Files\NetBeans 8.2\platform\core\locale\org-netbeans-libs-asm_pt_BR.jar;C:\Program Files\NetBeans 8.2\platform\core\locale\org-netbeans-libs-asm_ru.jar;C:\Program Files\NetBeans 8.2\platform\core\locale\org-netbeans-libs-asm_zh_CN.jar;C:\Program Files\NetBeans 8.2\platform\core\locale\org-openide-filesystems-compat8_ja.jar;C:\Program Files\NetBeans 8.2\platform\core\locale\org-openide-filesystems-compat8_pt_BR.jar;C:\Program Files\NetBeans 8.2\platform\core\locale\org-openide-filesystems-compat8_ru.jar;C:\Program Files\NetBeans 8.2\platform\core\locale\org-openide-filesystems-compat8_zh_CN.jar;C:\Program Files\NetBeans 8.2\platform\core\locale\org-openide-filesystems_ja.jar;C:\Program Files\NetBeans 8.2\platform\core\locale\org-openide-filesystems_pt_BR.jar;C:\Program Files\NetBeans 8.2\platform\core\locale\org-openide-filesystems_ru.jar;C:\Program Files\NetBeans 8.2\platform\core\locale\org-openide-filesystems_zh_CN.jar;C:\Program Files\NetBeans 8.2\nb\core\org-netbeans-upgrader.jar;C:\Program Files\NetBeans 8.2\nb\core\locale\core_nb.jar;C:\Program Files\NetBeans 8.2\nb\core\locale\core_nb_ja.jar;C:\Program Files\NetBeans 8.2\nb\core\locale\core_nb_pt_BR.jar;C:\Program Files\NetBeans 8.2\nb\core\locale\core_nb_ru.jar;C:\Program Files\NetBeans 8.2\nb\core\locale\core_nb_zh_CN.jar;C:\Program Files\NetBeans 8.2\nb\core\locale\org-netbeans-upgrader_ja.jar;C:\Program Files\NetBeans 8.2\nb\core\locale\org-netbeans-upgrader_pt_BR.jar;C:\Program Files\NetBeans 8.2\nb\core\locale\org-netbeans-upgrader_ru.jar;C:\Program Files\NetBeans 8.2\nb\core\locale\org-netbeans-upgrader_zh_CN.jar" />
    <property name="java.vm.specification.version" value="1.8" />
    <property name="libs.hibernate4-support.src" value="" />
    <property name="ant.file.JUnitSampleSol-impl" value="C:\Users\barra\Documents\NetBeansProjects\JUnitSampleSol\nbproject\build-impl.xml" />
    <property name="libs.primefaces.classpath" value="C:\Program Files\NetBeans 8.2\enterprise\modules\ext\primefaces\primefaces-5.0.jar" />
    <property name="libs.javaee-api-6.0.classpath" value="C:\Program Files\NetBeans 8.2\enterprise\modules\ext\javaee-api-6.0.jar" />
    <property name="libs.groovy-all.maven-pom" value="" />
    <property name="netbeans.productversion" value="NetBeans IDE 8.2 (Build 201609300101)" />
    <property name="libs.jaxws21.src" value="" />
    <property name="do.archive" value="true" />
    <property name="netbeans.autoupdate.language" value="es" />
    <property name="java.vendor" value="Oracle Corporation" />
    <property name="libs.javaee-api-6.0.javadoc" value="C:\Program Files\NetBeans 8.2\enterprise\docs\javaee-doc-api.jar" />
    <property name="jar.index.metainf" value="false" />
    <property name="javac.debug" value="true" />
    <property name="javadoc.splitindex" value="true" />
    <property name="file.separator" value="\" />
    <property name="javac.includesfile.binary" value="C:\Users\barra\Documents\NetBeansProjects\JUnitSampleSol\null355058228" />
    <property name="libs.junit_4.maven-pom" value="" />
    <property name="javac.test.processorpath" value=":build/classes:C:\Program Files\NetBeans 8.2\platform\modules\ext\junit-4.12.jar::C:\Program Files\NetBeans 8.2\platform\modules\ext\hamcrest-core-1.3.jar" />
    <property name="netbeans.buildnumber" value="201609300101" />
    <property name="libs.JWSAntTasks.javadoc" value="" />
    <property name="build.generated.sources.dir" value="build/generated-sources" />
    <property name="user.variant" value="" />
    <property name="libs.eclipselinkmodelgen.classpath" value="C:\Program Files\NetBeans 8.2\java\modules\ext\eclipselink\org.eclipse.persistence.jpa.modelgen_2.5.2.v20140319-9ad6abd.jar" />
    <property name="libs.javaee-endorsed-api-7.0.src" value="" />
    <property name="sun.java.launcher" value="SUN_STANDARD" />
    <property name="libs.hibernate4-persistencemodelgen.javadoc" value="" />
    <property name="libs.jaxb.javadoc" value="C:\Program Files\NetBeans 8.2\ide\docs\jaxb-api-doc.zip" />
    <property name="libs.struts.classpath" value="C:\Program Files\NetBeans 8.2\enterprise\modules\ext\struts\antlr-2.7.2.jar;C:\Program Files\NetBeans 8.2\enterprise\modules\ext\struts\bsf-2.3.0.jar;C:\Program Files\NetBeans 8.2\enterprise\modules\ext\struts\commons-beanutils-1.8.0.jar;C:\Program Files\NetBeans 8.2\enterprise\modules\ext\struts\commons-chain-1.2.jar;C:\Program Files\NetBeans 8.2\enterprise\modules\ext\struts\commons-digester-1.8.jar;C:\Program Files\NetBeans 8.2\enterprise\modules\ext\struts\commons-fileupload-1.1.1.jar;C:\Program Files\NetBeans 8.2\enterprise\modules\ext\struts\commons-io-1.1.jar;C:\Program Files\NetBeans 8.2\enterprise\modules\ext\struts\commons-logging-1.0.4.jar;C:\Program Files\NetBeans 8.2\enterprise\modules\ext\struts\commons-validator-1.3.1.jar;C:\Program Files\NetBeans 8.2\enterprise\modules\ext\struts\jstl-1.0.2.jar;C:\Program Files\NetBeans 8.2\enterprise\modules\ext\struts\oro-2.0.8.jar;C:\Program Files\NetBeans 8.2\enterprise\modules\ext\struts\standard-1.0.6.jar;C:\Program Files\NetBeans 8.2\enterprise\modules\ext\struts\struts-core-1.3.10.jar;C:\Program Files\NetBeans 8.2\enterprise\modules\ext\struts\struts-el-1.3.10.jar;C:\Program Files\NetBeans 8.2\enterprise\modules\ext\struts\struts-extras-1.3.10.jar;C:\Program Files\NetBeans 8.2\enterprise\modules\ext\struts\struts-faces-1.3.10.jar;C:\Program Files\NetBeans 8.2\enterprise\modules\ext\struts\struts-mailreader-dao-1.3.10.jar;C:\Program Files\NetBeans 8.2\enterprise\modules\ext\struts\struts-scripting-1.3.10.jar;C:\Program Files\NetBeans 8.2\enterprise\modules\ext\struts\struts-taglib-1.3.10.jar;C:\Program Files\NetBeans 8.2\enterprise\modules\ext\struts\struts-tiles-1.3.10.jar" />
    <property name="org.openide.awt.SwingBrowserImpl.do-not-block-awt" value="false" />
    <property name="javac.includes.binary" value="C:\Users\barra\Documents\NetBeansProjects\JUnitSampleSol\build\test\classes\sample\JUnit3TestSuite.class" />
    <property name="ant.home" value="C:\Program Files\NetBeans 8.2\extide\ant" />
    <property name="libs.junit_4.src" value="C:\Program Files\NetBeans 8.2\platform\docs\junit-4.12-sources.jar" />
    <property name="libs.testng.classpath" value="C:\Program Files\NetBeans 8.2\platform\modules\ext\testng-6.8.1-dist.jar" />
    <property name="libs.absolutelayout.maven-pom" value="" />
    <property name="ant.java.version" value="1.8" />
    <property name="java.library.path" value="C:\Program Files\Java\jdk1.8.0_241\jre\bin;C:\windows\Sun\Java\bin;C:\windows\system32;C:\windows;C:\Program Files (x86)\Common Files\Oracle\Java\javapath;C:\windows\system32;C:\windows;C:\windows\System32\Wbem;C:\windows\System32\WindowsPowerShell\v1.0\;C:\windows\System32\OpenSSH\;C:\Program Files\Git\cmd;C:\Users\barra\AppData\Local\Microsoft\WindowsApps;C:\AppServ\Apache24\bin;C:\AppServ\php7;C:\AppServ\MySQL\bin;C:\Program Files\Java\jdk-13.0.2\bin;;." />
    <property name="javadoc.author" value="false" />
    <property name="libs.metro.maven-pom" value="" />
    <property name="java.util.logging.config.class" value="org.netbeans.core.startup.TopLogging" />
    <property name="libs.spring-framework400.src" value="" />
    <property name="libs.PostgreSQLDriver.src" value="" />
    <property name="sun.arch.data.model" value="64" />
    <property name="basedir" value="C:\Users\barra\Documents\NetBeansProjects\JUnitSampleSol" />
    <property name="libs.jpa20-persistence.maven-pom" value="" />
    <property name="jar.compress" value="false" />
    <property name="libs.javaee-web-api-7.0.classpath" value="C:\Program Files\NetBeans 8.2\enterprise\modules\ext\javaee-web-api-7.0.jar" />
    <property name="path.separator" value=";" />
    <property name="libs.javaee-web-api-6.0.javadoc" value="C:\Program Files\NetBeans 8.2\enterprise\docs\javaee-doc-api.jar" />
    <property name="ant.junit.enabletestlistenerevents" value="true" />
    <property name="sun.io.unicode.encoding" value="UnicodeLittle" />
    <property name="libs.jaxws21.classpath" value="C:\Program Files\NetBeans 8.2\ide\modules\ext\jaxb\jaxb-impl.jar;C:\Program Files\NetBeans 8.2\ide\modules\ext\jaxb\jaxb-xjc.jar;C:\Program Files\NetBeans 8.2\java\modules\ext\jaxws22\FastInfoset.jar;C:\Program Files\NetBeans 8.2\java\modules\ext\jaxws22\gmbal-api-only.jar;C:\Program Files\NetBeans 8.2\java\modules\ext\jaxws22\ha-api.jar;C:\Program Files\NetBeans 8.2\java\modules\ext\jaxws22\javax.mail_1.4.jar;C:\Program Files\NetBeans 8.2\java\modules\ext\jaxws22\jaxws-rt.jar;C:\Program Files\NetBeans 8.2\java\modules\ext\jaxws22\jaxws-tools.jar;C:\Program Files\NetBeans 8.2\java\modules\ext\jaxws22\management-api.jar;C:\Program Files\NetBeans 8.2\java\modules\ext\jaxws22\mimepull.jar;C:\Program Files\NetBeans 8.2\java\modules\ext\jaxws22\policy.jar;C:\Program Files\NetBeans 8.2\java\modules\ext\jaxws22\saaj-impl.jar;C:\Program Files\NetBeans 8.2\java\modules\ext\jaxws22\stax-ex.jar;C:\Program Files\NetBeans 8.2\java\modules\ext\jaxws22\stax2-api.jar;C:\Program Files\NetBeans 8.2\java\modules\ext\jaxws22\streambuffer.jar;C:\Program Files\NetBeans 8.2\java\modules\ext\jaxws22\woodstox-core-asl.jar;C:\Program Files\NetBeans 8.2\java\modules\ext\jaxws22\api\jaxws-api.jar;C:\Program Files\NetBeans 8.2\java\modules\ext\jaxws22\api\jsr181-api.jar;C:\Program Files\NetBeans 8.2\java\modules\ext\jaxws22\api\javax.annotation.jar;C:\Program Files\NetBeans 8.2\java\modules\ext\jaxws22\api\saaj-api.jar;C:\Program Files\NetBeans 8.2\ide\modules\ext\jaxb\activation.jar;C:\Program Files\NetBeans 8.2\ide\modules\ext\jaxb\api\jaxb-api.jar;C:\Program Files\NetBeans 8.2\ide\modules\ext\jaxb\api\jsr173_1.0_api.jar" />
    <property name="libs.struts.src" value="" />
    <property name="apple.awt.graphics.UseQuartz" value="true" />
    <property name="user.language" value="es" />
    <property name="testng.mode" value="testng" />
    <property name="libs.JAXB-ENDORSED.maven-pom" value="" />
    <property name="libs.eclipselink.maven-pom" value="" />
    <property name="test.binaryincludes" value="&lt;nothing&gt;" />
    <property name="libs.primefaces.javadoc" value="" />
    <property name="libs.spring-framework300.maven-pom" value="" />
    <property name="run.test.classpath" value=":build/classes:C:\Program Files\NetBeans 8.2\platform\modules\ext\junit-4.12.jar::C:\Program Files\NetBeans 8.2\platform\modules\ext\hamcrest-core-1.3.jar:build/test/classes" />
    <property name="ant.project.invoked-targets" value="test-single" />
    <property name="test.binaryexcludes" value="" />
    <property name="libs.swing-layout.javadoc" value="C:\Program Files\NetBeans 8.2\platform\docs\swing-layout-1.0.4-doc.zip" />
    <property name="sun.java2d.dpiaware" value="true" />
    <property name="libs.hibernate4-persistence.maven-pom" value="" />
    <property name="libs.DataBindingME-SVG.classpath" value="C:\Program Files\NetBeans 8.2\mobility\modules\ext\netbeans_databindingme_svg.jar" />
    <property name="https.nonProxyHosts" value="localhost|127.0.0.1|LAPTOP-3CKUMRO9" />
    <property name="libs.PostgreSQLDriver.maven-pom" value="" />
    <property name="java.class.version" value="52.0" />
    <property name="libs.hibernate4-persistencemodelgen.maven-pom" value="" />
    <property name="libs.javaee-endorsed-api-6.0.src" value="" />
    <property name="libs.eclipselink.javadoc" value="C:\Program Files\NetBeans 8.2\java\modules\ext\docs\javax.persistence-2.1.0-doc.zip" />
    <property name="libs.jsp-compilation.maven-pom" value="" />
    <property name="user.properties.file" value="C:\Users\barra\AppData\Roaming\NetBeans\8.2\build.properties" />
    <property name="runtime.encoding" value="UTF-8" />
    <property name="libs.javac-api.maven-pom" value="" />
    <property name="file.encoding.pkg" value="sun.io" />
    <property name="sun.cpu.endian" value="little" />
    <property name="libs.JAXB-ENDORSED.javadoc" value="" />
    <property name="libs.JWSAntTasks.classpath" value="C:\Program Files\NetBeans 8.2\java\ant\extra\org-netbeans-modules-javawebstart-anttasks.jar" />
    <property name="libs.spring-webmvc4.0.maven-pom" value="" />
    <property name="libs.spring-framework300.src" value="" />
    <property name="libs.jstl.src" value="" />
    <property name="empty.dir" value="C:\Users\barra\Documents\NetBeansProjects\JUnitSampleSol\build\empty" />
    <property name="version-output" value="java version &quot;1.8" />
    <property name="test.binarytestincludes" value="" />
    <property name="libs.hibernate4-persistencemodelgen.src" value="" />
    <property name="javadoc.preview" value="true" />
    <property name="libs.jpa20-persistence.javadoc" value="C:\Program Files\NetBeans 8.2\java\modules\ext\docs\javax.persistence-2.1.0-doc.zip" />
    <property name="java.home" value="C:\Program Files\Java\jdk1.8.0_241\jre" />
    <property name="libs.jsp-compilation.src" value="" />
    <property name="debug.test.classpath" value=":build/classes:C:\Program Files\NetBeans 8.2\platform\modules\ext\junit-4.12.jar::C:\Program Files\NetBeans 8.2\platform\modules\ext\hamcrest-core-1.3.jar:build/test/classes" />
    <property name="libs.javaee-endorsed-api-6.0.classpath" value="C:\Program Files\NetBeans 8.2\enterprise\modules\ext\javaee6-endorsed\javax.annotation.jar;C:\Program Files\NetBeans 8.2\enterprise\modules\ext\javaee6-endorsed\jaxb-api-osgi.jar;C:\Program Files\NetBeans 8.2\enterprise\modules\ext\javaee6-endorsed\webservices-api-osgi.jar" />
    <property name="libs.javaee-api-6.0.src" value="" />
    <property name="netbeans.importclass" value="org.netbeans.upgrade.AutoUpgrade" />
    <property name="ant.project.default-target" value="default" />
    <property name="annotation.processing.run.all.processors" value="true" />
    <property name="libs.DataBindingME.maven-pom" value="" />
    <property name="libs.PostgreSQLDriver.javadoc" value="" />
    <property name="libs.restlib.classpath" value="C:\Program Files\NetBeans 8.2\enterprise\modules\ext\jersey2\ext\asm-all-repackaged-2.2.0-b21.jar;C:\Program Files\NetBeans 8.2\enterprise\modules\ext\jersey2\ext\cglib-2.2.0-b21.jar;C:\Program Files\NetBeans 8.2\enterprise\modules\ext\jersey2\ext\guava-14.0.1.jar;C:\Program Files\NetBeans 8.2\enterprise\modules\ext\jersey2\ext\hk2-api-2.2.0-b21.jar;C:\Program Files\NetBeans 8.2\enterprise\modules\ext\jersey2\ext\hk2-locator-2.2.0-b21.jar;C:\Program Files\NetBeans 8.2\enterprise\modules\ext\jersey2\ext\hk2-utils-2.2.0-b21.jar;C:\Program Files\NetBeans 8.2\enterprise\modules\ext\jersey2\ext\javax.annotation-api-1.2.jar;C:\Program Files\NetBeans 8.2\enterprise\modules\ext\jersey2\ext\javax.inject-2.2.0-b21.jar;C:\Program Files\NetBeans 8.2\enterprise\modules\ext\jersey2\ext\javax.servlet-api-3.0.1.jar;C:\Program Files\NetBeans 8.2\enterprise\modules\ext\jersey2\ext\jaxb-api-2.2.7.jar;C:\Program Files\NetBeans 8.2\enterprise\modules\ext\jersey2\ext\jersey-entity-filtering-2.5.1.jar;C:\Program Files\NetBeans 8.2\enterprise\modules\ext\jersey2\ext\jersey-media-moxy-2.5.1.jar;C:\Program Files\NetBeans 8.2\enterprise\modules\ext\jersey2\ext\org.osgi.core-4.2.0.jar;C:\Program Files\NetBeans 8.2\enterprise\modules\ext\jersey2\ext\osgi-resource-locator-1.0.1.jar;C:\Program Files\NetBeans 8.2\enterprise\modules\ext\jersey2\ext\persistence-api-1.0.jar;C:\Program Files\NetBeans 8.2\enterprise\modules\ext\jersey2\ext\validation-api-1.1.0.Final.jar;C:\Program Files\NetBeans 8.2\enterprise\modules\ext\jersey2\jersey-client.jar;C:\Program Files\NetBeans 8.2\enterprise\modules\ext\jersey2\jersey-common.jar;C:\Program Files\NetBeans 8.2\enterprise\modules\ext\jersey2\jersey-container-servlet.jar;C:\Program Files\NetBeans 8.2\enterprise\modules\ext\jersey2\jersey-container-servlet-core.jar;C:\Program Files\NetBeans 8.2\enterprise\modules\ext\jersey2\jersey-server.jar;C:\Program Files\NetBeans 8.2\java\modules\ext\eclipselink\eclipselink.jar" />
    <property name="libs.MySQLDriver.maven-pom" value="" />
    <property name="libs.hibernate4-persistence.javadoc" value="C:\Program Files\NetBeans 8.2\java\modules\ext\docs\javax.persistence-2.1.0-doc.zip" />
    <property name="http.nonProxyHosts" value="localhost|127.0.0.1|LAPTOP-3CKUMRO9" />
    <property name="libs.junit_4.javadoc" value="C:\Program Files\NetBeans 8.2\platform\docs\junit-4.12-javadoc.jar" />
    <property name="libs.javaee-web-api-6.0.maven-pom" value="" />
    <property name="run.classpath" value=":build/classes" />
    <property name="jna.boot.library.name" value="jnidispatch-422" />
    <property name="libs.javaee-endorsed-api-6.0.javadoc" value="C:\Program Files\NetBeans 8.2\enterprise\docs\javaee-doc-api.jar" />
    <property name="libs.javaee-api-7.0.classpath" value="C:\Program Files\NetBeans 8.2\enterprise\modules\ext\javaee-api-7.0.jar" />
    <property name="sun.awt.datatransfer.timeout" value="1000" />
    <property name="libs.spring-webmvc3.0.javadoc" value="" />
    <property name="libs.jpa2-persistence.maven-pom" value="" />
    <property name="libs.hibernate4-support.classpath" value="C:\Program Files\NetBeans 8.2\java\modules\ext\hibernate4\antlr-2.7.7.jar;C:\Program Files\NetBeans 8.2\java\modules\ext\hibernate4\c3p0-0.9.2.1.jar;C:\Program Files\NetBeans 8.2\java\modules\ext\hibernate4\hibernate-c3p0-4.3.1.Final.jar;C:\Program Files\NetBeans 8.2\java\modules\ext\hibernate4\mchange-commons-java-0.2.3.4.jar;C:\Program Files\NetBeans 8.2\java\modules\ext\hibernate4\dom4j-1.6.1.jar;C:\Program Files\NetBeans 8.2\java\modules\ext\hibernate4\ehcache-core-2.4.3.jar;C:\Program Files\NetBeans 8.2\java\modules\ext\hibernate4\hibernate-ehcache-4.3.1.Final.jar;C:\Program Files\NetBeans 8.2\java\modules\ext\hibernate4\hibernate-core-4.3.1.Final.jar;C:\Program Files\NetBeans 8.2\java\modules\ext\hibernate4\jboss-logging-3.1.3.GA.jar;C:\Program Files\NetBeans 8.2\java\modules\ext\hibernate4\hibernate-commons-annotations-4.0.4.Final.jar;C:\Program Files\NetBeans 8.2\java\modules\ext\hibernate4\hibernate-entitymanager-4.3.1.Final.jar;C:\Program Files\NetBeans 8.2\java\modules\ext\hibernate4\javassist-3.18.1-GA.jar;C:\Program Files\NetBeans 8.2\java\modules\ext\hibernate4\jboss-transaction-api_1.2_spec-1.0.0.Final.jar;C:\Program Files\NetBeans 8.2\java\modules\ext\hibernate4\slf4j-api-1.6.1.jar;C:\Program Files\NetBeans 8.2\java\modules\ext\hibernate4\slf4j-simple-1.6.1.jar" />
    <property name="nb.native.filechooser" value="false" />
    <property name="libs.restapi.src" value="" />
    <property name="sun.management.compiler" value="HotSpot 64-Bit Tiered Compilers" />
    <property name="libs.j2me_common_ant.javadoc" value="" />
    <property name="javac.deprecation" value="false" />
    <property name="javadoc.use" value="true" />
    <property name="sun.java2d.noddraw" value="true" />
    <property name="libs.jsp-compiler.classpath" value="C:\Program Files\NetBeans 8.2\enterprise\ant\extra\jspcompile.jar" />
    <property name="javac.processorpath" value="" />
    <property name="libs.hamcrest.maven-pom" value="" />
    <property name="javac.compilerargs" value="" />
    <property name="svnkit.http.methods" value="Basic" />
    <property name="ant.file" value="C:\Users\barra\Documents\NetBeansProjects\JUnitSampleSol\build.xml" />
    <property name="libs.beans-binding.maven-pom" value="" />
    <property name="libs.hibernate4-support.javadoc" value="C:\Program Files\NetBeans 8.2\java\modules\ext\docs\javax.persistence-2.1.0-doc.zip" />
    <property name="libs.jsf12.classpath" value="C:\Program Files\NetBeans 8.2\enterprise\modules\ext\jsf-1_2\commons-beanutils.jar;C:\Program Files\NetBeans 8.2\enterprise\modules\ext\jsf-1_2\commons-collections.jar;C:\Program Files\NetBeans 8.2\enterprise\modules\ext\jsf-1_2\commons-digester.jar;C:\Program Files\NetBeans 8.2\enterprise\modules\ext\jsf-1_2\commons-logging.jar;C:\Program Files\NetBeans 8.2\enterprise\modules\ext\jsf-1_2\jsf-api.jar;C:\Program Files\NetBeans 8.2\enterprise\modules\ext\jsf-1_2\jsf-impl.jar" />
    <property name="libs.jstl.maven-pom" value="" />
    <property name="libs.restapi.maven-pom" value="" />
    <property name="libs.beans-binding.src" value="" />
    <property name="ant.file.type.JUnitSampleSol" value="file" />
    <property name="java.vm.specification.vendor" value="Oracle Corporation" />
    <property name="libs.DataBindingME-PIM.javadoc" value="C:\Program Files\NetBeans 8.2\mobility\modules\docs\netbeans_databindingme_pim-api.zip" />
    <property name="libs.swing-layout.src" value="C:\Program Files\NetBeans 8.2\platform\docs\swing-layout-1.0.4-src.zip" />
    <property name="org.openide.major.version" value="IDE/1" />
    <property name="java.vm.name" value="Java HotSpot(TM) 64-Bit Server VM" />
    <property name="netbeans.user" value="C:\Users\barra\AppData\Roaming\NetBeans\8.2" />
    <property name="javadoc.additionalparam" value="" />
    <property name="java.io.tmpdir" value="C:\Users\barra\AppData\Local\Temp\" />
    <property name="java.vendor.url" value="http://java.oracle.com/" />
    <property name="endorsed.classpath.cmd.line.arg" value="" />
    <property name="jna.loaded" value="true" />
    <property name="junit.available" value="true" />
    <property name="libs.jsp-compiler.src" value="" />
    <property name="sun.boot.library.path" value="C:\Program Files\Java\jdk1.8.0_241\jre\bin" />
    <property name="have.sources" value="true" />
    <property name="libs.hamcrest.javadoc" value="" />
    <property name="debug.classpath" value=":build/classes" />
    <property name="javadoc.private" value="false" />
    <property name="test.src.dir" value="test" />
    <property name="libs.jsf20.classpath" value="C:\Program Files\NetBeans 8.2\enterprise\modules\ext\jsf-2_2\javax.faces.jar" />
    <property name="ap.processors.internal" value="" />
    <property name="meta.inf.dir" value="src/META-INF" />
    <property name="javadoc.encoding.used" value="UTF-8" />
    <property name="libs.DataBindingME-SVG.src" value="C:\Program Files\NetBeans 8.2\mobility\sources\netbeans_databindingme_svg-src.zip" />
    <property name="dist.jar" value="dist/JUnitSampleSol.jar" />
    <property name="libs.spring-framework400.maven-pom" value="" />
    <property name="java.runtime.name" value="Java(TM) SE Runtime Environment" />
    <property name="ant.project.name" value="JUnitSampleSol" />
    <property name="netbeans.hash.code" value="unique=NB_CND_EXTIDE_GFMOD_GROOVY_JAVA_JC_MOB_PHP_WEBCOMMON_WEBEE0ea27c6b7-e9b3-4380-b47b-adcee3723838_3f0f34c8-1668-48b1-9c2f-c0e60c4c5137" />
    <property name="netbeans.default_userdir_root" value="C:\Users\barra\AppData\Roaming\NetBeans" />
    <property name="libs.jsp-compilation-syscp.maven-pom" value="" />
    <property name="junit.selected.version" value="3" />
    <property name="sun.cpu.isalist" value="amd64" />
    <property name="libs.spring-framework400.javadoc" value="" />
    <property name="libs.CopyLibs.javadoc" value="" />
    <property name="org.openide.specification.version" value="6.2" />
    <property name="libs.DataBindingME-PIM.classpath" value="C:\Program Files\NetBeans 8.2\mobility\modules\ext\netbeans_databindingme_pim.jar" />
    <property name="user.home" value="C:\Users\barra" />
    <property name="annotation.processing.processors.list" value="" />
    <property name="libs.primefaces.maven-pom" value="" />
    <property name="debug-args-line" value="-Xdebug" />
    <property name="libs.javaee-api-6.0.maven-pom" value="" />
    <property name="libs.JWSAntTasks.src" value="" />
    <property name="jar.index" value="false" />
    <property name="libs.CopyLibs.maven-pom" value="" />
    <property name="libs.spring-framework300.javadoc" value="" />
    <property name="libs.absolutelayout.javadoc" value="" />
    <property name="java.specification.name" value="Java Platform API Specification" />
    <property name="java.specification.vendor" value="Oracle Corporation" />
    <property name="libs.javac-api.classpath" value="C:\Program Files\NetBeans 8.2\java\modules\ext\nb-javac-api.jar" />
    <property name="ant.file.type.JUnitSampleSol-impl" value="file" />
    <property name="java.version" value="1.8.0_241" />
    <property name="run.jvmargs.ide" value="" />
    <property name="javadoc.version" value="false" />
    <property name="libs.MySQLDriver.javadoc" value="" />
    <property name="org.openide.version" value="deprecated" />
    <property name="platform.java" value="C:\Program Files\Java\jdk1.8.0_241\jre/bin/java" />
    <property name="source.encoding" value="UTF-8" />
    <property name="ap.cmd.line.internal" value="" />
    <property name="libs.eclipselinkmodelgen.maven-pom" value="" />
    <property name="libs.jsp-compilation-syscp.javadoc" value="" />
    <property name="libs.eclipselinkmodelgen.javadoc" value="" />
    <property name="libs.javaee-endorsed-api-7.0.classpath" value="C:\Program Files\NetBeans 8.2\enterprise\modules\ext\javaee7-endorsed\javax.annotation-api.jar;C:\Program Files\NetBeans 8.2\enterprise\modules\ext\javaee7-endorsed\javax.xml.soap-api.jar;C:\Program Files\NetBeans 8.2\enterprise\modules\ext\javaee7-endorsed\jaxb-api-osgi.jar;C:\Program Files\NetBeans 8.2\enterprise\modules\ext\javaee7-endorsed\jaxws-api.jar;C:\Program Files\NetBeans 8.2\enterprise\modules\ext\javaee7-endorsed\jsr181-api.jar" />
    <property name="libs.metro.javadoc" value="C:\Program Files\NetBeans 8.2\enterprise\docs\metro-1.4-doc.zip" />
    <property name="libs.struts.maven-pom" value="" />
    <property name="netbeans.home+have.tests" value="true" />
    <property name="annotation.processing.processor.options" value="" />
    <property name="libs.testng.maven-pom" value="" />
    <property name="libs.jaxb.src" value="" />
    <property name="jdk.launcher.addexports.5" value="java.management/sun.management=ALL-UNNAMED" />
    <property name="jdk.launcher.addexports.4" value="java.desktop/com.sun.java.swing.plaf.windows=ALL-UNNAMED" />
    <property name="jdk.launcher.addexports.3" value="java.desktop/sun.awt.im=ALL-UNNAMED" />
    <property name="work.dir" value="C:\Users\barra\Documents\NetBeansProjects\JUnitSampleSol" />
    <property name="libs.jaxb.classpath" value="C:\Program Files\NetBeans 8.2\ide\modules\ext\jaxb\jaxb-impl.jar;C:\Program Files\NetBeans 8.2\ide\modules\ext\jaxb\jaxb-xjc.jar;C:\Program Files\NetBeans 8.2\ide\modules\ext\jaxb\jaxb1-impl.jar;C:\Program Files\NetBeans 8.2\ide\modules\ext\jaxb\activation.jar;C:\Program Files\NetBeans 8.2\ide\modules\ext\jaxb\api\jaxb-api.jar;C:\Program Files\NetBeans 8.2\ide\modules\ext\jaxb\api\jsr173_1.0_api.jar" />
    <property name="jdk.launcher.addexports.2" value="java.desktop/java.awt.peer=ALL-UNNAMED" />
    <property name="jdk.launcher.addexports.1" value="java.base/jdk.internal.jrtfs=ALL-UNNAMED" />
    <property name="jdk.launcher.addexports.0" value="java.desktop/sun.awt=ALL-UNNAMED" />
    <property name="do.depend" value="false" />
    <property name="dist.javadoc.dir" value="dist/javadoc" />
    <property name="libs.j2me_common_ant.classpath" value="C:\Program Files\NetBeans 8.2\mobility\modules\org-netbeans-modules-j2me-common-ant.jar;C:\Program Files\NetBeans 8.2\java\modules\org-netbeans-modules-classfile.jar" />
    <property name="libs.spring-webmvc3.0.classpath" value="C:\Program Files\NetBeans 8.2\java\modules\ext\spring-3.0\spring-webmvc-3.2.7.RELEASE.jar" />
    <property name="libs.swing-layout.classpath" value="C:\Program Files\NetBeans 8.2\platform\modules\ext\swing-layout-1.0.4.jar" />
    <property name="libs.javaee-web-api-7.0.maven-pom" value="" />
    <property name="libs.restlib.src" value="" />
    <property name="javac.source" value="1.6" />
    <property name="build.generated.dir" value="build/generated" />
    <property name="line.separator" value="&#xd;&#xa;" />
    <property name="java.specification.version" value="1.8" />
    <property name="libs.jaxws21.maven-pom" value="" />
    <property name="java.vm.info" value="mixed mode" />
    <property name="nb.junit.batch" value="true" />
    <property name="junit.forkmode" value="perTest" />
    <property name="sun.boot.class.path" value="C:\Program Files\Java\jdk1.8.0_241\jre\lib\resources.jar;C:\Program Files\Java\jdk1.8.0_241\jre\lib\rt.jar;C:\Program Files\Java\jdk1.8.0_241\jre\lib\sunrsasign.jar;C:\Program Files\Java\jdk1.8.0_241\jre\lib\jsse.jar;C:\Program Files\Java\jdk1.8.0_241\jre\lib\jce.jar;C:\Program Files\Java\jdk1.8.0_241\jre\lib\charsets.jar;C:\Program Files\Java\jdk1.8.0_241\jre\lib\jfr.jar;C:\Program Files\Java\jdk1.8.0_241\jre\classes" />
    <property name="javac.target" value="1.6" />
    <property name="built-jar.properties" value="C:\Users\barra\Documents\NetBeansProjects\JUnitSampleSol\build\built-jar.properties" />
    <property name="build.test.classes.dir" value="build/test/classes" />
    <property name="src.dir" value="src" />
    <property name="sun.awt.keepWorkingSetOnMinimize" value="true" />
    <property name="libs.jpa2-persistence.src" value="" />
    <property name="annotation.processing.enabled" value="true" />
    <property name="libs.jsf20.src" value="" />
    <property name="libs.jpa20-persistence.src" value="" />
    <property name="libs.jsf12.src" value="" />
    <property name="libs.DataBindingME-SVG.maven-pom" value="" />
    <property name="libs.struts.javadoc" value="C:\Program Files\NetBeans 8.2\enterprise\docs\struts-1.3.10-javadoc.zip" />
    <property name="ignore.failing.tests" value="true" />
    <property name="libs.javaee-web-api-7.0.src" value="" />
    <property name="libs.primefaces.src" value="" />
    <property name="dist.dir" value="dist" />
    <property name="libs.groovy-all.javadoc" value="" />
    <property name="testng.debug.mode" value="" />
    <property name="javac.fork" value="false" />
    <property name="libs.groovy-all.classpath" value="C:\Program Files\NetBeans 8.2\groovy\modules\ext\groovy-all.jar" />
    <property name="java.awt.printerjob" value="sun.awt.windows.WPrinterJob" />
    <property name="default.javac.source" value="1.8" />
    <property name="debug-transport-by-os" value="dt_shmem" />
    <property name="libs.MySQLDriver.src" value="" />
    <property name="sun.jnu.encoding" value="Cp1252" />
    <property name="build.test.results.dir" value="build/test/results" />
    <property name="java.runtime.version" value="1.8.0_241-b07" />
    <property name="default.javac.target" value="1.8" />
    <property name="libs.junit_4.classpath" value="C:\Program Files\NetBeans 8.2\platform\modules\ext\junit-4.12.jar" />
    <property name="user.timezone" value="" />
    <property name="nb.junit.single" value="false" />
    <property name="libs.javaee-endorsed-api-6.0.maven-pom" value="" />
    <property name="netbeans.dirs" value="C:\Program Files\NetBeans 8.2\nb;C:\Program Files\NetBeans 8.2\ergonomics;C:\Program Files\NetBeans 8.2\ide;C:\Program Files\NetBeans 8.2\extide;C:\Program Files\NetBeans 8.2\java;C:\Program Files\NetBeans 8.2\apisupport;C:\Program Files\NetBeans 8.2\webcommon;C:\Program Files\NetBeans 8.2\websvccommon;C:\Program Files\NetBeans 8.2\enterprise;C:\Program Files\NetBeans 8.2\mobility;C:\Program Files\NetBeans 8.2\profiler;C:\Program Files\NetBeans 8.2\python;C:\Program Files\NetBeans 8.2\php;C:\Program Files\NetBeans 8.2\identity;C:\Program Files\NetBeans 8.2\harness;C:\Program Files\NetBeans 8.2\cnd;C:\Program Files\NetBeans 8.2\cndext;C:\Program Files\NetBeans 8.2\dlight;C:\Program Files\NetBeans 8.2\groovy;C:\Program Files\NetBeans 8.2\extra;C:\Program Files\NetBeans 8.2\javacard;C:\Program Files\NetBeans 8.2\javafx" />
    <property name="libs.jstl.javadoc" value="C:\Program Files\NetBeans 8.2\enterprise\docs\javaee-doc-api.jar" />
    <property name="libs.jsf20.javadoc" value="C:\Program Files\NetBeans 8.2\enterprise\docs\javaee-doc-api.jar" />
    <property name="java.ext.dirs" value="C:\Program Files\Java\jdk1.8.0_241\jre\lib\ext;C:\windows\Sun\Java\lib\ext" />
    <property name="libs.metro.src" value="" />
    <property name="libs.absolutelayout.classpath" value="C:\Program Files\NetBeans 8.2\java\modules\ext\AbsoluteLayout.jar" />
    <property name="excludes" value="" />
    <property name="libs.metro.classpath" value="C:\Program Files\NetBeans 8.2\ide\modules\ext\jaxb\activation.jar;C:\Program Files\NetBeans 8.2\enterprise\modules\ext\metro\webservices-api.jar;C:\Program Files\NetBeans 8.2\enterprise\modules\ext\metro\webservices-extra-api.jar;C:\Program Files\NetBeans 8.2\enterprise\modules\ext\metro\webservices-extra.jar;C:\Program Files\NetBeans 8.2\enterprise\modules\ext\metro\webservices-rt.jar;C:\Program Files\NetBeans 8.2\enterprise\modules\ext\metro\webservices-tools.jar" />
    <property name="libs.restlib.maven-pom" value="" />
    <property name="libs.jpa2-persistence.javadoc" value="C:\Program Files\NetBeans 8.2\java\modules\ext\docs\javax.persistence-2.1.0-doc.zip" />
    <property name="libs.DataBindingME.javadoc" value="C:\Program Files\NetBeans 8.2\mobility\modules\docs\netbeans_databindingme-api.zip" />
    <property name="apple.laf.useScreenMenuBar" value="true" />
    <property name="java.class.path" value="C:\Users\barra\Documents\NetBeansProjects\JUnitSampleSol\build\classes;C:\Program Files\NetBeans 8.2\platform\modules\ext\junit-4.12.jar;C:\Program Files\NetBeans 8.2\platform\modules\ext\hamcrest-core-1.3.jar;C:\Users\barra\Documents\NetBeansProjects\JUnitSampleSol\build\test\classes;C:\Program Files\NetBeans 8.2\extide\ant\lib\ant-launcher.jar;C:\Program Files\NetBeans 8.2\extide\ant\lib\ant.jar;C:\Program Files\NetBeans 8.2\extide\ant\lib\ant-junit.jar;C:\Program Files\NetBeans 8.2\extide\ant\lib\ant-junit4.jar" />
    <property name="do.mkdist" value="true" />
    <property name="libs.absolutelayout.src" value="" />
    <property name="libs.jpa20-persistence.classpath" value="C:\Program Files\NetBeans 8.2\java\modules\ext\eclipselink\javax.persistence_2.1.0.v201304241213.jar" />
    <property name="os.version" value="10.0" />
    <property name="application.args" value="" />
    <property name="libs.javaee-api-7.0.maven-pom" value="" />
    <property name="sun.awt.enableExtraMouseButtons" value="true" />
    <property name="sun.desktop" value="windows" />
    <property name="libs.hibernate4-persistence.src" value="" />
    <property name="libs.hibernate4-support.maven-pom" value="" />
    <property name="libs.restlib.javadoc" value="" />
    <property name="libs.JAXB-ENDORSED.classpath" value="C:\Program Files\NetBeans 8.2\ide\modules\ext\jaxb\api\jaxb-api.jar" />
    <property name="nb.internal.action.name" value="test.single" />
    <property name="libs.javaee-api-7.0.javadoc" value="C:\Program Files\NetBeans 8.2\enterprise\docs\javaee-doc-api.jar" />
    <property name="libs.eclipselink.classpath" value="C:\Program Files\NetBeans 8.2\java\modules\ext\eclipselink\eclipselink.jar;C:\Program Files\NetBeans 8.2\java\modules\ext\eclipselink\javax.persistence_2.1.0.v201304241213.jar;C:\Program Files\NetBeans 8.2\java\modules\ext\eclipselink\org.eclipse.persistence.jpa.jpql_2.5.2.v20140319-9ad6abd.jar" />
    <property name="java.awt.graphicsenv" value="sun.awt.Win32GraphicsEnvironment" />
    <property name="libs.beans-binding.javadoc" value="C:\Program Files\NetBeans 8.2\java\docs\beansbinding-1.2.1-doc.zip" />
    <property name="java.vm.vendor" value="Oracle Corporation" />
    <property name="libs.CopyLibs.classpath" value="C:\Program Files\NetBeans 8.2\java\ant\extra\org-netbeans-modules-java-j2seproject-copylibstask.jar" />
    <property name="libs.spring-framework300.classpath" value="C:\Program Files\NetBeans 8.2\ide\modules\org-apache-commons-logging.jar;C:\Program Files\NetBeans 8.2\java\modules\ext\cglib-2.2.jar;C:\Program Files\NetBeans 8.2\java\modules\ext\spring-3.0\spring-aop-3.2.7.RELEASE.jar;C:\Program Files\NetBeans 8.2\java\modules\ext\spring-3.0\spring-aspects-3.2.7.RELEASE.jar;C:\Program Files\NetBeans 8.2\java\modules\ext\spring-3.0\spring-beans-3.2.7.RELEASE.jar;C:\Program Files\NetBeans 8.2\java\modules\ext\spring-3.0\spring-build-src-3.2.7.RELEASE.jar;C:\Program Files\NetBeans 8.2\java\modules\ext\spring-3.0\spring-context-3.2.7.RELEASE.jar;C:\Program Files\NetBeans 8.2\java\modules\ext\spring-3.0\spring-context-support-3.2.7.RELEASE.jar;C:\Program Files\NetBeans 8.2\java\modules\ext\spring-3.0\spring-core-3.2.7.RELEASE.jar;C:\Program Files\NetBeans 8.2\java\modules\ext\spring-3.0\spring-expression-3.2.7.RELEASE.jar;C:\Program Files\NetBeans 8.2\java\modules\ext\spring-3.0\spring-framework-bom-3.2.7.RELEASE.jar;C:\Program Files\NetBeans 8.2\java\modules\ext\spring-3.0\spring-instrument-3.2.7.RELEASE.jar;C:\Program Files\NetBeans 8.2\java\modules\ext\spring-3.0\spring-instrument-tomcat-3.2.7.RELEASE.jar;C:\Program Files\NetBeans 8.2\java\modules\ext\spring-3.0\spring-jdbc-3.2.7.RELEASE.jar;C:\Program Files\NetBeans 8.2\java\modules\ext\spring-3.0\spring-jms-3.2.7.RELEASE.jar;C:\Program Files\NetBeans 8.2\java\modules\ext\spring-3.0\spring-orm-3.2.7.RELEASE.jar;C:\Program Files\NetBeans 8.2\java\modules\ext\spring-3.0\spring-oxm-3.2.7.RELEASE.jar;C:\Program Files\NetBeans 8.2\java\modules\ext\spring-3.0\spring-struts-3.2.7.RELEASE.jar;C:\Program Files\NetBeans 8.2\java\modules\ext\spring-3.0\spring-test-3.2.7.RELEASE.jar;C:\Program Files\NetBeans 8.2\java\modules\ext\spring-3.0\spring-tx-3.2.7.RELEASE.jar;C:\Program Files\NetBeans 8.2\java\modules\ext\spring-3.0\spring-web-3.2.7.RELEASE.jar;C:\Program Files\NetBeans 8.2\java\modules\ext\spring-3.0\spring-webmvc-3.2.7.RELEASE.jar;C:\Program Files\NetBeans 8.2\java\modules\ext\spring-3.0\spring-webmvc-portlet-3.2.7.RELEASE.jar" />
    <property name="libs.jsp-compiler.maven-pom" value="" />
    <property name="libs.hamcrest.src" value="" />
    <property name="run.jvmargs" value="" />
    <property name="libs.hibernate4-persistence.classpath" value="C:\Program Files\NetBeans 8.2\java\modules\ext\hibernate4\antlr-2.7.7.jar;C:\Program Files\NetBeans 8.2\java\modules\ext\hibernate4\c3p0-0.9.2.1.jar;C:\Program Files\NetBeans 8.2\java\modules\ext\hibernate4\hibernate-c3p0-4.3.1.Final.jar;C:\Program Files\NetBeans 8.2\java\modules\ext\hibernate4\mchange-commons-java-0.2.3.4.jar;C:\Program Files\NetBeans 8.2\java\modules\ext\hibernate4\dom4j-1.6.1.jar;C:\Program Files\NetBeans 8.2\java\modules\ext\hibernate4\ehcache-core-2.4.3.jar;C:\Program Files\NetBeans 8.2\java\modules\ext\hibernate4\hibernate-ehcache-4.3.1.Final.jar;C:\Program Files\NetBeans 8.2\java\modules\ext\hibernate4\hibernate-core-4.3.1.Final.jar;C:\Program Files\NetBeans 8.2\java\modules\ext\hibernate4\jboss-logging-3.1.3.GA.jar;C:\Program Files\NetBeans 8.2\java\modules\ext\hibernate4\hibernate-commons-annotations-4.0.4.Final.jar;C:\Program Files\NetBeans 8.2\java\modules\ext\hibernate4\hibernate-entitymanager-4.3.1.Final.jar;C:\Program Files\NetBeans 8.2\java\modules\ext\hibernate4\javassist-3.18.1-GA.jar;C:\Program Files\NetBeans 8.2\java\modules\ext\hibernate4\jboss-transaction-api_1.2_spec-1.0.0.Final.jar;C:\Program Files\NetBeans 8.2\java\modules\ext\hibernate4\slf4j-api-1.6.1.jar;C:\Program Files\NetBeans 8.2\java\modules\ext\hibernate4\slf4j-simple-1.6.1.jar;C:\Program Files\NetBeans 8.2\java\modules\ext\hibernate4\hibernate-jpa-2.1-api-1.0.0.Final.jar" />
    <property name="libs.JAXB-ENDORSED.src" value="" />
    <property name="libs.testng.javadoc" value="C:\Program Files\NetBeans 8.2\platform\docs\testng-6.8.1-javadoc.zip" />
    <property name="libs.DataBindingME-PIM.src" value="C:\Program Files\NetBeans 8.2\mobility\sources\netbeans_databindingme_pim-src.zip" />
    <property name="user.script" value="" />
    <property name="libs.PostgreSQLDriver.classpath" value="C:\Program Files\NetBeans 8.2\ide\modules\ext\postgresql-9.4.1209.jar" />
    <property name="libs.jsf12.maven-pom" value="" />
    <property name="libs.hibernate4-persistencemodelgen.classpath" value="C:\Program Files\NetBeans 8.2\java\modules\ext\hibernate4\hibernate-jpamodelgen-4.3.1.Final.jar" />
    <property name="build.dir" value="build" />
    <property name="libs.CopyLibs.src" value="" />
    <property name="libs.jsp-compilation.classpath" value="C:\Program Files\NetBeans 8.2\extide\ant\lib\ant.jar;C:\Program Files\NetBeans 8.2\enterprise\modules\ext\servlet3.1-jsp2.3-api.jar;C:\Program Files\NetBeans 8.2\enterprise\modules\ext\glassfish-jspparser-4.0.jar;C:\Program Files\NetBeans 8.2\enterprise\modules\ext\jsf-2_2\javax.faces.jar;C:\Program Files\NetBeans 8.2\enterprise\modules\ext\jstl-api.jar;C:\Program Files\NetBeans 8.2\extide\ant\lib\ant-launcher.jar" />
    <property name="ant.version" value="Apache Ant(TM) version 1.9.7 compiled on April 9 2016" />
    <property name="file.encoding" value="Cp1252" />
    <property name="build.classes.excludes" value="**/*.java,**/*.form" />
    <property name="jdkBug6558476" value="false" />
    <property name="javadoc.nonavbar" value="false" />
    <property name="libs.spring-webmvc4.0.classpath" value="C:\Program Files\NetBeans 8.2\java\modules\ext\spring-4\spring-webmvc-4.0.1.RELEASE.jar" />
    <property name="platform.active" value="default_platform" />
    <property name="awt.toolkit" value="sun.awt.windows.WToolkit" />
    <property name="libs.javaee-web-api-7.0.javadoc" value="C:\Program Files\NetBeans 8.2\enterprise\docs\javaee-doc-api.jar" />
  </properties>
  <testcase classname="sample.VectorsJUnit3Test" name="testEqual" time="0.003" />
  <testcase classname="sample.VectorsJUnit3Test" name="testScalarMultiplication" time="0.003" />
  <testcase classname="sample.UtilsJUnit3Test" name="testWithTimeout" time="1.076">
    <error message="the test took too long to complete" type="java.util.concurrent.TimeoutException">java.util.concurrent.TimeoutException: the test took too long to complete
	at sample.UtilsJUnit3Test.testWithTimeout(UtilsJUnit3Test.java:87)
</error>
  </testcase>
  <testcase classname="sample.UtilsJUnit3Test" name="testExpectedException" time="0.0" />
  <testcase classname="sample.UtilsJUnit3Test" name="testHelloWorld" time="0.001" />
  <system-out><![CDATA[* VectorsJUnit3Test: testEqual()
* VectorsJUnit3Test: testScalarMultiplication()
* UtilsJUnit3Test: setUp() method
* UtilsJUnit3Test: test method 2 - testWithTimeout()
computing 26328!
26328! = 1844349680359384933134057106905727703948412606878256226289084747321718887987388523123758824295618532248926810755106286971822051336755645567764481684812205280250233616594313846479484155583947404692086632156197879185146574534067613758322736351746258869429878236521449023594133215462815803098276606118091494973352973418835444815330884174332421399189655011311549659155470564027170058249692673408197431405093573644993939988398781800785850273208400450294802731378781133346908957705423647261376148249678976924338440406912658756609061178878156658298350896633890688315335482833984896968941695769511045087300522723909267498322711121249578080172902511464248142152126389864588564145436940960974389411264781965788858277247805443140516995784871167952855228348846045554867400936459970396896574640662085760583625131343352562807070451865852188531025825761590040564835112235906024322717745454070752245656364896176482810987907498456739839729053800870604468439989726415740708088330847276634479981493748348126247309389888817003011251954944013400133125794569021617926683956313575895501056942639956221904754870028567606914717577970600079078448345959548169440213737555573600769690642656956594320638055850183423538610785418142629131958197860470195936010454797589914100090988344981405167286675400358097003908078810825872158500798076335281948381676674071662754184721869278874123532379100322041768383325506005506234300354044705416566167073733361535130198779042257786257319053290021411978613764974057348922470902293601708256544075040261360753046493121648648511909279967103289336865675759997785825742392280314066131624835038954416330700875921459540506694610876311081853084612598783098993594610980163192684698520848407006095241683998056958512163863675113870195499112352152429354841180506336275345066765471558088805940671822361477208188887913005317198934292912741636032575934605484589427495506967266052977515049039537071292914632745565284005758301783272303768584218570076063135264264248043416457565049011679154446468838294615629611816151287512221360863690346328419238636262905451001209239206059521125655188230109843669105955131186750292272205442326770225420048565877988549884307782803934135954159775571628293858033088055724159579935553371339479882941622243263898121745082142749998304544113084008162672295246714936062583355923939179550326658988397939818052976475520518343939695694426924095945037935328352168640226231572827824823388040210279322200619205407220923023068381248183005531147791802696036241083449308075391496444208348377597105578057713498867267521850235032098210948037073371105791543282943290899225434949565975508016700882601994908191515975892369513739328428375444975474252316100262685250165310363466605086352877269839936919058497717450884159610327108978196421338809623701414505661663529846878531165083879027432961906203783693461791258708952599174683910255291931356351267889501502239151182983187703390826460614960775216020894311192450603501016174951845162376792787764093044777735180677127918093448308193730944792494074996408775675106533188299594619088028581391555410241580209656177632510502492514765387525457488327837328113558419129386883184600547104489345727762155571396762482364152129211771791431341331696223358822071815998253292600325312551660236424418426498306559744776857059271678138493621822046051530580477205627730600731937394040550226607104926779527655152439653152776759423023919453607241299610990760811106484732561500962176564333544010495670089463902222848994585669183866394777321594409979957130981622280251417816635565489735594286066533213922161873772200645512141357228298230283304852877319555165167131791324146075440006168924879627895768093371662814777030633003141670231818065583422276513131948954990231938860748759500803813833239099347346008147473688623277386971428316080038943853926121388821054531195356655667709774816504177719910744255300509473022989378478858547779808481635182547627681601345634669110475601008761153838561271429669128208570270049064385372378377569815773338086044620422523707319020521873127659375054334567241080312568766353713020620006754058054873220820831160636827721265465709369663197083632690451104894913972679261156204304835417336806200106890476002051822822300255701010839164654191346334950341013362709631065128980273334616438164202312393028066334566291290310056451606341232887135120926906901543059770756607383275348861921275454813810448713755079962929978336886096067579354967499640859995286269298722951313587673432586204347024753893610106475358939705582119270990187105913885632921908590361848451922753020197454831437933720434374688296108458523491882032428286058361158392003795031272335974060106234290562034659718040068938876741235655433401446634267470279567031504073599616668706222449847467684218262177624846830033840937645474994443662849179894833583977673334174233643990089558039791082440820539809636970370472265484112842295744706292468344623778116113521170012396398623022698796004962712319552816177911421529329433734488326477710181543816443953038891585752369500305125518165144429962696204656951762963615451256404528340591374314913091857893782686369264185229203694608996256312441391042754679148564358865372925584439098445201649705022552878957665776246453812881848346669496307607301396905360450750549648298188695191492635145306462158025306499884652534267733820586209132408657883298829176374591806148768137954672937323609215539889282457437093833933808856739737995075576941055579466815009721295842599562917401570109915791632451968616406283952408324176393142126969764231237828463092220121172966559780250009041429798497646515816773651335824348978340474123624622521622572289076006993104180375895314059933361444432692741115470511496002910627052618144637127542716868233458106843349137692973431296109457880636094583921146228411470165085552280636481196519328094092306538191329586527363290083978078737198438774660364593974085663179929229933695820166919855641024336762368262081815379463801607979796695712050859512291440135001949125389088060896468032122011014288811979682168094992495573243912186726578890719327620421048775486016651763294811434917282722540635484093306798409430818594571055341830298708103242236049047793458894540274297771261116767900658257761369671048348795383635397052380105313912668856174855692165946935428299310022864178463379004994578869909034432241337962642501066143262114613883467378826430619803623421677139064662298135054905565725589092994856914448499481546803598020731937855843404568154633342373869323619657287549618563517937141319221453272789057662222165746282019025132470922358476928716316425654259105059214700660029558502942903941834014240735525084124716754929624934621888623224456618303135829177892405478777708698623315376631002114775811479010442047846418803448693293831517824192348121376059066778430530036009437842914120602277689549195110764091941216364309698935678622105380383035465303734198772028765946811822444385023462861405982252058400143457689923901248222267376071811128417024783123073558264347146144135464369118483790076159877530736913894285464220736985203486736785016318944104487497535916832934888482772019249533966542524935313746025078881061325168955488801687312623497784018901523331153413262216166949954923872203565627429926568142568540306831118315931923752977672542127918960371289060453280647498379096841180021765257072361507528128460563703384562893699693206231090935434684712422123981366483957489981924683874467704082432203232488324607666629144253020539155351346320100326145108021447601113647145111577310180975083548044883685787868292861625331902287858208751275179904707428106631272126295295850282303814709767701860599628865606615491664618103625089500492927375314007347348061792483374826644886998371213160195354569295299466532607610159473325279057060448682959332365847588748820718738722987708657983775444422803993457583632418648630544327289959813569449437782158070146528598384008246729479311218593327694297836890723613989920324238668151128110022661473996872163877361550257275649017715405653110615827410442384369849458106681054207185312674523819060220671816624729745719421847001384169410193537531613874304487412684540124467318332083847478651774574623735196914526942440377553137367276953901363145722059510789522265520993956682876926299472184056490399090146976970948355577990456455373531285574572928878152896564987747914739122982975066255021232834416403431885638669055740965342222396731576666515535432181206519218300850337704574629995233689713250083029448578034652048808774130570725137596904068530318027148594016420121903369404379274490247196769875144878064694444947201858419094827457986592655385131886026711868521545852725018560667481934229901362825904674063281808151375095216746262884959933977968900004386611094622773718293145703219159582805326757959558754942955844510396853481780307668031624786990330955394771862637320682197500048735537059074575570207475593131433080349963195291725588227407619648670547367678053450759084573069749003676484670632527487533846482759158669172035193566869413462535614962952217536819284616976534810184018885514123520381801758476094529434109160981081163077996584114038987734669863911745758795092098236149473881693978882529932963634705441023506805276027311950223804034797446213755968154802423529558578548500486243164244261379178714254565859625516932003966906150943187949258440819273241975053276255597928957003542072419935466119500906617034839878094553028233089401808454519098286535117773652535609607708952261115523313060382395121245013299480362701751764196407861242375262162623260829813435194995374019360752117193824469569062172598568719822938806350162842714366034177183582219243974142904433093679901501102308641603001767549323006691435726184075096871412231543914030245510907364677327635899866114846462517469932451327188975729622192638400209910532974492733589724692650739234959952609057254688583726465061906080152529963238530063096989781716581160760728853413481067908553645779495268123939822479481423628445338585739059947230983381505798564360392254784310574819555853368102936006450299355005187219027439830553808784286890471624842939730794758748639348121687260067362423319355615480299396011273124848146751777208363209684556773069213409137587809771187957532936261887612090456784307181423590594615760697513168096107241912846613044049666952951669726812348777602889621754439978191646292961494711800066706259162753443932083324021565218151586761621756944054586763993750725969437481546131452781400278297260546389458190398985384509593592992458729816058047192505210386041414850788119868933486865862178180138882584259742697207892296722143083429311146871284972659554338637243402206966846534674624273454750265576982750571818823289978930883136321778220904234016951917637327522177060034602374610649492746502364496020726252881799116881600060547392835431537946856987063677360980697313899936813100101502039616691387558172430948592839322714087428694031951794100781634336993919764127471713901999504807989928910803498006203183092286184297296768991239605304195235907263441616955041874560068868169580892562353455891832803855508631396738541451618810821529101292191139559951169183684461618609902883101080057446670682413070975983708800573239665820597431504814518885337704185801217063683463263236340738848420551640483985042160803181805933774628031032822068053107719014486065787375459508031217193346540100363854259540725521266201741451952892712836842542713795108795109333289762277678541384844172372309425931118170393758556718880161478785027258821702506256102686453709472402989246273456953144981896932752503891996908853824457926329986692973015117897610446069986707720749034544935507811463517179552305204164227443758964330196929013195905634020621430128209394299470649629363239626732586762100498046830363097757006255742950653939729483099124890215214647058756505948517385398687371085272680542984874689368537943657057410869615322267313843820175711234232152954850996855905065277752894402686792495838251306974059291416301170966764699007839029081302705027681961371293709336437655498138835503444646866762780443705602297371377532166743274056755167948102236952773037774315922119983084631435260396812494105614996650791828837495060787171140240418588369225729452791166787835525736910492138241789976874010629464044943546124098297765488920588059731000111501539078584884119186113171539863368317633655428315019749038868227843005909101257051879563014004681110829203732457712273403765715857914561449668665556673399990152919364865900558316851424576090975881433275187534927398903433153480937063212817710333965772395044366378159726075782538544467976622219869653422611195752570122343080098468338237225369759987654713797874481601576565914132893166594995211408583672600084969441441669201195913078621853138388984423346847699727523975460369665385741864324228007357715212217163394239122558888779919408946110026168983379557820313246994174152226475415372798775483416887436188493412368339427117401409054834517049740933922917003098660995668561331097593872862126234156994177578173744273516820787060988112000315810966464483964729808033895932012597948384123714940972585478125321777208301822655579917613363964503063349944961228213041848665837828596140566111117995919335462924018481831566412406501578431502839375750662066218774387202880491919362592144872929729018094792104062109765318360471570116086557227976496137820973476615921637866631672092644357947857733319879809699921980643876912003124176414170375192518896152137197107735419684602789773447409649847084242492514686048748695640963212525989517560523051277686027985133566808701569699163423082549599256852057630151098866190866263402090535426625580335558147301018774888688613110584239354380673157358381584955766480295305093760129923509392441164126929398860326042967157912299048180559907023253436166872453136028311938845008265355656755885586729167968330532855797984480067387852438934759528375823345573161246332324585257011327757072439684866663517507811437884598162750099498381167238533981592693013314812999463392381325050186281993686570139805563288663054107034811196812718601600403350155194089273367292610584813534006218829243075429046437691957715935248666730795929765552096341138970857351668740569293374983635767156181827651292104739439076838336730177614070364764992553757726789324156748289598410425126360800197993522727552916468395927298840134399300915692389706027262534814892095934238727161773555295352097699192989304397644411060974433595239779408607111393110973778744979176648560851909910719050053879430731255271407124299484863438386332965944011435054078482916501806316708731640412081728771125276417003637709734114700810349860055456275960697980237538862724540983023072780519935876210990349645923908447946643799543672609149905646848446493221006074283837226132005851376193028815549116810893893225413830426765653865105069806241414853608367447689296724790282186437134238885591023124590465091569546308638829142808602215422728507955049377553520935313821603130422828608597048494478517014591556597289648542710609263985014261675328172779466350310941784387947600619273202911654600659576067313456657409362374678422696709503069029381580528656047689160265970208038010932521871573101239226734815564442267267393895134789042294682433000974805140755484270585184060558391256357975376916870259307672929688972430975715557231938577700701200788402247678721683818308111524536860750611925234464452440196669443204981758911514496694408535067389932261670622507648185782988472663322304519883973693909101222740712559122017137312698402739677208197076930674614823384373628015259628243276845114311751219334775400289020759379861376931926137089040563885520722724697698702609727906106091359379104460327233392738437086302453800549648759982582142707584174159866033991181806118018944799296257660520750575914869364792118200024940104741683289124944979590870381209186425658795216101704669846847052502325217477896988306835090356671033428177450925923269786637069916136389426858401579572783238697988351026433995955066177069751406215563035433371623230298901557322551764423979594747760739708093994615797650369925211691223773071553912969730266662166382841088970539188194134109078439738622954728195624179728478186938308100623791247387275583374694767467465743572740467165893910554514273400089305734724295556605710416521841842605555797122287695369098333731387003424845228327870767516854193821646192346065795946217491100201907824405268281207779712498950231064849056770409830046585350171062659953193288314624476960844345312328690574948408329966280910813387400913109027752996937055339151851010930318484183197401180079329058175409177027605387945859712914471271373958006716851625635960678824169127853473539726144007929995361356724373425179443361414805046388434642319809128708161037509562214706623426806766041845547062885593481749275515810390916866164017059046086855992489687075687620973907574732993241891321678773947243369526537605896850014119187019383866178180642053574697006469354911132240711793653872820896968003290751615192148604446836371769561248412179490330480409657847560735089403574316196592278871707249839719525697082795455866931669566633469456328448983469703727686930744671322238551400019478088665161344438534417652191741671336723109379355914291626863140074674041730131747955116466538232732756949882808698357445630499259373711456345363253528051128873257203108755110871373912638887910319919017279134229988007885282479588642548927916577220960431372245834464038570927332533460845574838665330565923875977902823681484368345356118009950972643724880047694693394733892772008502300090188492430706272937553175593685046620641231159879658925238417282370481046107170027021441882135636864327903150418007215474026109320471735513981173726414708276446796190898303006814638577981792081936843039965638985573114947588572314439678183933555911891361621171606724565509206978710771081200766674833999082451695902938579245542659251740908050950351654423402673329903952795702200212224089960863368109999154463569716332446118206599660656485082932200832060941707769275612707067300101737019557526875040459326116933678117192239640290318885929253879373686659200648526954196813764877350629553047868602721892010668699178959123066149007412310201669499556004253577896513699813966980740883806909755058784649624805799651596047550050126785936060562241247775021773762308686316998360664368003397657536672204144679628208154808758664303677296761558184044126993081572215471444614207661232478855049156324889906009912285255744912307876268384537139450769282818843944321274656082880329710950515485326819153439883849144962983769844106893475582529048832701410870114040967811364672148708028479394432082535671019880527012994529715482057082033924544535597630836066503626568387371885060486247835448428277628113148841401135660558378636231012311646117521140369011673791730400874017274725771839729070346944882408577188113232548899343092355472483976960063250308309573534012673180247109236956206006183089691666402644056338536424837005723881037781322682088448090333225359714563045312979632356023134143662205048500374867032784714864955146123930496057450609082867645514501370678745323081977149709554751903245394470928709592224595735699677937522404606714876469964856736307187005835258923439577319448163755815693184851269591555391657171907094727854004277334636896612772000031753361988391765651600162748078800612319018901078415261644961653410537395050679423532056346713203429259681585563211028223280382561230568213759376739690293892809871248664981531868875947097070906392421708857456266298971015702188511448884363258824694732196881838635955123580910266565437791506784064589402018502470498014737959062771500618526115941968321451079102866043521686796075202852287483667612203000605230918201027922986036938789223539433920010556313827086221984224539741312129731242017707249638844868015502762657347547983903535314325255536129488077994284960772008586448038792082702480192598603773470605163152290943796234168716479222032224304092317703180548552262881432787726378956678641952884166486885212720496142762449757448325870214113117784194322975886012054776899031981506730186862882091120658363474952249490816675553594364167025518250736826883048343524252994093911012920128826742609453538347635443003279485330165087673687896518871995002438406597830983834086450798559413968715562789709202450301532922614313116169179297641183942165505419545298715265115506350398896640644597127353809019955799881434947313074493652209208010944525117970344244405279426721357836863311449410889924003674226569461143040510984743224735078941416046882465126954149009003634216008471533487826185168980716397498326300046197543391409973989162018309105970924689081413733032667602176788651019652184976613998887521899315675451135409406132179937124087374295567920496912321548067055779002163230702327215516519200141082707638695275731792380994057092017155014956648718837222211696243667286057863611876998747371967541750985381015378731766578425695227823794047268040656081889161542436156748400539294708461816940385286788813797830311650282263104911580759497258962966779051464065546006584980462610368926488155369055507456919177149988151882827692020311778781021470544464618183458795607105315877229118013803078943572053517365015963730024554891466579337530343414783757835105112118638364980073420525422768532591735972319082286882216184649326701103987838824144270119991661175173920630797655157046927380564882242411292966221704466186786605948528497125018666345728519215230039760931557094868402830816017644602855658087405575225829658164176303058418872469489898613012011890998242411508478744540826758747381789142485247070436710378229058847752934924167023048118224110804597845404627492304824372364906803227806397789282298383747916530017631805647483276935049649561179088386776503761412913435534513968225348643635221888496165210135421449619203553149337376939575015868890658083611227012970932179991595805991575434416965171808489418121668094399057647616932489652420673157935512215184155488755395308400845625123869157434405547819251092804306259555780746700626088442784222138165393462000922921327502135441273471053179431815346795470399815240701106805911545402038252505655267580134568502401872900326795739023736215236987791955618476808792066608521039424713302493722153898994559380367233226995908225224573844386315508231459728276584380805375602537438341325076611628240837718795918512783136225570659224433753223903049289791998685560620834230508458681415687973208084177413345801417474291182751124017888472595699789905734453782214033010392068687672811501581336384998071123609336738171278640695398592244241039552626183148735214564876152778400280835789832435882942720704848292191286722873634824330381216687974035731362087479138692215008377657875979316513809312414877878941729685575073836139079225049421394743772663537519416753406800862478596752057465172144031444071710401056927523833780778652903136882063029339131458586039472543235619833065946603794254178879084394722430362312659810807789589977466945115680908349914012043039698663811738177227900383674975186409604188561339580653779962076142882526221245515482138586438522867140489175120429106412981267713664815449239702583766254095686189950172152799083906788257533858177515158237417396342634695881544810046249251188794787518416019896150393133218448309313215437550729578234936193350607255453912448303195810078270884960431616639855161230581699815162575097545248759877483591131436150170252156362414263314559897229666415783665863315241785943873181166576522377860007194303778557506438531991874388099700743825590098663883676166382389518987647602147994156692896084309905892856733048974227583698366458086099501039532446319532201479936762959436956661622803270492462253512765276664284943849239381433929313167793533652649498480590284906792841173227505100496117058286612148588517772118050211336124961325056357324806937513768721566424066359279492259717685545591301253644225294502293286517088523676246294120585304277050462898027161752733808741114592676006155131529054889027135363742858228502842106538557805018741571600548618470192664468493851876436750856935994849139528905763728179153267786779611181373528564106509310816263868447288932232608046714224283173249846801924729721018980324910082609367747193842780975927996302932694567580405628806347147637581135990926861067069723492337872413678789339852669437691250206449906320094023722097686545716984424126438869143325500503507418400245806105287762832297854676833346000390007513991974454919712039964173906966430716592400485189236176984254804677254898137358636467003588853631343423064896218509646328783295270390434173675639047984718648428042907111730800024932185226018597109462882376641250669364726353019566442265385700561165388325758311622621613287360459917611192313124224658784846746697310853662587506335837434154272397310238507578167287983799834073777260415720638475032241486808303214824721403730169640913085506856218794597355385319750083103729888766983605326069100453368702618743135600023482483740118178166808522214468614121879680218317759667383104147360552123254583261032555190085586157791334841996402538251237424869405795911684163690552866177117885075850555375246033655305459932619137353107010686123035263569570827245235036943971153109929228029805611185224215950177473089979318944066873413103244670673452732975838138929725619806934208668442851592947696654501848476446878799293553463843730349497964799793981351985914206331191108243973607101857219499696899116739285544442541167558161047489913353717251526469939236857236039578756901767977812456115788892342994453192153516746617285533300226645342525320966677892168517137956191112737593726064860232903688472136058815600398002602001393582939265330666010304115584285914401767590832439803848501980699414071366344398465894146659018587859457908112643142571916550854379413112372682415442295744888269712074056190600162121018628066247312217272406482631367930722859331349892119545691046547905644431613092456603964157443351892269323510343903667384533253186356058277076618135274948917930543878144423605185342183770905891786215135036268020531700668696463348379692129743289719156167432618747001605955274336046659885154899166647423269997676492443441603725531468765928647344098265994717835132411882404885133442989120407040254360798182102272310264428228461190738309173100997906150667293884746501369489167875395225676823911772162591797534614560012396958854776355601803658540617966248620507332688050418003574372212279924203512655661252377561247239163039141748370754508460198064505572812063066398894214527169398494856826689110408409780281914496740912176082699526004460091030643342197808554397220927803265082682176295119868267740233692842820482629114714380500102647066634769359335716692191792640016085699293295420316018950062641990586194670008037734309126097890356358627918607997573981745808460292513069327420650443886678112298947999629453987366471182389434429849687570406506649859214051230115553070491551432272039870671626735173543638412993097600642013845537812159309058202167130465277406301878934540410844874745623226274444381866611507617490411152151863507610538143758788849767456216265063211326855185724028866547660916107523301595035390027145374219206853168186823494637917488562721448298239786401294084279520902300269578783870215520606954515859193649323451378668059333834611157197425470128059484187528740255443119671101014078343278569169778599014138097609708588512563290381238131431890990485252030446910119220737883463035705186188222289882668056242358561657911388596457227131456140246957261705844295665928930296272781957907064819915239168706894294584333022455470293506841954052116866269253898844535266998163635813001628079130335588896667397229549917886358537446432125095134800494416172626646041117240497833696635022235509428848952804664195740858052645069603698848027169796557558214490052502478594009306213734762808041381890172274150544442846647480830248578950115842126830462473922198244304877027565608282683174372472647331385607007031330735924408810623307655674994023791045594932115938212393109514246928289771976120581725068488779277791219424910195366488820480542953557507072228365708851168231634084975496304040501025758243817848687548703064741708198056286723636783824475439074337180777658954056119803659733300677749563375669990037034251519886580961670940514190557740884557445808237522912203876357817761794055744214740928396408308730055668528574674376615052802933578036860827383582223206245182696371395131566803897647158708834655341292010596833658118265547137884592307096218439429486554409204205353005199003262892695936042088869306921497668809390891970170841418592076749840699887116672075092246712850148757326383507536716854853021179368065211210176652255832591605709155834637121125525653596807628177710000809880360137516593054333782233175354509865153168821676106756733855600537506539271869977351430403566283228687910219611789132326386272553080690478918069598472149518927291295776374704078409963045685566548882116299634670038002461120596370895955444608118271073676509872177406949566141730176228093849990436480394124630413716992079872919805775633022598907749635321865170282858771161019530666492076306472245611420588223432235532537418417407388813980456801528089314014181786935068450802479491390344685739306995555291618435111352594373459766470848333910080915233933908780906537651320648890999598116323919238512303840085734931027501461442496044117526040407560045334562051442184450212972725336515154984783942267790472976926835798784395643174678810788986466499018250314666555672519103396094452681491986953856066951888739118232694617770872201806377932591827041070568498843145368162275923545966858134892437021906572405855666340890960409076971617277152250724770263310535556024668468130429824555647859129132436647915637580835655673515323664238361024888117064360894759594064853588618423112049494491654773087340613839519846668487466139254507436159656481025682555720833542990364719038168724568409829929822677578874486652795944459334238783079714547828292649342796043738310327619624662144863796884491124994899280887972795576252474226382142157621519932031402515138012824308376800553577455557144580557136090672506697226442745703648078020960992538671880395844642802120320853086988160959110035814052555493748727007585397723288852916212687182846824814822037466142981095681002037621016327970471526820979441124773615167767767425445744302607235372258381549492806265014170279097258388464580305060439777104919452455700316975540221672169435477720141324654764340096610010992548255555422668872088297176058106357628077274915596191506673181377172203479567290767899064756638574938918636972988327066163897831017301797480436118200490030811175690224068669438717732347534051031459406086742979216702488889070928673491579978011170051745759952078716945646187910501241515893321114234899120390921160702779790340757881710540250958063974282367270458810120274771959963367088340556596303149747210545748069705168510874761704419456171171982160756769165119248670749462810508074873344987979148403504680377024617441516760934118237986619767319009141458880683733521449334716473301286803333894453989844094207559011837041608484180102938509248816221819597264249236831101755085552472305090868219789348176280295331417984028278120933426929054051475682301046684632281039441911428317604078334860457897594246020848614614852416116375331127936370230656427048484550347607934599939291687128894031051119204758349369585372872079258792673394198464455121576225994403565212055936350153781605539670544971492430055542500088944335655048254195502410040236316315730268844054222922221651881563454867899891536025209123496419639090276116966669862096522882344035173890958664233867115164994269487787639465067905581697288163071712022869878895869576207650625915527417405744224377236042899526451419443149069263945756346918665451905081834112589128880065140943378207407502531924788854380974132912645331844477729359319845111196514023751499458767528423904899842480881790109221888944034207912077962868408873363104765151822600781670311613657436364998444715367766065858532985701844496006122528442896238229572461077203518190238823586880230007218805206637701417937904247282947614519169351253377229426326056794680877869121984142102277882215003278234630173664344828815268693889557710188660323379286208931352626405409497574514859238571150348850991304566893761648356670745159679118816405308131217203269502398251028153647585718179088720087951930987856053592093589336623426137898507416101503971341600666902265929981819960361310480985214386045915199611428879614922377873456406295136647515022853389318914160517160366096885604435971635799552243233331501787287391503055898486038895098965059037163002204804648216803418108153552814293775023001752013765348992944730981309189371311151757693340985141835055179278100921010471600548381649028735851814098942747909150914115155147633136305665112208324986490674296153292288566547030483757682195831401904854820276084822508984215273255536583147469041901590059057887377368851964919278125331857027627207286462101854691233340727120774084983625871434542096905675078801179345271540742628682705836828149191504377578303720624754269479180527637998140101218492605586615749962456277693621268912885018461106037369504595281744448558250918195144446397955379416798644319332999601870648492860010194485085248987593255589882417832489354155059611229721733803454981346075111234642878786233131698909057850065832678405055645464486130325189380062885368123603456577406453500681161842115116591197491114560382337285225289838076359342483448730654198898178252295063877991595274654032853054508687029840163274101083013256286197814303290217590860548487183820558396015580300158152076539324839140222244517706197803096875959980722865185882812965762084890581994884250310575296110778411800175641267340627575928898740709786013520133576048903389595946018398384437598962646163950557343331780749169470799714485078885514728804618857829850374506948762202752797398768112883860583502952326418769360769006794777412496381641497994443695120780225076498429783089502115282289690463367847480540839662071937255848555444059599902755923849255448052444797429009354401134684537462915450409539881209411624999755733589062736558604610214790863402460220957793853259935097039241434988712612378615292020688503206046662272433492793050205941613326190413365001500992747639830474248201815282933465310128790159863253510470915070079892528731316789903101196974321095824199612830320301901626637568187824044459037994622448115452347181608588995826006178661069608555033061802350387244364767995431527457055386835067757361382498152677177989372393376920999861287360412899723003679137228853184306960435573608433629179456654963935220099378983826520354065228996410435458332451393981822056588560459594353172560118524429843214275223166484238334930903256832100628336656949198136035853845793510384356220587055065624980653668664854028869778687883507122148171939665986150214305388949404143022459138932421724438303407711616263858540636801151461766083618553239457576441044195690612759747329354582090751770098341004440998522554066993805199590552610709331333464428887872747035284882412220603167384842967564741742198852273583175714781520204754909191208971294979595380417417398074714056537114164440013266525568194919224345791815658909808192610316459370990354729137622198189010906560991911278915762134309456273842348258470817154635363967149058127899638081140834486482302799628525429644664453889229926763963537771860593025095635408119074182301977040021636347134747398539476519995550935976496866710139753001669704982847179721081545678761959442457002818670737682062511936512265008625866247099677855847712699433425094527641516363698753577266650396413710013770991188070026566815324255302245479339750198895102032191101383508761323911750623112823521908973685060235884744128448235524696187013250068256473306324274304815363226741254815923049530089088402898901801924169427632857951619101589796543524032933165833029412221307985427992365163444882902969703496304271975088244684413201775514813660004071961942152741099749634270712216547114025549682644966127853094846264463776131358425809901378121322901237718050240052175998826827256666123626258293246313569371261975179347861435782857765153828783877155750592906663492405022819761024271705375765690004263989048942802294091153477490251287410700937851581705775607971727243707118219885956422389788769185630917279452656479439815310626310825957599403710610618483703283971675498365217969565142655469801860411282770082403802528619985201531022678820033876247822317580899100737160298433487061893628836030143142408667445417058414259325825442071313633549015509587429377697433422973730236733626113419284115277240141844243755856969559674085497629286236857554169481150640938457798048771597323274491547193835347901112353166853271192362798280128832258264303850035821102531613740923471598951954953902769927843993230393763607172353995245983818964296435270944684691961374223042659565904872545693174841215360801267423802081982789376621813319628677764223930701835173976322921928341613196939034185531711095233323506203117516326955100878334127665119444259944190828214767417348314018791149315721063897733302532249272728660846826605732084180779904578684469543896563316530005411780435234954316488951549922825154749797255591378008970846229838597614703567159799301832889291917749865941738437095012564693240879135684164159689634878333322427571555485083421114389269575551530095205914747402105926836672160707010621860506878613512933114734284688541420800005681316657021931831243124343438169907343980062894984688033776984898864149218224242123202079763740038368141904012161475990745599548031886890683811384920306895012667446068378512001140831309312437492976286683561665002098206953855585971113398032480493264090395920722007787209256146197026257379339229368406055309468900180467899526479771081299501315527997629808678396624714906567618269756027399294907244834110493853108203928964888788191272115214523855404459943610783823268301038308897920463458546416999372485757069219962229154033577400174289945297618578128178976162364653665809771401851618645560946409938184728082545421002845570354665489389230473307072157514261202306765061356309231277933632055305938723744292684807193231271728828186290137671824317004754079594467192142850639416473402293739900235143352704888179696775636680738933993889607163278982942695596792299883138237287687810723407443418787222676636162374352738046550069224366818062203282260163083175843262420329567443918535836049036379933731584363143171033128625753999926421200015418986050616150369283424384398345683440098100931844775462050161164943852808132007454361558267271507690293475067805619919644112709217806204402947941077580456491279266074443746373459820509764289181255620752780338480650007742942225066495082342745822114658549087021313023117449881783786616784199574318945188263346949037319406712893179867250856831111323300805825252486334871169154014338295160731756285146599506989488057692562015894381406780407619743700724058420186922743534385784240391502014146555806819102544688480031833282516987791076337920300959668255322092517546756806812565982985040576191211694625549612224860252709579783396520344596687944974646188998391618366541514283819848066674074502213132024536207720759052088411716067469103350573308901657211407343097518327370624488830001160096468339865501003469367592605675097127701174669971898651922441147101958786997828778659125249013232062019676189967534999361215423916974268711792603516493714972139635785200622502657009747291579058967287619666207761072817920622971244371467159517514668002078482365444417043670893895725051750132935055107927080792629329347731404777140288985137354458916346009487441971030588558899139876901516408024731451109902683147493713807018370184254096409276452404422404374309401382568747580737914694885098073569313471511830364387218184683368526176827351618500217954165996995060852158410928553679909551044914414547062020615921073172536555743247100236732906775370084819559609004134515338070868989420427449475599045467297676342804082523534632794729161017516122440489916382453062305210093268728251333726901979250392431812203576491933824057949801956028744986366267868496899792976615146344463251674720950165844138831348303462961089845542184308243451817259737143805835905042496704428492620659834245193043866284608943472560852003426163248968638840374225939235268935823074782382503853983074149365246109051446357344435658317737972764520082518002790992204319571257343711414258754405869364277243776292348701758339422913069813381630137760631542599242664133751465237896177416625228688868127796989247184545516400244627408568511117755459092427298369037725589732979802216684835713137996641864977160870054147749092308849725072803074756561474405677143302067021793726139636841111317527159665227646480225035504811810725472309439830075279339114731170677911617937632984364812785363977124804492476972853510164343427015093943070823071299458308246671169041363355242624466574878277093172073667968572748932313050018596165377739682517993603000825442338347002348857415823150242499058003121695770189738491671501949486802669596835795948429179259412422590912352669557147943878975375938167864369066013944925873731647206469055265513475245864431747136187213014145814468091174290242583791985165450689571752987784566644320697917260249018748397358324391125085291473638161943480411872930208815350673288816193398589346989862898038336911702421358069973490575088919229033471838416483318414146177369696235737446034425381298305706652470258631816807303287362182645083595679820939021572843979462163001807462521895799714997647290713223706670202381296042677626766433875536769942028331073998924226210184726332373708177686065985718101460763381031385124550263661813057371448843269051174580133748909952878054373633354686270454759803076434627789622163089166267535362350145689714046088458272335635952724677616756672852367342566276051677226638865813061950805290286388217114128607337238332710219026747903112635390241581697747364746272548635716564595176822221849126446723747037774295880539678128453584589125295043461703204795608411283270189425369980113591448880001604835043994841917195380173623257902963105283098809344860573093234943052432790781513120535678877028836819346250885224412686512475801350321047721240258161480111846276414343511250280188514157390937445235755991588567376935887070607561391316162488061627464982200364959955090333199714488028443107421507810339974488797979931084102179937333914301735847571854971562833003740917405992593277268249536862465346370741388021894574089089589076101230265896721994299282226705486896108011128442964597442611272748272447422154315908310422446991893164629858449650348214455092604688971649952492313208922876510770398774470115185900049242188368135869546893349577940609820561665958585677313447791679143565091113625762097254063163191904875009365974971182652154009108642609361019909783176304478145614176785971587521339471953284604573942215594082508703898500163844519599120993169720071706246505729132698156744597430515167342527121096577480403920970946684447181935174994017464601648741516109735358837459748597258660635655546924004117546135128606356958499595035414344739819687684541725158717633900737469073913156982817469116764379307079010622232595367338305963220239281690510850103085735519727743052519193228321410431865896122206841546493541943190250150895919547165462062248621642547059597551157278626300341512361906967433659629386320211588299207732076508819375520340072615759716327547264452848218795776723967714683144510012277954064571226180062205456494960707834350401209804731517588334855656381337703905695267429467757067736148462691299651329616528848943312979488228418532962804563953579413860453895689758699157600810359907281336515093931393327331003453372902660320766055543400959107459298932467647393290213505664034897864611469888921288436288528757079566639235447070741708758023189626305201259047240167750425964529548908754708248138856295106694261754038726736010489049925617329722303300558333428258310934537161858899162092280583049579441120667645266034651555146236242765776368599192578470920096004181780033621660645252712982174907684503961993610217858378034049825955899986825043002110072503940264382421561048314065738750875676458086458566744050534667838621028798329938324355456606950601807070807670894835399786892535727994557725116804047809094511377200760730960989392296594533219496713750050781319052197924487728207231044781164719566615946255460274902353048851948196770212547260665517482105229446631929153137595972856704261510439787822983195545814295735080383380605129560515139239487776630135306924304186752375181045411388858573136399782671139859476836800553214761969736513589397177323107345802125337456429230589587802050301014420718602928571627853406694119737505502142152312427439659484955503909255415213198445856828406486881436060485790129780541180357918128207826778402497249147895092599704435963927428311314554629414115929145512912627744839315579577415989044141437798445597769192366797205018939595607407724202091959899790164596353716731840922061234787151595974532515690093845545111212910644426085589213625968463434598661087179805344217196763208563338545658665189734713606839442126192972932030249539389441936639522767307771028464116915329970471370694912654875585638761939924305160439777266090532751255612458562516461573051649539654247246610989437594536766219381983668915892221516025259035561965374527154515368259237028528509513499305427527177705656736955068390554644767231609786847306879058993485697477790854945076712406670673447650085515572846582050745611693637353306888110556936448061960244362436120533180491700543834045836995015227178936092484401966591963511267315914798825366350816523092102649120181636831884917461699598293975606469183010510577111202888434121820404620574988961293439196870102636632577190207099012862168773657569985869491675492203755497789174455871739102114509506780425690603002245006299405482762611014914945483260440112679768412449383780384687529750185757054149982843076858476268102388439467632691337376038893429540940405967483198486643554222527107094557986365924533218674934186177508875601901943505362310293496245634513033298897280025827237150213399194099937906875569948036713403638341285297351432243474906447465070990210258842968427505597032118980630536827944973594385524511202112424788978346913037345295952234177608664756420905577779941218342961479877608448097644343216583502243594000896244062326878579756575577553106763025009545694773423503584183851823614874658096544173701822462266930167256965837129515777638180621654896151208298382845173575011462862994964539944662420106902608149323597475487784608865861585070255528534503729094624866903548336531736329087044137945958181923864413096859536001664478658632483973748941377039180282810551854686285826014277702228956537093737954407485654445392226369572803461619590139036405740802247827296843926790617752588762913278924669546020370642765424938398323119744255276409873977924928151875609613244611108375525799486974240992061445208063990156638362243924541605066314756772476885993458995022573852773422230410401461563143781632647712034306953636780333516686974055071717554777577441376021205302242815704245870483721586476608171996494624293306034073218363035112431268292473398559974286770006673277168417671223612681788257259739328511058913368074655613601495880545176315457277963121481124108758377949278615215248640116973005807475600985208814501315014990118619566068890985418764708824718941461944938238454456645664466660010812622614732511801436351671680345621292051410060389304199114832566538822538862099350315055623468447733065659850878273667130565575894340902843275199199612866106719764154794946439683739516220226478720744504993124593416273875486665024081025052809639469421106414733288427370349086405789569189227211154200922155539298356028540478866044318935668758540634187771121285071003772011934232779552674859468149351191594330253921743196715869459065901429914615729924237787567148024223782895158641004414760175572629187301349872917442047391509517511723504410539047392615777756006788116452897223608097960884938046664087564592462406475648029032751463134716614412708572470157364621203712102877369454965618951570258549086210086820806901337439185617618618556336734244048695531601150068092073178207773367621949930623759065066009446196773143086430022922346073035487728013336283821350214933146114777557665169082825515976602332773897906843521020691939750703735067945032650445919035150434298755362925556346973778658860785244292321216379056194464926046718821751347400271080575004689026810928334885370335856401349545015530532689337279885537662625450140039317836714682041073934479851386703035855825958738212313434294382148332829176505772718528722032397696384266436907774351198083240592792622027108357575473292005048125643630277986273917276311573748540682355708347069246182811340316462571992783713244999999852270091897899197075589816565384966013252819595759694876258326546738797367490734506700487583198819930586842031192969868328338437064866371612793089737721933289319970408724216842784393407140389921371695201496726294636036300515699088201379071164551298013127137133362406502235261197931866924682155899161781335068413903323578255784405745819992622550477084364543210703645691597285427708449124355067074186354400108879145123382604904910376549176441838167085119713135432175406070512237083177501133690239471127297005809741303861068096191868479824828649109379056662564918369765505444878620759496289830604923105048047328527650561877159265010015864587976381938695544367040289241543149177198326268706225258761934357845856090549943879041632647428962976239023071431009161289296364322610018512739354979700304052842466041276384895095439819224101408795693970391601354649770092257981921825018052155199110757024432478424406041417967325797977301590382014379852808560165328385549308504215275639832891943969539413801858244624566088632978954429794098382446162860056610677473855276985949944554669280073446795876200789653897417548889042752330310638804776860716098900607563633566671736507150970004566557372856611419465088385691628504622275278435367864458522223806166150557660699602884461821941927046701199616264180060165353835771293311204651507014708505323868338502077297591348957332914233742149328810509583701981467866013700668397673250197157554595293682413852492566420498207425357589055904532686972661396458632303490671225104155386768679200873081949518548728502397151053355037292041538188022593291866927159465456479300995727828136034154355821444630871655072568170571101158702165838920023507663066528178566502286337413102098411640766717672484737693714270347665241666393174316277991350531558620957139526038014634636440149263671007797991144289181684775616296140489697602610415916263153938476680281444305930317334592584579835290112774065251371545341163751988658901745082501363768823525771690432713616383571475509081371043297091019503495361987593666297262992291969995958458160370658057410016767517526433597583780759605328933686601944863081829982867919458280695042259594738967033579333494202639289534566993422221165062397006541008559697311560080538351323205577139004799638429646922234159533210949056997213480785016242060771579819157044926492702135653717449052208893331790755660723219786679917041939717677899174657647747592777327951926316608105305871797121609217188418401002452382734814186559567612850296087738848062576797403209637315284506279129946378653912737937453290718842035296946958800793954858600131701780239366307426576583781507674593700385155861058820856102045674213453800233196846809532814172260563991341172809786184425478231885579530168115691274822858308994996085765694910643863072752346199281811515458204071494668110182318736250064248306678906743396578667722541533974930245311400838879993710132019389848261566831917588295789532501589840561173668210954878717554074297216562020826421337160611257910631544914098823918905354831848232356828694472146657430558316402748368897524988443562873553375523612558851038463730311330310448051892584522841844195057096349535278897731746864549862546858513958162450303201053089177375905152333745787462906884783201818366175687877418884355839338331007037841778149194639737992144495318377061833514488267165049670506459164184740144728650807125147552698896401342844443231188753639431534384625352265995518029304213893298715975192587647049206783192134371092254694521071789267001947869799151385325064775779941773797840476205482502824440478908467592667764801698199908361135948920905561421205566317068686719056142855303880160616249225384327086031129649904876597258499127553304378765423707193720954190355574430212229197043722289694216636397039773355795609791708458150392455627190550937877132977614836318279748253818734583729468324572267383181235621837209309197665709164855780578684835077891001767592539937291658785112316559292508936037052999489260860590094511349111549859377071566936297291852998849536396927951262049672865876516712743827530029809190886141274342193663675755123417898586596205002887543449365610657437613133671831463635201839024344730501458171432985248897624116642112368453282441083114566971870773941680558397533796735266544422539715063720708814431690371884697588798153042986493854071726765227197177844209445182606096415079775567403754083974650781955417166536447045435702930675787092920472962119342836532201080044190440407495253641465319565832895916685362266900448935403176153466792557598742393688726182154093560726903773811328425941982331211637421155406683184395424619579702742329477901599864513784363989228645419641409266974313426058605175047227699959115208874013355815746175282030850788878619965579129784178882648233162127321842964205386582531658015369364685898733447261826668726565600185932901299941943886083269776217001028149639997814562794039054007654001155799178983921003754232296741625721362706803933029401234983559757453233182565033529710403506861600951019765022953683992155940255688124742374172205007377959091707535213819437156591268176817711379871369520163632633255749435553593595728974603711582893626265028865332296247313803750633088858676117798297514438981925640124514295025218903306679532822954798729721452070074386218222930840686558052787282013543674690420902726685871006305219501083790958789445460918749476609676230720513935534383772258613230871828458929002272985682665046653427887508265016682046582959009751453042673933530130652654999572636190315701050727310816858424740139472857080139344690353022638764751252762519858136115815048651213624331655700752024009984850758853822583672814484719362594347991624273733951852059620892977303857621801283076567961064883201972600569509011712184566643663718165119310520559350137949578465772592847828149972479097269767145435449960620844779478339225517536698198620789090755411988665307329939360469153837160763755237815391180866292153831056964098384500991389336722146723808861390166098983608358295155663856517248403205489321849288197061501445666692445058168021325372960054361869147937240648682234299485203906487018342146450006737115445851989017046573022021460808228702963460925233903071770331494274313857090454697408201921971597816104134781577132051014017681486744811522155329979144731573763024270303576653190244640404039860454184650672805912756731182820289699148614634307305928408632192434259469972728495760561500805037869132111311628956063638369607488369463051761086713435338704747451138604229003059574878064926428048106191844289753704812486087239588919064824904029893159141095015071253709980861373843131627611766593311645582478699566824047146928975295432824802500655679451299977627907342797644707694461518796433850821393046813378228885448459789710425858787208268600325679391984515076346624019694007081343968676660435893708508980027572767785419108795492231808164303730982690884274603332044780030816668872808839861874708360383773674996644409467451201256571388356676344863716166047380135395098085227207594357882070861757672847260325668620686222233998389014435431082233222461785509666510217760309934134539191465221781920159467174711036053289331191878182629712438615377117022161549797977805463189242281494062107537297756230343268946706870483028027028500815187065679741330551042195604783152883745785579673864554077070104067373251855536966144694322714990240447426636541517686676755008566829764829525479907435864309788922099865482706324993508639298082438945564420062867823833706756346415121664015637277498838952550394992752047134463898186625994870643018930450476270583492064983201745110392224322291483774187119288586933451432490333042221540029859060741483560702898378782955891592427341387312276815888899322171182856087467911979144365416346382899505063179752776592740823364787960058006287623142024419311467409676989913688910251793035939162495813829521657620094144939750736037993928703695431317621307521772487303718291268808668024983944060381910331037471913730685800314797811051643956116519911483746306707511888742351339246162518023761992421594648579652802700011651173815427691526691894004044904650060045640559677893224911725979792121458500077837788975298138894796414554398384303004321548699536235543462150763541997648721635347883824097792323106515982117440177872168496850540460345863340031948242766175198926220618594481388279183313702031366478894355183976910243071320368969187147005496677701749729266956755874242301543217447171408685184481482806933745511884413719483858435882557574404890166452391069837653352038053690085598419976937978052029178987111942504940728640238506415997740752736296377298324524935342847853359992151110432683813815205789243810009755744339684955446596792860536837127829797404245149833748222374826304596660567713997872446924712729490536369540148031877042053344041857078107176073586383420643427544054987741776232776391782504371484083317674003867966478502063558382272334951795490295990221003708581051228425023791005199793360189267591759120820964093993870210727494737949494349765642440136861718426550600930316092511651986890307062548632421531731043422168643174589854398852788068664529364738051296856782071234658209520474388615406458347409761081394817643985690967812917775107707791791548486085021515016169758450119035514447531839773114097492319428438389262033420711728063039450398910275906921687660620782181116334119510157009914985012596794917252273276669733843442658634477275770657071922763482381199511441856560363946433932121894952890781217218056560718991395506582644943236736570620577203408498750781320170215306027507879439204634604145761080334550730134131703005664271817191967592562276071906390678143840923342494806463951366843970981846747236030269109342508220021419966284781839604457118541481555922886759730942671306846045408944775069940202716122974903422188342847450693778209302810450541245048559544887954575109988522506517609606118894385586033906406226788995637343478427769956930287006323800512607512643218831217856111992524178105920793064714934571200827670969095329660552927701954988732092775684386875930827602001729223161261304801987750683274054419249033924283855416876879062163059490001762772407229942025647616105591823642793840099643806690587005187620569283305109904360332415754544673798733613041065681836592046378251352691495262032008725505860685177254860194380106315947826198954355464337357396706062997443420672639202494677055710546985748360884566507482964627411569407149745272541895818094851310384984874393709255567392992746136688316829195329054345544603530806941720505580029748802452413267127563523023851517317083787493581927456323822467016314487460251059939565334068798910910601936516060650546969300808966884861752755238520619119839336919627898624192414758591064953486318629346434401625271929966610275714203501631358945216848205975914487327251989295609323550484442823099939860866907527544898890539335601571477739395753547041957435777028042028845457422457652262458915095222769938004703567162485699734394488847155885859699967685170210826615021284009636168386575329416775566226751483820857608111303894446574217942902712611590795589361401057512949248626543064793013695790206701744471541558306531316664493262068007707492159401255190917843475342804742047145438119277280134375054085330482242880350863670103036163518522312717601656799200123431439673893583723148211312458524672058968126806997032993907054605507330996928799099146719559767659847456748959119733955954921475705480005165253736064511635937322420315091008374301399607742358336432831441982023666238534460822229418626923023232689054363404977318911265338685579913767946522409718414902302746570962892291586772704163204434627526140415382996706491017470418127384014965748372027393067782584289896798284429804542439107500706682966713275953656351530270238166963389265003055300907432625384559779920743369900308254961552604620958550930310495090696535655390607223354044996158314002774474551368596859673385511174336440067174026314470751873265060418807152369017555555630025637567869853601250440511648818277085460657880584427208140112664851698502161394686064630292876116560055601984884157985581195211015344679059529195399677358461840020026716121680337674997550381432593732950660858554077049279060725528831898743000627511160255078601659901111819952306670272948956603156690164180617733825224457753960581333200556702367548115500288641068655558739110269597335264018451314702676646439426056037792692595276620252967462109154689130333363015866381695492944525331216943984920259157051786702160802503677540405124453094126506261392950834010129258539237889496069791781766178568903578456497616673914783331181459845362314227713549081642908708475891028301208695840221584480112281458827727761660901342157126026559179129235097485932650572593648627732952853576336252759147697072731774279963882158323794470139973870510455344008860839705154905495587299499116679600352620702842682031349913121440364921830724600002179946886948893126097616112915538861565796649857467766701224704384078526757952742141865810639801942558487684480050083440443666513840294079384301256830346605103684254588382930521279283760691000350113073756566704005743664803982087064909655376865935047553636684065531491636729091222443350282351008635487249811040333128849316481692094659388919311711241862047220984458052566071269843557491278485968904573099337257934962381534188346336031408043853261377878238850439093883732206851066689989551764901275445949717835056843915542610944990395886024837438488476767680866583713281837632187058983960733583887972507874968338542866771743373695095129105165017768749671128531745272557814430734167331513969389346811718556653027531019549094479842327303105761169544858617108122975462969768157196819394595215108391260791374810629563180728542078026835438723430371674270603183002480336608876310089983406152507390531293141002862571632805030789055437546892852302405763603196075494427915767129617446336946746145211729503513985754017819793413248041297609416427775883872778038146444913104052601867295081054556338049026592481484115977185489772501651439410571953485703541076433377786740925553599401837888604391454927013303181961899136586221013038222825151366735877356565639877308321307403567372312057578240205804402912361040338673703932288040869432475645322800466249887927451524268338332230974760222895440468371977355347290263624457208430674603613620753542397044270696139287910356730897229383338053152510616478739912305640600002046108849632352754180333542875254805655285735498713720894396831203612473170490164740730505787082016628269768729479982709485040251518678393406664161858998568859963432682779891381447454802859988871598459662103238884661122178169770625352831636619983209959688815836677743842635170322187492215079373009153174662279138253506273699049485270140325283527043826848974296239932402537456280795307490246493579861427596435579361701201662331508249815644621149052612185621934403070516101636420364518543440358688744994745153509079773603917793930534343332978122264408914909070346387977523630066819267672724992017607393252343283453838550704079697859446179519231025884518766847568434135718026116258809798708009088670593936004263574221422442131214986410215450468350037835746316536517642091428527770982837526859649915932314692337204450382430255031518638844752074916887446054161794819160785399353689507435426440363944533475691364516154333314453183772828345985153772339155679251811938341135200615836065549381778332875108999759386174677415326567824431662959746073951217809153645249617257403488765830910367931279675647244207839051954656231228116439031368726363629317561711670150262785880373105190201815698350721440623349368031636062977476352162028006737358257881156824064889899944888720944742824949951734458941609703852985562651931078936257047926595897596577083390739156890616119318394835638512935408931499063250028186379043725386722383917554322952736431161283510037989008761456711369854735145743567452900037564139638792281432143617323233415497478143635077544088602744637981081176213174027805221589594916873558754916666031038723484950767251543862932913762966750925662236692676488242380290599240497416039910448494311118420906287563705853203384988234209995225507763111117773248724237427691183457588447240607657353844087709042952731853277322897931038129007874510610547551108882861196504322777491021251466486048719379940842046690525533386077362173983037062065371281226916008507954673690217432317298317075160914402379567565737671715167264151501984161054006730836325520964803980776418567783964638485957973105024741268057366299397615114932158516889944785292096497263576297931903210744990864519631565253939504282961835822160057477856753633029100398077971995210878269642510971476585917955846909552357148379397756417033517631095440558162023690007538716358238759514684490238513340959631277387306048658218673084857848698200815597090436129840388215172681015846707226215445583900022033401757940506307523119461042215137623542109629137121400203975278237397493685717360137618942254882005563725108665150250873458978926351498582092218336142394891399836110126412486487231188573970629822495068754158196068633422364861914825430455153096763686681868356173583412411591237755873322158492412836840434388247514269270833819656919638994869218595592786245490291783014465695688161943595987943034305537770300856812603432513248327646703669366997401064579783190358843413250452152108094587998643383740015832281656157628671989938878751476326263124318686371845180899299576918224826189536477155130803078466964202208923527831913875666458514205980131581454994202679308116508139068126183473683518869972653616780938556010430602951941599148179785573178758072951196042602687130522446691234038741839303379098330730839276905641045283139943514500173080256162119095302057035321910565285029051872798179613554336117508970826597424410895292783069890705228752376427962820180757771139822283775893328014858436993444120820909783314088755119702870918759089122395743402357471626503525013507888144564796821498733205593961505327531258251209103634392514012552657788235733109886443907918755168056280533338091149429730618098779678265508469624108249700712158815424900373365958897360114813004925549807748010169695809518316297457683580428919665861693677617016144313459087722154838168425627304939260503367509376741118122053256951024123641668248758023100621801839659269898756357788433940891016356754951062613683881465849376048954519918205160789475534361743111214365720148282463697751216883615153810273815815571995585826581870929606168678510998426942420779426391863534473684613116240149473777567721774843695919837330076560645913907772559962721862359139149755652055446123805912608612471900311480468659107388801329302208515255327684708918348922144214505465452821700427385224869267320747481976191853316668421478759219975792910579237040747273774068796500601069348833955779938941930505113849194123137721100646142277970119793290280846484329074724093855560348219993408833639507914567538304438490403674716966490633325526538398169049804597165561931846240842543396757994022884439547756388178444507013434454040152596810671676610167962857757398667846874778964194387762773288905691406368337214934309054503226440268938549954947154180038695641502512759314283584361549962852086373917718981123622121521041112660015036038179082791807658393486628093156261985552897772504403436983585015024069694305544109141463313011492817400693648679458895430386095399915875641971356829863184616187991188888410268004253670846035993422992706543690817471497307960242815026913232322853529611699202319703818870377810723621859471219621702513500850690510742953305346890642825558872204892820675996928605866770220498652149740628032705080919052986574432857663740675370464201287097588381369403778095387112199199549075073557818846709010450272733081740191635368374133851810514323510645503948923011004573184703316882010572200803153013516491583980552437700166315568271077740295488963113356668073856363216112830679948097856602937447732918987704475882842570813186068782286815642353018417342572218819959859516281567336137342014763219167622264840176029279042523275425097116173176542338386644739111832087675584066566997512219743857584301232788357467514957122641553228718918043670286832718128205528833761753771023798589723291922914371027627036254766631460376436638326058375577200750377222061941487213272101151838595419957113411314961694624837500188687250129927029190161863652478786010621505530766819097576219521558310474722215246919932328711841117774397363734272184240823159642559092290739347152962335338700219746034177293607642944807875562998463768785157981395031746117471617343255896403111616745315423268460201076910051984755069596384841780655168819499120565453196645250323665368796364447897728308613268696281209896924622739729615751587435793966454696653945175497420696183328796248856710719062546238819761482637502549067674370717066402169960871949984733864479927845276529032720005712350490042310198165194831027791062972380488695556486936392375346315733671997775292839151503730930878233945382809498027719978981010420414990125527520256235706109029678573513885612734187113412472718143868495272484125008345801493806887569843006300020413157299047038950653565633360308937178157721166014086724929628259452920191713573402775809841863571408575547770463920506237835036375147805291386995885934081342176004620635943427868779788359270122498183744611422159621351052590556687127791178406466131834333498543858066010476063853703057491916135908639485377927255095100017892886888489805949999161943173834714037509499916750711801052710295465125498109836462800567338246141025460318143896805240111274342979066771243827197650882653352142685539793553837301960267160778734851234440243427255832112395178893514325673180985845736713063327606356927834056565881212908057355345850254505443827381190865001515063007230196442075934518495954443141431752933429448666974446884664084274730911432638734791526870770357204381830549824440395030847984897031029454276974450673886450824534845632550744348956188527585028511165071080051019481582196081155076362955794494822454779931718961367849975641080879156467482962740889740183509605887196791719992122964296414988256108732397805983909008064029147333606089106401546898118107734887774012494511798449888131909702770227138977929901605639153537561675045796965313772644013696550007874201335731451298550882163858421401937324084753206579111287501037043075984418551773689254483323179561399341372065294483493874303869082207839875737478412741995864063529200089291714881741993861416040780422665243779683222647325115697645180827918699822964602748202135914002395540699499382960624362209876215552966140192718588741797889709719853272770739348252157376698589610108743545899713302348787701341019324658565096242673413957517259022237162451925876210763621038580081609931685018926670506103641598945519501889961690375304627875951534951510230557560106692651664911309371404172068496985511443149404422697997334381507860425170916485871935126037233184059971478047061729459170125341508598884996470549129985957607731167462336012297245873149918516460862119384870563433676317283778073486308561746169483535209249871187685691315884254784990879307871252331693093930576173608613754834499153077440390209663302307502329300038857951432666293112592245464340406894284950641208579450121135119193576723595292562455402675243024000155672473376215615292673880288747077074646062542945877980900290990210804489374996260749446818958562906849763491482121087259536627460574020133565192742819611880111196732504983104319603011575973279252175956238893586435413556054991020520731555088862561182079819261473005030109767909510296176537280639439833931480745176446566839822964632179579174543088413579289197777783249144389144936019066708869562393138829182020684430421549052086005572894065113254784168509612402343193628181774825754343088192208276979856106804584147918275271359330692571467160901691476397393746525790149526996572002722480330437484272446966697810533930156630961400265975386409934538501717576095286414289621179160630787807006217713497340647218617962027126623871029242699025817479699422389434022855021191457153550751466945395950544182612936157232127416845322872574269952368420032783585707348296448192682685141748478296381376798157686198915404132558947250807406294135876123044186361523557735736034197229022187863681203315805191361112244728677185040469781286250817861518859433208086480611108378432498149892177010126895754634841055398050569129091442074197894948657547703400208753503851738783456070855305218000607282836108190027228893729184793269454297072549987341715193427168420840708762749120645536163968275049116858656820645713449437160555205656768871401007984701957770137772688477181316179513775412987897647329320791514822336059650365231623878322602891128553495159653090697753592203269823131466425464222933892802293822837944299281763500118913250748649220037897574272414764272212707871227060179096876146926778772880400083605625101846696079736596539265135554743935503618115274335989043865592022208318714231882038755970888018162423505050113302161594516488986895866357470993897857104533549890738707850722947182935528723838333294873067523833739018329346628362163993458447198706250896957674218389241953002373629340661655987170954203058517586262481751476660204911289927653046440719948460286601926151553006937882569943472395159010153062770324500297454312073461442210318575382057416462712042896909592445151498644306435369325507016261145726559679564872186768628482388883564436757369135517398641017116585492941742177046692086505358512762995526786801533513549998530957219113330349618039583774329125940943355422899442119731859728997099357851883506967600641890459212982246191885659403589673603116373408776503638498809685476916789059854321306742727903757596737583298154381111972559513916347940826788335583399982550902965901697960963209314490867321096732373939980512545165721478982234847424571646903064585514586944386944054886882920280677464019105260216577340983254399827728905286586657572194318685089245933257963431297402410839606739378241331532352005066965577295984730669775839341640013848322048922381813346905738854087891169431856054355389597424812263176837076342499557390939090137190753110822323297063274120025833727725918208829332708305595415437841834822098286868233579694821289051540411660736754333008752639583209619596676725205249575349330574874761888818197318452380212784549344820045770574751198000707256223622432841145299667064581018333078881420110208040972464381360271465045597927682550205966330062400045971299184721494798677351182347056252504873816794411453612574909862170525460647837764446198160922335530754450852837278207282533796144032376854117259049651948791511079777370775757512466251238024472991038804362273876263009766602322284227532664144327059858065079148895515928570223234371125174265516324484859666811926811275172648448518371516211449408942483803649095131255580913030945864291182974953369892239964807571082337970205698784626628221037368903831953722988467439629873924370678688262244587276211989121275729524484448599129538782883516871677192470155655027816286059084036028722429970918055894212581844356440666161801085710190901898604499284185940114039518347032576941197491551725625026279438030809561050162809164470623622891432974517177577902510599378866764740452145565536399241378202710821417446596091940527266805152893672246425891617489129578259975053151105502402247280331465136390317835766861425321167119875586318684113268888042824344621730473701580656046519787848951016652901527447269202936345350409447072208913777674689024372401011326454843446112282127262274338992893420337955098917934505130982816164620607692808188679629493588143768661081515797328017803107502212368097682673474738223474086805211108370959246612490009143436062248749791378113603189997136651187189347295563662775064911097236376946685932824101880542573673632718773393229172404219635412358307257421273512420416554283405010332118191181435265372239912046454148595660456293788173338154659096289157704518183458747753498966352297723449289747869992135347091678097472445280542250768716462215322220069741061425292825338467805444630835253834433654194869629734802567306465377243433332967249329018154177613487846323848369732965711509634724657186031007634644345428203970538622167534744796219132927989254844617075163249583693962776535053041279818012251953292194482211653101824283074298490938538859069053106470700339472576023086613232783087129755564151336016206463926188127966544541286115626960058536802731333738448282772130441232835973005461989611200937452306865993607842085314583346543209227685813416696455395217291833672129134770013517598281956356165854679313774287515305995616178962456400806669457042898607207448073926799806070159243619989523552622946570418467196514468544062731274841013142182207709533654183684183205319778630179254593529867227196553736673237925355859809504088364415883898705655687491789067978917790982869724376673882842235450518297982472337732071170020509813536328189584088412895812039375901772243579956302354566219159642762046948384973910438671449976622017715297861331481978474866356917803566093093526556480007940405677945406707958962536856844840452465000774690429525284554191347355683118041947850470144983565431974316511166410695659497344913800574076213903825710523835199221033394780402422484878290226678915679677188967417029413988711737214376477605568162056260929535120004029078395937125770394208810847088001867277355802688924511935544811584705580491914411531724388787893242852017312413279952421412338259002325767186901270405582473895673851682346569695413345411655900082913043121119924960677932094272125150398432157165748237190219650764029812592429083399949499345152507148035264541573332119899061508492663876097797968719887650266735261508142850916416375206163604703361787035590013832538547992139174163710038078155978179447027603022834240221670001669276756543334492509586029402780848440432826590216544077447447150648157180217750384874004696698419904294918556651091275629899133561277140712688813273495585530925964433581481250446823684928502204150434155289695804534448250973832731891578526619659024059565582530627979034075438340744406289247793125162684898097412159693782708035369812861230866273458135881239593765112129606205720372073194678612891701749689056678224417681880221670979764762405069006404474497957572345843341366300019015328905346813692612642322247673827634564884578247895556129849882777646638441903081954928773877980026490500635500958393423387765994839760867855385561316807493375700749276252978736826928563550325685129613246707080544871120786169590936162805787570807498057072469520247129636969281268041963313083987722635461594168121655183466638645470614035218510346622740641509368501406484606845149589890632752726849174175985073809013822193466922354173914740754639560303705943225190579752396189348070730111956417893350518346870984376186480674040796710191771193132186423480055900642213600379941145369852770152965506511006543731681513089019413408685774563272904739566289606434391484724634831879902607245597791092699229377389826799529172716422388830879294012073874342629076163717600473612158951852784087553255527932813435741174314112475882071262871648387343823026046379615201518731985355380176572236005047762318392700422570238503631042817295217845299291195764587377955853323971601838119149116042008976136896187115519555285513623745227429011905834719809452383625289490886771331421897927533139639043264258392960945101081487401387007590157629522302977866150843198858020735546499058214109292548793935615552394106857326386795365108617390511687476924149139799841669137612312837839834137285506980218710220602936937053176764610052841611863813457169552154488920943246652978167908072955813079262645493526420007405285920360551118211181926762788980629298336422327916743113875404772048468037830102055835038627042299940802246671236122495849650952660443014828296360939333270372415750437647118276260221185499115931692133313199784560275502159890620325183546198798937982490179987015066949903348536894837236299923195903439841106047830329448229257411427472620165015611327021728937408905568701290167074596286880719981715272132572200398979187803496197222564530165128700598136651755060134941905282441543308790524158290224340126452039705429720583505294174927795665221232022628197049592791605079158420165428417178613558135808877364347331677055958092765725824679792749558509628942943935388925374217093341678005371253411209665483776901684615027830241438457366066982362251866776038471922164554706598121474620622847680326667216263091335254360821802560324084246716480166827469608817953791289349722922565327237441494089587240413982289086348730144092407797695033189260903582941919427310476681466286776497916290915448336461202695794697320393065248505825283852187044192393316542284429198945235531023191550676391334665529901690388415955155128046620817650702774337444097764796481729565396809316089159884450863283243877745402824076572427418892305761705538771292748906406013308013333994473093461177792922178035863378683660114048284807960519701287653393191302889232163576544782843791428197977890610373033350351075403604320908813377979256175941654361016392484455603560449601676839136211517819791306609082081232452588512306446970146618735268709827479225567094409698633674507056354911043721029885378906236894004911016307912656896858419269801554594652146279574616981049522697023577465996191544555115598793988239793154809472728777135206182165053550640325454718524837602087197469864601790609462216653720735599048070687094708870766796809430795061467563785339737006963142829648045733682961727984650086149766801548065645494128104462459414435468066329702157850517007804463290299096204297905528691809616625668603291935068650741572568195920005261281742431377332639278293414260544558508137123502395853057320455467461046963890775101875002733509832963866355199755026400571222722964927664301601449821478483775087435620622665186505790208610023182117138490323999058489514447450289751101862626803052061162570585232748484404715740333032731813147082438008357756451868457346852958651013922716491068414150981329867781190332891312291169715738532560172288628254434169985596181645632611648911325953297202064583678162071808788405619811331013163599592801913078382864662151805632337456203355429256348264561826013815488426401340753355528063895078938618508552537415678972966482912303771163825459624904799138871253895716667102363789109718147328441935817869658901016899099162503316043486676087496296692260977664869187043313880195049742875836676156963728572199486752890595258845619533597163706321717280333318288108017728764895887690257418448917972490638173554071703528232505389406271179114588720644275685921285258457652344459909520799981789282442609856400026066495605337183571060509271351223247244007010844889499893396274528899926536546440494075097633691629446270528706914717807875617808301093374006401276798936472549193707706312988369866238147919651331127086638460336567403458863969917034128218002613171859493689990093946254030063612997837833746881611009707973235788589500084143992578174830996433823779129394008670724959637821095857874974743697189680954425153708083812827938582381365054929735026861461091919207535925073139779927842704277318347316609806729520792541350512594365534572270928148308841601698089456103913522516910885927004396441484487465887952220908870882875789481446525218208818992984383332161020158211248114347204559329163638176214408223142367208296855779180419836423550966106530273641579195438784478495504277543070388867441184465470983722374411502262267052217759542173964998993492221271622784763096724965206716968399274569174379262680313367993413169008411652821872985350189116286130092278704131629016063047254615477024478944487210177966224240791642881136567566680434120264490682604047045475123384706453137029145655289652051515426700656540808194633129463269671388739975245348001197691055634975734373227797307777135559293471444651807582821068712232004212235306615486734755105006600427515541159843494267013316112819628060426362140693599321217664253701444700078142644750357237756753700670630699008846262390693875441786887847103865629819074133734703969352239214414220042142839391434715049176296996996842804747094877870173550017876856726281946555240409269265133275488979728291189152858596262538144754902599948532770002527474113559123098675799279270069703552628163779107099089456833397675470024225306383686640290936899573085664237919108057652228933008417888857839534220857594166321525925693814418566618643089268391259928873414199746027427902150968337075869859162142108774432320851584887160163480360770271749207239785409338014197108531230383997446528226622178162125506319786965787702250103609752080116136165280908336896115981262851355674382010215651754069163200815603787712747759735472964527691684366495581819192639171627418421793470465295249699241027338885247906377124053774396365467277547636393620909993405211572572668432060671426189464887657958888276692189545858477672648689614066383441973438492103768646099776345607992644875273159001972632888696546227956628046785326971111830016289589987639229907651805763888506774310240758073357842358187989923623564939017067102748869319162248802732368044729137532701836425515285548061199683745762363705923787559647194028705980285048940412857426139663487796437851005379864314799612330813740609995897780022206342739501313723259828797962935834225610969065683941356532299758165054408382488042760710172103899301499113830418763130639250595763602436875028161710827789764427261562728681071883072615992154924766525099723526934183716930242200167143672774678908568371103838230552041564791825452552073385484148884201693714059301879754738259194283971646739850275647339070589944338499780816961713219424913454818676239794494940175720554149652604531740857684432403671090318577645903109379143758746341680567070880948097261990827413090411697773188112762625678076415983822963006432407536429638924833979787834211170692538488472008157482412410749812295213500453021517521135939462114179457648499899536302981470820145205002681549050630907471968946728018552103911935293149926388185887126710849988085252943275446141794586241361482160777442409616607470424420392303519211123857303682573701159310829031775378543216113787900991129058028713353875964019419154895700462391234833324520357069731010239741781829623547151360646681100062043555030868136227071111263831806437872678436652368970997568324694239571627049678349212945124179007268979690438457059937154751957123560766938093400168590622864150449863099865065807245795269284320528562647909535687728309928633383392109165459059298935520219834641457723464121996912193905974898933286261636843957572552265388284493664517955668403949435943732814208159747778513585902422820072528944760717559361250671496846853152657804560615637308578654314177380814932917258696667761739178728942500026702128687623599327065845217317889608765721196025692809363466710851267838256314362851675791947836919540165346351848839466159536495727950570362604232056704281372434856324735932483980071050440296940537667048903494143577297223065792668267964585261323033694378803508831774090338604402169406726317456613046171113523807292477234259283830611245733365778277347948332845729987502919965815367910523160161377843391494436852802032435829688316627181484618910674947359187952681456543711751926578159974332844618769175979140828567916635977900820896766693685126449161735952963892538717470677865458570774121466167257598753258129165629712326781253645713748951007269765594966822204121060688553544659069502207565457228649747197728930323064796242027794044982307605412883458760310905134178619213793605435435939425559893009336247900371321907579497624882084085007367368037187569055570134259700020347007556935926911826677221130899239606768157955690539267581961344863049720043080988407842948913239764419629376349655194697693309460054166545403811202075530408762932138739705863351538087933007369110879194038611057081901317940464203890826082578409843977863665333310165728243768368992989439030691585695634131306325489809488517078296798340789602072172391508701715518330430949067285954231087178750485171658439057108434116205012704618653642371736811180363757583422587436913236597211232121880438795432361801547878137210981126198775127148023752363063135012141197880054295602046687559569645732053160605264862969686019759842735907007278665778878889743136468550499715974874833887358791458168813017343343272985237856822084193541902951771014042966787897030061749031528377520819723475727729104600588817798304312639721702735881051622908750383401312629698509857436786517449080437369522472382330923068742157799106784759830475642511584191439131081680461979057807128311803911973491534056644843656279231870175187558563183019126376757900829876992209933946376005976710473050629571763335386544369427062965377312586278274503844462956700781686078930653697373636669519117718620877165901326075476770126064140504603872441020619734988732199941133035396095420943023169573445919816342505730615508717960053176671354497871015946965879775123149312649507298068277798079904877782715013282425504403065097044015004825991500175975667031012203401018946021507100016079187847896695377854559249155005458949010866858902207496829918005925892618144085789950339077969684450481151460724080230645484320074637337879081281341954463390772271661407887127470212088621628180203671080613369770105464134762171900560531679778209037481095994806160090682921746773806904445634969269730536340360292407164251530449928488308019400550002764596500731107177329229111128303558258590231210005356381397850266517130686380773859328625369423627697608121439964922820526708716286052935903979168632158026090140355192266083741683997121387330660048788327171760040418333329656685758263175597308240321592383486844459759931213620510174351238181564252991062104770879400687169018653258381768893032381663050243844694881774834238520734080695431592538246577948608160980376447333054330562665470819624347057637401697953938298830210791748621808135696801718160291121744508622426711315419913921801569976972968118564722015422118661624025528891581764077900072698036727663866696808372579136643011501549509016415302344063737509682085169508811175275208306359946385185530650514378436843303309576742906410673509530184753160947158440048144486751388169370998504965135096507386892780108989459075608332139076092851382259430417861591931781889466049418604703774850999305790973476157348158778989457406462787091541759656615108189785521516996876698434757252772355900602120026909799368910001491790805165502069969092985184708822106298785467872547630765967740963904384998119166628729922327337786157864596013894753172449355181892021800717069531855930339557707045579600801534384947846786270887473676722516360015665337578740754661625823765372159816094206035826510788040547105040327693429034814006556551847161607307516449639847841817540699509782497029937056464935515411185181690927189223534428052935735102397287122302556725603256564708867357606273300900485366643699703368223794298429927585321545656543351018191690281309701498863903661317175628099493751564408566163274308752400689566469035626664996466625436723514194322479902519758253641978590321738073557260018728461537769292559306791506653577479671872935423826861899808076928265933542606563776536345096883565510613964122122303898110709433414070568903125908816631849618747205739374260069703778034315704111743964257562800642700438813953958444350006843852556214716832047481778151424442727271463680113217410118185289839631432619035122041540436933255381701173200994572094347986085869833688603992725726270784818143307910445150520465034245961924734459204032135727306478505011904001165618849565219860886969005629388187311091442936469225205893239388009049922688620042375000021749461760688684203187102460215865799172853103869616308680001779446425651631323141807438861019874788590365567916067082084376883834980117707582059727770375558667108708389217021155096427387742117968530238886526697276137036388856912230569986461694317777793219838833409360016318119075218152589131816862724351759069391469923812228963742645341191900328129031018689778690250728135419060585256254993718051972779380168217152651619811996215447142392930257105708134373433264231273469419715465227623333620549549780865686941972055484241660971328616959954287468104991767917916558139569445280312287290001026900372573997211461344430025682749370281776545524721987991748733841575808463375900872942234478482437163114862489693976964121668318949873947846123153880952958770303385192464492394246455914052281746870598644808751631876386912167791779613767038416131605943830166077799871970101367674600253777359765490196470008976382121317510568048132956731740467012740300580671031845244324305839994274174634306179358419445961230182903590897272916261949735359823559669837671242999421508275696670607458833781887986483816224275012381360199435605020664000472815435276442248621787498775493275371521093739698414979503489263753290037176150171893385563545939413126187855512105715557911308012771856562184509897479379418067202998732689748107429496881356118409500584804842341093364413934472276809225030899400810210609682209509354752171497450709844574201627251917946157173823321924818772182898040367024683284306292872394368949669842398994607654071636322471326002740540611728270792110936187150730200467602291717296289967473316467733319751819659626850106621822817199169705226522664707441099431182160318178609853723348561865910693996118377825458362404736931602261981186021370258269135671857208436607719753185629838617232393283119282793036340893110524982182524914880352668295276991703387837076196776970578500641259273290243774822045724131815004073156648186670371826855913071081941639177177559071150056449899180704955951003959612894717205839602784492232468673726095878263047804638958867541468017165365140126092155109385820060039795299406958466908102596233695808947153823279005660720573466237414083363259502125428580534386651471469485825895130541402314254186753959612341941320767431833355959057259275977136388694049757077263003455958851599917887006318145240703497207265579232120546171886775149591910795656179773708502495877508247590530580685897552684667855735789575494730716864450923612283912010488389156150807789719625536207075211101771892261487776932352896524912736222745917181448607409926855501750478526959063797681556447508468869171332240525036570601021947176169322169749483359022897986636241533355509004363060008167676807335890483748316515267373695404966225570228244287291287513428863566925640262612573230888365332218575485878879248799854181014872497325306853902512555531922990567362273022713875786530100415823454321182409563770559398223433243875979577612321734528587281680928412377367808864821451642970128784843816773559866050150879257825088510988484241550379915332396724059877017108802118731102540692804657220165214058164926835235339449989984357026449764175534284344942907174030514262348200653598547233992850938787675791204336195190208155965649052254950894850693567241956393865441192245294942229168564895780362621848805370839199101613557723017900907635523035999186337211827005502249914250710496476167960956348750348279151385283293552261647298614380838507844052988999661521930405655426070896096459982974196969440241856222703890403725461526376330355617660091525965524544874888315920759733748076066194051118681059892417097878967369913225886777317351291172553738537887529065184184413927522910984124248724457947326595198884398619061968368990619937084960404168129354072149090526248945565439111536559487682238807913030937520620720495414954214200652271643805602575264563898961261697489862279246776046541665685848375897061089928775672739992822963346314274493358270938228751778596569239253367408924641903952669499534016396158538789387104959873001968235206097453744195079196726763401842091057086366056420950347458816822357828264346121990487762492426179452510266920580658237826466338974275944543711270253268489679729727760835585895819431783257401174813463659411155438462312449636468869440634344008144426135664857200716191218797417644665657657093331240702378865675093157454734659716502713812371605010908544982760507441785476222669883247834580484026803653065913506721944878260511971866303272682242617131838572740707545134699234223466453534350989095382511491166614581734887334615163117632627566860988891818605545448693750549652104165698523231772513503016585109204528716232296857555422250913484736595520786148350531474980936531458516718518248522248825390387409996705674612874834987708465369030924390111709296956461001920790683718944129437440581711601384781922089983010600987302664189737447312007005084794604012933545807027527115523222789016366746422856292817852903931842620613598162558922942983191931060903576049790119035617051005995318811063777992279624375814286622789193101935302221330982399977003874568223166973674794310235213360254624818113687351043807230928376131313762595456937371228139758882330410507959252339584853155465723223512658284335833449469163709915152336788470733737505801153816668746567700635183692960298034150914297004788438647861952910463017976899481992126379742183519300628521134885972136674718086470178849595323270002184381884517934848819637293025334622049657291549185110594553335147174168088016931871201315616771949283577727247161683221082377013003131709897863428330717042324964882059644615138755579561737573055915210170960112931181878108618979081777783441949709968775880307796141133400482853307176120045722247103363345799013229176458721141067125970627325399574187412172134025131834174450940798134610266311007887504318150921970235417490247781482789862604778634023619501033754046698254665721475825813064562523058070879726967060909027487714694109161953292605319014432488557914696253659041860660953505157079900240641301736806852188285461304228143978832116146096621234076589492878684394674511002914900457274013784967583001387587843752959473648344705907558413625946751233848536606081048795360148482434903855826310695634741669756890724171093539194321738694809418666171434001108189026210746616984447427408316336180350805038379735073302845114283273269324844923441940434051557703204478338746619479271168545823420972313201791926246131045315505859803317370907262976000000000000000000000000000000000000000000000000000000000000000000000000000000000000000000000000000000000000000000000000000000000000000000000000000000000000000000000000000000000000000000000000000000000000000000000000000000000000000000000000000000000000000000000000000000000000000000000000000000000000000000000000000000000000000000000000000000000000000000000000000000000000000000000000000000000000000000000000000000000000000000000000000000000000000000000000000000000000000000000000000000000000000000000000000000000000000000000000000000000000000000000000000000000000000000000000000000000000000000000000000000000000000000000000000000000000000000000000000000000000000000000000000000000000000000000000000000000000000000000000000000000000000000000000000000000000000000000000000000000000000000000000000000000000000000000000000000000000000000000000000000000000000000000000000000000000000000000000000000000000000000000000000000000000000000000000000000000000000000000000000000000000000000000000000000000000000000000000000000000000000000000000000000000000000000000000000000000000000000000000000000000000000000000000000000000000000000000000000000000000000000000000000000000000000000000000000000000000000000000000000000000000000000000000000000000000000000000000000000000000000000000000000000000000000000000000000000000000000000000000000000000000000000000000000000000000000000000000000000000000000000000000000000000000000000000000000000000000000000000000000000000000000000000000000000000000000000000000000000000000000000000000000000000000000000000000000000000000000000000000000000000000000000000000000000000000000000000000000000000000000000000000000000000000000000000000000000000000000000000000000000000000000000000000000000000000000000000000000000000000000000000000000000000000000000000000000000000000000000000000000000000000000000000000000000000000000000000000000000000000000000000000000000000000000000000000000000000000000000000000000000000000000000000000000000000000000000000000000000000000000000000000000000000000000000000000000000000000000000000000000000000000000000000000000000000000000000000000000000000000000000000000000000000000000000000000000000000000000000000000000000000000000000000000000000000000000000000000000000000000000000000000000000000000000000000000000000000000000000000000000000000000000000000000000000000000000000000000000000000000000000000000000000000000000000000000000000000000000000000000000000000000000000000000000000000000000000000000000000000000000000000000000000000000000000000000000000000000000000000000000000000000000000000000000000000000000000000000000000000000000000000000000000000000000000000000000000000000000000000000000000000000000000000000000000000000000000000000000000000000000000000000000000000000000000000000000000000000000000000000000000000000000000000000000000000000000000000000000000000000000000000000000000000000000000000000000000000000000000000000000000000000000000000000000000000000000000000000000000000000000000000000000000000000000000000000000000000000000000000000000000000000000000000000000000000000000000000000000000000000000000000000000000000000000000000000000000000000000000000000000000000000000000000000000000000000000000000000000000000000000000000000000000000000000000000000000000000000000000000000000000000000000000000000000000000000000000000000000000000000000000000000000000000000000000000000000000000000000000000000000000000000000000000000000000000000000000000000000000000000000000000000000000000000000000000000000000000000000000000000000000000000000000000000000000000000000000000000000000000000000000000000000000000000000000000000000000000000000000000000000000000000000000000000000000000000000000000000000000000000000000000000000000000000000000000000000000000000000000000000000000000000000000000000000000000000000000000000000000000000000000000000000000000000000000000000000000000000000000000000000000000000000000000000000000000000000000000000000000000000000000000000000000000000000000000000000000000000000000000000000000000000000000000000000000000000000000000000000000000000000000000000000000000000000000000000000000000000000000000000000000000000000000000000000000000000000000000000000000000000000000000000000000000000000000000000000000000000000000000000000000000000000000000000000000000000000000000000000000000000000000000000000000000000000000000000000000000000000000000000000000000000000000000000000000000000000000000000000000000000000000000000000000000000000000000000000000000000000000000000000000000000000000000000000000000000000000000000000000000000000000000000000000000000000000000000000000000000000000000000000000000000000000000000000000000000000000000000000000000000000000000000000000000000000000000000000000000000000000000000000000000000000000000000000000000000000000000000000000000000000000000000000000000000000000000000000000000000000000000000000000000000000000000000000000000000000000000000000000000000000000000000000000000000000000000000000000000000000000000000000000000000000000000000000000000000000000000000000000000000000000000000000000000000000000000000000000000000000000000000000000000000000000000000000000000000000000000000000000000000000000000000000000000000000000000000000000000000000000000000000000000000000000000000000000000000000000000000000000000000000000000000000000000000000000000000000000000000000000000000000000000000000000000000000000000000000000000000000000000000000000000000000000000000000000000000000000000000000000000000000000000000000000000000000000000000000000000000000000000000000000000000000000000000000000000000000000000000000000000000000000000000000000000000000000000000000000000000000000000000000000000000000000000000000000000000000000000000000000000000000000000000000000000000000000000000000000000000000000000000000000000000000000000000000000000000000000000000000000000000000000000000000000000000000000000000000000000000000000000000000000000000000000000000000000000000000000000000000000000000000000000000000000000000000000000000000000000000000000000000000000000000000000000000000000000000000000000000000000000000000000000000000000000000000000000000000000000000000000000000000000000000000000000000000000000000000000000000000000000000000000000000000000000000000000000000000000000000000000000000000000000000000000000000000000000000000000000000000000000000000000000000000000000000000000000000000000000000000000000000000000000000000000000000000000000000000000000000000000000000000000000000000000000000000000000000000000000000000000000000000000000000000000000000000000000000000000000000000000000000000000000000000000000000000000000000000000000000000000000000000000000000000000000000000000000000000
* UtilsJUnit3Test: tearDown() method
* UtilsJUnit3Test: setUp() method
* UtilsJUnit3Test: test method 3 - testExpectedException()
* UtilsJUnit3Test: tearDown() method
* UtilsJUnit3Test: setUp() method
* UtilsJUnit3Test: test method 1 - testHelloWorld()
* UtilsJUnit3Test: tearDown() method
]]></system-out>
  <system-err><![CDATA[]]></system-err>
</testsuite>
