<?xml version="1.0" encoding="UTF-8" ?>
<testsuite errors="1" failures="0" hostname="LAPTOP-3CKUMRO9" name="sample.UtilsJUnit3Test" skipped="0" tests="3" time="1.261" timestamp="2020-03-19T18:06:11">
  <properties>
    <property name="libs.jsp-compiler.javadoc" value="" />
    <property name="netbeans.autoupdate.country" value="ES" />
    <property name="javac.test.classpath" value=":build/classes:C:\Program Files\NetBeans 8.2\platform\modules\ext\junit-4.12.jar:${libs.junit.classpath}:C:\Program Files\NetBeans 8.2\platform\modules\ext\hamcrest-core-1.3.jar" />
    <property name="libs.jsf20.maven-pom" value="" />
    <property name="libs.DataBindingME.src" value="C:\Program Files\NetBeans 8.2\mobility\sources\netbeans_databindingme-src.zip" />
    <property name="libs.spring-webmvc4.0.src" value="" />
    <property name="javac.includes" value="sample/UtilsJUnit3Test.java" />
    <property name="ant.core.lib" value="C:\Program Files\NetBeans 8.2\extide\ant\lib\ant.jar" />
    <property name="javadoc.windowtitle" value="" />
    <property name="libs.jsp-compilation.javadoc" value="" />
    <property name="user.dir" value="C:\Users\barra\Documents\NetBeansProjects\JUnitSampleSol" />
    <property name="libs.javaee-api-7.0.src" value="" />
    <property name="java.vm.version" value="25.241-b07" />
    <property name="libs.DataBindingME.classpath" value="C:\Program Files\NetBeans 8.2\mobility\modules\ext\netbeans_databindingme.jar" />
    <property name="libs.j2me_common_ant.src" value="" />
    <property name="libs.MySQLDriver.classpath" value="C:\Program Files\NetBeans 8.2\ide\modules\ext\mysql-connector-java-5.1.23-bin.jar" />
    <property name="libs.eclipselinkmodelgen.src" value="" />
    <property name="javadoc.notree" value="false" />
    <property name="netbeans.autoupdate.version" value="1.23" />
    <property name="libs.javaee-web-api-6.0.classpath" value="C:\Program Files\NetBeans 8.2\enterprise\modules\ext\javaee-web-api-6.0.jar" />
    <property name="libs.DataBindingME-PIM.maven-pom" value="" />
    <property name="plugin.manager.detail.view.selected" value="true" />
    <property name="javac.profile.cmd.line.arg" value="" />
    <property name="jdk.home" value="C:\Program Files\Java\jdk1.8.0_241" />
    <property name="libs.javac-api.src" value="" />
    <property name="javadoc.noindex" value="false" />
    <property name="libs.jpa2-persistence.classpath" value="C:\Program Files\NetBeans 8.2\java\modules\ext\hibernate4\hibernate-jpa-2.1-api-1.0.0.Final.jar" />
    <property name="sun.os.patch.level" value="" />
    <property name="java.vm.specification.name" value="Java Virtual Machine Specification" />
    <property name="nb.show.statistics.ui" value="usageStatisticsEnabled" />
    <property name="netbeans.autoupdate.variant" value="" />
    <property name="have.tests" value="true" />
    <property name="org.xml.sax.driver" value="com.sun.org.apache.xerces.internal.jaxp.SAXParserImpl$JAXPSAXParser" />
    <property name="libs.hamcrest.classpath" value="C:\Program Files\NetBeans 8.2\platform\modules\ext\hamcrest-core-1.3.jar" />
    <property name="libs.javac-api.javadoc" value="" />
    <property name="os.name" value="Windows 10" />
    <property name="test.class" value="sample.UtilsJUnit3Test" />
    <property name="libs.beans-binding.classpath" value="C:\Program Files\NetBeans 8.2\java\modules\ext\beansbinding-1.2.1.jar" />
    <property name="libs.javaee-endorsed-api-7.0.maven-pom" value="" />
    <property name="ap.proc.none.internal" value="" />
    <property name="libs.DataBindingME-SVG.javadoc" value="C:\Program Files\NetBeans 8.2\mobility\modules\docs\netbeans_databindingme_svg-api.zip" />
    <property name="libs.restapi.javadoc" value="" />
    <property name="libs.JWSAntTasks.maven-pom" value="" />
    <property name="libs.jstl.classpath" value="C:\Program Files\NetBeans 8.2\enterprise\modules\ext\jstl-impl.jar;C:\Program Files\NetBeans 8.2\enterprise\modules\ext\jstl-api.jar" />
    <property name="libs.testng.src" value="" />
    <property name="libs.spring-webmvc3.0.src" value="" />
    <property name="libs.restapi.classpath" value="C:\Program Files\NetBeans 8.2\enterprise\modules\ext\jaxrs-2.0\javax.ws.rs-api-2.0.jar" />
    <property name="java.vendor.url.bug" value="http://bugreport.sun.com/bugreport/" />
    <property name="libs.jaxb.maven-pom" value="" />
    <property name="os.arch" value="amd64" />
    <property name="libs.eclipselink.src" value="" />
    <property name="user.name" value="barra" />
    <property name="libs.jsf12.javadoc" value="C:\Program Files\NetBeans 8.2\enterprise\docs\javaee-doc-api.jar" />
    <property name="copylibs.rebase" value="true" />
    <property name="libs.j2me_common_ant.maven-pom" value="" />
    <property name="ant.file.JUnitSampleSol" value="C:\Users\barra\Documents\NetBeansProjects\JUnitSampleSol\build.xml" />
    <property name="libs.spring-webmvc3.0.maven-pom" value="" />
    <property name="libs.swing-layout.maven-pom" value="" />
    <property name="sun.java.command" value="org.apache.tools.ant.taskdefs.optional.junit.JUnitTestRunner sample.UtilsJUnit3Test skipNonTests=false filtertrace=true haltOnError=false haltOnFailure=false showoutput=true outputtoformatters=true logfailedtests=true threadid=0 logtestlistenerevents=true formatter=org.apache.tools.ant.taskdefs.optional.junit.BriefJUnitResultFormatter formatter=org.apache.tools.ant.taskdefs.optional.junit.XMLJUnitResultFormatter,C:\Users\barra\Documents\NetBeansProjects\JUnitSampleSol\build\test\results\TEST-sample.UtilsJUnit3Test.xml crashfile=C:\Users\barra\Documents\NetBeansProjects\JUnitSampleSol\build\junitvmwatcher3848434326659015766.properties propsfile=C:\Users\barra\Documents\NetBeansProjects\JUnitSampleSol\build\junit5199180376025703974.properties" />
    <property name="build.classes.dir" value="build/classes" />
    <property name="netbeans.accept_license_class" value="org.netbeans.license.AcceptLicense" />
    <property name="build.sysclasspath" value="ignore" />
    <property name="manifest.encoding" value="UTF-8" />
    <property name="ap.supported.internal" value="true" />
    <property name="java.failonerror" value="true" />
    <property name="libs.javaee-endorsed-api-7.0.javadoc" value="C:\Program Files\NetBeans 8.2\enterprise\docs\javaee-doc-api.jar" />
    <property name="libs.jaxws21.javadoc" value="C:\Program Files\NetBeans 8.2\java\docs\jaxws-api-doc.zip" />
    <property name="libs.spring-webmvc4.0.javadoc" value="" />
    <property name="includes" value="**" />
    <property name="user.country" value="ES" />
    <property name="javadoc.encoding" value="UTF-8" />
    <property name="javac.classpath" value="" />
    <property name="libs.jsp-compilation-syscp.src" value="" />
    <property name="libs.spring-framework400.classpath" value="C:\Program Files\NetBeans 8.2\ide\modules\org-apache-commons-logging.jar;C:\Program Files\NetBeans 8.2\java\modules\ext\cglib-2.2.jar;C:\Program Files\NetBeans 8.2\java\modules\ext\spring-4\spring-aop-4.0.1.RELEASE.jar;C:\Program Files\NetBeans 8.2\java\modules\ext\spring-4\spring-aspects-4.0.1.RELEASE.jar;C:\Program Files\NetBeans 8.2\java\modules\ext\spring-4\spring-beans-4.0.1.RELEASE.jar;C:\Program Files\NetBeans 8.2\java\modules\ext\spring-4\spring-build-src-4.0.1.RELEASE.jar;C:\Program Files\NetBeans 8.2\java\modules\ext\spring-4\spring-context-4.0.1.RELEASE.jar;C:\Program Files\NetBeans 8.2\java\modules\ext\spring-4\spring-context-support-4.0.1.RELEASE.jar;C:\Program Files\NetBeans 8.2\java\modules\ext\spring-4\spring-core-4.0.1.RELEASE.jar;C:\Program Files\NetBeans 8.2\java\modules\ext\spring-4\spring-expression-4.0.1.RELEASE.jar;C:\Program Files\NetBeans 8.2\java\modules\ext\spring-4\spring-framework-bom-4.0.1.RELEASE.jar;C:\Program Files\NetBeans 8.2\java\modules\ext\spring-4\spring-instrument-4.0.1.RELEASE.jar;C:\Program Files\NetBeans 8.2\java\modules\ext\spring-4\spring-instrument-tomcat-4.0.1.RELEASE.jar;C:\Program Files\NetBeans 8.2\java\modules\ext\spring-4\spring-jdbc-4.0.1.RELEASE.jar;C:\Program Files\NetBeans 8.2\java\modules\ext\spring-4\spring-jms-4.0.1.RELEASE.jar;C:\Program Files\NetBeans 8.2\java\modules\ext\spring-4\spring-messaging-4.0.1.RELEASE.jar;C:\Program Files\NetBeans 8.2\java\modules\ext\spring-4\spring-orm-4.0.1.RELEASE.jar;C:\Program Files\NetBeans 8.2\java\modules\ext\spring-4\spring-oxm-4.0.1.RELEASE.jar;C:\Program Files\NetBeans 8.2\java\modules\ext\spring-4\spring-test-4.0.1.RELEASE.jar;C:\Program Files\NetBeans 8.2\java\modules\ext\spring-4\spring-tx-4.0.1.RELEASE.jar;C:\Program Files\NetBeans 8.2\java\modules\ext\spring-4\spring-web-4.0.1.RELEASE.jar;C:\Program Files\NetBeans 8.2\java\modules\ext\spring-4\spring-webmvc-4.0.1.RELEASE.jar;C:\Program Files\NetBeans 8.2\java\modules\ext\spring-4\spring-webmvc-portlet-4.0.1.RELEASE.jar;C:\Program Files\NetBeans 8.2\java\modules\ext\spring-4\spring-websocket-4.0.1.RELEASE.jar" />
    <property name="debug-transport" value="dt_shmem" />
    <property name="netbeans.home" value="C:\Program Files\NetBeans 8.2\platform" />
    <property name="build.compiler.emacs" value="true" />
    <property name="libs.javaee-web-api-6.0.src" value="" />
    <property name="libs.jsp-compilation-syscp.classpath" value="C:\Program Files\NetBeans 8.2\extide\ant\lib\ant.jar;C:\Program Files\NetBeans 8.2\enterprise\modules\ext\servlet3.1-jsp2.3-api.jar;C:\Program Files\NetBeans 8.2\enterprise\modules\ext\glassfish-jspparser-4.0.jar;C:\Program Files\NetBeans 8.2\enterprise\modules\ext\jstl-impl.jar;C:\Program Files\NetBeans 8.2\enterprise\modules\ext\jsf-2_2\javax.faces.jar" />
    <property name="java.endorsed.dirs" value="C:\Program Files\Java\jdk1.8.0_241\jre\lib\endorsed" />
    <property name="libs.groovy-all.src" value="" />
    <property name="test.includes" value="sample/UtilsJUnit3Test.java" />
    <property name="netbeans.dynamic.classpath" value="C:\Program Files\NetBeans 8.2\platform\core\asm-all-5.0.1.jar;C:\Program Files\NetBeans 8.2\platform\core\core-base.jar;C:\Program Files\NetBeans 8.2\platform\core\core.jar;C:\Program Files\NetBeans 8.2\platform\core\org-netbeans-libs-asm.jar;C:\Program Files\NetBeans 8.2\platform\core\org-openide-filesystems-compat8.jar;C:\Program Files\NetBeans 8.2\platform\core\org-openide-filesystems.jar;C:\Program Files\NetBeans 8.2\platform\core\locale\core-base_ja.jar;C:\Program Files\NetBeans 8.2\platform\core\locale\core-base_pt_BR.jar;C:\Program Files\NetBeans 8.2\platform\core\locale\core-base_ru.jar;C:\Program Files\NetBeans 8.2\platform\core\locale\core-base_zh_CN.jar;C:\Program Files\NetBeans 8.2\platform\core\locale\core_ja.jar;C:\Program Files\NetBeans 8.2\platform\core\locale\core_pt_BR.jar;C:\Program Files\NetBeans 8.2\platform\core\locale\core_ru.jar;C:\Program Files\NetBeans 8.2\platform\core\locale\core_zh_CN.jar;C:\Program Files\NetBeans 8.2\platform\core\locale\org-netbeans-libs-asm_ja.jar;C:\Program Files\NetBeans 8.2\platform\core\locale\org-netbeans-libs-asm_pt_BR.jar;C:\Program Files\NetBeans 8.2\platform\core\locale\org-netbeans-libs-asm_ru.jar;C:\Program Files\NetBeans 8.2\platform\core\locale\org-netbeans-libs-asm_zh_CN.jar;C:\Program Files\NetBeans 8.2\platform\core\locale\org-openide-filesystems-compat8_ja.jar;C:\Program Files\NetBeans 8.2\platform\core\locale\org-openide-filesystems-compat8_pt_BR.jar;C:\Program Files\NetBeans 8.2\platform\core\locale\org-openide-filesystems-compat8_ru.jar;C:\Program Files\NetBeans 8.2\platform\core\locale\org-openide-filesystems-compat8_zh_CN.jar;C:\Program Files\NetBeans 8.2\platform\core\locale\org-openide-filesystems_ja.jar;C:\Program Files\NetBeans 8.2\platform\core\locale\org-openide-filesystems_pt_BR.jar;C:\Program Files\NetBeans 8.2\platform\core\locale\org-openide-filesystems_ru.jar;C:\Program Files\NetBeans 8.2\platform\core\locale\org-openide-filesystems_zh_CN.jar;C:\Program Files\NetBeans 8.2\nb\core\org-netbeans-upgrader.jar;C:\Program Files\NetBeans 8.2\nb\core\locale\core_nb.jar;C:\Program Files\NetBeans 8.2\nb\core\locale\core_nb_ja.jar;C:\Program Files\NetBeans 8.2\nb\core\locale\core_nb_pt_BR.jar;C:\Program Files\NetBeans 8.2\nb\core\locale\core_nb_ru.jar;C:\Program Files\NetBeans 8.2\nb\core\locale\core_nb_zh_CN.jar;C:\Program Files\NetBeans 8.2\nb\core\locale\org-netbeans-upgrader_ja.jar;C:\Program Files\NetBeans 8.2\nb\core\locale\org-netbeans-upgrader_pt_BR.jar;C:\Program Files\NetBeans 8.2\nb\core\locale\org-netbeans-upgrader_ru.jar;C:\Program Files\NetBeans 8.2\nb\core\locale\org-netbeans-upgrader_zh_CN.jar" />
    <property name="java.vm.specification.version" value="1.8" />
    <property name="libs.hibernate4-support.src" value="" />
    <property name="ant.file.JUnitSampleSol-impl" value="C:\Users\barra\Documents\NetBeansProjects\JUnitSampleSol\nbproject\build-impl.xml" />
    <property name="libs.primefaces.classpath" value="C:\Program Files\NetBeans 8.2\enterprise\modules\ext\primefaces\primefaces-5.0.jar" />
    <property name="libs.javaee-api-6.0.classpath" value="C:\Program Files\NetBeans 8.2\enterprise\modules\ext\javaee-api-6.0.jar" />
    <property name="libs.groovy-all.maven-pom" value="" />
    <property name="netbeans.productversion" value="NetBeans IDE 8.2 (Build 201609300101)" />
    <property name="libs.jaxws21.src" value="" />
    <property name="do.archive" value="true" />
    <property name="netbeans.autoupdate.language" value="es" />
    <property name="java.vendor" value="Oracle Corporation" />
    <property name="libs.javaee-api-6.0.javadoc" value="C:\Program Files\NetBeans 8.2\enterprise\docs\javaee-doc-api.jar" />
    <property name="jar.index.metainf" value="false" />
    <property name="javac.debug" value="true" />
    <property name="javadoc.splitindex" value="true" />
    <property name="file.separator" value="\" />
    <property name="javac.includesfile.binary" value="C:\Users\barra\Documents\NetBeansProjects\JUnitSampleSol\null926654259" />
    <property name="libs.junit_4.maven-pom" value="" />
    <property name="javac.test.processorpath" value=":build/classes:C:\Program Files\NetBeans 8.2\platform\modules\ext\junit-4.12.jar:${libs.junit.classpath}:C:\Program Files\NetBeans 8.2\platform\modules\ext\hamcrest-core-1.3.jar" />
    <property name="netbeans.buildnumber" value="201609300101" />
    <property name="libs.JWSAntTasks.javadoc" value="" />
    <property name="build.generated.sources.dir" value="build/generated-sources" />
    <property name="user.variant" value="" />
    <property name="libs.eclipselinkmodelgen.classpath" value="C:\Program Files\NetBeans 8.2\java\modules\ext\eclipselink\org.eclipse.persistence.jpa.modelgen_2.5.2.v20140319-9ad6abd.jar" />
    <property name="libs.javaee-endorsed-api-7.0.src" value="" />
    <property name="sun.java.launcher" value="SUN_STANDARD" />
    <property name="libs.hibernate4-persistencemodelgen.javadoc" value="" />
    <property name="libs.jaxb.javadoc" value="C:\Program Files\NetBeans 8.2\ide\docs\jaxb-api-doc.zip" />
    <property name="libs.struts.classpath" value="C:\Program Files\NetBeans 8.2\enterprise\modules\ext\struts\antlr-2.7.2.jar;C:\Program Files\NetBeans 8.2\enterprise\modules\ext\struts\bsf-2.3.0.jar;C:\Program Files\NetBeans 8.2\enterprise\modules\ext\struts\commons-beanutils-1.8.0.jar;C:\Program Files\NetBeans 8.2\enterprise\modules\ext\struts\commons-chain-1.2.jar;C:\Program Files\NetBeans 8.2\enterprise\modules\ext\struts\commons-digester-1.8.jar;C:\Program Files\NetBeans 8.2\enterprise\modules\ext\struts\commons-fileupload-1.1.1.jar;C:\Program Files\NetBeans 8.2\enterprise\modules\ext\struts\commons-io-1.1.jar;C:\Program Files\NetBeans 8.2\enterprise\modules\ext\struts\commons-logging-1.0.4.jar;C:\Program Files\NetBeans 8.2\enterprise\modules\ext\struts\commons-validator-1.3.1.jar;C:\Program Files\NetBeans 8.2\enterprise\modules\ext\struts\jstl-1.0.2.jar;C:\Program Files\NetBeans 8.2\enterprise\modules\ext\struts\oro-2.0.8.jar;C:\Program Files\NetBeans 8.2\enterprise\modules\ext\struts\standard-1.0.6.jar;C:\Program Files\NetBeans 8.2\enterprise\modules\ext\struts\struts-core-1.3.10.jar;C:\Program Files\NetBeans 8.2\enterprise\modules\ext\struts\struts-el-1.3.10.jar;C:\Program Files\NetBeans 8.2\enterprise\modules\ext\struts\struts-extras-1.3.10.jar;C:\Program Files\NetBeans 8.2\enterprise\modules\ext\struts\struts-faces-1.3.10.jar;C:\Program Files\NetBeans 8.2\enterprise\modules\ext\struts\struts-mailreader-dao-1.3.10.jar;C:\Program Files\NetBeans 8.2\enterprise\modules\ext\struts\struts-scripting-1.3.10.jar;C:\Program Files\NetBeans 8.2\enterprise\modules\ext\struts\struts-taglib-1.3.10.jar;C:\Program Files\NetBeans 8.2\enterprise\modules\ext\struts\struts-tiles-1.3.10.jar" />
    <property name="javac.includes.binary" value="C:\Users\barra\Documents\NetBeansProjects\JUnitSampleSol\build\test\classes\sample\UtilsJUnit3Test.class" />
    <property name="ant.home" value="C:\Program Files\NetBeans 8.2\extide\ant" />
    <property name="libs.junit_4.src" value="C:\Program Files\NetBeans 8.2\platform\docs\junit-4.12-sources.jar" />
    <property name="libs.testng.classpath" value="C:\Program Files\NetBeans 8.2\platform\modules\ext\testng-6.8.1-dist.jar" />
    <property name="libs.absolutelayout.maven-pom" value="" />
    <property name="ant.java.version" value="1.8" />
    <property name="java.library.path" value="C:\Program Files\Java\jdk1.8.0_241\jre\bin;C:\windows\Sun\Java\bin;C:\windows\system32;C:\windows;C:\Program Files (x86)\Common Files\Oracle\Java\javapath;C:\windows\system32;C:\windows;C:\windows\System32\Wbem;C:\windows\System32\WindowsPowerShell\v1.0\;C:\windows\System32\OpenSSH\;C:\Users\barra\AppData\Local\Microsoft\WindowsApps;C:\AppServ\Apache24\bin;C:\AppServ\php7;C:\AppServ\MySQL\bin;C:\Program Files\Java\jdk-13.0.2\bin;;." />
    <property name="javadoc.author" value="false" />
    <property name="libs.metro.maven-pom" value="" />
    <property name="java.util.logging.config.class" value="org.netbeans.core.startup.TopLogging" />
    <property name="libs.spring-framework400.src" value="" />
    <property name="libs.PostgreSQLDriver.src" value="" />
    <property name="sun.arch.data.model" value="64" />
    <property name="basedir" value="C:\Users\barra\Documents\NetBeansProjects\JUnitSampleSol" />
    <property name="libs.jpa20-persistence.maven-pom" value="" />
    <property name="jar.compress" value="false" />
    <property name="libs.javaee-web-api-7.0.classpath" value="C:\Program Files\NetBeans 8.2\enterprise\modules\ext\javaee-web-api-7.0.jar" />
    <property name="path.separator" value=";" />
    <property name="libs.javaee-web-api-6.0.javadoc" value="C:\Program Files\NetBeans 8.2\enterprise\docs\javaee-doc-api.jar" />
    <property name="ant.junit.enabletestlistenerevents" value="true" />
    <property name="sun.io.unicode.encoding" value="UnicodeLittle" />
    <property name="libs.jaxws21.classpath" value="C:\Program Files\NetBeans 8.2\ide\modules\ext\jaxb\jaxb-impl.jar;C:\Program Files\NetBeans 8.2\ide\modules\ext\jaxb\jaxb-xjc.jar;C:\Program Files\NetBeans 8.2\java\modules\ext\jaxws22\FastInfoset.jar;C:\Program Files\NetBeans 8.2\java\modules\ext\jaxws22\gmbal-api-only.jar;C:\Program Files\NetBeans 8.2\java\modules\ext\jaxws22\ha-api.jar;C:\Program Files\NetBeans 8.2\java\modules\ext\jaxws22\javax.mail_1.4.jar;C:\Program Files\NetBeans 8.2\java\modules\ext\jaxws22\jaxws-rt.jar;C:\Program Files\NetBeans 8.2\java\modules\ext\jaxws22\jaxws-tools.jar;C:\Program Files\NetBeans 8.2\java\modules\ext\jaxws22\management-api.jar;C:\Program Files\NetBeans 8.2\java\modules\ext\jaxws22\mimepull.jar;C:\Program Files\NetBeans 8.2\java\modules\ext\jaxws22\policy.jar;C:\Program Files\NetBeans 8.2\java\modules\ext\jaxws22\saaj-impl.jar;C:\Program Files\NetBeans 8.2\java\modules\ext\jaxws22\stax-ex.jar;C:\Program Files\NetBeans 8.2\java\modules\ext\jaxws22\stax2-api.jar;C:\Program Files\NetBeans 8.2\java\modules\ext\jaxws22\streambuffer.jar;C:\Program Files\NetBeans 8.2\java\modules\ext\jaxws22\woodstox-core-asl.jar;C:\Program Files\NetBeans 8.2\java\modules\ext\jaxws22\api\jaxws-api.jar;C:\Program Files\NetBeans 8.2\java\modules\ext\jaxws22\api\jsr181-api.jar;C:\Program Files\NetBeans 8.2\java\modules\ext\jaxws22\api\javax.annotation.jar;C:\Program Files\NetBeans 8.2\java\modules\ext\jaxws22\api\saaj-api.jar;C:\Program Files\NetBeans 8.2\ide\modules\ext\jaxb\activation.jar;C:\Program Files\NetBeans 8.2\ide\modules\ext\jaxb\api\jaxb-api.jar;C:\Program Files\NetBeans 8.2\ide\modules\ext\jaxb\api\jsr173_1.0_api.jar" />
    <property name="libs.struts.src" value="" />
    <property name="apple.awt.graphics.UseQuartz" value="true" />
    <property name="user.language" value="es" />
    <property name="testng.mode" value="testng" />
    <property name="libs.JAXB-ENDORSED.maven-pom" value="" />
    <property name="libs.eclipselink.maven-pom" value="" />
    <property name="test.binaryincludes" value="&lt;nothing&gt;" />
    <property name="libs.primefaces.javadoc" value="" />
    <property name="libs.spring-framework300.maven-pom" value="" />
    <property name="run.test.classpath" value=":build/classes:C:\Program Files\NetBeans 8.2\platform\modules\ext\junit-4.12.jar:${libs.junit.classpath}:C:\Program Files\NetBeans 8.2\platform\modules\ext\hamcrest-core-1.3.jar:build/test/classes" />
    <property name="ant.project.invoked-targets" value="test-single" />
    <property name="test.binaryexcludes" value="" />
    <property name="libs.swing-layout.javadoc" value="C:\Program Files\NetBeans 8.2\platform\docs\swing-layout-1.0.4-doc.zip" />
    <property name="sun.java2d.dpiaware" value="true" />
    <property name="libs.hibernate4-persistence.maven-pom" value="" />
    <property name="libs.DataBindingME-SVG.classpath" value="C:\Program Files\NetBeans 8.2\mobility\modules\ext\netbeans_databindingme_svg.jar" />
    <property name="https.nonProxyHosts" value="localhost|127.0.0.1|LAPTOP-3CKUMRO9" />
    <property name="libs.PostgreSQLDriver.maven-pom" value="" />
    <property name="java.class.version" value="52.0" />
    <property name="libs.hibernate4-persistencemodelgen.maven-pom" value="" />
    <property name="libs.javaee-endorsed-api-6.0.src" value="" />
    <property name="libs.eclipselink.javadoc" value="C:\Program Files\NetBeans 8.2\java\modules\ext\docs\javax.persistence-2.1.0-doc.zip" />
    <property name="libs.jsp-compilation.maven-pom" value="" />
    <property name="user.properties.file" value="C:\Users\barra\AppData\Roaming\NetBeans\8.2\build.properties" />
    <property name="runtime.encoding" value="UTF-8" />
    <property name="libs.javac-api.maven-pom" value="" />
    <property name="file.encoding.pkg" value="sun.io" />
    <property name="sun.cpu.endian" value="little" />
    <property name="libs.JAXB-ENDORSED.javadoc" value="" />
    <property name="libs.JWSAntTasks.classpath" value="C:\Program Files\NetBeans 8.2\java\ant\extra\org-netbeans-modules-javawebstart-anttasks.jar" />
    <property name="libs.spring-webmvc4.0.maven-pom" value="" />
    <property name="libs.spring-framework300.src" value="" />
    <property name="libs.jstl.src" value="" />
    <property name="empty.dir" value="C:\Users\barra\Documents\NetBeansProjects\JUnitSampleSol\build\empty" />
    <property name="version-output" value="java version &quot;1.8" />
    <property name="test.binarytestincludes" value="" />
    <property name="libs.hibernate4-persistencemodelgen.src" value="" />
    <property name="javadoc.preview" value="true" />
    <property name="libs.jpa20-persistence.javadoc" value="C:\Program Files\NetBeans 8.2\java\modules\ext\docs\javax.persistence-2.1.0-doc.zip" />
    <property name="java.home" value="C:\Program Files\Java\jdk1.8.0_241\jre" />
    <property name="libs.jsp-compilation.src" value="" />
    <property name="debug.test.classpath" value=":build/classes:C:\Program Files\NetBeans 8.2\platform\modules\ext\junit-4.12.jar:${libs.junit.classpath}:C:\Program Files\NetBeans 8.2\platform\modules\ext\hamcrest-core-1.3.jar:build/test/classes" />
    <property name="libs.javaee-endorsed-api-6.0.classpath" value="C:\Program Files\NetBeans 8.2\enterprise\modules\ext\javaee6-endorsed\javax.annotation.jar;C:\Program Files\NetBeans 8.2\enterprise\modules\ext\javaee6-endorsed\jaxb-api-osgi.jar;C:\Program Files\NetBeans 8.2\enterprise\modules\ext\javaee6-endorsed\webservices-api-osgi.jar" />
    <property name="libs.javaee-api-6.0.src" value="" />
    <property name="netbeans.importclass" value="org.netbeans.upgrade.AutoUpgrade" />
    <property name="ant.project.default-target" value="default" />
    <property name="annotation.processing.run.all.processors" value="true" />
    <property name="libs.DataBindingME.maven-pom" value="" />
    <property name="libs.PostgreSQLDriver.javadoc" value="" />
    <property name="libs.restlib.classpath" value="C:\Program Files\NetBeans 8.2\enterprise\modules\ext\jersey2\ext\asm-all-repackaged-2.2.0-b21.jar;C:\Program Files\NetBeans 8.2\enterprise\modules\ext\jersey2\ext\cglib-2.2.0-b21.jar;C:\Program Files\NetBeans 8.2\enterprise\modules\ext\jersey2\ext\guava-14.0.1.jar;C:\Program Files\NetBeans 8.2\enterprise\modules\ext\jersey2\ext\hk2-api-2.2.0-b21.jar;C:\Program Files\NetBeans 8.2\enterprise\modules\ext\jersey2\ext\hk2-locator-2.2.0-b21.jar;C:\Program Files\NetBeans 8.2\enterprise\modules\ext\jersey2\ext\hk2-utils-2.2.0-b21.jar;C:\Program Files\NetBeans 8.2\enterprise\modules\ext\jersey2\ext\javax.annotation-api-1.2.jar;C:\Program Files\NetBeans 8.2\enterprise\modules\ext\jersey2\ext\javax.inject-2.2.0-b21.jar;C:\Program Files\NetBeans 8.2\enterprise\modules\ext\jersey2\ext\javax.servlet-api-3.0.1.jar;C:\Program Files\NetBeans 8.2\enterprise\modules\ext\jersey2\ext\jaxb-api-2.2.7.jar;C:\Program Files\NetBeans 8.2\enterprise\modules\ext\jersey2\ext\jersey-entity-filtering-2.5.1.jar;C:\Program Files\NetBeans 8.2\enterprise\modules\ext\jersey2\ext\jersey-media-moxy-2.5.1.jar;C:\Program Files\NetBeans 8.2\enterprise\modules\ext\jersey2\ext\org.osgi.core-4.2.0.jar;C:\Program Files\NetBeans 8.2\enterprise\modules\ext\jersey2\ext\osgi-resource-locator-1.0.1.jar;C:\Program Files\NetBeans 8.2\enterprise\modules\ext\jersey2\ext\persistence-api-1.0.jar;C:\Program Files\NetBeans 8.2\enterprise\modules\ext\jersey2\ext\validation-api-1.1.0.Final.jar;C:\Program Files\NetBeans 8.2\enterprise\modules\ext\jersey2\jersey-client.jar;C:\Program Files\NetBeans 8.2\enterprise\modules\ext\jersey2\jersey-common.jar;C:\Program Files\NetBeans 8.2\enterprise\modules\ext\jersey2\jersey-container-servlet.jar;C:\Program Files\NetBeans 8.2\enterprise\modules\ext\jersey2\jersey-container-servlet-core.jar;C:\Program Files\NetBeans 8.2\enterprise\modules\ext\jersey2\jersey-server.jar;C:\Program Files\NetBeans 8.2\java\modules\ext\eclipselink\eclipselink.jar" />
    <property name="libs.MySQLDriver.maven-pom" value="" />
    <property name="libs.hibernate4-persistence.javadoc" value="C:\Program Files\NetBeans 8.2\java\modules\ext\docs\javax.persistence-2.1.0-doc.zip" />
    <property name="http.nonProxyHosts" value="localhost|127.0.0.1|LAPTOP-3CKUMRO9" />
    <property name="libs.junit_4.javadoc" value="C:\Program Files\NetBeans 8.2\platform\docs\junit-4.12-javadoc.jar" />
    <property name="libs.javaee-web-api-6.0.maven-pom" value="" />
    <property name="run.classpath" value=":build/classes" />
    <property name="jna.boot.library.name" value="jnidispatch-422" />
    <property name="libs.javaee-endorsed-api-6.0.javadoc" value="C:\Program Files\NetBeans 8.2\enterprise\docs\javaee-doc-api.jar" />
    <property name="libs.javaee-api-7.0.classpath" value="C:\Program Files\NetBeans 8.2\enterprise\modules\ext\javaee-api-7.0.jar" />
    <property name="sun.awt.datatransfer.timeout" value="1000" />
    <property name="libs.spring-webmvc3.0.javadoc" value="" />
    <property name="libs.jpa2-persistence.maven-pom" value="" />
    <property name="libs.hibernate4-support.classpath" value="C:\Program Files\NetBeans 8.2\java\modules\ext\hibernate4\antlr-2.7.7.jar;C:\Program Files\NetBeans 8.2\java\modules\ext\hibernate4\c3p0-0.9.2.1.jar;C:\Program Files\NetBeans 8.2\java\modules\ext\hibernate4\hibernate-c3p0-4.3.1.Final.jar;C:\Program Files\NetBeans 8.2\java\modules\ext\hibernate4\mchange-commons-java-0.2.3.4.jar;C:\Program Files\NetBeans 8.2\java\modules\ext\hibernate4\dom4j-1.6.1.jar;C:\Program Files\NetBeans 8.2\java\modules\ext\hibernate4\ehcache-core-2.4.3.jar;C:\Program Files\NetBeans 8.2\java\modules\ext\hibernate4\hibernate-ehcache-4.3.1.Final.jar;C:\Program Files\NetBeans 8.2\java\modules\ext\hibernate4\hibernate-core-4.3.1.Final.jar;C:\Program Files\NetBeans 8.2\java\modules\ext\hibernate4\jboss-logging-3.1.3.GA.jar;C:\Program Files\NetBeans 8.2\java\modules\ext\hibernate4\hibernate-commons-annotations-4.0.4.Final.jar;C:\Program Files\NetBeans 8.2\java\modules\ext\hibernate4\hibernate-entitymanager-4.3.1.Final.jar;C:\Program Files\NetBeans 8.2\java\modules\ext\hibernate4\javassist-3.18.1-GA.jar;C:\Program Files\NetBeans 8.2\java\modules\ext\hibernate4\jboss-transaction-api_1.2_spec-1.0.0.Final.jar;C:\Program Files\NetBeans 8.2\java\modules\ext\hibernate4\slf4j-api-1.6.1.jar;C:\Program Files\NetBeans 8.2\java\modules\ext\hibernate4\slf4j-simple-1.6.1.jar" />
    <property name="nb.native.filechooser" value="false" />
    <property name="libs.restapi.src" value="" />
    <property name="sun.management.compiler" value="HotSpot 64-Bit Tiered Compilers" />
    <property name="libs.j2me_common_ant.javadoc" value="" />
    <property name="javac.deprecation" value="false" />
    <property name="javadoc.use" value="true" />
    <property name="sun.java2d.noddraw" value="true" />
    <property name="libs.jsp-compiler.classpath" value="C:\Program Files\NetBeans 8.2\enterprise\ant\extra\jspcompile.jar" />
    <property name="javac.processorpath" value="" />
    <property name="libs.hamcrest.maven-pom" value="" />
    <property name="javac.compilerargs" value="" />
    <property name="svnkit.http.methods" value="Basic" />
    <property name="ant.file" value="C:\Users\barra\Documents\NetBeansProjects\JUnitSampleSol\build.xml" />
    <property name="libs.beans-binding.maven-pom" value="" />
    <property name="libs.hibernate4-support.javadoc" value="C:\Program Files\NetBeans 8.2\java\modules\ext\docs\javax.persistence-2.1.0-doc.zip" />
    <property name="libs.jsf12.classpath" value="C:\Program Files\NetBeans 8.2\enterprise\modules\ext\jsf-1_2\commons-beanutils.jar;C:\Program Files\NetBeans 8.2\enterprise\modules\ext\jsf-1_2\commons-collections.jar;C:\Program Files\NetBeans 8.2\enterprise\modules\ext\jsf-1_2\commons-digester.jar;C:\Program Files\NetBeans 8.2\enterprise\modules\ext\jsf-1_2\commons-logging.jar;C:\Program Files\NetBeans 8.2\enterprise\modules\ext\jsf-1_2\jsf-api.jar;C:\Program Files\NetBeans 8.2\enterprise\modules\ext\jsf-1_2\jsf-impl.jar" />
    <property name="libs.jstl.maven-pom" value="" />
    <property name="libs.restapi.maven-pom" value="" />
    <property name="libs.beans-binding.src" value="" />
    <property name="ant.file.type.JUnitSampleSol" value="file" />
    <property name="java.vm.specification.vendor" value="Oracle Corporation" />
    <property name="libs.DataBindingME-PIM.javadoc" value="C:\Program Files\NetBeans 8.2\mobility\modules\docs\netbeans_databindingme_pim-api.zip" />
    <property name="libs.swing-layout.src" value="C:\Program Files\NetBeans 8.2\platform\docs\swing-layout-1.0.4-src.zip" />
    <property name="org.openide.major.version" value="IDE/1" />
    <property name="java.vm.name" value="Java HotSpot(TM) 64-Bit Server VM" />
    <property name="netbeans.user" value="C:\Users\barra\AppData\Roaming\NetBeans\8.2" />
    <property name="javadoc.additionalparam" value="" />
    <property name="java.io.tmpdir" value="C:\Users\barra\AppData\Local\Temp\" />
    <property name="java.vendor.url" value="http://java.oracle.com/" />
    <property name="endorsed.classpath.cmd.line.arg" value="" />
    <property name="jna.loaded" value="true" />
    <property name="junit.available" value="true" />
    <property name="libs.jsp-compiler.src" value="" />
    <property name="sun.boot.library.path" value="C:\Program Files\Java\jdk1.8.0_241\jre\bin" />
    <property name="have.sources" value="true" />
    <property name="libs.hamcrest.javadoc" value="" />
    <property name="debug.classpath" value=":build/classes" />
    <property name="javadoc.private" value="false" />
    <property name="test.src.dir" value="test" />
    <property name="libs.jsf20.classpath" value="C:\Program Files\NetBeans 8.2\enterprise\modules\ext\jsf-2_2\javax.faces.jar" />
    <property name="ap.processors.internal" value="" />
    <property name="meta.inf.dir" value="src/META-INF" />
    <property name="javadoc.encoding.used" value="UTF-8" />
    <property name="libs.DataBindingME-SVG.src" value="C:\Program Files\NetBeans 8.2\mobility\sources\netbeans_databindingme_svg-src.zip" />
    <property name="dist.jar" value="dist/JUnitSampleSol.jar" />
    <property name="libs.spring-framework400.maven-pom" value="" />
    <property name="java.runtime.name" value="Java(TM) SE Runtime Environment" />
    <property name="ant.project.name" value="JUnitSampleSol" />
    <property name="netbeans.hash.code" value="unique=NB_CND_EXTIDE_GFMOD_GROOVY_JAVA_JC_MOB_PHP_WEBCOMMON_WEBEE0ea27c6b7-e9b3-4380-b47b-adcee3723838_3f0f34c8-1668-48b1-9c2f-c0e60c4c5137" />
    <property name="netbeans.default_userdir_root" value="C:\Users\barra\AppData\Roaming\NetBeans" />
    <property name="libs.jsp-compilation-syscp.maven-pom" value="" />
    <property name="junit.selected.version" value="4" />
    <property name="sun.cpu.isalist" value="amd64" />
    <property name="libs.spring-framework400.javadoc" value="" />
    <property name="libs.CopyLibs.javadoc" value="" />
    <property name="org.openide.specification.version" value="6.2" />
    <property name="libs.DataBindingME-PIM.classpath" value="C:\Program Files\NetBeans 8.2\mobility\modules\ext\netbeans_databindingme_pim.jar" />
    <property name="user.home" value="C:\Users\barra" />
    <property name="annotation.processing.processors.list" value="" />
    <property name="libs.primefaces.maven-pom" value="" />
    <property name="debug-args-line" value="-Xdebug" />
    <property name="libs.javaee-api-6.0.maven-pom" value="" />
    <property name="libs.JWSAntTasks.src" value="" />
    <property name="jar.index" value="false" />
    <property name="libs.CopyLibs.maven-pom" value="" />
    <property name="libs.spring-framework300.javadoc" value="" />
    <property name="libs.absolutelayout.javadoc" value="" />
    <property name="guice.disable.misplaced.annotation.check" value="true" />
    <property name="java.specification.name" value="Java Platform API Specification" />
    <property name="java.specification.vendor" value="Oracle Corporation" />
    <property name="libs.javac-api.classpath" value="C:\Program Files\NetBeans 8.2\java\modules\ext\nb-javac-api.jar" />
    <property name="ant.file.type.JUnitSampleSol-impl" value="file" />
    <property name="java.version" value="1.8.0_241" />
    <property name="run.jvmargs.ide" value="" />
    <property name="javadoc.version" value="false" />
    <property name="libs.MySQLDriver.javadoc" value="" />
    <property name="org.openide.version" value="deprecated" />
    <property name="platform.java" value="C:\Program Files\Java\jdk1.8.0_241\jre/bin/java" />
    <property name="source.encoding" value="UTF-8" />
    <property name="ap.cmd.line.internal" value="" />
    <property name="libs.eclipselinkmodelgen.maven-pom" value="" />
    <property name="libs.jsp-compilation-syscp.javadoc" value="" />
    <property name="libs.eclipselinkmodelgen.javadoc" value="" />
    <property name="libs.javaee-endorsed-api-7.0.classpath" value="C:\Program Files\NetBeans 8.2\enterprise\modules\ext\javaee7-endorsed\javax.annotation-api.jar;C:\Program Files\NetBeans 8.2\enterprise\modules\ext\javaee7-endorsed\javax.xml.soap-api.jar;C:\Program Files\NetBeans 8.2\enterprise\modules\ext\javaee7-endorsed\jaxb-api-osgi.jar;C:\Program Files\NetBeans 8.2\enterprise\modules\ext\javaee7-endorsed\jaxws-api.jar;C:\Program Files\NetBeans 8.2\enterprise\modules\ext\javaee7-endorsed\jsr181-api.jar" />
    <property name="libs.metro.javadoc" value="C:\Program Files\NetBeans 8.2\enterprise\docs\metro-1.4-doc.zip" />
    <property name="libs.struts.maven-pom" value="" />
    <property name="netbeans.home+have.tests" value="true" />
    <property name="annotation.processing.processor.options" value="" />
    <property name="libs.testng.maven-pom" value="" />
    <property name="libs.jaxb.src" value="" />
    <property name="jdk.launcher.addexports.5" value="java.management/sun.management=ALL-UNNAMED" />
    <property name="jdk.launcher.addexports.4" value="java.desktop/com.sun.java.swing.plaf.windows=ALL-UNNAMED" />
    <property name="jdk.launcher.addexports.3" value="java.desktop/sun.awt.im=ALL-UNNAMED" />
    <property name="work.dir" value="C:\Users\barra\Documents\NetBeansProjects\JUnitSampleSol" />
    <property name="jdk.launcher.addexports.2" value="java.desktop/java.awt.peer=ALL-UNNAMED" />
    <property name="libs.jaxb.classpath" value="C:\Program Files\NetBeans 8.2\ide\modules\ext\jaxb\jaxb-impl.jar;C:\Program Files\NetBeans 8.2\ide\modules\ext\jaxb\jaxb-xjc.jar;C:\Program Files\NetBeans 8.2\ide\modules\ext\jaxb\jaxb1-impl.jar;C:\Program Files\NetBeans 8.2\ide\modules\ext\jaxb\activation.jar;C:\Program Files\NetBeans 8.2\ide\modules\ext\jaxb\api\jaxb-api.jar;C:\Program Files\NetBeans 8.2\ide\modules\ext\jaxb\api\jsr173_1.0_api.jar" />
    <property name="jdk.launcher.addexports.1" value="java.base/jdk.internal.jrtfs=ALL-UNNAMED" />
    <property name="jdk.launcher.addexports.0" value="java.desktop/sun.awt=ALL-UNNAMED" />
    <property name="do.depend" value="false" />
    <property name="dist.javadoc.dir" value="dist/javadoc" />
    <property name="libs.j2me_common_ant.classpath" value="C:\Program Files\NetBeans 8.2\mobility\modules\org-netbeans-modules-j2me-common-ant.jar;C:\Program Files\NetBeans 8.2\java\modules\org-netbeans-modules-classfile.jar" />
    <property name="libs.spring-webmvc3.0.classpath" value="C:\Program Files\NetBeans 8.2\java\modules\ext\spring-3.0\spring-webmvc-3.2.7.RELEASE.jar" />
    <property name="libs.swing-layout.classpath" value="C:\Program Files\NetBeans 8.2\platform\modules\ext\swing-layout-1.0.4.jar" />
    <property name="libs.javaee-web-api-7.0.maven-pom" value="" />
    <property name="libs.restlib.src" value="" />
    <property name="build.generated.dir" value="build/generated" />
    <property name="javac.source" value="1.6" />
    <property name="line.separator" value="&#xd;&#xa;" />
    <property name="java.specification.version" value="1.8" />
    <property name="java.vm.info" value="mixed mode" />
    <property name="libs.jaxws21.maven-pom" value="" />
    <property name="nb.junit.batch" value="true" />
    <property name="junit.forkmode" value="perTest" />
    <property name="sun.boot.class.path" value="C:\Program Files\Java\jdk1.8.0_241\jre\lib\resources.jar;C:\Program Files\Java\jdk1.8.0_241\jre\lib\rt.jar;C:\Program Files\Java\jdk1.8.0_241\jre\lib\sunrsasign.jar;C:\Program Files\Java\jdk1.8.0_241\jre\lib\jsse.jar;C:\Program Files\Java\jdk1.8.0_241\jre\lib\jce.jar;C:\Program Files\Java\jdk1.8.0_241\jre\lib\charsets.jar;C:\Program Files\Java\jdk1.8.0_241\jre\lib\jfr.jar;C:\Program Files\Java\jdk1.8.0_241\jre\classes" />
    <property name="javac.target" value="1.6" />
    <property name="built-jar.properties" value="C:\Users\barra\Documents\NetBeansProjects\JUnitSampleSol\build\built-jar.properties" />
    <property name="build.test.classes.dir" value="build/test/classes" />
    <property name="src.dir" value="src" />
    <property name="annotation.processing.enabled" value="true" />
    <property name="libs.jpa2-persistence.src" value="" />
    <property name="sun.awt.keepWorkingSetOnMinimize" value="true" />
    <property name="libs.jsf20.src" value="" />
    <property name="libs.jpa20-persistence.src" value="" />
    <property name="libs.DataBindingME-SVG.maven-pom" value="" />
    <property name="libs.jsf12.src" value="" />
    <property name="libs.struts.javadoc" value="C:\Program Files\NetBeans 8.2\enterprise\docs\struts-1.3.10-javadoc.zip" />
    <property name="ignore.failing.tests" value="true" />
    <property name="libs.javaee-web-api-7.0.src" value="" />
    <property name="libs.primefaces.src" value="" />
    <property name="dist.dir" value="dist" />
    <property name="libs.groovy-all.javadoc" value="" />
    <property name="testng.debug.mode" value="" />
    <property name="javac.fork" value="false" />
    <property name="libs.groovy-all.classpath" value="C:\Program Files\NetBeans 8.2\groovy\modules\ext\groovy-all.jar" />
    <property name="java.awt.printerjob" value="sun.awt.windows.WPrinterJob" />
    <property name="default.javac.source" value="1.8" />
    <property name="debug-transport-by-os" value="dt_shmem" />
    <property name="libs.MySQLDriver.src" value="" />
    <property name="sun.jnu.encoding" value="Cp1252" />
    <property name="java.runtime.version" value="1.8.0_241-b07" />
    <property name="build.test.results.dir" value="build/test/results" />
    <property name="default.javac.target" value="1.8" />
    <property name="libs.junit_4.classpath" value="C:\Program Files\NetBeans 8.2\platform\modules\ext\junit-4.12.jar" />
    <property name="user.timezone" value="" />
    <property name="nb.junit.single" value="false" />
    <property name="libs.javaee-endorsed-api-6.0.maven-pom" value="" />
    <property name="netbeans.dirs" value="C:\Program Files\NetBeans 8.2\nb;C:\Program Files\NetBeans 8.2\ergonomics;C:\Program Files\NetBeans 8.2\ide;C:\Program Files\NetBeans 8.2\extide;C:\Program Files\NetBeans 8.2\java;C:\Program Files\NetBeans 8.2\apisupport;C:\Program Files\NetBeans 8.2\webcommon;C:\Program Files\NetBeans 8.2\websvccommon;C:\Program Files\NetBeans 8.2\enterprise;C:\Program Files\NetBeans 8.2\mobility;C:\Program Files\NetBeans 8.2\profiler;C:\Program Files\NetBeans 8.2\python;C:\Program Files\NetBeans 8.2\php;C:\Program Files\NetBeans 8.2\identity;C:\Program Files\NetBeans 8.2\harness;C:\Program Files\NetBeans 8.2\cnd;C:\Program Files\NetBeans 8.2\cndext;C:\Program Files\NetBeans 8.2\dlight;C:\Program Files\NetBeans 8.2\groovy;C:\Program Files\NetBeans 8.2\extra;C:\Program Files\NetBeans 8.2\javacard;C:\Program Files\NetBeans 8.2\javafx" />
    <property name="libs.jsf20.javadoc" value="C:\Program Files\NetBeans 8.2\enterprise\docs\javaee-doc-api.jar" />
    <property name="libs.jstl.javadoc" value="C:\Program Files\NetBeans 8.2\enterprise\docs\javaee-doc-api.jar" />
    <property name="java.ext.dirs" value="C:\Program Files\Java\jdk1.8.0_241\jre\lib\ext;C:\windows\Sun\Java\lib\ext" />
    <property name="libs.metro.src" value="" />
    <property name="libs.absolutelayout.classpath" value="C:\Program Files\NetBeans 8.2\java\modules\ext\AbsoluteLayout.jar" />
    <property name="excludes" value="" />
    <property name="libs.restlib.maven-pom" value="" />
    <property name="libs.metro.classpath" value="C:\Program Files\NetBeans 8.2\ide\modules\ext\jaxb\activation.jar;C:\Program Files\NetBeans 8.2\enterprise\modules\ext\metro\webservices-api.jar;C:\Program Files\NetBeans 8.2\enterprise\modules\ext\metro\webservices-extra-api.jar;C:\Program Files\NetBeans 8.2\enterprise\modules\ext\metro\webservices-extra.jar;C:\Program Files\NetBeans 8.2\enterprise\modules\ext\metro\webservices-rt.jar;C:\Program Files\NetBeans 8.2\enterprise\modules\ext\metro\webservices-tools.jar" />
    <property name="libs.jpa2-persistence.javadoc" value="C:\Program Files\NetBeans 8.2\java\modules\ext\docs\javax.persistence-2.1.0-doc.zip" />
    <property name="libs.DataBindingME.javadoc" value="C:\Program Files\NetBeans 8.2\mobility\modules\docs\netbeans_databindingme-api.zip" />
    <property name="apple.laf.useScreenMenuBar" value="true" />
    <property name="java.class.path" value="C:\Users\barra\Documents\NetBeansProjects\JUnitSampleSol\build\classes;C:\Program Files\NetBeans 8.2\platform\modules\ext\junit-4.12.jar;C:\Program Files\NetBeans 8.2\platform\modules\ext\hamcrest-core-1.3.jar;C:\Users\barra\Documents\NetBeansProjects\JUnitSampleSol\build\test\classes;C:\Program Files\NetBeans 8.2\extide\ant\lib\ant-launcher.jar;C:\Program Files\NetBeans 8.2\extide\ant\lib\ant.jar;C:\Program Files\NetBeans 8.2\extide\ant\lib\ant-junit.jar;C:\Program Files\NetBeans 8.2\extide\ant\lib\ant-junit4.jar" />
    <property name="do.mkdist" value="true" />
    <property name="libs.absolutelayout.src" value="" />
    <property name="libs.jpa20-persistence.classpath" value="C:\Program Files\NetBeans 8.2\java\modules\ext\eclipselink\javax.persistence_2.1.0.v201304241213.jar" />
    <property name="os.version" value="10.0" />
    <property name="application.args" value="" />
    <property name="libs.javaee-api-7.0.maven-pom" value="" />
    <property name="sun.awt.enableExtraMouseButtons" value="true" />
    <property name="sun.desktop" value="windows" />
    <property name="libs.hibernate4-persistence.src" value="" />
    <property name="libs.hibernate4-support.maven-pom" value="" />
    <property name="libs.restlib.javadoc" value="" />
    <property name="libs.JAXB-ENDORSED.classpath" value="C:\Program Files\NetBeans 8.2\ide\modules\ext\jaxb\api\jaxb-api.jar" />
    <property name="nb.internal.action.name" value="test.single" />
    <property name="libs.eclipselink.classpath" value="C:\Program Files\NetBeans 8.2\java\modules\ext\eclipselink\eclipselink.jar;C:\Program Files\NetBeans 8.2\java\modules\ext\eclipselink\javax.persistence_2.1.0.v201304241213.jar;C:\Program Files\NetBeans 8.2\java\modules\ext\eclipselink\org.eclipse.persistence.jpa.jpql_2.5.2.v20140319-9ad6abd.jar" />
    <property name="libs.javaee-api-7.0.javadoc" value="C:\Program Files\NetBeans 8.2\enterprise\docs\javaee-doc-api.jar" />
    <property name="java.awt.graphicsenv" value="sun.awt.Win32GraphicsEnvironment" />
    <property name="libs.beans-binding.javadoc" value="C:\Program Files\NetBeans 8.2\java\docs\beansbinding-1.2.1-doc.zip" />
    <property name="java.vm.vendor" value="Oracle Corporation" />
    <property name="libs.CopyLibs.classpath" value="C:\Program Files\NetBeans 8.2\java\ant\extra\org-netbeans-modules-java-j2seproject-copylibstask.jar" />
    <property name="libs.spring-framework300.classpath" value="C:\Program Files\NetBeans 8.2\ide\modules\org-apache-commons-logging.jar;C:\Program Files\NetBeans 8.2\java\modules\ext\cglib-2.2.jar;C:\Program Files\NetBeans 8.2\java\modules\ext\spring-3.0\spring-aop-3.2.7.RELEASE.jar;C:\Program Files\NetBeans 8.2\java\modules\ext\spring-3.0\spring-aspects-3.2.7.RELEASE.jar;C:\Program Files\NetBeans 8.2\java\modules\ext\spring-3.0\spring-beans-3.2.7.RELEASE.jar;C:\Program Files\NetBeans 8.2\java\modules\ext\spring-3.0\spring-build-src-3.2.7.RELEASE.jar;C:\Program Files\NetBeans 8.2\java\modules\ext\spring-3.0\spring-context-3.2.7.RELEASE.jar;C:\Program Files\NetBeans 8.2\java\modules\ext\spring-3.0\spring-context-support-3.2.7.RELEASE.jar;C:\Program Files\NetBeans 8.2\java\modules\ext\spring-3.0\spring-core-3.2.7.RELEASE.jar;C:\Program Files\NetBeans 8.2\java\modules\ext\spring-3.0\spring-expression-3.2.7.RELEASE.jar;C:\Program Files\NetBeans 8.2\java\modules\ext\spring-3.0\spring-framework-bom-3.2.7.RELEASE.jar;C:\Program Files\NetBeans 8.2\java\modules\ext\spring-3.0\spring-instrument-3.2.7.RELEASE.jar;C:\Program Files\NetBeans 8.2\java\modules\ext\spring-3.0\spring-instrument-tomcat-3.2.7.RELEASE.jar;C:\Program Files\NetBeans 8.2\java\modules\ext\spring-3.0\spring-jdbc-3.2.7.RELEASE.jar;C:\Program Files\NetBeans 8.2\java\modules\ext\spring-3.0\spring-jms-3.2.7.RELEASE.jar;C:\Program Files\NetBeans 8.2\java\modules\ext\spring-3.0\spring-orm-3.2.7.RELEASE.jar;C:\Program Files\NetBeans 8.2\java\modules\ext\spring-3.0\spring-oxm-3.2.7.RELEASE.jar;C:\Program Files\NetBeans 8.2\java\modules\ext\spring-3.0\spring-struts-3.2.7.RELEASE.jar;C:\Program Files\NetBeans 8.2\java\modules\ext\spring-3.0\spring-test-3.2.7.RELEASE.jar;C:\Program Files\NetBeans 8.2\java\modules\ext\spring-3.0\spring-tx-3.2.7.RELEASE.jar;C:\Program Files\NetBeans 8.2\java\modules\ext\spring-3.0\spring-web-3.2.7.RELEASE.jar;C:\Program Files\NetBeans 8.2\java\modules\ext\spring-3.0\spring-webmvc-3.2.7.RELEASE.jar;C:\Program Files\NetBeans 8.2\java\modules\ext\spring-3.0\spring-webmvc-portlet-3.2.7.RELEASE.jar" />
    <property name="libs.jsp-compiler.maven-pom" value="" />
    <property name="libs.hamcrest.src" value="" />
    <property name="run.jvmargs" value="" />
    <property name="libs.hibernate4-persistence.classpath" value="C:\Program Files\NetBeans 8.2\java\modules\ext\hibernate4\antlr-2.7.7.jar;C:\Program Files\NetBeans 8.2\java\modules\ext\hibernate4\c3p0-0.9.2.1.jar;C:\Program Files\NetBeans 8.2\java\modules\ext\hibernate4\hibernate-c3p0-4.3.1.Final.jar;C:\Program Files\NetBeans 8.2\java\modules\ext\hibernate4\mchange-commons-java-0.2.3.4.jar;C:\Program Files\NetBeans 8.2\java\modules\ext\hibernate4\dom4j-1.6.1.jar;C:\Program Files\NetBeans 8.2\java\modules\ext\hibernate4\ehcache-core-2.4.3.jar;C:\Program Files\NetBeans 8.2\java\modules\ext\hibernate4\hibernate-ehcache-4.3.1.Final.jar;C:\Program Files\NetBeans 8.2\java\modules\ext\hibernate4\hibernate-core-4.3.1.Final.jar;C:\Program Files\NetBeans 8.2\java\modules\ext\hibernate4\jboss-logging-3.1.3.GA.jar;C:\Program Files\NetBeans 8.2\java\modules\ext\hibernate4\hibernate-commons-annotations-4.0.4.Final.jar;C:\Program Files\NetBeans 8.2\java\modules\ext\hibernate4\hibernate-entitymanager-4.3.1.Final.jar;C:\Program Files\NetBeans 8.2\java\modules\ext\hibernate4\javassist-3.18.1-GA.jar;C:\Program Files\NetBeans 8.2\java\modules\ext\hibernate4\jboss-transaction-api_1.2_spec-1.0.0.Final.jar;C:\Program Files\NetBeans 8.2\java\modules\ext\hibernate4\slf4j-api-1.6.1.jar;C:\Program Files\NetBeans 8.2\java\modules\ext\hibernate4\slf4j-simple-1.6.1.jar;C:\Program Files\NetBeans 8.2\java\modules\ext\hibernate4\hibernate-jpa-2.1-api-1.0.0.Final.jar" />
    <property name="libs.JAXB-ENDORSED.src" value="" />
    <property name="libs.testng.javadoc" value="C:\Program Files\NetBeans 8.2\platform\docs\testng-6.8.1-javadoc.zip" />
    <property name="libs.DataBindingME-PIM.src" value="C:\Program Files\NetBeans 8.2\mobility\sources\netbeans_databindingme_pim-src.zip" />
    <property name="user.script" value="" />
    <property name="libs.PostgreSQLDriver.classpath" value="C:\Program Files\NetBeans 8.2\ide\modules\ext\postgresql-9.4.1209.jar" />
    <property name="libs.jsf12.maven-pom" value="" />
    <property name="libs.hibernate4-persistencemodelgen.classpath" value="C:\Program Files\NetBeans 8.2\java\modules\ext\hibernate4\hibernate-jpamodelgen-4.3.1.Final.jar" />
    <property name="build.dir" value="build" />
    <property name="libs.CopyLibs.src" value="" />
    <property name="libs.jsp-compilation.classpath" value="C:\Program Files\NetBeans 8.2\extide\ant\lib\ant.jar;C:\Program Files\NetBeans 8.2\enterprise\modules\ext\servlet3.1-jsp2.3-api.jar;C:\Program Files\NetBeans 8.2\enterprise\modules\ext\glassfish-jspparser-4.0.jar;C:\Program Files\NetBeans 8.2\enterprise\modules\ext\jsf-2_2\javax.faces.jar;C:\Program Files\NetBeans 8.2\enterprise\modules\ext\jstl-api.jar;C:\Program Files\NetBeans 8.2\extide\ant\lib\ant-launcher.jar" />
    <property name="ant.version" value="Apache Ant(TM) version 1.9.7 compiled on April 9 2016" />
    <property name="file.encoding" value="Cp1252" />
    <property name="build.classes.excludes" value="**/*.java,**/*.form" />
    <property name="jdkBug6558476" value="false" />
    <property name="javadoc.nonavbar" value="false" />
    <property name="libs.spring-webmvc4.0.classpath" value="C:\Program Files\NetBeans 8.2\java\modules\ext\spring-4\spring-webmvc-4.0.1.RELEASE.jar" />
    <property name="platform.active" value="default_platform" />
    <property name="awt.toolkit" value="sun.awt.windows.WToolkit" />
    <property name="libs.javaee-web-api-7.0.javadoc" value="C:\Program Files\NetBeans 8.2\enterprise\docs\javaee-doc-api.jar" />
  </properties>
  <testcase classname="sample.UtilsJUnit3Test" name="testWithTimeout" time="1.161">
    <error message="the test took too long to complete" type="java.util.concurrent.TimeoutException">java.util.concurrent.TimeoutException: the test took too long to complete
	at sample.UtilsJUnit3Test.testWithTimeout(UtilsJUnit3Test.java:87)
</error>
  </testcase>
  <testcase classname="sample.UtilsJUnit3Test" name="testExpectedException" time="0.008" />
  <testcase classname="sample.UtilsJUnit3Test" name="testHelloWorld" time="0.0" />
  <system-out><![CDATA[* UtilsJUnit3Test: setUp() method
* UtilsJUnit3Test: test method 2 - testWithTimeout()
computing 24167!
24167! = 2187592690991052272756169134472534824412330535478663523447681522020673335246883098804329437639631865605034889903866555287768548475494689645469208035967153067834907287019435656807775236179820421146712074933648331927711500939168496474715483149821817852583066041782719371579959182402429222904164777608936624489555700669191797579964454099329475861875217450584979313660551625118457282132100182703086383209470303781016033456435522998849117483474739282064605401468468338238233149041740264167306183791162268791171929149059972107909112459566313500020397753205914614884119634530367613941174584895361204753000147287852983079412476827414452520006594625098272726422098945992163745957146370228374675877795857326924650590922632098058642726855265946787811602217273922817964385082509430573199454974497571974455324712120636821800357981419737652956673631177846960552966362232222284343734126852723518672029848599855009408888016367539785863862072225316501070379299992784570790154197770824417539573145884897723820388831365705058973520782444900599505691978308458674758988492530453201016443632931096407149729812831807713747192849231860494679383362791255930205908732127197761543023409018678347234116354909146571119015835526358445331831466533806061333901830832236508476242786036183129138626321515495656443481426007106961133565516865600387322299820015137882019599326026296923798634480847468794788564088910746527598844513626004118120263277171916713592735853338892728354346292867321481085761050649144265487922432347222928768938803880404732730920102176353217495224313607862255249798821096272805187593804875273517704013170240334613008098693254008056051971624424708672039267125728326824842512703221090749887131825578999889186425684216408717514183725242306957000771150966741544626657362293679448985117844800304078846740764420066962069579119271895692496144281275997187785937023580506161019038945394400609206238482684963796898006301054810834634049716564844154892649074591529568375183265015254570933923609158918276485591413296670636798504811481315477271335163955332037750541823672850877085931902021632440421292940924436934068676917855672727455895491095204749067166425365637384557708632719328931800221120804728137989859200226811403884508742954235049281372386007683496866777473010703800040515258700093971765846984085423249806768626346679561910080179274718182264001289653678403970828030612450016266668107682744011571422367627792991733153952712257953150191649368719055601675596222199256573732452425983133787546580304125664349367735358912505034972682932968963988810742953118615807167867228689136129151186706010544331162901528078224429834415126186749342698887416124742536598617213357510556291049996380544547835521562823919706923260463401560639451482880718183685645100868364054271264825352440141499752859658568309584282351104083166377497669870350884213984432069450841433823948740329641690554750882269883609572618688734174058700394517019819474346591943769859620383287035237113555293999882808284862278441552654679079755527652303970246163213865986048795323723462144325015999900742225447063968070548998522724475142052554248458627967985022749218468880683729747317578409351484393210095822419527664044151368704485545783744319766033402742427013067826553040623112131622873907502396048512906608057875935885385763727031037297775177733876914973770943050150183313500356411693663701291512782653890756796618236433753376273867515528981008341056344644530506400479174106379174190722085978052347393210077976386023783607936544469888197917811663576193275372999578695209551562437139755453244846115752329321203598816589251368745789288365794936639991614129970392286924849084060637620631590144291963396654235163278079361714397912474143388147591325685966052404413291563925151325298092295484417595517027033062184770613387746754096880928407004211243686984285837796062448525854545853590706512366778592086794262668726881307666030011804267881695966861634253243441555850162680246092849888913300230626660161736388981096442844429182976413981000968647010718618737362249320915516524484004081915188396428455489344792968873083784193107841024611058633435592247433119834689469839373027567104215562700677243362061634354663596368716855866456304745859241774864994395696746981221467426661651500501807815775937464684812274045131903729256126662463954104101841303360726523387890103883360146828291114919607585267605028835475960542253019348950179044375033657496825377352033015368258602287276444467646605368328245053905031385002662461634218878224766162059845586715329919256513992014152355212646390662113345473969997812442842607801272456968422834763341227122492971358348320186528590488434039625474568441057268690699501091104349388273193216308089975241676155465651317564780570709302454350061173274269024678534881030829251460957024533400768439953985860127342027796426277634437946836871795797316420586546729506329277427377952462576780852847820299758536275206689657965003223988527396987507121652149227212917587184164908961446861123489747358045687777739663985588369030028275334887068979729044142972749378969946186716938355013868600941732976526693449230796943450870023141030853701541714536656497380769095232481057824621096301245304259549188210581869437483257685736950389221744745555338356000564850635660249768384767799931776054087511895247323909717064443813288017711165099331771841081777485350089372227885898405671121269028794219547604616524973340868021071403500731615513608192723605904563356232901533113351402132292952110532853884366801076798150600896844226982456864224678143073483465029371335612147767989426157562510705039814206568410757959331449877980530591361429962765881964690627962106731011865213511400906230188010797585705621899779748592049339027951759359365520074721710938632383898826365756045604743073233934948840280167172886779308130343111080563084980828070009466480716375840406521249172999175406836179054027456385750878154788808913905212601576966728547110605925208912388544549167122518015630659648935715146122096778096940619959254676003135888819362843599572285677321230349220615901708400137114320958421108146570113963546835643022521797719822094911155559617387699634174207428231033059411180927501866678306007780750017502232083789665275603922219875799636228627223235907279283861290500627014746520473437012269023972960628379073817223049783766574604223371312378172005907300349093001983458177340617153228986652287236098219780778656443473581052617042930941967074058568558237185203663370320982584130080944923179648341894693389966537229390745751926345885117617658921316471559592917355918752156174273141796475830623010375986291448222621924253063506102610024166149006514126983946812567693318494683737011884819401519314988930399587353255407626764018834200041375954945590671411714493035539664637631823573827417484718670765320176907921310221612066832970225086039780879444738732474995564713983904177137187914706679335283509041355595433637061874251421738459348137031881922196486301824876597756605749100048272088994683252954236399661786157395441972551708825484287921788550812095759791621448928589959354680488139929130468214751103060132938543725954679038206311957822120550527765028689167222130146656641920873885775184260200378355731897211634927149298304256053488363566114811588379255254092771485865600610252680635762516312983489837798418400950891340282035608075850944112787624133019331248792328305967505021944992789241991780845201267562666098555364278009746860814062568447345992606574589404161239902137950382197520934619376852062326406604609734869808220987200630009786377191050554511062101028837677155706799306164371572291903308801260976516543254481047959406370684361606693755381959002890229863346692047061428804178314077242069696966926717453369022172864522728773443206627088007362230818702586814066694916228309207976986847740802114470532810891619699151030785736530198246343757283015357336160721807555853749351496479398693478785759166573991035319682756066326895827703210285540821196509515297477778643834150849460441567467641850869577140608122847286128962853485804399871098516110093199428437204522781552981778625026106287310331027079448912100373918234340489346576892947018506317370893959791138832953710644257864893428196889369327870974266828424359808423569629902039271364492568562608163023061116732142617100946184494959518129850641318040088035273808372019449066486189340193807269472959784969665018619158690559614918155754233826529886612202792085651973793257988918554951445965941588784055059397815295463985069671044158894322878691078562072901883846697883224453332957136492097463690706878220756111288313129845697873370833901696021552546584248658345848377775468233531957438421828173433484471127738790473419868550190464659826695604584869990129207996833626342798058979144460131013475475358766793376038244567678564219723219425684945857887705202281612245010731447008599287358886314248996057931461480504367913884664244872030180692351141841683614143173554328570213241485072189460819764798473474033898597967288963696208262724737846740239439895186973248306777907423742236077359584258909455125468788453180379161843485259434924863739172333762617580257253640476437723015793112098919140162047992901878012875178664594283544228305061278570417404271799408958299743172044792205790031303278054184585783876932208408841639384430190845043009559303298509194498490895734906942837373904917023941417090723553250138681025317739440173107133041325714866777449167472613504378903230874217258523989784697486238946181769436808864905426036447593294427625058303152325554110505631475963591420996356982319298391733070038798793398286923184230454942830701122690403790894315664151973755234515648189534553754684810527737245921998990439232087320776164634758284163487958372066020488189366965561281867173235569808327270773884491285777742932311355924589869778440243215851174816412631569197126915137245775641847279075446429157910954202693907411493937992352884960143175182049156408143420978425620277167864920379166078986689792506827198809950205180379686545288082883213229947369493988340646260201857657252185332047309719573420096414753590905143278152789097009746623137146313708341557268570915018585640593620139570058031479590034012160063579770693213010379999392111055193461685265749349116366889608758807992975629374697742929143995108596332543121837781688283568718567474622624193153242910956306368382945820651464417671921329547288270702634642438329646343435722436699784505432429643784449303867174620051011647069143592907311131922671631561238413656878537889680832002486572450620037911340522258042721461987974512875267898143306342577342187134937838359756263525241272630288628414455093506057245403601212200791892387752616053046655479349588707898247698516645468876730153543799887750363779294516826219617235094570697356799228909130630054940559839452180834556766878026460589506625564098638409073142088107144292174408976576004890697184124403532275309170637959964953011932722582354656681181780608189079214615039122259351892232974962316788185731212122450980090843827062643741512132517730845568569119177654325079703695764150829666294967142925400468652920426913607530690797089325008207533906651395531624486229800572839169875609946655718155734794899563401197793678315801885959700654606785957562434714091810471690606907582516444948117529808241594085753346870503315707647056034318872030076939303089672812857832031257303474996821120897026459683353447526078039747841116634640856726701106791671891983832721296905697658204077290249740439641494742265064607542671038306156501375664179642102879799303485285309477107188920563797600076402281250417547170088147541565928150607608408647677874468114682263750729014939996217268775908495855172233971248509965407271067970687809971091193465603798733943019482980089302281658616019836405280488089776399061235306481693537390771979735142142081522552654466293961660342806177426295664826935692776061691419957902933893275752675116214371896523967063409336784945275092682479287568519966281379612889589761631301591301547506381618025736853620279191795756060182431473074203083694182013373950617719674169038763185938847968464580529220561628077800447840781876861326897094580893909271566752370078533468479284669632564608732892094086500532578549189781098087692955170972674900846031100520423772910489665303903251333605648066135203329270169524502060928805785310698838111752737805641210575031339910521959511336264639329352958917209717297646518201289349793370767974179178588383627169221438310127789318488295507089693229234916160561873617774389476586530884900824107827403705136979597661112665993177624764585456435222037050109661437231460732355581782113014387105476091742042202754994972655411721150607970775210129659086420404240630519275305168239469438643233413161545547895801531446797860141864256450324217221465717937194914289583438764942532096859023891193300013068204360756957546072706134998895717975275794476836964758695420747387621732518633362035051895271987830675114508122978316809493846666378020421144758663277754276758059712878590039376900737013067120387798486618091174934274058078650794886318415535520452054558494768348443393804758627314244518166243556511283272098597129633806382697121899508336810167743307766231471192533303904069585612416704107235339954723613905883639982705509822522952565240705267836757218960634673669098065439800417140365161131324434793463971785951452467493551173514746677527687540940637121759754019159500759475822876877712495274179118881388439807599265262564525169725215826899723012105807205000175481461887483405446314237829149780790753986237201071163343056646090845352805743910059911915226782260672752214244034484301928720709444401332198711183378895086667435982344089740999941072063821705581106176106355407552271720049352000097125097471555287898164550109492581163978299492220734483672914564104208018639251355099372463601169685435305710185079900076611646837389550467064456613362136313468959128336308735342412441157199782134329563312394179508010517772122472564348452154431879876105442386868827496590734815631148779231742452409308634125045314517978994101282998777646995074802527643530712200752128166254116487784066013165310281320899511719707007844672492281096253245591485024797102992525566598016635652917664977350337147773836662716287419468748061343170898409321549373006406367639230035348971854749983146071272223422446962867412964005763758670005456676734700693046188820746117321672175902062429333280818815268413318317158910804609598705005456027044322762056348140425622799484061664083685793593679889364860397667986790395067035034599760401615102371110220272087263010071959893408408222384486475228739235103609003777248158255390339655284514427274898673513160348068856436638681535666821395345584083909425539718394792117812281044208398625290222493563328044682533775019071771840410442412726104775570645636566927397731149026664946875901912035808592263735522559422831465616341351254018175438906385309904439816149278457723040008984517538247251719476605396135420315937132489383609153566865836962024957671116298947390052958595833779759805672662360656153769267869652479668573339188633572245652706203416699380692150788406388773126631386663224828250018812799255571516325793336704449783010611217412541776139905492937678414958846264100108924273576929998634959436026450579421543644091331882654421869520214675059857764708789282986817296590676583758103805581163360979524106828556836969342165692632974371441110761433346422100194113666756239268595521472788419205867203682920246967296289311444975263443054761330631937292688778536277272945705556026879453888176041321434208553284141250280217410620223648119038393275172747994376658349810458254844733153717868140501027045508183635738754325608768425963514476062752641035760990310545950978448009283407175438999940079966787691380464826784142185677822591276110301146679089881467719387160679983604486799462295987716217249022957974979291928183301380265699464075930791070838214660621556995836388782945817086090387605157037619335609227527595356970903628622607498692231681961926091781475419867684155107785991549736751411046258937121903316911445494753224431841305646767907042258128974953894911813858446068091314914858943363245916833236199946987566877357392434602157209399384863131935823900036187311568476015545393573846812768685075202683181307876336059445608850467515011740773418144243004091301122807304588573787719430417325742582858094964100263117261768043359502739567641044440089067824275544987058933027035921723900388039743327721947941334637813314422978654296487919111045383606260022843804822692583063636034564642573872806388925453581340139253866422249528531446356907124450584326285532223770386181414296896038319701233494776419167997740887661066092464776894298036608851544314871164889676081642197947455089473477191093535141756605278963446918567760696277242327536253873478187575385218354169160904888091592216931980429617964768323821552679809932740797321667796134216773119418648950777647204858492035952258645069435503206508922684746664507248452729075560829787344195113673753356119840283867556624673676207000754378974038563540928147278129630076774454699988205032498034809084593581352913263796866002970817715475849721288912621896630851393216918645837862283470452760648117433598998762914820738961806435681591436433793147976160234059771419670620151403999235841856097883001578070691615299877483294450192650256055388901350661108211290024728678337454650273851287343379126261634977383502608896377898256681044262383002817535454863154841618969429334864621260264174524559958505052943141945717111092050835985337342457129438235372612592394867181748656494624205805995783595015967044325890154014867239149965241730577098908709050773718103709467325459995217940299121128189693041007226360431109680872430318939793279923097545076011759488849207237501160545833918991673537569897521167677492544235394392942376614280979127118993219682585265388330434396138603551647409789726989552650505386038832539045486396952794035255766098273087575497615230292632849302568248663820073482365576868541722186737449337423178583140252773622320552707412946316119095139465508258501338483613501098303666732300456087783102476004722614967858822595063378705127926942947987413048229469449517648425116913929098879744464429480769770411876565243153228893165902227294672423063349260514243450617474163804675474928671073967008815960470450087287935938155923889415282072288364059011653001793336586446034452612224570228853695713150243118017778276744036381564146383357444604795444480249641461715244207134627557945804348983920031452953219806233404181356032927683792537589752899506937927672682490019697700907106916957513230989013771048526272553226440713122976229857786501004498932426222445817182813829542049210967494593741287107776982063908332224995481761383273180037729867838235850726950056440142788565344536233674401274680054423206452108179601409823948405207605546747612983530519010641105277412618637801881035947108166326749967769663317087946987673069228062022561029875418792169861023521290506911544683135648677010983482317813537268262542150492791945691096940707182187539475926443475277120323606788085991975900081578079113493783248253612194353096323174514695943140055217892526051903801811889509259834517332454588182828422824893024587846759955551103365807001414275385086033501745370898515908600541339002171534202895059278982890716049662118170647461702343884699365186990603107862903729719230370441612634511828396391087802447089785587379294136074792249535803584435382799892734263301716170723235697471136798203782527363936113125182735607293686200850885433361405003856688305838262891951694095615865108815523491498892370906700471682062815476406882439622989134888999955032558451724522171053784967891400984117037505158656431435568811401115563714982424901268997205201081499393761331178056989373318657785694357825928124674014221413652194188856052507333181881574816872101964739728673750150696544474665351389117466516979892386044025985660874182218650176789201881377109661480517691119281827630502147714812067894555029256002161928413461213404676600645799900234388493213697871875215047525743055669083515255871620068667516955438972692190340214033410899294680683003275740840904912331922004420863999633396874247815210567472456555782269682085532968573432792982067899663023094411350426142555473176853664085228461272751499494962304805718538625518944917122071269763382562847020381992168041474273887367271382888096018424174250120532335244691517856320551971484475080313523513785914712414054970027234868720393556194889175008439416137218143776102254261778670495782831323181287544188803445414347341675257597777447852201093797495947302182661953014106725761372128184537131154106839164466116582231327440242296829274007016877947287586879255749803789922315123146171507833150897769077195530778967522385028306298619868615452692137558776163283537654439297230218098738860244488938120232215668720006793825727492817492090253222757657889638685609909136606961696100677909867593124301239762563992466342658768070155429658998773427038855808868633380593186594286254513013458015359091360677716758163129426078074214979271838338937254390359483612362394735407685755727659866049143907206201869382988975187012860225722102741614912401759190768086500960602907500891318442023047488919150489282211879286703868638587074899336129275934043684743318827385616247858355142853680388761760283944772763373938253914771219017907775428220796296700309901991331286334256860555371929977461627306813576281191230732465684213513984336234252599337860406901575130401836968768751898770723341592120387014460733712616916843241618026184112112205483148839222444589350032671718457064801838578843600610520315243024304963178515070971774223620761141793770523443903050737683969756148113033181374102346792746049255937903314408589793563378409579874275908703836397271835052879321345286587167160011859640190815694829205863157703127453009323835767301953976805364539331335415853991164960739211015580768954433794377956867260849834989507284872335647908542550248112590783457908221479789240838579212964446026684481692962714741585041800884657440399527720130988389546348343868243192557502469049702409547542269779532826486007509561340291331831412807849495100795576598332827393598034128717086460939251530427669306557656007274745972087922323764343500319700646910751214675837070940993064409880960639572823752511358918132609837174641381513194098357943544282302861646724386134768284842401710603402770678291014810333449221985576124404223160938400879395158936277540804480358903526838187952150436206463931248598118828838921267813814370526466332837290248921773086711099136507027970740560938364438775812816309855601750386948820105082048660064969367552046550987766294754285529866752782222632905673759620310309753048119855956150330703212163845809656552974138655319380658751129520200013247677008255320981390223987322040572186873696548815214612511332299598838795285556167775344039452054333019708432531026159253223616014520700642430256639665662211641491461483160924960823948152257644184690943806071852201452922543643540747898824080837618115272856668413323216205479159959685707238043588367331731724814826553880483794832855591082211788538269067799819713526845496451479336111641782458317287325514422919189165526372776412870338512999049957050098718337445365740660380793217507067929107681758608882036787189728733061170994018141962390289234673748925931323545668124090641140321300581923804812814446358983555949929019027231817186094298417975324344141161203315502897026745645272150329240909705698815016645978048232912832237147510299625858213533059311705641308756870206626151078552614780434660078638433859557079028114795825194360720388194806053895998211769962119900453822833480028578430740063322653770205819039314030196074452156653164523580266318300912706516820880959506467384864507063585648654245233172890185836980137362636491377856944018069946093289914866720430826602864866637441092895472385607373792543319688201382608611271227182476463474775057698978954954873019884134616474176890093515281967036526148491450026756495411154754966970707984591779608176553388403337862070730775917131494382570921871777155307784380087180173123888090424363378254959948576070476810169078959678621032308676147232849283792330678028355495657529448108931868395068364097208612412685441643884288093147030382791004015715297746817304895804026575240870021595116037635935223929616237673079704065975381342912359172878094719006985884719099369867285684770098254452337474262251949127751943817922732592283710530908207321180172529801003824208068082916588711311459339976452321200647078263752452498558502863765422676104983805722310270779525143191686003499906784751543166384108202308489730449422631421989588687813955949301833772656777543260512330292561805290746611996139591200086993587311228193377622221714768212345654735998602677235740797267916785809071840484437839371639900471347712078421287906351103686520374850516973960565145900668246911434946785295403766357181396472009674497090751341644255133516961660558939815048267878664186253152038469469149728679400839490234127308714888374200678980709355889065796274748029215832462425477009932588051589628356759985532041298744112045126435304132021923095214175167106220149042665857775006255979593627725698748771519632697108294833523762510808026929409323997190734131722397895837430683347711684883344167046929477828608495891061413079588375869416374463659140364553624169165565385230943880532192222663799828564228252180969270422661437469071061458197716328635408199907375337586983406498460632602360436785391390704152866430139183694935513370912789845094000499734345592314873704993768887724975561631239322666710318342659449457237381151744133242984301484580877552807828368721614643094729071864955447505725440025238799887076951766472207830461806844235459047563514338222774884636649967023400603478895888705478870569658086065464449367337528687151827125002999862190545161935563262611101893458828742796180571466488394661420284779763538907885827121814861998460149040697070646482345050450883329988326843279542392779219195545022687566746034849366636027867005479405509132160584122642658377460953460606057030906863577170378751770347331913496700622792628020777174383838433904922161378654206721063906160544262947951372957359900476589022354295634302752268273427720384861184800642559840985449648050898255164852356303343931142187728132882797504099829462007412824321731669525486652162856619359817604981385753023389135006858684290345470932668174959588555802906371293444836959711649642687791352130004437751504629920484007044051605037897384624537995682384908567125752027988329520505922873545036824433479523419867254556588050347253315081567139924625952263744539382730101008354415989419181110643581260328314403201671411309231917995193057872540452454560694665773633059600630138521593486866332262738420366161031820902431992327547292271486748362342308346471867957506196021985032381291470196052344844041775848526344008666808551598789729454939143715346788587607772285545801999951965318168250178112540475263891552813559263789903493397178653191567446316051352291177753980150738283386101495928605701134967135736915603111572317847958779292598503188823421180488130882732171595609544281905635407814803544346179792340548912860217473575013255507187155838389928767967836161409385548411998075394368038931832990731098746447425150538870869128485549958580151026479737390432336303234671428150298683444105354407338248567300403104592137855629021503917470675128705755203248621783164540872212481299886181397890583361733768682310031519852175556930551774667373702562886124452826732957807750109921353044182182372703826190631541091482130502438705670949474052883798728420883252385562383272946407663500105487538956030223216483657873579901747794228825880689287093556768275031463220386923198753741168190201706849998361677329157782771505079028135526082692193984179042345856184807935122636580985316584005935014553864977570417391947154114630561638914734872491354905760759942744593505630684519443473090884020900737571584376842850882048472345506684451924691246558645249248918651320832698585152216907604173475353439297729762700838348168713272529978172558489887348673875905273705593564723094815665856288931658755261641452640118426996710077643139172805896380928338901394270278887563809438754694458598667198578788897562252118923787104116944033985274129158622724245602184165613185692519166192298260402887492554282676164827668495775640434361803455425474830137142242396579245203680830866643611099892316028749298035549403511326481712249925150143556686783164423239784677773704861028292769977386238093737258089321793654619475215541373481533261663348543323927298977616545132253182858593497922670480130559968839481831154839812640680195384171737996410642030847518623050162976230415648435239076445655314370450430594626780012169492301556655706942025827943294063533491256558268900982331606517103483283426711530340245308881535946142497741773511067979227422906370486762562853723695016786271957381752671808837293486272037844594734088035044519312291726083370967839028370808874039220203339846280717926241337484157456811584238011926391526118586772830721706414933747428322367187526724606297435818898644617073257045052327666076782815022043927625377175194765833319050918397900835729774366708903746443650615019773514489075141972568540860147815500943330840090927309077897460529427582783689474100648642434818346639114709922327075182599519588844096689893568957378606969302853037043599214005275687478782027970328550577579418306959234896896382152604273251314960751413318946826725740271994627213616445317796632778358049086856404444546742494844432641017768708855765360250711861688431439477689867317795934679455539386123840824515261445342137102491693025102955124017919914325272222716160990584254000046683129677322746052633223507815114059130457794457235515993795615608040327604741387927136653299757786784555126824959600561247389129283402265877474006732328157710901219031638548477646685843314700585363330747911586645662085716760742103044472889061250756283667046799012211335922908816684431520030020421798351971412320213145591540403547758413823533886943403931589520678760819357400948285314781216460761065579063472020859163665635895913818368691203236173914504422631900285681321318923852089823177947887822425762566197673370678238671034427691247101999131777281259948812267441494477999643415376099796823594446370823975786828267986594435171443018295611412118780008835603633347765575790240837055645368800590705055933469785853475268964699654236328087647411517087913172228266891788440526249954575134191020512672522996682292526582396597801044989315450089370606198652233043939302812586900420280212329102590639148557957293237270608516072088474975319044209279105861080527042875751167337775134889743948267344785148980821559941712233163125574227109126953048629639874801584393562944425924424091640393184475635943329207772858300140623488852926119365964264066359201214944093373928632533736006262405558791007502860783490065559872824567192515957607766958331631070532994307005652775040665124718178516980147270251944625595931690420505447636431001070342290667441322447308976652509868175970819956190386677824740736798102685708401503232177119063008826772763738651633497089899167848994164885863501162543976639771233857610432184127122617575987609129535906782517192778420586162313436222753841251409750072393910098476733992480570821289956359633222871171939062468510242449165944857068921757011967720631818958764745216996992872030781450418374057439249382959843237178940214636509964931637806447172431642839645657479894364756982131264867894125418943839390559978762825205565009673006298119724073905148537583434817064511567172553400487523004940534371359068980251713970878370827189544894397361121048877939050689686789784273735663338157181417128190148951982149703009387043171311386805122377400461566128433056726176816116596300841368317890970325306121662268687778092277618255818521772170750192020381842245315864832403577789343674819668539862587710701656170897649609801520050790061318286580169855895234665266894458562189808037020842553452355079023876999979089660076970724537746743805926717627435319318188262821397323938606195627029052488983771734125883806818555017712360113017528784607604032861148154903307208894760231253164834080863497902773854209713243238537633410586624148910119032609196272784579097473942159043141940980509044133773593255299193040315279970759758726948156636259290185733960739315094057433068178605699004745542233121487349054375066210275795646824354530596437223880344264341249117588011795403432608281549349024806359424813622858815577750433368395178593763300336209873728628135066947845073504921249960831926291002357097281961430049923150579157698054140615053148899875519686812911780100484571535376336273808357101661421362713447800969337208714482305437412818901909022506217530730392872814971968952464000169561121178030265570517755586356632030746398247848942204234236655641875185767527432966636979738295561322154405256176695395269258991357849643938494492908350594236082974235246290248239896678947513749291300253182467643228559703013846142857845190125687849027464095823119823678643606957305037179095770373718756976087122865780143646208231911010862887407370717534928335316368627457770621827468792739072528343332203064868774728834134289101603503388815013903891110986274731137402873711593098738599314189893630931933073395498731022353259365109504144835225118399681597987662615963343805288681160885543496693448919560160260206779908974177229174930619742942790434784376762779307810494738903453006897926578444529805197446470868839745605816784490915792964746374910489482271930387455115304043722066490556436648484359847847516585869217660687565429985878831981546401355210431356482913729410831942888667280224528275997178866837065792572766673058512180223664148516679218447504020529226950858424419040442195481320092402821143992759987573787234130055490136885480108290421665760758815166526983943713211402942983541859886159292840984969317703756219292053429197696068769274328935213511164475435173528837398524428460419920586560034973927919075859070202477473838921868905821721625491646441720846059315247801568261597573351010123127839727639528024560109930374650641695602120123443194595649726659728048381540666462363415960740561419661487542187709523849144011057404131771245774351876256997805117690449215742482925086443102443093702807693483401392939733431237209632882874386217450535484134748398556894367611246549075900058127788989136162524625695379982626274444960869382167395779760151508568278829804224685316525291068311641294872700740318816937992603740241878474026896604292766632982422161760110300485441714444245471024407152079836437688449494639953853364747100147043318441459535765493559116813496558650559042793858415344121431863519121323801907639265841855833606651208537362957044539033151358652818081774192419325754149812259203469564582230174108884852795226662218175893440464410214571449358087740770908029317534856339908651964769704463133499447177534771446113163607428302761694763084947047699981423562376637854312686604297076565050625952764831726377548848568339449975071894055103976903877169868265109463208748943141797117301071284458295018494643818542798497607992672122330910229258931248999136422800782541038474118398153683112976415666614688542701679336834776191087199787875873941927850405857597501523850133194546722132774423813667974678387435311225508853863016121181682630564856719413099840035916543324760773799161420091977489076226052896955348477538849329070409671393605814708766423692038888816843526654117252948973872033456543050050583017253240397250192492921893816174180141300592404753441663848357679114832855177396101217598056129002638951820946928101508602064109056120238958149534254204947618164565071792041620048477733869551254273521963179622198607429757762620150331612228910807752857639232317658916870207526513962933633760916384491807860793645728116399010805787656986556465599512881888028861138542758887169003662020117422787260501276388947866217588820488797125570353246199458003043379777057648110736500433519797122868027452081145825670455060037310793499990530147940416565545532140790696386996813776531285699394703960274032457029045743252586633308039155706584649115750892767612666356475142420029126506024054891010572476955338768013688804912459986756741704469765916607391908554869937505301954125107135669315403226001515974095159602948619089552022669713286401715630203394326494989179097410858275770335589336086074390758023734272531599200016404714392227001819347780313074865375478989215682517476514784162134968570180731282596822373316738178506983367213749955384773997422323328540837643213926019560195745123040889553864651521636842483144135966533604408012269720981276579061092374719123964453579151667920314676357460730408089762554104956826115645043580666595387903171040877501983642012306664769091560337297456448926348984403276646711714114124095686742421735136799012804419455138960876894052454274178615921346766761080303656373684787343671460385571545436600210945914994976288914115828767447953966891602239128468845495766216261938773761623550238246491810690048405085369713749948447039196376330919190846435583638446220017196284147446253263548641940772755817010799669520088615277618450174818249535043237377151772298197234652563810498541101737171951382818425098117015884960772568277805821057531632405102211633065883949057542228161170203587122483878600487738780443555293460349727291037380387678437517613615354977630598069639785727125458766784335205991381560936919812471760409581175896062604976052541614276884598619686349707739282446725595409094177613142484269228342941049364875017461926655911610694758962041018110739097547611005668809536544321545364557029604292520851169992217442193076854641470030975316645535053424399731480909161156975887441693864003405250640813120013683085260428149024876265090868600772556144744548785104173828060655323989751742337200593519809464574620408642495580742251869793506611051897761649629715267578859503643911483680635575497183402462557720344373485758362321233377154734925082769070697440914048594982510102721921129788549109367616086012927014067860036534289718503110009591562581860574306856256703760834108489956406108757230775164026454802717624185426894644798504947068254037978426929156276201409854679290381025207745228280960678254787894276914850934624367327921942245790162523493545825114182767662696714263141690083940604003402458314632295015753148133556747149448721433824117040826816835580117274279879721712505690481610849172226884896976137652043850746962548397776153419232421893876059637046018281885035432316869164399521771956550922639099440045962660318255892295351970545186110546835014329591065843150956635595078870310739447137406154605879570899061082002924349050241723804962418499763355387145259256586032499951246368875558207778043084525307240675890029836569469671060525408972607610169908476274919268572991933461949456857020502153218001986788877359956735947873077523258446551602770495749496613112207679443825067467971518998571532736246907146422345043328615352238859949337700403840729431902378457734763178451262338133604744025406335786803231401596735423687352293803709047709059470672470367658574728856059858776349530536553553858840559639746841212606484625222567693333882801902433143736086311902073425718743095961223089191370116352238545163197986601842896996306666835175573726975072537937723774225707819658338362064703547039673480924592500337303685764870846523418740940511578945898618507957354957644374543174584658632777133784279291881225279270923294258102973906827480626010374256230430612783015980583681205924173248920356082786703567701818242149579416699575152072859768384329405273968410624712416672521520660816950571285929671085292430457861189742276555245106843594320960631615381031508780612081489263518810349705884087161248543283952986871970497466737130260949208965376873870110177107460440955285713747358752266962416559985244978872471673499543713319606503083700138381777026386173315250262457836930272670357419963580269100187520447580398306487254729140202216892130912571234418849342381407819724317788351548358751128135334828841749718319646621881126869250778239406713771327190389307670889221072203792835170922776860890717418103328910041777924091278104766071955245387087683717332901906967343788098330085195659251530918546743610691937645199575862077936363967275907142043076703906932756809117890325911729381293270497981498330716449295513239520819526889680370121002831242124164074289216903585728693046546417324135833194789705159666003201992931202067236146953590275786469453287474386596200498482586657755048934604077465071773606388435362300320304632136780348208233409410221252329209716552371098038503097004801720494105542681682147610442724605772830900634236094997438087631216030311933443240410954311576219454296727899667076620646375934151235050163283774913479058894062938688485357087110910996770818057375835125220688518314150407742736972563579124242680450934226220033357676728889905619739406077446073599104231626949497831268835849610669104742046148013874654657942864309235742011762133152305490470154305762798590361266636386699018782169607120353202085840858785114152277354924451250218620719984964381806221902741131301997712873666119804728001295666407126371094562311793485031416842409832403174489240781520445317599025896017428649703094241797705363321393301064053032370102259492299864160821938837734402622984561160813388314473296995731419678410696399233073170336739613076861215022373413318524073541672688339263633998987982049714711808485221552816132101084143330849798087564748425538887535271695393483585962396147554869803549547152652957582101221482821773782866618898025666989827267936728636332660980982416046175129816796086380883386268235246168013430468606958353782605420306486200865584484207830135700946795062679872426014386564157110774958536391702522616304809562889869658773543195961961978524295873097634708184493523848050509064535880418349774812321116227096363221053977431251958481269839722219751819521173379389193769245136773112699574756398993960723841403226098005386550906634545932163337667382002856429878922143372125072168100743196647178882331853593267982595294289005646203623387585807815700233774859569498100465915369539568902289855217742388805489641007361708339417073024183401756041241125465092625244783688391936115257994818542045959650590908599843877750157217254936592124993634479668061331702232456996192680199650420892043642157186958147216230466927499727408398521055321796067090583635793814843203146171488022758020839697204498541088377990536330362869311586833863811982771181442458338211602583906151748160422032482320130762737260643376991896685690341345149191058437267913072026536152674588305138588227152356434993506624439047763894205178764822595438897330268254352325045360702847272755255929472922908706771569055103133744852591484005361315959793175376831056940333027745348091719459973029574193685034877874882099824905340311825082440904563537447881923189281464367241708994979384726697942958589711957395671143286576967473213581182923590439816374060836786884215070041866550872508717997254704340784743551730425635639825185398973560924539357536759810193015560135654473722970019075981113715165113119745174415464776617328094654026807613190397557219848732569720945167829433700459647768422423560909464978379687335178444795928011514091521346976865150392405789179123139333709529751511583955929840699222797697240609360522837437997182226573118834698505170926239842833019360028332161457625836741313263271129951781602165758851677009109156962163028421871911122896228139024548910530062168322375786042160833807796798705466413482952413711230607230502425043274525029999756136043813677796714959553499742655910743753092040978175643979163445925780031266591406236480686534518243742233293409286504616868046516767665373580061361401060390107931953863185666216530442804996188763688513147047990566277872179457259929105527676189660735438928262165636421234492832443468202284447830800289003887823765934790902165458425648193757640406076277633170315414773437908386154839074886575385156836036878470847886383433608280713842490780678140619088304087721592696767564409684472760197890532956320088417997575975474150913276536505637760910068025497308103314058584799936323036417063594044241662499038676273294311131472723880372910125087495734399654062103066391516057484947254186882951042608192438164625131134302931758204611831697563096267796088378535961411246469379506111711717357698753297834683913663848867595134333248277379934315717202373807435965591981445064376504216741738684059042096654475704629100460374692323363949760384653368011553978059501854497816213864001785350495078939419890568892205722866981364875200679320271528721462395715896987526146900882579375946305026069180068596734025057419582772556208166224489524059301290925265557618137969402717404338653405834576819845989030492104876881956657744557918173218494350778306930932345624230143242724203755295574945850508254954845465945667024845108281076073182760834349364550375497323469169571821010625006268117101208884080773720789067845714331105720004758448424482590214807903660131883193440093574552551052099445384873053511942750144050042786119171165828169794474963928163901799237824326544433574430123577804024419853633626132686882894392739985557171750574201291628735366845236257375576222155003454495797144262966737650766400502269527671181469985539564979853866864870808878387321934125335732693657076500623593315808997160843529814213459912535220586181478353536367667406839306039518000984953941894212444301987689239108612542701163367261994974428504603435408007955545323629967070645482547778741463280380582260279003514209402340075151903222879313476610199961213471713582034917854575769636189411000359531393515844661890082166352976106343188989931922845710700225763094055723651046307185967604545850441617735477921728008638455527414127140963069307939907230910278263378584889659505637547575296357731423729330886481194654113448217337389095829878025459488594475651789068949996924004647022042289504513481840609285024490959140809110604900845412044727574558307636494382325986908129863049245065284576608387183638276152850362857257356374966151826329984234090466750291732302125768568151503605317931350672204940595295243447432884280947000397815783296216162162753622489076968516827073142176204029866135137105644172533224974224593599403084807546416712603940520864209756839118648844707499115428901913256191219273458246093442818140991259986379790151461518166620580174946250892702193155449496415555645163281111677553563498801087265379646101237795372348974531610894440792851592210489588233593031399003055730098143665565885634166714288767151646218917790104427551804983588890255178263702218913158736880693019750193437287824287018008157078745102427102244874196227744653312073613347568726675866168379175067017722225630470810275970180809795346021477398016124486644787203251684272843016569849477552462103457561271418102546671763746263439286218089616342284750079935523436167757751257044331515293326764498449818883298407698336129685116500189147235811306157916612001080636480286660863807987118291759463940388217925443197388988316034712549531645151796019304768685632788675448807414739451436599234700516737901681303749788253001928525203411057840449716919451815637892022670898917255426929692022179938537834755325733009050838635206281341885737987256005213400454357643672244287651466127196940540340472424373504156196330333860755251278099025271437730414267994069663993634011830881717655515544699232406529550939409552342200650696948046996402105738968336253034012760665605403999638338174449411009762518612536981945501262539483092117671413439606151368940069314812406682294766676203015121088163952003048746598974213135174538578019411741858304547075828544663410008383125336577665200462810894776041941888158445040471795688245962588993160302509515267178262706805558835892894298207176915583085195910612683817982795888956310116932719934618665827029638734437164512616105260289442084871491540983236426513321332805533110018764921796172823991518661962253318136289508197075710949423331427523649772908372498973075716230043835650808999615845242296079709010162387280363703396513294736063188666086672172934830402532219684695397315204297812298026839812751499251283479889983376739093987812691633242636135567748028421197279591542667558748973629021712851746979523720381611775446415393353768679734438647083759957122741247473440972613986718573354937690329249121378204799735581551540605033814911710484190318074722967748334014982016869342818536036357759096339606200608016492966007952381051506866496175291291163368544746356080200849068667199425279996894379509805470768554437331084601474877455132636598857475545992527656352149641860380168502585041347050860263569928508924164602292580786887115920867135916524890182056847011659321381016867276353419074195938424349934495096242197690662434430674338546216474131862804253802487407721802419585915991333941816647180929280686601453253343555443474216155867378281815689033850629273853755493193182211276885741029722179608516288810149124065169045943127026891787629799525864129359830690283945776461212763347131153589119154252988714891205610819346962749495203762216344971364669616217687397065329520545177601154782015350884644993672712544766707137503407070721389902340064036022132342826624519772729927288260969856243309273796688968106767006311333459715613700229772174005067264038935023477428886197944933040030885203676099866131307359150945276116746952168928345872775031770168895320100795657928453099633450329221214445708767914534656874019398181458755492209468490833057291511076812255937663413852002403296036585520871544060460289148333978444755777740470344297274991945560981578500245216650276180952642417236797753769816626158895185873459000933451103467826196148356974122520852520273294836775824793358453073910433049468209885947911947722767400492553870765859822600244581716726232197964093440705818534522292165583368707054951274830896398023377851684511163854249969891173696044819195858870438889213642506112192647920056648385682210524900089193818129818072875396548135070507100361447362048313522840414757325991759385932110735782411979778715942500098784276523733391937736333727786369362792596956541925815907367322745124355714129334871895484120136691100781167324310517592311982594473900795933741450211621695096228217051837337385347280658647332427289064340315058945290109334282687146731954146808451139002385171453248763993620004049788647957650623853425898762875070008415947428507541823680597977300528526883962503707103472620509866415567719424251705621947571130915337685332427929028282006053488475514184115053558878867506495935436681303968836054440533270847321916189899884723420903266128204164453307038449223958889476342114935426032588888392878661716153019370255239152212938916683208071581245796389665953560054283168682044134550017222383382616150235459941386713335897825388599063608219932657370562672612735593786627432280189307044348417699471825262899194992901908528454986602844297265032533063523181621256106428704096859816409871619677615297714305897602383391336364627745976375277240503505880710093052131866336130462706896149757977388416062996744776827855434672833768010945420372137587987519790362508946432869413913433477028672837378253612357662350265076908645959254969146446567319641805185925042094236044867834345424102044940584791864125542353224253663583885362801187450074470868588024895084378362403853566734150305061723418127704914718994896811952806151957674816024923836250761118418938171176740842942852229814782167401768694985813502613630905938564585864153524374631584045730793952761313188116928129653595497234715966823006807632280533865778933774964889123962086094517705377456845129167740435575766976253259925332595995410928185559452461848357076647746013614791221299538037573934005108034326531618814897789696344449086135636235097085504764880269613428030046102616671677756945096789309353139587552574264829954615850427389176627325431411874582295777085202943320756533168253221775170950118323135120302450316754388916719208248209760397132793339986910487819637816986118124995894312764263030616588797173347307876488950808853137331295947679522198085380122639010784103702509779076775546888236225616038266288754940449783382852933174102564572626108323906461690388582419009081869889250243515468951793636499721050606466575989224182495152552257295051578222962193752054799418784435385003112979852231348632594398352659874140587987261451669255720995873111258724734204703033260842757883009429280092117852729925494996014529283589512247026228359351602706948200855576759850311868443962562378597800793041317198843006950649691165410801226979770797487529520428999818315641143656947154035454910272200329447874594759747432438859383766766583595267427278974750061949873670073672564511339205125568577211268212001949436728714998094273232962520219905354912169395795831303288822182706111280670888490160976826236293441442910943403097100322860829431708463774968490009302720551561394345407668787156311190628920627029249924033857968337525157646683658027784985589947000179132932675947731232782760388223557095732713469095341633505418641168433341866440548173448552661441235977354516469161967883946491927239359087535583300084808183423875086296702627067662275867803752736503733237344942259835174714254824140606246750247992854312915565881416842613729795311200720383780708609067895611948334139211140405547460025699054639499124828346200149229529677090131170096162006607220315494553394387026660014657970887580850955543215494416445150163747443678664626252965811585345914741445870838818018225278236850650854352814857080823995755141268208137063956032478689202387245762239980796221057624693496540886034384867787526497556039619040823159430803047161825515206228953398975530104054573104271579075932154407986628007061535181020352921840587813561266943085140321286447357943873582879269466358645619876750421915337134737791952038241647286870846519446136991973202498564421997127890518003692865260840710544175657074036113791982224811741137028430403466712520554322479919531286767231169177395705123683512857567864182084702010355732439907311102085235301439151557557311144893993508546918502237985405654454049160716556987254712339477552665842119106040432196511937150446679233433328950084990142130069031470538527450718341011347663066098128930314518264263340814367959460378845687856085570101677372814646448525458946182181018668027743150014008998431027606622095656581746931924532431868808912482272580533894871676741143472767137008993242129952410750345952981929729588955834052088059126933166922696612626979517911675970949541043142437791141866065798815099980115563806779020676312346380814757249257093728445389375371588801685801688213985749016943684839302491495923259749013199134369192295812443845098508356365182073528519585568543045964792197118902196531933065881579162409448882005919732923634897586011860655531609139473585662325514642475878296162385023894328830454054447407919124862971463128160192242539732388189174313125755200533191759231259135653837329298675260516616263239190443005325717856519207704852348471155183835807303464225531488921683055279172334674118709368053610679151503080735061416464551663521241263038945093104170344814434452897140980621113537936255372883121443911516517905371969966103526278625729330346636064015241013661714408781226277276023585798281113660568601458378461471889349902939559467239977813118784332448820563001713252310430506327371324968583499880514209929005667816138551308963281255985342063330567125519514698571234421295653742489535369260560907504362714288083178108600627070063747551157143778665610433857981024951497976090458852023287934979225890615451766642267879160346254800076435779814459917748557390537058849417839098097745440184445232382358389086713034193387144157650497823959170897838981054558038512827210285990704802828145261247638710517250492969156842258876424852964044702766615373622700028294646064725961345296729439833780497010133538146905281595773782774659278407958197234435337460868017957512319817745482331829713342478973159895697718440827125701642658003223136988641867589643713082502998100815285043917470043527705103768059544423830478036126364225612668662191575938376238432699873050996425788050395686907324205694656326057601781207773111328311797956143801522932711249198225068535483724463426668410847818182528576465263847734948988802734970461227666938171254330422315195360269853543924127683227278718748961365407129020464105924115827847076194083087693570011322478781123816858773320534142056094698033546788234877293164456684077795440047412790675543333434400280412614254114756882714715109568216174430453667263683755632219401635715088421476863476455899977751548461228460536150727380426524612700480954252514835512483666911255034266352718500475610786924031993864104475099588285433016652563881920641171555955321912274552625484142073915656874382879369013416311752952397552896334143694490298672482075426617625382499697080746313136810308137551387414274272360720071038317338771163020398896232128279543558407936074757865962305822129279601970050863610752761188205502329456396515972023678039595389352263748657235768089373140050041639453129713667053455052602109026385872579671884779185337142600865269612460553915619530126918695140374009166571001614337435961059280366651461136914171385133739903135458663506737931835304317813094730126518561785187391526818911152277663487789950826048444013541004450905049232818809528525279010569744031671816260283439114282919697945637595456172088544284696882006717528381331045388396223639345060991313741990386314278455508475820760128982905990540245557001850405711692153849515923915854511845124540114988829266170429469017116422528224857835977503822026859221568662000943585770282211232373482299171343541282895237862130556049279084198083770278403409381389493867235187693687508891930725142130940608507634913644141315536763481676975168420348813568443830649763783466712279735141622484780875209968144197295585814309961615189079146747614823577979555321101992265043964244083940004140540165832437989878762040813888199107163557183214285581392258745073846577090520723445239758053764594062785965332705712301474589470451847543501845124006034091855743030874174257829193927377029241627632551657116054537540953784375672175006423273003782676085614574225435763510625105272431415628362386160125016230570351927219300168019111847294360645130727222987171223696051871122920045781249691957032446307228856849820366263232790957426500184904132521953259217619047283780791331112534979671471953738504518701953084065136753532165506073236875700355647195683726120771006247475829064607868846218181522823007894467366529440936031263098968939984867059336245742431821782005903469782302969672800291736393906219164723811184439166414448554967154333382629652957881705418934574799052776257078707310814410664481189915572811058532064036410913874987486561867280880830528466204477949636547635472315790741765177406002638007412107499650204091103138527888189873942364260418693205966267991027406820200384918579490097518555861065394395728056782923763903057319236576862912370441537377468462898333696946987133219575274929005678431240279900049016455510300318442816377478836089184389718155245785486277280798917749276958316939755097628681287881792829085610782823937573340557892899666064391738030929030302696132722738170373803041532006664226509623727142406690525442342148798107681335956459060947632979846177706529796724823663058164378926416390174015866838453229736719048096033153506715480825581316646107261171989770378229265544748102942623325347885240833959644693983845836770987400146300594142159949216498627598430906453068038736710386982806602669918237100252004392087348845845098172621669252917035818082438234392217952566968731535710203633085735082864613175014864754143298043843677311848604655245936152202869689478746656687662541823791485658693892286493912600509270538223355552321859513682852363397462905167525344397051630384297173142040928650190036590782647438813271956038338839475117989222985855991731480519265901669333633936144904054200365629867653301335777913965999880198434231841463362426204776656942807950959371500833067182219319289423253189663045259576620978343171783989699819901545566205695548068132285653925787447355171916165686248823402550606622857440795090200641699458730873747629472965535368065324832204147292975661648934591445310468655232667506893400774030708882105117952918280672997005265578088196300162625682046842928596832899092604789135864444706626043595590186843236988718558642631663591422339755021315883609161917821573029350920214427655622386137716863895935491400858624868119992860065853536743736924475292616096082768675337589396183084642299593295962750309216194321888661584535490614017186166805363459481223120388265617154243200823597181758584654585071290316793057364630649560736863651456691035386599088343274575537255441046260331577263760970156366158847814268462238846669100199268462850392268467731854930399817595235447738641770952981017709198006649486660204752775458473557461725398091153036147857671083853684364996946074718898276140356695194948246104213037521389530054510261302847908913019674109954351324937155087048903347159967685807968224418189047060338187594841494192015555764992437486241280129869253102865578853010930066393373922939423578684463067584136565636713103852210583078337228187754319286349946622924451576513930228367111259852842547721810717762587265582770293244626388992796702946654490387756684679560255815429593271772540979413649367104724605361760948640930368809663055897325084217245930366286174204791900357654061809923468246846137227745703377943841097402259185901799044471442144656213779251141136508418313330489548154455168686439314041855447167308912664803806800314889996531712025835314977381349272840702916042950088910883177682753607184424407867066330376572507248874152345995492688111390543694246250127632876642460765975791126654411256758901687324503917549877246668743445967123911090534278221348773691866391152406674802100104020088886887090215438455370913586258552686439044500887638369565714234722453654233098337263147646315117819161002371112467744044971241919035762391787356290622238030139457336202331677868441515844908075682717401436911245090128368771970483767000533159580430980833431682966138922937145612043103546594862117939513389092221831518876594167348003956768563041769313276791587266827501406478169300468975848787647176130850634674874056125528545359185968246038689733881934981438104250447009339139862026232279268764032887909895649807913775842295125003928566254795381758010177665641130671272863747239623976041314265786485585254340589838936715793243696505171607400827933672961646143402637162370914158604176131789375899160093512315132650875776933700381446202153358985828898501408864871568923658575204854672191862378773011262611167209620640921713414435449922263538874113235575438191365131532851891736875874516161787109863614148168769812692412971883023523503431227757615463783814243397498419511459527586429760456483690048638415676733637850880853817049809157164598691244243683998035921145701742358823387077508913289639719739309124362111668312832735747345182410235339620761611349485573776075734881489957662013283393721500224836521960109897372119107551836942910201570472308890784291015630931886285213714807111486208114393232016039746996239162217442495276813019061540913858902696603861305809917370395451491381122349335259770663229967058453799318750257891317822888908243266893080481572070716573105979591206811861885539035507198253285986819845809167999256307497403846752004090927252813787590411396350363589175457150420378468723147494938680415195754131229250124380652208811446048266129168927251884858448946265866763423714630020670388192454357319619696810530041983298398910495860215969578480719404414889794326680154034828824817689421604922690843171511438288490361416052157697295352613778929347537454972090281090017138570361461611622146596710558707688512407809032603779306015344208862150052520412955459643954079324365030938328085039634829368859102740592262961750319242021514983654328893086063925004916099338872851881213673891417526379921578739752527903195285255017517305425289836401348980179360072101326592851202320381268389300026014703626085393358635800692221823005979846332067428525438246235293257713077013025761055553187435272124124502405375231791372590688497925901366129731624552288793150516163625705544318225690158842993286274278908594727563595543149294321273053884427830730415175562088449621356584913088370156249780066970458760247660645584183397615198209007742556856406944881040183442912253262156109177386862949605834682702069301595043775302753515160958243664798686357748333192046404797837848516447274263711510254352332835693696858545713041328277657849215391059540682100619642054722149752375083217126503074106405941105568607851001040954305712498984592061542603531202485892136385087156986731710852086532577591868350443812364677209047165433690935764244863579084138254500025695599992155700677203389726429086629928344779931039413325772384788101824236010922001984390829653091862554843171760598098086609508933347078437717810507511960560812430331768540903942577354580962529169644091085435059208258299893735141257157519541225267210494652991064709598096201182362317353178503837311373624133195493132882409704443306279755752715954798454646312008928172304768787069846093590766509930028125528609076400583966108402124675619779651634577664802431260499636523727755954090487428230415269945973326094708007145137261320600709566135037959576598334854787477926085637393082699064624107842037051864130495560662806802323179593327099118030068875237500554775710759280418790047733182918624622658724067711005098787211254768067022092876263528559482771961699324134742024783548808700122797064010636807250873151433015270899209015723057755581499689639902733622546901511595188648456544240843474884439237972665500240086626826396367786503421316861913480782521148122636294422592724337877797870148736276485769616130333707382588425945378843485365854236403677120807356811571993703022935927336457514755792501378921333010681587620462623458672670522930850021459010473306108816323923584322927440512614911817505966731149306913796159791252648514250126652526878615282617120765856357257659955562673737971204030088560506953986070535117170928425594986618765311061261114287293338271387808715516591679457715074999484230186959694835100838105520129820648679429498768701814991722671963520289472883535371172342965040787879620702695833097574759929817257177213394011945816760890304877340600709911751152443587992565869123722886180838742898365240092604498662409057715305400139146052059113268658957960545276135822603595129339600904467614958374470433927878491851970799914492257353997968448408320834351908761559868675234258413211791192292138120232926910586243865627513234624403496135486960671246212630255831748099762408371717846393941967525887563961750527489674681610700897705629976904961746791915149336224107135144258426602206966336833304188594044023106007277449861587512628711618924914302315729414835101271581955487274676584952101941950595575877809318758929996279670536184893400625092203792583398889281372812442435360943146858492632648229600587203241553666225628186163022037547150934724288868866050960680111473102101880097836977526954117815475008283182355683878330034037696714342996962961700894879678012914168479046341916504959259815924848354504651568857311325512989923056691918102032215006372728112979021619310727921688156978851431965237739662329112328308970847774226244508070613585857451194395011244542808553260466775197689782382317116448412557269524165534615470626098316993117616980663317899085063531177479578610817944060392349867482368541907515102115748660447868359845864276909272580901142700074183083205313440734553838603553949705584942940176483266615544579517227003633897918796529373879082834089008664832234724657896829315089851738110014988730511814203787490248288309125701441726143729413350643029729702527726077708112844732403661090144151195325690700688694694350837010570469149435938465949536609022088575773897390385920828595168106300599555559172453831503121621472359583911405954133385625205332151695194260348956973355400664189109104363141856352797129105175176405090033258366733831385045651994192290785406342240239680351366823842982440297638785838133479389136011970659218883912941514022345029574459232292251194118378891233653958450882647342215743654739395287068394898840356991886375217530626936743522236466091542060279051189423675150260067043595602953663555205508474677636852928711885998511470423940710032077960348462511478310566710570026223877547728331014463385141599571834017208858257388349208035292164020673992377583598246491766738964942409666624286891654973466225675269844213236695097081375014552547994564085587154399269094709532030484755385412267242893370164383912517583068187054966744558817177038540906781204617878435621342367049571016539277128546919564752280444275261771360794837409398437983104236225473695872176298719135436450941868053199876704816720059730958917719213472322773700972652513174976747610561438848570761374620239369418306676402956813964230074213791857448339004677994463188274313366132692738845492739799079432915553096164984848836687470677043343272625135971824757145065468429440433165614209074901907247448875280605315790839635615434898570360848487571775499790359532654983622998811509713067128155991897086428254974867172422417244567052453640412026159448365126410899225223988437038676753794344228725321966921635270562117149753615795138306969223666635259447094583086745753915753120216684470966736798895698912707495301360690029067136265772953507630847463854235537991845313693092822184194192880418203800743129907349681773232831929928286959737699127232079393174265051468540187995360156575320320930043200902242471658369513565032017392264958512609189591805800670356252895972567365043471716549218458465943541641387140202342611198431740252910946097848222947032556586024281010093297377308438055941926361214702181669663994439583587181637050660264009119300581503435695245256670894011391218499379295071224696651652416201896313199109897182198456813075983840880415900480527677642866656294242394191519618954756924373547198828070271320679395230294433810970431845719692464264385007938684348375579246320272982672040887674753823449176500531170750260292255607235196186374206051271047094629748176666818675519585386155081325740391626608389129291663886715297636590482003146120811776823491161739928512775102945456455407901260761411800890647668075444228894692839519793049851500717617336904644318146236333388270554417564121156176539674340100046356394829990429736777121473818226669460852698273074041638619440283978388504850437621298290767505081413975976930055160740221742973757352255499730639588167207956868378312962954821593509498963952111484525603538556515348213907086541566858671071963847012528342232011302870566875200109848856202893336991126389517209288542412489642381322874642084746082578142639778087727878558525308327690892088662774654525831198999293366907293991416347832827064264545142722277792931201460509849670797084804199507429262981701996905744348209050303083265777310406839521646065347789807092775215576224041613347007557684992853512724696063609591125460958329150633424787566921528546561221975976226821355908066383661059474967002360041724954735177389970216093140157755630125716449973523731166716027019672649672564251244039751556506716336106151710571074476934955852995219333579877136254646677962290513259265160553809539563544972017411454378503335603495025443526288143607072231308599413105099900761042818529083684170653818999579260123218510225249914246608797315826427014048963670649282495542253916453298459666104540379244915942428093263459218712830018037792803973841773484616032516332840314106751221816872020145291283024448348940609900955254737871330595817165726760437339754305237116605680949906279420210807270376676919426639353312441631737367046127343042084254453867098490422696123096876121465983433062427073264874843660459135077523950289501600191032237195128163916320830431404277175897298677785226714355391066643040915555470735356496061203142306179065205675102121590824605804008893486072712515586739811358355689198116958735273727683226254491132870776402196502522335097062223114555494657348579054842133427558294723443531440292708628181792843225135596856132119962265523670224304405250589528782152220853918733890090690172290286312665895148844092574225413107603943467846731028756685233175366696311189401112211924249332577438032860939112261045649484078978060435708581052789872957477750447825205482456653757059453147489616609302901584969893105093269358089784761633106946427449744007698265371465222855454607122924756561550273297702440147153131706816041066724993560718029187426585826857577382521170404106455511918829854423385927123201473871220394557799052892038280421638329080478859651879998833319106141776637302830320490753567485426712887706694489437087819664547895348996354371434860733553973293477313339671581433757807171180933355363183151592943089743574732284640805087024724093221022410529266112833399408490732639456141810392979407494557861866280411245611506557169093033260550774941300537220034629899393511099165673787949044972789663503987446841197199788500031122093890518200509043877109822519769773607432486298903635845371566328240705978439484806601806341399157908374043959145420667409974746447236520023776366040822952388833762154077740826360247350653773030544422568362678190228734656748331518428338689210184161130815303160721411428397720070529466891207966522380856944271567860166045947725247527400222570719193658553728727611043250382127948424305859995077493818027418707183727278723374105701709649841495251932423883010615558015329676912664758077294871294698055920084817529599480340279873721407379038861320798572531246978210622368073126616917474503702250625714715120476744026084365415878694759000107938483542029548127861670807424780197056621158074136640098712174728437620046561650386878068639283128883173197136097985261788574586277257111741377124929733866030361382525458507921987309039306729072948444126585751028568313882605018889415667783124262017953057359014453649464984030733109925789067401427518770214079616998456448927479283200577159166785613567485951531964815285665394845715474623807930799182167990874822810016770566637889606003536221009208356902358840560664559641338980485374396457830085211248395394808089293433445127687903578986460048253912684310467613813114475636628374945842490878698591537870656321518116518976805359887403625592675191607163948803047038099233099163836361814016541708572143968923730817810473748615827586194481844924488741793747043203211853238943168040622105734311409760256405099942286487968272535202791033318116532037104243195053956568401999397750080595320976643962096180333519036372472593394220468149563957278147771494169026263419102926112593567449865088708334723070036000151543074532069320932703417544455820575956487759939107661129277430213787284788534287346767844701330512772767562700527260113276101856040982779226647906539351285196776343574594848373756255691813475401920300082836548923543030862953827934799253315794226617483766079100324969768947566740464095870443162969415705466490984697748858329070323715957374575393018309748710153524139324256163451903462374472761484058398216464694713232850707015544987710126120436741478122206121788007715932858862812764478565706789429500796368691145134868182346049096746004573086131854753121839705188558960568982210868341578168948354539978883809821501869497209217948884339306886391874348226427465943466907791772491933843135955836124205144557547400460526945230411206821156875798667342968651346390524096631711275446310340662105801820692366619165705919314717894984664527391323849575684735363075012961325773582976958557140965600962674473502176819101459506561932365354936190840844322011300252572648456257920681738601671690446537770694677449003127814694234321469651265683137237180326552753886284904497241745537610053356077355588649614785326416699581486622187321047998610161032711396863989239125130926591291067103532048545791376456168671703533369263065816769931743342892116507761906903507044554770500767398678043662800780374976121287724994905501365427103839624841794169283754970480893301375381267124150831448439524390431897208712046903628945337917498979871985706409441702512927252097995042830738948071677394057035495918787818857455567523623446346191769284998828673449713629870988784081080503601549072263230793332282164964335964896219538326503375624619129346998386440168139649929591190975212068719697649005741008900091735392570603147316350506077475423461038790443345294084825992641680868007719927065393771232312215219777858737533703469905005947882083359772130649122466317546702037913228581851742692554971825137542001442306361980563735594200426184737836639297052470598396655992160385229211803348507144606484564479027642250941251632328873721936819761729963358868851012565830551176240374388448856461266527571245660465402950660016405781724964916247522960700582435481833552951741207560799650826478287060136481586307590171463948263305855084541707520852246823354674669580627075237430242574154129996204265132828526687572576727999786777271156262641226386586523935472981522777778395955827318178186951744665453869997986289106813531195798986572413814872225184143957467338156201148414867118730703727867081285611431184663519573306944683285355581826114740740756061348459035138781755005986947362231112591123049819508785240661580507194722065311114218425549618298349534325710665614103418381135595751355892253068692664680727847978449396208433141276143828806709958316589283237214399834614509571597771896986049103055386073789697356873189356436174166453187031165624053386080611056928546445655259751236134230961169294930599047847493758990917714039241933093209437546367050147658513117159259768449666791535984387117238599083595371551070021638802166596130769502036964702004397344544584287406295228180954226104979273361123938839379716645498725283462523252176416360674143125346936468562002950738469562794585625636000761340025900721638166927240911036361160431932065944385565116011368855860096118609731043402993923195585200690289511644055353286408584732930678356036993063319078549590657811533743906849983070898398580706523465337280594704612512692675668772998574273851212727952055117885934525207907601980400916901946672490903869381018022170444261344904798942101232884544374217709273145170970647679364306738522605332592555309285970015498769301800086169160220972396745828217455184626288113332289182365179858370787261135945812721071279877011857276756698970060495937592023296518852351161486227543160033302188761147313211545817677871359909766943690304873810332743491709965201100888933554024093829611344082760678833664749793764336492700322725631365790545143129563512336185654484812060860570996029600866796526758015906468462095063441578283379155116715103097499274497354137001526537653532624874882072095282057442649443384016336897638832549605179282405437062858829770109243420943558978122882069800103783679843071943206355331113949194336728356271085742585871716431288850628700479776213427705862541123376758622958113123359859938415897925819172957424090412199796443633038966729340795752466123967039168674712691511973971444636291663249821659071548761351913344081921526818462684823513651338254178966903600391196260432893180717983577404137902192379679336656513948793684754470989716819710289068140256407416436738358460740780136085613484734679163274636964375330026256300743490151483725839650271362309211329536306409204643008971391210365010852918640111137984867522214073436465368356548961757886678594223867421964762151962185894413740548266582308494065440361391005768432753904738469438614006949582630163461667910227689308527596230221160699816145036597648113779137631532765445035970032809510966950369085563492242683837909698666323785240445906751004979715228566839597217605293709876687611141289177629929698519556626631442227335117356003546327420695095847013561484876132428624002125188183889525682483300606942862751518965943192518803736213294011068152094612180010242110598780670566264566008603508983193084470885897785868989530770484609144288718292557647788928264714294446505546510106528970671269506073433549809045430892832567705057200286227784350878526460601110555341875382743427831468833140791785431283712887221811322440006775954714492010430736083920822407533121797592684746616840805446101506132189314770358863008322687651294330111137799072095115254849806908964923298221931413530267217969801258122161910212704534366729889367698474998485080715912179189879798535546469186952938555204771448463149634223773508504176871894272159816139902506746334641605679405494900291870255055332653564345210481351647961101203239903453634387721088988233597493567369786465289150316972026741269101880007307667657456681383234128919802737571573315720753949469756836209335868499782860044959009115990252866527006575251977161974365182230551262084718045136089253596822723186381605535638207018199550224746837518134011596343440611782340885906768445348679967644225728242688410367881432036336361862376923496732438756808053175836246632447585403408134743722406358678358107978724463671320337120919027977737291981179665992714527858691863685930537443704513638347469411469222952340518744204154627521956111548113822406479551104938635999562802379005170425387606093792795337612219128795122595863810751068373209119712442989278454683573625787901024034513584792096076850204392898013091664112631373326355212867280038922575403847754082316435749380416372526522188765229915607658909050274600475031891726537247034778924488770144687337996967565821148701991765640971888184373733028844872591079353444497028456817149011571512276897555703628952514920683744079826871594544988202934466320018336601853933341691392350476692946617161584629444303619034101079337583354853542039699434973988494426502749126973930303976928494736178449337644855909653547654254556246710947037908906944098583698725655893720443016434197658536063490915262443438713167834058791228580601383710160119867662411075015830061392894932939248969995383564147846154057650338351340019341905667675392059669483652434597915864773373632904882618335520515217514046487571696570675287448056406537657788517831051046376163004204348380520173345917128874721016364696730337287558166470619847936415016089715746614944107663378776913947999987882808210884642586947482037277918762459524380643134406226713939644225781244926112967128209817662728103816031082792673208179343809098645999790072899841210195736312626652581622900933858831474849323866331934558041047153146623595455807630508943662567594052666870611121463876556463207426309582716646350447471032813544772634774199836832436039538050060064742191394085984239195766892427983092055614479797478812742938338587150365732186292658341949037355477977216278336809135113645918748944926868026990932102761496617023528497887870992437404645773963991970236223791267329052987160489826133846206672101859529460403472323119036142805597479390297950381984971019377719909852815922008465226016140132121575319860765010044528971469810484971565086663021207187792340748810406030707938838433972739907133390263146212693505327892500719618742815042118968521329835368764316474570861942335487910075257349299246691327880565389840488319566760435738373575278913521428004321112051664985297407826941660074792253692826111492273756641465749661005727367301254194979145305012063731287807268386978720197934721539830452122356691422691537902039882966976154718340991984328101346826382268872616042303381766694900998114838001423271892441729171234199164540134299494303731724925609585961483421645294200969800968373554591747483215699619468122682835371149140551620467780979692396698227524213412031077911509159123875239900083530494873633631963856775266825307142916499712957538248184090195529280739635939268712208679094102988056503848313095419413965707565238031893656571230464245320930372986196881464810734706967996094040615427165630165420086407574199150815705146221195994854646626331208770653898737394734557728460252625992578981488535164344311748262887376816599236128840226677767963590172993203485668816941400955299529430062770272763795962719368071190918968909186088312568636800618668892716995505771078824990702287484599273612020779126395125635236682237564967472850433064584661632446392893473816242360690750134581271544383573588931723112674023040008180256686944566006483248447089355218333951989366902662931916226702438147730329943173657416962814473826032316091543394499699765624304118992415787618455716398782223419810525800249915111988083668828656866992231426673177044274523979968215425331124156939561878002097178717438257192836999307192974278226563534226804161870840845108443297643126948727440708617216848368085612008370226164504116239091182484120262023872926540881004845771839293003468984263798146725885927203813178648166560985830792518897294469548562889921942228140362421852215527324453591125747905129695666673622354581917519356310301767391752082020039819862835406556503789726369703028680774375002055465468471317205255135840674347322213766116612487006102995315152557184561878972015077399666208557186425252762293370021081093080544392163422363679432151269748980209837165721686855339543380129366557482917729538419141780868101157103143106810086645449786042488286829279349413292068111491971008237406280039418621396364701739193721954815786100072056295237535840533938091909677434755295392814152179242899460335424288222942549293877543084762461928508898703825923942394294222588603487186862668729188766387571038219806226606450762982887254951576268536186797053261262181611762468938768584187245980910628458247135041750653889147297264207190422545706224378357390163128051431170248379950273485202439414703110527135341216455468704495758598353491076023894093852138881214150809849072574770919233607415293016153568390679806795300757430759140571108968271572289302108751853752317187707424029045782196027508840015484779296834525378330830284436469528557926591560720978443779526356888628046214271217131774856884855223034348115396224482764986921269496296536833704795229785759672964747262541393553675104161990055806688810266691632982987899430295178696335238956198400417176523173384549568500242323516667999182237612333754273628808550678092831219979782837398778752222126208147119423853229751301732520652138446791406763115707948582149773894858333813424521702959751151881753239455187828645158291839449939767185035379249198809175281363769439396614382054253930645385407019798954884798144715543043117157390861530162425096320042799793817635923015569978783311217669718277679729641076305546596323810488545999803964958668157781520761139697407736433393430000568432065456061061012422743537692258681906648496254027689437880600514702725687321581682976225906998763886619559088842777200307039672886128838447639771694429384627583133186792067313955337696979216058153929559890735831309248851988980542584793973423406643073014324178317034133055527700494443022409853682662512214252530900405491021016038169309009482958698811028495818862153929000732880968410275964457643902593367066338163269216091483143882290971741253911786516700875810118979665187689314917868954881461104909734746786878447114982304989218050873985618573222367863427499284121815150041421510337155654870602426887578441225727490460015975150237995648198252781996485574472598941052372849319203843681833054393817149005946350769182531214816603230850243751959226920470086733677258989252199786893087897902295173734825006620776289053861647253161035951328156349296015908275644921769646263656136738009610487578434783772223988057337974166965928756972091893056734386566260292869589024341840307937574171269072464426118807429301477168138741568842794156787396305810301316815703066025628739504077706999459754212492873997661365673683398000913649674317264412288817133521540056313379448956647866490838632368582584647068923410448336765683453441767602641821864684504915578752078866090223497158993570432218912580603515462564022077534118219617173120045017241912279066456439619496312611227296224447174745423401659946068684257533920085306834666949842058269734135589849034825170613519789372905763472390192417786859027070488196530285442491656900587121265251078026183684445630688856035140029749114915924765887649439502458455503439498634865101824220589446643427282845638223240762183528872797312296654805135019938619728674555039997567382660704135987932629225696439594496204199691237120210022961499389642531898243165689914457256977343974135982824641264169026516076562871369342906432630218235142733993583445480491770702070329694751810687212205804828638320085013035049468822760894001468230563851181296667183933772543393381823878015986949244132190944113012110059343161239221953512506119302834319968939974527306515824693263904719336054453475174884590873502404925237755638419623991956698180473395578538332123505046584764600450603774135953793073181037858718116104129906890005456805411163869716689493058935800379763543609661631099700189910805549403798140672978428539787343518098922667812603049788099274757348786520282997120649732134532533809388220367191387369122561235010699738567711929926585077230848816059276799207854443347517752502221167149760763003154305507267562621970908113940383608171765230658268727618792948532598478884902258400574461631886226834864143748463771027150886213105577834670009049821145351590892246149905549545116848140317220360371779852642685234518109430852627909013268551187265579940127274084231623530658292970497174763928732925441182836037647369165158439849213521514116277819920843098848408856155404964314019324882852999311990098960307661730426290638978578772059510754183148118415474748518913132389554991824835236977900564842494328650956672874756799296224712282566328780341264549472631133661848522211699536986960966539690450104976686002217450507984839493883479126748176219797757906645804927375839786760932851531760955068718862416801688944598449404387979932054345907646617925812811326306705799683779850821569144165577008885870268035948341560899425376665600000000000000000000000000000000000000000000000000000000000000000000000000000000000000000000000000000000000000000000000000000000000000000000000000000000000000000000000000000000000000000000000000000000000000000000000000000000000000000000000000000000000000000000000000000000000000000000000000000000000000000000000000000000000000000000000000000000000000000000000000000000000000000000000000000000000000000000000000000000000000000000000000000000000000000000000000000000000000000000000000000000000000000000000000000000000000000000000000000000000000000000000000000000000000000000000000000000000000000000000000000000000000000000000000000000000000000000000000000000000000000000000000000000000000000000000000000000000000000000000000000000000000000000000000000000000000000000000000000000000000000000000000000000000000000000000000000000000000000000000000000000000000000000000000000000000000000000000000000000000000000000000000000000000000000000000000000000000000000000000000000000000000000000000000000000000000000000000000000000000000000000000000000000000000000000000000000000000000000000000000000000000000000000000000000000000000000000000000000000000000000000000000000000000000000000000000000000000000000000000000000000000000000000000000000000000000000000000000000000000000000000000000000000000000000000000000000000000000000000000000000000000000000000000000000000000000000000000000000000000000000000000000000000000000000000000000000000000000000000000000000000000000000000000000000000000000000000000000000000000000000000000000000000000000000000000000000000000000000000000000000000000000000000000000000000000000000000000000000000000000000000000000000000000000000000000000000000000000000000000000000000000000000000000000000000000000000000000000000000000000000000000000000000000000000000000000000000000000000000000000000000000000000000000000000000000000000000000000000000000000000000000000000000000000000000000000000000000000000000000000000000000000000000000000000000000000000000000000000000000000000000000000000000000000000000000000000000000000000000000000000000000000000000000000000000000000000000000000000000000000000000000000000000000000000000000000000000000000000000000000000000000000000000000000000000000000000000000000000000000000000000000000000000000000000000000000000000000000000000000000000000000000000000000000000000000000000000000000000000000000000000000000000000000000000000000000000000000000000000000000000000000000000000000000000000000000000000000000000000000000000000000000000000000000000000000000000000000000000000000000000000000000000000000000000000000000000000000000000000000000000000000000000000000000000000000000000000000000000000000000000000000000000000000000000000000000000000000000000000000000000000000000000000000000000000000000000000000000000000000000000000000000000000000000000000000000000000000000000000000000000000000000000000000000000000000000000000000000000000000000000000000000000000000000000000000000000000000000000000000000000000000000000000000000000000000000000000000000000000000000000000000000000000000000000000000000000000000000000000000000000000000000000000000000000000000000000000000000000000000000000000000000000000000000000000000000000000000000000000000000000000000000000000000000000000000000000000000000000000000000000000000000000000000000000000000000000000000000000000000000000000000000000000000000000000000000000000000000000000000000000000000000000000000000000000000000000000000000000000000000000000000000000000000000000000000000000000000000000000000000000000000000000000000000000000000000000000000000000000000000000000000000000000000000000000000000000000000000000000000000000000000000000000000000000000000000000000000000000000000000000000000000000000000000000000000000000000000000000000000000000000000000000000000000000000000000000000000000000000000000000000000000000000000000000000000000000000000000000000000000000000000000000000000000000000000000000000000000000000000000000000000000000000000000000000000000000000000000000000000000000000000000000000000000000000000000000000000000000000000000000000000000000000000000000000000000000000000000000000000000000000000000000000000000000000000000000000000000000000000000000000000000000000000000000000000000000000000000000000000000000000000000000000000000000000000000000000000000000000000000000000000000000000000000000000000000000000000000000000000000000000000000000000000000000000000000000000000000000000000000000000000000000000000000000000000000000000000000000000000000000000000000000000000000000000000000000000000000000000000000000000000000000000000000000000000000000000000000000000000000000000000000000000000000000000000000000000000000000000000000000000000000000000000000000000000000000000000000000000000000000000000000000000000000000000000000000000000000000000000000000000000000000000000000000000000000000000000000000000000000000000000000000000000000000000000000000000000000000000000000000000000000000000000000000000000000000000000000000000000000000000000000000000000000000000000000000000000000000000000000000000000000000000000000000000000000000000000000000000000000000000000000000000000000000000000000000000000000000000000000000000000000000000000000000000000000000000000000000000000000000000000000000000000000000000000000000000000000000000000000000000000000000000000000000000000000000000000000000000000000000000000000000000000000000000000000000000000000000000000000000000000000000000000000000000000000000000000000000000000000000000000000000000000000000000000000000000000000000000000000000000000000000000000000000000000000000000000000000000000000000000000000000000000000000000000000000000000000000000000000000000000000000000000000000000000000000000000000000000000000000000000000000000000000000000000000000000000000000000000000000000000000000000000000000000000000000000000000000000000000000000000000000000000000000000000000000000000000000000000000000000000000000000000000000000000000000000000000000000000000000000000000000000000000000000000000000000000000000000000000000000000000000000000000000000000000000000000000000000000000000000000000000000000000000000000000
* UtilsJUnit3Test: tearDown() method
* UtilsJUnit3Test: setUp() method
* UtilsJUnit3Test: test method 3 - testExpectedException()
* UtilsJUnit3Test: tearDown() method
* UtilsJUnit3Test: setUp() method
* UtilsJUnit3Test: test method 1 - testHelloWorld()
* UtilsJUnit3Test: tearDown() method
]]></system-out>
  <system-err><![CDATA[]]></system-err>
</testsuite>
