<?xml version="1.0" encoding="UTF-8" ?>
<testsuite errors="0" failures="0" hostname="LAPTOP-3CKUMRO9" name="sample.UtilsJUnit4Test" skipped="1" tests="4" time="1.055" timestamp="2020-03-19T18:05:58">
  <properties>
    <property name="libs.jsp-compiler.javadoc" value="" />
    <property name="netbeans.autoupdate.country" value="ES" />
    <property name="javac.test.classpath" value=":build/classes:C:\Program Files\NetBeans 8.2\platform\modules\ext\junit-4.12.jar:${libs.junit.classpath}:C:\Program Files\NetBeans 8.2\platform\modules\ext\hamcrest-core-1.3.jar" />
    <property name="libs.jsf20.maven-pom" value="" />
    <property name="libs.DataBindingME.src" value="C:\Program Files\NetBeans 8.2\mobility\sources\netbeans_databindingme-src.zip" />
    <property name="libs.spring-webmvc4.0.src" value="" />
    <property name="javac.includes" value="sample/UtilsJUnit4Test.java" />
    <property name="ant.core.lib" value="C:\Program Files\NetBeans 8.2\extide\ant\lib\ant.jar" />
    <property name="javadoc.windowtitle" value="" />
    <property name="libs.jsp-compilation.javadoc" value="" />
    <property name="user.dir" value="C:\Users\barra\Documents\NetBeansProjects\JUnitSampleSol" />
    <property name="libs.javaee-api-7.0.src" value="" />
    <property name="java.vm.version" value="25.241-b07" />
    <property name="libs.DataBindingME.classpath" value="C:\Program Files\NetBeans 8.2\mobility\modules\ext\netbeans_databindingme.jar" />
    <property name="libs.j2me_common_ant.src" value="" />
    <property name="libs.MySQLDriver.classpath" value="C:\Program Files\NetBeans 8.2\ide\modules\ext\mysql-connector-java-5.1.23-bin.jar" />
    <property name="libs.eclipselinkmodelgen.src" value="" />
    <property name="javadoc.notree" value="false" />
    <property name="netbeans.autoupdate.version" value="1.23" />
    <property name="libs.javaee-web-api-6.0.classpath" value="C:\Program Files\NetBeans 8.2\enterprise\modules\ext\javaee-web-api-6.0.jar" />
    <property name="libs.DataBindingME-PIM.maven-pom" value="" />
    <property name="plugin.manager.detail.view.selected" value="true" />
    <property name="javac.profile.cmd.line.arg" value="" />
    <property name="jdk.home" value="C:\Program Files\Java\jdk1.8.0_241" />
    <property name="libs.javac-api.src" value="" />
    <property name="javadoc.noindex" value="false" />
    <property name="libs.jpa2-persistence.classpath" value="C:\Program Files\NetBeans 8.2\java\modules\ext\hibernate4\hibernate-jpa-2.1-api-1.0.0.Final.jar" />
    <property name="sun.os.patch.level" value="" />
    <property name="java.vm.specification.name" value="Java Virtual Machine Specification" />
    <property name="nb.show.statistics.ui" value="usageStatisticsEnabled" />
    <property name="netbeans.autoupdate.variant" value="" />
    <property name="have.tests" value="true" />
    <property name="org.xml.sax.driver" value="com.sun.org.apache.xerces.internal.jaxp.SAXParserImpl$JAXPSAXParser" />
    <property name="libs.hamcrest.classpath" value="C:\Program Files\NetBeans 8.2\platform\modules\ext\hamcrest-core-1.3.jar" />
    <property name="libs.javac-api.javadoc" value="" />
    <property name="os.name" value="Windows 10" />
    <property name="test.class" value="sample.UtilsJUnit4Test" />
    <property name="libs.beans-binding.classpath" value="C:\Program Files\NetBeans 8.2\java\modules\ext\beansbinding-1.2.1.jar" />
    <property name="libs.javaee-endorsed-api-7.0.maven-pom" value="" />
    <property name="ap.proc.none.internal" value="" />
    <property name="libs.DataBindingME-SVG.javadoc" value="C:\Program Files\NetBeans 8.2\mobility\modules\docs\netbeans_databindingme_svg-api.zip" />
    <property name="libs.restapi.javadoc" value="" />
    <property name="libs.JWSAntTasks.maven-pom" value="" />
    <property name="libs.jstl.classpath" value="C:\Program Files\NetBeans 8.2\enterprise\modules\ext\jstl-impl.jar;C:\Program Files\NetBeans 8.2\enterprise\modules\ext\jstl-api.jar" />
    <property name="libs.testng.src" value="" />
    <property name="libs.spring-webmvc3.0.src" value="" />
    <property name="libs.restapi.classpath" value="C:\Program Files\NetBeans 8.2\enterprise\modules\ext\jaxrs-2.0\javax.ws.rs-api-2.0.jar" />
    <property name="java.vendor.url.bug" value="http://bugreport.sun.com/bugreport/" />
    <property name="libs.jaxb.maven-pom" value="" />
    <property name="os.arch" value="amd64" />
    <property name="libs.eclipselink.src" value="" />
    <property name="user.name" value="barra" />
    <property name="libs.jsf12.javadoc" value="C:\Program Files\NetBeans 8.2\enterprise\docs\javaee-doc-api.jar" />
    <property name="copylibs.rebase" value="true" />
    <property name="libs.j2me_common_ant.maven-pom" value="" />
    <property name="ant.file.JUnitSampleSol" value="C:\Users\barra\Documents\NetBeansProjects\JUnitSampleSol\build.xml" />
    <property name="libs.spring-webmvc3.0.maven-pom" value="" />
    <property name="libs.swing-layout.maven-pom" value="" />
    <property name="sun.java.command" value="org.apache.tools.ant.taskdefs.optional.junit.JUnitTestRunner sample.UtilsJUnit4Test skipNonTests=false filtertrace=true haltOnError=false haltOnFailure=false showoutput=true outputtoformatters=true logfailedtests=true threadid=0 logtestlistenerevents=true formatter=org.apache.tools.ant.taskdefs.optional.junit.BriefJUnitResultFormatter formatter=org.apache.tools.ant.taskdefs.optional.junit.XMLJUnitResultFormatter,C:\Users\barra\Documents\NetBeansProjects\JUnitSampleSol\build\test\results\TEST-sample.UtilsJUnit4Test.xml crashfile=C:\Users\barra\Documents\NetBeansProjects\JUnitSampleSol\build\junitvmwatcher8356942030236319036.properties propsfile=C:\Users\barra\Documents\NetBeansProjects\JUnitSampleSol\build\junit5321056808408806792.properties" />
    <property name="build.classes.dir" value="build/classes" />
    <property name="netbeans.accept_license_class" value="org.netbeans.license.AcceptLicense" />
    <property name="build.sysclasspath" value="ignore" />
    <property name="manifest.encoding" value="UTF-8" />
    <property name="ap.supported.internal" value="true" />
    <property name="java.failonerror" value="true" />
    <property name="libs.javaee-endorsed-api-7.0.javadoc" value="C:\Program Files\NetBeans 8.2\enterprise\docs\javaee-doc-api.jar" />
    <property name="libs.jaxws21.javadoc" value="C:\Program Files\NetBeans 8.2\java\docs\jaxws-api-doc.zip" />
    <property name="libs.spring-webmvc4.0.javadoc" value="" />
    <property name="includes" value="**" />
    <property name="user.country" value="ES" />
    <property name="javadoc.encoding" value="UTF-8" />
    <property name="javac.classpath" value="" />
    <property name="libs.jsp-compilation-syscp.src" value="" />
    <property name="libs.spring-framework400.classpath" value="C:\Program Files\NetBeans 8.2\ide\modules\org-apache-commons-logging.jar;C:\Program Files\NetBeans 8.2\java\modules\ext\cglib-2.2.jar;C:\Program Files\NetBeans 8.2\java\modules\ext\spring-4\spring-aop-4.0.1.RELEASE.jar;C:\Program Files\NetBeans 8.2\java\modules\ext\spring-4\spring-aspects-4.0.1.RELEASE.jar;C:\Program Files\NetBeans 8.2\java\modules\ext\spring-4\spring-beans-4.0.1.RELEASE.jar;C:\Program Files\NetBeans 8.2\java\modules\ext\spring-4\spring-build-src-4.0.1.RELEASE.jar;C:\Program Files\NetBeans 8.2\java\modules\ext\spring-4\spring-context-4.0.1.RELEASE.jar;C:\Program Files\NetBeans 8.2\java\modules\ext\spring-4\spring-context-support-4.0.1.RELEASE.jar;C:\Program Files\NetBeans 8.2\java\modules\ext\spring-4\spring-core-4.0.1.RELEASE.jar;C:\Program Files\NetBeans 8.2\java\modules\ext\spring-4\spring-expression-4.0.1.RELEASE.jar;C:\Program Files\NetBeans 8.2\java\modules\ext\spring-4\spring-framework-bom-4.0.1.RELEASE.jar;C:\Program Files\NetBeans 8.2\java\modules\ext\spring-4\spring-instrument-4.0.1.RELEASE.jar;C:\Program Files\NetBeans 8.2\java\modules\ext\spring-4\spring-instrument-tomcat-4.0.1.RELEASE.jar;C:\Program Files\NetBeans 8.2\java\modules\ext\spring-4\spring-jdbc-4.0.1.RELEASE.jar;C:\Program Files\NetBeans 8.2\java\modules\ext\spring-4\spring-jms-4.0.1.RELEASE.jar;C:\Program Files\NetBeans 8.2\java\modules\ext\spring-4\spring-messaging-4.0.1.RELEASE.jar;C:\Program Files\NetBeans 8.2\java\modules\ext\spring-4\spring-orm-4.0.1.RELEASE.jar;C:\Program Files\NetBeans 8.2\java\modules\ext\spring-4\spring-oxm-4.0.1.RELEASE.jar;C:\Program Files\NetBeans 8.2\java\modules\ext\spring-4\spring-test-4.0.1.RELEASE.jar;C:\Program Files\NetBeans 8.2\java\modules\ext\spring-4\spring-tx-4.0.1.RELEASE.jar;C:\Program Files\NetBeans 8.2\java\modules\ext\spring-4\spring-web-4.0.1.RELEASE.jar;C:\Program Files\NetBeans 8.2\java\modules\ext\spring-4\spring-webmvc-4.0.1.RELEASE.jar;C:\Program Files\NetBeans 8.2\java\modules\ext\spring-4\spring-webmvc-portlet-4.0.1.RELEASE.jar;C:\Program Files\NetBeans 8.2\java\modules\ext\spring-4\spring-websocket-4.0.1.RELEASE.jar" />
    <property name="debug-transport" value="dt_shmem" />
    <property name="netbeans.home" value="C:\Program Files\NetBeans 8.2\platform" />
    <property name="build.compiler.emacs" value="true" />
    <property name="libs.javaee-web-api-6.0.src" value="" />
    <property name="libs.jsp-compilation-syscp.classpath" value="C:\Program Files\NetBeans 8.2\extide\ant\lib\ant.jar;C:\Program Files\NetBeans 8.2\enterprise\modules\ext\servlet3.1-jsp2.3-api.jar;C:\Program Files\NetBeans 8.2\enterprise\modules\ext\glassfish-jspparser-4.0.jar;C:\Program Files\NetBeans 8.2\enterprise\modules\ext\jstl-impl.jar;C:\Program Files\NetBeans 8.2\enterprise\modules\ext\jsf-2_2\javax.faces.jar" />
    <property name="java.endorsed.dirs" value="C:\Program Files\Java\jdk1.8.0_241\jre\lib\endorsed" />
    <property name="libs.groovy-all.src" value="" />
    <property name="test.includes" value="sample/UtilsJUnit4Test.java" />
    <property name="netbeans.dynamic.classpath" value="C:\Program Files\NetBeans 8.2\platform\core\asm-all-5.0.1.jar;C:\Program Files\NetBeans 8.2\platform\core\core-base.jar;C:\Program Files\NetBeans 8.2\platform\core\core.jar;C:\Program Files\NetBeans 8.2\platform\core\org-netbeans-libs-asm.jar;C:\Program Files\NetBeans 8.2\platform\core\org-openide-filesystems-compat8.jar;C:\Program Files\NetBeans 8.2\platform\core\org-openide-filesystems.jar;C:\Program Files\NetBeans 8.2\platform\core\locale\core-base_ja.jar;C:\Program Files\NetBeans 8.2\platform\core\locale\core-base_pt_BR.jar;C:\Program Files\NetBeans 8.2\platform\core\locale\core-base_ru.jar;C:\Program Files\NetBeans 8.2\platform\core\locale\core-base_zh_CN.jar;C:\Program Files\NetBeans 8.2\platform\core\locale\core_ja.jar;C:\Program Files\NetBeans 8.2\platform\core\locale\core_pt_BR.jar;C:\Program Files\NetBeans 8.2\platform\core\locale\core_ru.jar;C:\Program Files\NetBeans 8.2\platform\core\locale\core_zh_CN.jar;C:\Program Files\NetBeans 8.2\platform\core\locale\org-netbeans-libs-asm_ja.jar;C:\Program Files\NetBeans 8.2\platform\core\locale\org-netbeans-libs-asm_pt_BR.jar;C:\Program Files\NetBeans 8.2\platform\core\locale\org-netbeans-libs-asm_ru.jar;C:\Program Files\NetBeans 8.2\platform\core\locale\org-netbeans-libs-asm_zh_CN.jar;C:\Program Files\NetBeans 8.2\platform\core\locale\org-openide-filesystems-compat8_ja.jar;C:\Program Files\NetBeans 8.2\platform\core\locale\org-openide-filesystems-compat8_pt_BR.jar;C:\Program Files\NetBeans 8.2\platform\core\locale\org-openide-filesystems-compat8_ru.jar;C:\Program Files\NetBeans 8.2\platform\core\locale\org-openide-filesystems-compat8_zh_CN.jar;C:\Program Files\NetBeans 8.2\platform\core\locale\org-openide-filesystems_ja.jar;C:\Program Files\NetBeans 8.2\platform\core\locale\org-openide-filesystems_pt_BR.jar;C:\Program Files\NetBeans 8.2\platform\core\locale\org-openide-filesystems_ru.jar;C:\Program Files\NetBeans 8.2\platform\core\locale\org-openide-filesystems_zh_CN.jar;C:\Program Files\NetBeans 8.2\nb\core\org-netbeans-upgrader.jar;C:\Program Files\NetBeans 8.2\nb\core\locale\core_nb.jar;C:\Program Files\NetBeans 8.2\nb\core\locale\core_nb_ja.jar;C:\Program Files\NetBeans 8.2\nb\core\locale\core_nb_pt_BR.jar;C:\Program Files\NetBeans 8.2\nb\core\locale\core_nb_ru.jar;C:\Program Files\NetBeans 8.2\nb\core\locale\core_nb_zh_CN.jar;C:\Program Files\NetBeans 8.2\nb\core\locale\org-netbeans-upgrader_ja.jar;C:\Program Files\NetBeans 8.2\nb\core\locale\org-netbeans-upgrader_pt_BR.jar;C:\Program Files\NetBeans 8.2\nb\core\locale\org-netbeans-upgrader_ru.jar;C:\Program Files\NetBeans 8.2\nb\core\locale\org-netbeans-upgrader_zh_CN.jar" />
    <property name="java.vm.specification.version" value="1.8" />
    <property name="libs.hibernate4-support.src" value="" />
    <property name="ant.file.JUnitSampleSol-impl" value="C:\Users\barra\Documents\NetBeansProjects\JUnitSampleSol\nbproject\build-impl.xml" />
    <property name="libs.primefaces.classpath" value="C:\Program Files\NetBeans 8.2\enterprise\modules\ext\primefaces\primefaces-5.0.jar" />
    <property name="libs.javaee-api-6.0.classpath" value="C:\Program Files\NetBeans 8.2\enterprise\modules\ext\javaee-api-6.0.jar" />
    <property name="libs.groovy-all.maven-pom" value="" />
    <property name="netbeans.productversion" value="NetBeans IDE 8.2 (Build 201609300101)" />
    <property name="libs.jaxws21.src" value="" />
    <property name="do.archive" value="true" />
    <property name="netbeans.autoupdate.language" value="es" />
    <property name="java.vendor" value="Oracle Corporation" />
    <property name="libs.javaee-api-6.0.javadoc" value="C:\Program Files\NetBeans 8.2\enterprise\docs\javaee-doc-api.jar" />
    <property name="jar.index.metainf" value="false" />
    <property name="javac.debug" value="true" />
    <property name="javadoc.splitindex" value="true" />
    <property name="file.separator" value="\" />
    <property name="javac.includesfile.binary" value="C:\Users\barra\Documents\NetBeansProjects\JUnitSampleSol\null1305853986" />
    <property name="libs.junit_4.maven-pom" value="" />
    <property name="javac.test.processorpath" value=":build/classes:C:\Program Files\NetBeans 8.2\platform\modules\ext\junit-4.12.jar:${libs.junit.classpath}:C:\Program Files\NetBeans 8.2\platform\modules\ext\hamcrest-core-1.3.jar" />
    <property name="netbeans.buildnumber" value="201609300101" />
    <property name="libs.JWSAntTasks.javadoc" value="" />
    <property name="build.generated.sources.dir" value="build/generated-sources" />
    <property name="user.variant" value="" />
    <property name="libs.eclipselinkmodelgen.classpath" value="C:\Program Files\NetBeans 8.2\java\modules\ext\eclipselink\org.eclipse.persistence.jpa.modelgen_2.5.2.v20140319-9ad6abd.jar" />
    <property name="libs.javaee-endorsed-api-7.0.src" value="" />
    <property name="sun.java.launcher" value="SUN_STANDARD" />
    <property name="libs.hibernate4-persistencemodelgen.javadoc" value="" />
    <property name="libs.jaxb.javadoc" value="C:\Program Files\NetBeans 8.2\ide\docs\jaxb-api-doc.zip" />
    <property name="libs.struts.classpath" value="C:\Program Files\NetBeans 8.2\enterprise\modules\ext\struts\antlr-2.7.2.jar;C:\Program Files\NetBeans 8.2\enterprise\modules\ext\struts\bsf-2.3.0.jar;C:\Program Files\NetBeans 8.2\enterprise\modules\ext\struts\commons-beanutils-1.8.0.jar;C:\Program Files\NetBeans 8.2\enterprise\modules\ext\struts\commons-chain-1.2.jar;C:\Program Files\NetBeans 8.2\enterprise\modules\ext\struts\commons-digester-1.8.jar;C:\Program Files\NetBeans 8.2\enterprise\modules\ext\struts\commons-fileupload-1.1.1.jar;C:\Program Files\NetBeans 8.2\enterprise\modules\ext\struts\commons-io-1.1.jar;C:\Program Files\NetBeans 8.2\enterprise\modules\ext\struts\commons-logging-1.0.4.jar;C:\Program Files\NetBeans 8.2\enterprise\modules\ext\struts\commons-validator-1.3.1.jar;C:\Program Files\NetBeans 8.2\enterprise\modules\ext\struts\jstl-1.0.2.jar;C:\Program Files\NetBeans 8.2\enterprise\modules\ext\struts\oro-2.0.8.jar;C:\Program Files\NetBeans 8.2\enterprise\modules\ext\struts\standard-1.0.6.jar;C:\Program Files\NetBeans 8.2\enterprise\modules\ext\struts\struts-core-1.3.10.jar;C:\Program Files\NetBeans 8.2\enterprise\modules\ext\struts\struts-el-1.3.10.jar;C:\Program Files\NetBeans 8.2\enterprise\modules\ext\struts\struts-extras-1.3.10.jar;C:\Program Files\NetBeans 8.2\enterprise\modules\ext\struts\struts-faces-1.3.10.jar;C:\Program Files\NetBeans 8.2\enterprise\modules\ext\struts\struts-mailreader-dao-1.3.10.jar;C:\Program Files\NetBeans 8.2\enterprise\modules\ext\struts\struts-scripting-1.3.10.jar;C:\Program Files\NetBeans 8.2\enterprise\modules\ext\struts\struts-taglib-1.3.10.jar;C:\Program Files\NetBeans 8.2\enterprise\modules\ext\struts\struts-tiles-1.3.10.jar" />
    <property name="javac.includes.binary" value="C:\Users\barra\Documents\NetBeansProjects\JUnitSampleSol\build\test\classes\sample\UtilsJUnit4Test.class" />
    <property name="ant.home" value="C:\Program Files\NetBeans 8.2\extide\ant" />
    <property name="libs.junit_4.src" value="C:\Program Files\NetBeans 8.2\platform\docs\junit-4.12-sources.jar" />
    <property name="libs.testng.classpath" value="C:\Program Files\NetBeans 8.2\platform\modules\ext\testng-6.8.1-dist.jar" />
    <property name="libs.absolutelayout.maven-pom" value="" />
    <property name="ant.java.version" value="1.8" />
    <property name="java.library.path" value="C:\Program Files\Java\jdk1.8.0_241\jre\bin;C:\windows\Sun\Java\bin;C:\windows\system32;C:\windows;C:\Program Files (x86)\Common Files\Oracle\Java\javapath;C:\windows\system32;C:\windows;C:\windows\System32\Wbem;C:\windows\System32\WindowsPowerShell\v1.0\;C:\windows\System32\OpenSSH\;C:\Users\barra\AppData\Local\Microsoft\WindowsApps;C:\AppServ\Apache24\bin;C:\AppServ\php7;C:\AppServ\MySQL\bin;C:\Program Files\Java\jdk-13.0.2\bin;;." />
    <property name="javadoc.author" value="false" />
    <property name="libs.metro.maven-pom" value="" />
    <property name="java.util.logging.config.class" value="org.netbeans.core.startup.TopLogging" />
    <property name="libs.spring-framework400.src" value="" />
    <property name="libs.PostgreSQLDriver.src" value="" />
    <property name="sun.arch.data.model" value="64" />
    <property name="basedir" value="C:\Users\barra\Documents\NetBeansProjects\JUnitSampleSol" />
    <property name="libs.jpa20-persistence.maven-pom" value="" />
    <property name="jar.compress" value="false" />
    <property name="libs.javaee-web-api-7.0.classpath" value="C:\Program Files\NetBeans 8.2\enterprise\modules\ext\javaee-web-api-7.0.jar" />
    <property name="path.separator" value=";" />
    <property name="libs.javaee-web-api-6.0.javadoc" value="C:\Program Files\NetBeans 8.2\enterprise\docs\javaee-doc-api.jar" />
    <property name="ant.junit.enabletestlistenerevents" value="true" />
    <property name="sun.io.unicode.encoding" value="UnicodeLittle" />
    <property name="libs.jaxws21.classpath" value="C:\Program Files\NetBeans 8.2\ide\modules\ext\jaxb\jaxb-impl.jar;C:\Program Files\NetBeans 8.2\ide\modules\ext\jaxb\jaxb-xjc.jar;C:\Program Files\NetBeans 8.2\java\modules\ext\jaxws22\FastInfoset.jar;C:\Program Files\NetBeans 8.2\java\modules\ext\jaxws22\gmbal-api-only.jar;C:\Program Files\NetBeans 8.2\java\modules\ext\jaxws22\ha-api.jar;C:\Program Files\NetBeans 8.2\java\modules\ext\jaxws22\javax.mail_1.4.jar;C:\Program Files\NetBeans 8.2\java\modules\ext\jaxws22\jaxws-rt.jar;C:\Program Files\NetBeans 8.2\java\modules\ext\jaxws22\jaxws-tools.jar;C:\Program Files\NetBeans 8.2\java\modules\ext\jaxws22\management-api.jar;C:\Program Files\NetBeans 8.2\java\modules\ext\jaxws22\mimepull.jar;C:\Program Files\NetBeans 8.2\java\modules\ext\jaxws22\policy.jar;C:\Program Files\NetBeans 8.2\java\modules\ext\jaxws22\saaj-impl.jar;C:\Program Files\NetBeans 8.2\java\modules\ext\jaxws22\stax-ex.jar;C:\Program Files\NetBeans 8.2\java\modules\ext\jaxws22\stax2-api.jar;C:\Program Files\NetBeans 8.2\java\modules\ext\jaxws22\streambuffer.jar;C:\Program Files\NetBeans 8.2\java\modules\ext\jaxws22\woodstox-core-asl.jar;C:\Program Files\NetBeans 8.2\java\modules\ext\jaxws22\api\jaxws-api.jar;C:\Program Files\NetBeans 8.2\java\modules\ext\jaxws22\api\jsr181-api.jar;C:\Program Files\NetBeans 8.2\java\modules\ext\jaxws22\api\javax.annotation.jar;C:\Program Files\NetBeans 8.2\java\modules\ext\jaxws22\api\saaj-api.jar;C:\Program Files\NetBeans 8.2\ide\modules\ext\jaxb\activation.jar;C:\Program Files\NetBeans 8.2\ide\modules\ext\jaxb\api\jaxb-api.jar;C:\Program Files\NetBeans 8.2\ide\modules\ext\jaxb\api\jsr173_1.0_api.jar" />
    <property name="libs.struts.src" value="" />
    <property name="apple.awt.graphics.UseQuartz" value="true" />
    <property name="user.language" value="es" />
    <property name="testng.mode" value="testng" />
    <property name="libs.JAXB-ENDORSED.maven-pom" value="" />
    <property name="libs.eclipselink.maven-pom" value="" />
    <property name="test.binaryincludes" value="&lt;nothing&gt;" />
    <property name="libs.primefaces.javadoc" value="" />
    <property name="libs.spring-framework300.maven-pom" value="" />
    <property name="run.test.classpath" value=":build/classes:C:\Program Files\NetBeans 8.2\platform\modules\ext\junit-4.12.jar:${libs.junit.classpath}:C:\Program Files\NetBeans 8.2\platform\modules\ext\hamcrest-core-1.3.jar:build/test/classes" />
    <property name="ant.project.invoked-targets" value="test-single" />
    <property name="test.binaryexcludes" value="" />
    <property name="libs.swing-layout.javadoc" value="C:\Program Files\NetBeans 8.2\platform\docs\swing-layout-1.0.4-doc.zip" />
    <property name="sun.java2d.dpiaware" value="true" />
    <property name="libs.hibernate4-persistence.maven-pom" value="" />
    <property name="libs.DataBindingME-SVG.classpath" value="C:\Program Files\NetBeans 8.2\mobility\modules\ext\netbeans_databindingme_svg.jar" />
    <property name="https.nonProxyHosts" value="localhost|127.0.0.1|LAPTOP-3CKUMRO9" />
    <property name="libs.PostgreSQLDriver.maven-pom" value="" />
    <property name="java.class.version" value="52.0" />
    <property name="libs.hibernate4-persistencemodelgen.maven-pom" value="" />
    <property name="libs.javaee-endorsed-api-6.0.src" value="" />
    <property name="libs.eclipselink.javadoc" value="C:\Program Files\NetBeans 8.2\java\modules\ext\docs\javax.persistence-2.1.0-doc.zip" />
    <property name="libs.jsp-compilation.maven-pom" value="" />
    <property name="user.properties.file" value="C:\Users\barra\AppData\Roaming\NetBeans\8.2\build.properties" />
    <property name="runtime.encoding" value="UTF-8" />
    <property name="libs.javac-api.maven-pom" value="" />
    <property name="file.encoding.pkg" value="sun.io" />
    <property name="sun.cpu.endian" value="little" />
    <property name="libs.JAXB-ENDORSED.javadoc" value="" />
    <property name="libs.JWSAntTasks.classpath" value="C:\Program Files\NetBeans 8.2\java\ant\extra\org-netbeans-modules-javawebstart-anttasks.jar" />
    <property name="libs.spring-webmvc4.0.maven-pom" value="" />
    <property name="libs.spring-framework300.src" value="" />
    <property name="libs.jstl.src" value="" />
    <property name="empty.dir" value="C:\Users\barra\Documents\NetBeansProjects\JUnitSampleSol\build\empty" />
    <property name="version-output" value="java version &quot;1.8" />
    <property name="test.binarytestincludes" value="" />
    <property name="libs.hibernate4-persistencemodelgen.src" value="" />
    <property name="javadoc.preview" value="true" />
    <property name="libs.jpa20-persistence.javadoc" value="C:\Program Files\NetBeans 8.2\java\modules\ext\docs\javax.persistence-2.1.0-doc.zip" />
    <property name="java.home" value="C:\Program Files\Java\jdk1.8.0_241\jre" />
    <property name="libs.jsp-compilation.src" value="" />
    <property name="debug.test.classpath" value=":build/classes:C:\Program Files\NetBeans 8.2\platform\modules\ext\junit-4.12.jar:${libs.junit.classpath}:C:\Program Files\NetBeans 8.2\platform\modules\ext\hamcrest-core-1.3.jar:build/test/classes" />
    <property name="libs.javaee-endorsed-api-6.0.classpath" value="C:\Program Files\NetBeans 8.2\enterprise\modules\ext\javaee6-endorsed\javax.annotation.jar;C:\Program Files\NetBeans 8.2\enterprise\modules\ext\javaee6-endorsed\jaxb-api-osgi.jar;C:\Program Files\NetBeans 8.2\enterprise\modules\ext\javaee6-endorsed\webservices-api-osgi.jar" />
    <property name="libs.javaee-api-6.0.src" value="" />
    <property name="netbeans.importclass" value="org.netbeans.upgrade.AutoUpgrade" />
    <property name="ant.project.default-target" value="default" />
    <property name="annotation.processing.run.all.processors" value="true" />
    <property name="libs.DataBindingME.maven-pom" value="" />
    <property name="libs.PostgreSQLDriver.javadoc" value="" />
    <property name="libs.restlib.classpath" value="C:\Program Files\NetBeans 8.2\enterprise\modules\ext\jersey2\ext\asm-all-repackaged-2.2.0-b21.jar;C:\Program Files\NetBeans 8.2\enterprise\modules\ext\jersey2\ext\cglib-2.2.0-b21.jar;C:\Program Files\NetBeans 8.2\enterprise\modules\ext\jersey2\ext\guava-14.0.1.jar;C:\Program Files\NetBeans 8.2\enterprise\modules\ext\jersey2\ext\hk2-api-2.2.0-b21.jar;C:\Program Files\NetBeans 8.2\enterprise\modules\ext\jersey2\ext\hk2-locator-2.2.0-b21.jar;C:\Program Files\NetBeans 8.2\enterprise\modules\ext\jersey2\ext\hk2-utils-2.2.0-b21.jar;C:\Program Files\NetBeans 8.2\enterprise\modules\ext\jersey2\ext\javax.annotation-api-1.2.jar;C:\Program Files\NetBeans 8.2\enterprise\modules\ext\jersey2\ext\javax.inject-2.2.0-b21.jar;C:\Program Files\NetBeans 8.2\enterprise\modules\ext\jersey2\ext\javax.servlet-api-3.0.1.jar;C:\Program Files\NetBeans 8.2\enterprise\modules\ext\jersey2\ext\jaxb-api-2.2.7.jar;C:\Program Files\NetBeans 8.2\enterprise\modules\ext\jersey2\ext\jersey-entity-filtering-2.5.1.jar;C:\Program Files\NetBeans 8.2\enterprise\modules\ext\jersey2\ext\jersey-media-moxy-2.5.1.jar;C:\Program Files\NetBeans 8.2\enterprise\modules\ext\jersey2\ext\org.osgi.core-4.2.0.jar;C:\Program Files\NetBeans 8.2\enterprise\modules\ext\jersey2\ext\osgi-resource-locator-1.0.1.jar;C:\Program Files\NetBeans 8.2\enterprise\modules\ext\jersey2\ext\persistence-api-1.0.jar;C:\Program Files\NetBeans 8.2\enterprise\modules\ext\jersey2\ext\validation-api-1.1.0.Final.jar;C:\Program Files\NetBeans 8.2\enterprise\modules\ext\jersey2\jersey-client.jar;C:\Program Files\NetBeans 8.2\enterprise\modules\ext\jersey2\jersey-common.jar;C:\Program Files\NetBeans 8.2\enterprise\modules\ext\jersey2\jersey-container-servlet.jar;C:\Program Files\NetBeans 8.2\enterprise\modules\ext\jersey2\jersey-container-servlet-core.jar;C:\Program Files\NetBeans 8.2\enterprise\modules\ext\jersey2\jersey-server.jar;C:\Program Files\NetBeans 8.2\java\modules\ext\eclipselink\eclipselink.jar" />
    <property name="libs.MySQLDriver.maven-pom" value="" />
    <property name="libs.hibernate4-persistence.javadoc" value="C:\Program Files\NetBeans 8.2\java\modules\ext\docs\javax.persistence-2.1.0-doc.zip" />
    <property name="http.nonProxyHosts" value="localhost|127.0.0.1|LAPTOP-3CKUMRO9" />
    <property name="libs.junit_4.javadoc" value="C:\Program Files\NetBeans 8.2\platform\docs\junit-4.12-javadoc.jar" />
    <property name="libs.javaee-web-api-6.0.maven-pom" value="" />
    <property name="run.classpath" value=":build/classes" />
    <property name="jna.boot.library.name" value="jnidispatch-422" />
    <property name="libs.javaee-endorsed-api-6.0.javadoc" value="C:\Program Files\NetBeans 8.2\enterprise\docs\javaee-doc-api.jar" />
    <property name="libs.javaee-api-7.0.classpath" value="C:\Program Files\NetBeans 8.2\enterprise\modules\ext\javaee-api-7.0.jar" />
    <property name="sun.awt.datatransfer.timeout" value="1000" />
    <property name="libs.spring-webmvc3.0.javadoc" value="" />
    <property name="libs.jpa2-persistence.maven-pom" value="" />
    <property name="libs.hibernate4-support.classpath" value="C:\Program Files\NetBeans 8.2\java\modules\ext\hibernate4\antlr-2.7.7.jar;C:\Program Files\NetBeans 8.2\java\modules\ext\hibernate4\c3p0-0.9.2.1.jar;C:\Program Files\NetBeans 8.2\java\modules\ext\hibernate4\hibernate-c3p0-4.3.1.Final.jar;C:\Program Files\NetBeans 8.2\java\modules\ext\hibernate4\mchange-commons-java-0.2.3.4.jar;C:\Program Files\NetBeans 8.2\java\modules\ext\hibernate4\dom4j-1.6.1.jar;C:\Program Files\NetBeans 8.2\java\modules\ext\hibernate4\ehcache-core-2.4.3.jar;C:\Program Files\NetBeans 8.2\java\modules\ext\hibernate4\hibernate-ehcache-4.3.1.Final.jar;C:\Program Files\NetBeans 8.2\java\modules\ext\hibernate4\hibernate-core-4.3.1.Final.jar;C:\Program Files\NetBeans 8.2\java\modules\ext\hibernate4\jboss-logging-3.1.3.GA.jar;C:\Program Files\NetBeans 8.2\java\modules\ext\hibernate4\hibernate-commons-annotations-4.0.4.Final.jar;C:\Program Files\NetBeans 8.2\java\modules\ext\hibernate4\hibernate-entitymanager-4.3.1.Final.jar;C:\Program Files\NetBeans 8.2\java\modules\ext\hibernate4\javassist-3.18.1-GA.jar;C:\Program Files\NetBeans 8.2\java\modules\ext\hibernate4\jboss-transaction-api_1.2_spec-1.0.0.Final.jar;C:\Program Files\NetBeans 8.2\java\modules\ext\hibernate4\slf4j-api-1.6.1.jar;C:\Program Files\NetBeans 8.2\java\modules\ext\hibernate4\slf4j-simple-1.6.1.jar" />
    <property name="nb.native.filechooser" value="false" />
    <property name="libs.restapi.src" value="" />
    <property name="sun.management.compiler" value="HotSpot 64-Bit Tiered Compilers" />
    <property name="libs.j2me_common_ant.javadoc" value="" />
    <property name="javac.deprecation" value="false" />
    <property name="javadoc.use" value="true" />
    <property name="sun.java2d.noddraw" value="true" />
    <property name="libs.jsp-compiler.classpath" value="C:\Program Files\NetBeans 8.2\enterprise\ant\extra\jspcompile.jar" />
    <property name="javac.processorpath" value="" />
    <property name="libs.hamcrest.maven-pom" value="" />
    <property name="javac.compilerargs" value="" />
    <property name="svnkit.http.methods" value="Basic" />
    <property name="ant.file" value="C:\Users\barra\Documents\NetBeansProjects\JUnitSampleSol\build.xml" />
    <property name="libs.beans-binding.maven-pom" value="" />
    <property name="libs.hibernate4-support.javadoc" value="C:\Program Files\NetBeans 8.2\java\modules\ext\docs\javax.persistence-2.1.0-doc.zip" />
    <property name="libs.jsf12.classpath" value="C:\Program Files\NetBeans 8.2\enterprise\modules\ext\jsf-1_2\commons-beanutils.jar;C:\Program Files\NetBeans 8.2\enterprise\modules\ext\jsf-1_2\commons-collections.jar;C:\Program Files\NetBeans 8.2\enterprise\modules\ext\jsf-1_2\commons-digester.jar;C:\Program Files\NetBeans 8.2\enterprise\modules\ext\jsf-1_2\commons-logging.jar;C:\Program Files\NetBeans 8.2\enterprise\modules\ext\jsf-1_2\jsf-api.jar;C:\Program Files\NetBeans 8.2\enterprise\modules\ext\jsf-1_2\jsf-impl.jar" />
    <property name="libs.jstl.maven-pom" value="" />
    <property name="libs.restapi.maven-pom" value="" />
    <property name="libs.beans-binding.src" value="" />
    <property name="ant.file.type.JUnitSampleSol" value="file" />
    <property name="java.vm.specification.vendor" value="Oracle Corporation" />
    <property name="libs.DataBindingME-PIM.javadoc" value="C:\Program Files\NetBeans 8.2\mobility\modules\docs\netbeans_databindingme_pim-api.zip" />
    <property name="libs.swing-layout.src" value="C:\Program Files\NetBeans 8.2\platform\docs\swing-layout-1.0.4-src.zip" />
    <property name="org.openide.major.version" value="IDE/1" />
    <property name="java.vm.name" value="Java HotSpot(TM) 64-Bit Server VM" />
    <property name="netbeans.user" value="C:\Users\barra\AppData\Roaming\NetBeans\8.2" />
    <property name="javadoc.additionalparam" value="" />
    <property name="java.io.tmpdir" value="C:\Users\barra\AppData\Local\Temp\" />
    <property name="java.vendor.url" value="http://java.oracle.com/" />
    <property name="endorsed.classpath.cmd.line.arg" value="" />
    <property name="jna.loaded" value="true" />
    <property name="junit.available" value="true" />
    <property name="libs.jsp-compiler.src" value="" />
    <property name="sun.boot.library.path" value="C:\Program Files\Java\jdk1.8.0_241\jre\bin" />
    <property name="have.sources" value="true" />
    <property name="libs.hamcrest.javadoc" value="" />
    <property name="debug.classpath" value=":build/classes" />
    <property name="javadoc.private" value="false" />
    <property name="test.src.dir" value="test" />
    <property name="libs.jsf20.classpath" value="C:\Program Files\NetBeans 8.2\enterprise\modules\ext\jsf-2_2\javax.faces.jar" />
    <property name="ap.processors.internal" value="" />
    <property name="meta.inf.dir" value="src/META-INF" />
    <property name="javadoc.encoding.used" value="UTF-8" />
    <property name="libs.DataBindingME-SVG.src" value="C:\Program Files\NetBeans 8.2\mobility\sources\netbeans_databindingme_svg-src.zip" />
    <property name="dist.jar" value="dist/JUnitSampleSol.jar" />
    <property name="libs.spring-framework400.maven-pom" value="" />
    <property name="java.runtime.name" value="Java(TM) SE Runtime Environment" />
    <property name="ant.project.name" value="JUnitSampleSol" />
    <property name="netbeans.hash.code" value="unique=NB_CND_EXTIDE_GFMOD_GROOVY_JAVA_JC_MOB_PHP_WEBCOMMON_WEBEE0ea27c6b7-e9b3-4380-b47b-adcee3723838_3f0f34c8-1668-48b1-9c2f-c0e60c4c5137" />
    <property name="netbeans.default_userdir_root" value="C:\Users\barra\AppData\Roaming\NetBeans" />
    <property name="libs.jsp-compilation-syscp.maven-pom" value="" />
    <property name="junit.selected.version" value="4" />
    <property name="sun.cpu.isalist" value="amd64" />
    <property name="libs.spring-framework400.javadoc" value="" />
    <property name="libs.CopyLibs.javadoc" value="" />
    <property name="org.openide.specification.version" value="6.2" />
    <property name="libs.DataBindingME-PIM.classpath" value="C:\Program Files\NetBeans 8.2\mobility\modules\ext\netbeans_databindingme_pim.jar" />
    <property name="user.home" value="C:\Users\barra" />
    <property name="annotation.processing.processors.list" value="" />
    <property name="libs.primefaces.maven-pom" value="" />
    <property name="debug-args-line" value="-Xdebug" />
    <property name="libs.javaee-api-6.0.maven-pom" value="" />
    <property name="libs.JWSAntTasks.src" value="" />
    <property name="jar.index" value="false" />
    <property name="libs.CopyLibs.maven-pom" value="" />
    <property name="libs.spring-framework300.javadoc" value="" />
    <property name="libs.absolutelayout.javadoc" value="" />
    <property name="guice.disable.misplaced.annotation.check" value="true" />
    <property name="java.specification.name" value="Java Platform API Specification" />
    <property name="java.specification.vendor" value="Oracle Corporation" />
    <property name="libs.javac-api.classpath" value="C:\Program Files\NetBeans 8.2\java\modules\ext\nb-javac-api.jar" />
    <property name="ant.file.type.JUnitSampleSol-impl" value="file" />
    <property name="java.version" value="1.8.0_241" />
    <property name="run.jvmargs.ide" value="" />
    <property name="javadoc.version" value="false" />
    <property name="libs.MySQLDriver.javadoc" value="" />
    <property name="org.openide.version" value="deprecated" />
    <property name="platform.java" value="C:\Program Files\Java\jdk1.8.0_241\jre/bin/java" />
    <property name="source.encoding" value="UTF-8" />
    <property name="ap.cmd.line.internal" value="" />
    <property name="libs.eclipselinkmodelgen.maven-pom" value="" />
    <property name="libs.jsp-compilation-syscp.javadoc" value="" />
    <property name="libs.eclipselinkmodelgen.javadoc" value="" />
    <property name="libs.javaee-endorsed-api-7.0.classpath" value="C:\Program Files\NetBeans 8.2\enterprise\modules\ext\javaee7-endorsed\javax.annotation-api.jar;C:\Program Files\NetBeans 8.2\enterprise\modules\ext\javaee7-endorsed\javax.xml.soap-api.jar;C:\Program Files\NetBeans 8.2\enterprise\modules\ext\javaee7-endorsed\jaxb-api-osgi.jar;C:\Program Files\NetBeans 8.2\enterprise\modules\ext\javaee7-endorsed\jaxws-api.jar;C:\Program Files\NetBeans 8.2\enterprise\modules\ext\javaee7-endorsed\jsr181-api.jar" />
    <property name="libs.metro.javadoc" value="C:\Program Files\NetBeans 8.2\enterprise\docs\metro-1.4-doc.zip" />
    <property name="libs.struts.maven-pom" value="" />
    <property name="netbeans.home+have.tests" value="true" />
    <property name="annotation.processing.processor.options" value="" />
    <property name="libs.testng.maven-pom" value="" />
    <property name="libs.jaxb.src" value="" />
    <property name="jdk.launcher.addexports.5" value="java.management/sun.management=ALL-UNNAMED" />
    <property name="jdk.launcher.addexports.4" value="java.desktop/com.sun.java.swing.plaf.windows=ALL-UNNAMED" />
    <property name="jdk.launcher.addexports.3" value="java.desktop/sun.awt.im=ALL-UNNAMED" />
    <property name="work.dir" value="C:\Users\barra\Documents\NetBeansProjects\JUnitSampleSol" />
    <property name="jdk.launcher.addexports.2" value="java.desktop/java.awt.peer=ALL-UNNAMED" />
    <property name="libs.jaxb.classpath" value="C:\Program Files\NetBeans 8.2\ide\modules\ext\jaxb\jaxb-impl.jar;C:\Program Files\NetBeans 8.2\ide\modules\ext\jaxb\jaxb-xjc.jar;C:\Program Files\NetBeans 8.2\ide\modules\ext\jaxb\jaxb1-impl.jar;C:\Program Files\NetBeans 8.2\ide\modules\ext\jaxb\activation.jar;C:\Program Files\NetBeans 8.2\ide\modules\ext\jaxb\api\jaxb-api.jar;C:\Program Files\NetBeans 8.2\ide\modules\ext\jaxb\api\jsr173_1.0_api.jar" />
    <property name="jdk.launcher.addexports.1" value="java.base/jdk.internal.jrtfs=ALL-UNNAMED" />
    <property name="jdk.launcher.addexports.0" value="java.desktop/sun.awt=ALL-UNNAMED" />
    <property name="do.depend" value="false" />
    <property name="dist.javadoc.dir" value="dist/javadoc" />
    <property name="libs.j2me_common_ant.classpath" value="C:\Program Files\NetBeans 8.2\mobility\modules\org-netbeans-modules-j2me-common-ant.jar;C:\Program Files\NetBeans 8.2\java\modules\org-netbeans-modules-classfile.jar" />
    <property name="libs.spring-webmvc3.0.classpath" value="C:\Program Files\NetBeans 8.2\java\modules\ext\spring-3.0\spring-webmvc-3.2.7.RELEASE.jar" />
    <property name="libs.swing-layout.classpath" value="C:\Program Files\NetBeans 8.2\platform\modules\ext\swing-layout-1.0.4.jar" />
    <property name="libs.javaee-web-api-7.0.maven-pom" value="" />
    <property name="libs.restlib.src" value="" />
    <property name="build.generated.dir" value="build/generated" />
    <property name="javac.source" value="1.6" />
    <property name="line.separator" value="&#xd;&#xa;" />
    <property name="java.specification.version" value="1.8" />
    <property name="java.vm.info" value="mixed mode" />
    <property name="libs.jaxws21.maven-pom" value="" />
    <property name="nb.junit.batch" value="true" />
    <property name="junit.forkmode" value="perTest" />
    <property name="sun.boot.class.path" value="C:\Program Files\Java\jdk1.8.0_241\jre\lib\resources.jar;C:\Program Files\Java\jdk1.8.0_241\jre\lib\rt.jar;C:\Program Files\Java\jdk1.8.0_241\jre\lib\sunrsasign.jar;C:\Program Files\Java\jdk1.8.0_241\jre\lib\jsse.jar;C:\Program Files\Java\jdk1.8.0_241\jre\lib\jce.jar;C:\Program Files\Java\jdk1.8.0_241\jre\lib\charsets.jar;C:\Program Files\Java\jdk1.8.0_241\jre\lib\jfr.jar;C:\Program Files\Java\jdk1.8.0_241\jre\classes" />
    <property name="javac.target" value="1.6" />
    <property name="built-jar.properties" value="C:\Users\barra\Documents\NetBeansProjects\JUnitSampleSol\build\built-jar.properties" />
    <property name="build.test.classes.dir" value="build/test/classes" />
    <property name="src.dir" value="src" />
    <property name="annotation.processing.enabled" value="true" />
    <property name="libs.jpa2-persistence.src" value="" />
    <property name="sun.awt.keepWorkingSetOnMinimize" value="true" />
    <property name="libs.jsf20.src" value="" />
    <property name="libs.jpa20-persistence.src" value="" />
    <property name="libs.DataBindingME-SVG.maven-pom" value="" />
    <property name="libs.jsf12.src" value="" />
    <property name="libs.struts.javadoc" value="C:\Program Files\NetBeans 8.2\enterprise\docs\struts-1.3.10-javadoc.zip" />
    <property name="ignore.failing.tests" value="true" />
    <property name="libs.javaee-web-api-7.0.src" value="" />
    <property name="libs.primefaces.src" value="" />
    <property name="dist.dir" value="dist" />
    <property name="libs.groovy-all.javadoc" value="" />
    <property name="testng.debug.mode" value="" />
    <property name="javac.fork" value="false" />
    <property name="libs.groovy-all.classpath" value="C:\Program Files\NetBeans 8.2\groovy\modules\ext\groovy-all.jar" />
    <property name="java.awt.printerjob" value="sun.awt.windows.WPrinterJob" />
    <property name="default.javac.source" value="1.8" />
    <property name="debug-transport-by-os" value="dt_shmem" />
    <property name="libs.MySQLDriver.src" value="" />
    <property name="sun.jnu.encoding" value="Cp1252" />
    <property name="java.runtime.version" value="1.8.0_241-b07" />
    <property name="build.test.results.dir" value="build/test/results" />
    <property name="default.javac.target" value="1.8" />
    <property name="libs.junit_4.classpath" value="C:\Program Files\NetBeans 8.2\platform\modules\ext\junit-4.12.jar" />
    <property name="user.timezone" value="" />
    <property name="nb.junit.single" value="false" />
    <property name="libs.javaee-endorsed-api-6.0.maven-pom" value="" />
    <property name="netbeans.dirs" value="C:\Program Files\NetBeans 8.2\nb;C:\Program Files\NetBeans 8.2\ergonomics;C:\Program Files\NetBeans 8.2\ide;C:\Program Files\NetBeans 8.2\extide;C:\Program Files\NetBeans 8.2\java;C:\Program Files\NetBeans 8.2\apisupport;C:\Program Files\NetBeans 8.2\webcommon;C:\Program Files\NetBeans 8.2\websvccommon;C:\Program Files\NetBeans 8.2\enterprise;C:\Program Files\NetBeans 8.2\mobility;C:\Program Files\NetBeans 8.2\profiler;C:\Program Files\NetBeans 8.2\python;C:\Program Files\NetBeans 8.2\php;C:\Program Files\NetBeans 8.2\identity;C:\Program Files\NetBeans 8.2\harness;C:\Program Files\NetBeans 8.2\cnd;C:\Program Files\NetBeans 8.2\cndext;C:\Program Files\NetBeans 8.2\dlight;C:\Program Files\NetBeans 8.2\groovy;C:\Program Files\NetBeans 8.2\extra;C:\Program Files\NetBeans 8.2\javacard;C:\Program Files\NetBeans 8.2\javafx" />
    <property name="libs.jsf20.javadoc" value="C:\Program Files\NetBeans 8.2\enterprise\docs\javaee-doc-api.jar" />
    <property name="libs.jstl.javadoc" value="C:\Program Files\NetBeans 8.2\enterprise\docs\javaee-doc-api.jar" />
    <property name="java.ext.dirs" value="C:\Program Files\Java\jdk1.8.0_241\jre\lib\ext;C:\windows\Sun\Java\lib\ext" />
    <property name="libs.metro.src" value="" />
    <property name="libs.absolutelayout.classpath" value="C:\Program Files\NetBeans 8.2\java\modules\ext\AbsoluteLayout.jar" />
    <property name="excludes" value="" />
    <property name="libs.restlib.maven-pom" value="" />
    <property name="libs.metro.classpath" value="C:\Program Files\NetBeans 8.2\ide\modules\ext\jaxb\activation.jar;C:\Program Files\NetBeans 8.2\enterprise\modules\ext\metro\webservices-api.jar;C:\Program Files\NetBeans 8.2\enterprise\modules\ext\metro\webservices-extra-api.jar;C:\Program Files\NetBeans 8.2\enterprise\modules\ext\metro\webservices-extra.jar;C:\Program Files\NetBeans 8.2\enterprise\modules\ext\metro\webservices-rt.jar;C:\Program Files\NetBeans 8.2\enterprise\modules\ext\metro\webservices-tools.jar" />
    <property name="libs.jpa2-persistence.javadoc" value="C:\Program Files\NetBeans 8.2\java\modules\ext\docs\javax.persistence-2.1.0-doc.zip" />
    <property name="libs.DataBindingME.javadoc" value="C:\Program Files\NetBeans 8.2\mobility\modules\docs\netbeans_databindingme-api.zip" />
    <property name="apple.laf.useScreenMenuBar" value="true" />
    <property name="java.class.path" value="C:\Users\barra\Documents\NetBeansProjects\JUnitSampleSol\build\classes;C:\Program Files\NetBeans 8.2\platform\modules\ext\junit-4.12.jar;C:\Program Files\NetBeans 8.2\platform\modules\ext\hamcrest-core-1.3.jar;C:\Users\barra\Documents\NetBeansProjects\JUnitSampleSol\build\test\classes;C:\Program Files\NetBeans 8.2\extide\ant\lib\ant-launcher.jar;C:\Program Files\NetBeans 8.2\extide\ant\lib\ant.jar;C:\Program Files\NetBeans 8.2\extide\ant\lib\ant-junit.jar;C:\Program Files\NetBeans 8.2\extide\ant\lib\ant-junit4.jar" />
    <property name="do.mkdist" value="true" />
    <property name="libs.absolutelayout.src" value="" />
    <property name="libs.jpa20-persistence.classpath" value="C:\Program Files\NetBeans 8.2\java\modules\ext\eclipselink\javax.persistence_2.1.0.v201304241213.jar" />
    <property name="os.version" value="10.0" />
    <property name="application.args" value="" />
    <property name="libs.javaee-api-7.0.maven-pom" value="" />
    <property name="sun.awt.enableExtraMouseButtons" value="true" />
    <property name="sun.desktop" value="windows" />
    <property name="libs.hibernate4-persistence.src" value="" />
    <property name="libs.hibernate4-support.maven-pom" value="" />
    <property name="libs.restlib.javadoc" value="" />
    <property name="libs.JAXB-ENDORSED.classpath" value="C:\Program Files\NetBeans 8.2\ide\modules\ext\jaxb\api\jaxb-api.jar" />
    <property name="nb.internal.action.name" value="test.single" />
    <property name="libs.eclipselink.classpath" value="C:\Program Files\NetBeans 8.2\java\modules\ext\eclipselink\eclipselink.jar;C:\Program Files\NetBeans 8.2\java\modules\ext\eclipselink\javax.persistence_2.1.0.v201304241213.jar;C:\Program Files\NetBeans 8.2\java\modules\ext\eclipselink\org.eclipse.persistence.jpa.jpql_2.5.2.v20140319-9ad6abd.jar" />
    <property name="libs.javaee-api-7.0.javadoc" value="C:\Program Files\NetBeans 8.2\enterprise\docs\javaee-doc-api.jar" />
    <property name="java.awt.graphicsenv" value="sun.awt.Win32GraphicsEnvironment" />
    <property name="libs.beans-binding.javadoc" value="C:\Program Files\NetBeans 8.2\java\docs\beansbinding-1.2.1-doc.zip" />
    <property name="java.vm.vendor" value="Oracle Corporation" />
    <property name="libs.CopyLibs.classpath" value="C:\Program Files\NetBeans 8.2\java\ant\extra\org-netbeans-modules-java-j2seproject-copylibstask.jar" />
    <property name="libs.spring-framework300.classpath" value="C:\Program Files\NetBeans 8.2\ide\modules\org-apache-commons-logging.jar;C:\Program Files\NetBeans 8.2\java\modules\ext\cglib-2.2.jar;C:\Program Files\NetBeans 8.2\java\modules\ext\spring-3.0\spring-aop-3.2.7.RELEASE.jar;C:\Program Files\NetBeans 8.2\java\modules\ext\spring-3.0\spring-aspects-3.2.7.RELEASE.jar;C:\Program Files\NetBeans 8.2\java\modules\ext\spring-3.0\spring-beans-3.2.7.RELEASE.jar;C:\Program Files\NetBeans 8.2\java\modules\ext\spring-3.0\spring-build-src-3.2.7.RELEASE.jar;C:\Program Files\NetBeans 8.2\java\modules\ext\spring-3.0\spring-context-3.2.7.RELEASE.jar;C:\Program Files\NetBeans 8.2\java\modules\ext\spring-3.0\spring-context-support-3.2.7.RELEASE.jar;C:\Program Files\NetBeans 8.2\java\modules\ext\spring-3.0\spring-core-3.2.7.RELEASE.jar;C:\Program Files\NetBeans 8.2\java\modules\ext\spring-3.0\spring-expression-3.2.7.RELEASE.jar;C:\Program Files\NetBeans 8.2\java\modules\ext\spring-3.0\spring-framework-bom-3.2.7.RELEASE.jar;C:\Program Files\NetBeans 8.2\java\modules\ext\spring-3.0\spring-instrument-3.2.7.RELEASE.jar;C:\Program Files\NetBeans 8.2\java\modules\ext\spring-3.0\spring-instrument-tomcat-3.2.7.RELEASE.jar;C:\Program Files\NetBeans 8.2\java\modules\ext\spring-3.0\spring-jdbc-3.2.7.RELEASE.jar;C:\Program Files\NetBeans 8.2\java\modules\ext\spring-3.0\spring-jms-3.2.7.RELEASE.jar;C:\Program Files\NetBeans 8.2\java\modules\ext\spring-3.0\spring-orm-3.2.7.RELEASE.jar;C:\Program Files\NetBeans 8.2\java\modules\ext\spring-3.0\spring-oxm-3.2.7.RELEASE.jar;C:\Program Files\NetBeans 8.2\java\modules\ext\spring-3.0\spring-struts-3.2.7.RELEASE.jar;C:\Program Files\NetBeans 8.2\java\modules\ext\spring-3.0\spring-test-3.2.7.RELEASE.jar;C:\Program Files\NetBeans 8.2\java\modules\ext\spring-3.0\spring-tx-3.2.7.RELEASE.jar;C:\Program Files\NetBeans 8.2\java\modules\ext\spring-3.0\spring-web-3.2.7.RELEASE.jar;C:\Program Files\NetBeans 8.2\java\modules\ext\spring-3.0\spring-webmvc-3.2.7.RELEASE.jar;C:\Program Files\NetBeans 8.2\java\modules\ext\spring-3.0\spring-webmvc-portlet-3.2.7.RELEASE.jar" />
    <property name="libs.jsp-compiler.maven-pom" value="" />
    <property name="libs.hamcrest.src" value="" />
    <property name="run.jvmargs" value="" />
    <property name="libs.hibernate4-persistence.classpath" value="C:\Program Files\NetBeans 8.2\java\modules\ext\hibernate4\antlr-2.7.7.jar;C:\Program Files\NetBeans 8.2\java\modules\ext\hibernate4\c3p0-0.9.2.1.jar;C:\Program Files\NetBeans 8.2\java\modules\ext\hibernate4\hibernate-c3p0-4.3.1.Final.jar;C:\Program Files\NetBeans 8.2\java\modules\ext\hibernate4\mchange-commons-java-0.2.3.4.jar;C:\Program Files\NetBeans 8.2\java\modules\ext\hibernate4\dom4j-1.6.1.jar;C:\Program Files\NetBeans 8.2\java\modules\ext\hibernate4\ehcache-core-2.4.3.jar;C:\Program Files\NetBeans 8.2\java\modules\ext\hibernate4\hibernate-ehcache-4.3.1.Final.jar;C:\Program Files\NetBeans 8.2\java\modules\ext\hibernate4\hibernate-core-4.3.1.Final.jar;C:\Program Files\NetBeans 8.2\java\modules\ext\hibernate4\jboss-logging-3.1.3.GA.jar;C:\Program Files\NetBeans 8.2\java\modules\ext\hibernate4\hibernate-commons-annotations-4.0.4.Final.jar;C:\Program Files\NetBeans 8.2\java\modules\ext\hibernate4\hibernate-entitymanager-4.3.1.Final.jar;C:\Program Files\NetBeans 8.2\java\modules\ext\hibernate4\javassist-3.18.1-GA.jar;C:\Program Files\NetBeans 8.2\java\modules\ext\hibernate4\jboss-transaction-api_1.2_spec-1.0.0.Final.jar;C:\Program Files\NetBeans 8.2\java\modules\ext\hibernate4\slf4j-api-1.6.1.jar;C:\Program Files\NetBeans 8.2\java\modules\ext\hibernate4\slf4j-simple-1.6.1.jar;C:\Program Files\NetBeans 8.2\java\modules\ext\hibernate4\hibernate-jpa-2.1-api-1.0.0.Final.jar" />
    <property name="libs.JAXB-ENDORSED.src" value="" />
    <property name="libs.testng.javadoc" value="C:\Program Files\NetBeans 8.2\platform\docs\testng-6.8.1-javadoc.zip" />
    <property name="libs.DataBindingME-PIM.src" value="C:\Program Files\NetBeans 8.2\mobility\sources\netbeans_databindingme_pim-src.zip" />
    <property name="user.script" value="" />
    <property name="libs.PostgreSQLDriver.classpath" value="C:\Program Files\NetBeans 8.2\ide\modules\ext\postgresql-9.4.1209.jar" />
    <property name="libs.jsf12.maven-pom" value="" />
    <property name="libs.hibernate4-persistencemodelgen.classpath" value="C:\Program Files\NetBeans 8.2\java\modules\ext\hibernate4\hibernate-jpamodelgen-4.3.1.Final.jar" />
    <property name="build.dir" value="build" />
    <property name="libs.CopyLibs.src" value="" />
    <property name="libs.jsp-compilation.classpath" value="C:\Program Files\NetBeans 8.2\extide\ant\lib\ant.jar;C:\Program Files\NetBeans 8.2\enterprise\modules\ext\servlet3.1-jsp2.3-api.jar;C:\Program Files\NetBeans 8.2\enterprise\modules\ext\glassfish-jspparser-4.0.jar;C:\Program Files\NetBeans 8.2\enterprise\modules\ext\jsf-2_2\javax.faces.jar;C:\Program Files\NetBeans 8.2\enterprise\modules\ext\jstl-api.jar;C:\Program Files\NetBeans 8.2\extide\ant\lib\ant-launcher.jar" />
    <property name="ant.version" value="Apache Ant(TM) version 1.9.7 compiled on April 9 2016" />
    <property name="file.encoding" value="Cp1252" />
    <property name="build.classes.excludes" value="**/*.java,**/*.form" />
    <property name="jdkBug6558476" value="false" />
    <property name="javadoc.nonavbar" value="false" />
    <property name="libs.spring-webmvc4.0.classpath" value="C:\Program Files\NetBeans 8.2\java\modules\ext\spring-4\spring-webmvc-4.0.1.RELEASE.jar" />
    <property name="platform.active" value="default_platform" />
    <property name="awt.toolkit" value="sun.awt.windows.WToolkit" />
    <property name="libs.javaee-web-api-7.0.javadoc" value="C:\Program Files\NetBeans 8.2\enterprise\docs\javaee-doc-api.jar" />
  </properties>
  <testcase classname="sample.UtilsJUnit4Test" name="helloWorldCheck" time="0.004" />
  <testcase classname="sample.UtilsJUnit4Test" name="testWithTimeout" time="0.927" />
  <testcase classname="sample.UtilsJUnit4Test" name="temporarilyDisabledTest" time="0.001">
    <skipped />
  </testcase>
  <testcase classname="sample.UtilsJUnit4Test" name="checkExpectedException" time="0.001" />
  <system-out><![CDATA[* UtilsJUnit4Test: @BeforeClass method
* UtilsJUnit4Test: @Before method
* UtilsJUnit4Test: test method 1 - helloWorldCheck()
* UtilsJUnit4Test: @After method
* UtilsJUnit4Test: @Before method
* UtilsJUnit4Test: test method 2 - testWithTimeout()
computing 22685!
22685! = 34749211810145244017459972595085393263159748658303545940807821748188193957754205633503263155489336402469961667797146301531077894612109923822510971816827436094913262802243638827844643948475915545304162353054463758418825432883129059044477341198146760450707192341925525395272445871516511847841458780252308595532711325437156025697570344812391830604241626974373079481238768693559019381725640849367793613254458422089056541904499597033992046233108931806483718358455734322967508216549582916465563388690196291959980691479063816033577857896411606519083600190836383475981803273757319379177241912393633925447563575850140464342658772348815128994291288165362575528273354368916819134468138137061462196414382984827238189335748687129082004766000001054192362792666815760897789623469592982618647548628103250941855167755435130039101672930059183523355707740678174008965599832103166655592764525463598457232447504594708765374927358073815750636343811725319565901937258485790646603229600584833178645355642149464822079308720978130641911593447501096785848476160104944120707713693162726840777076595409820763284766894612712158274147267577967748591496933086372456894416200308228226532641028072642541002182284366623547094118050619814227499073201347144482901960376794349440895681740652125115053597544930126707571171942411999834606223942092478742028824429939569252272271057751801317661196240798760064667829501088831525247897133319986857428572633384590055415955972424040379104116363334303745068913329095285400865674960206327902899996602599782500413233142811659567616713883230966840931243165466233578945142475410087844209004159984580785588735262167369368399227610908331622525306417805595960370909522384427325792195051966243573515059884141967156124143152126451904607700467560659477769552473041172297261595239521967284268108151063279793845522182891306121292397043591795881806791421438729562418240258937623305401089699711786600365077727744289344600811964766238334639751309462931369388827874073344561855957353807348772797132917091093906737961033719974987213798527021063842978132930306600943170198404987824627395716970128975409369964612667599689394196786902859328063171595192658431188602494460019351253535630199998560735679507858785829818994726122659990773957996379516532366502445810834414951362813298246298413838483473506509906992269191659201972477532624466976559957518151058386830811467959373698949568538348859063680086843872440273193311838460932546272128742896779708570806781135084822888131076457410386422471464860777057857187522689270294198109368666322493077815061750523256031049985023186875336298224321171430128040348533583646253011888320907782233394481691853507999402633642368493577507234652283041041642396668210660050158695902410712899668236358211192426843872228417113720718363135988476462548676210657684572814466263896098942937734549843989164870095651719473402759256679466944128362116612500720168144709096345905174953023883736238745570910495293919644979618475488461417490037590759801017030106762408122468863825942164588742381418878384569025754413697180315604084856220430615184478058437571779923510466963396576085965065174822886021967448326497516754752246264466664362444989258288106809679391531675073816257769140436588288139424238930070699943421409378669029828636694568284552258586623997659533842365441176000571570944595224149088453340503697734030938057895558163764640104638661757638230992812599694363494747273734269602292845692518951012892689923773438306154177816687946373707165024674977767477780337330602298166860156853673748272674726726700432624481174912001247896046340132186120528933298119663635320702528121932162148749014458394878550652731052639565175331405364733366241837784161052199963257597681983158708426666685637420987619495400554226726609498940113082669897600273571599741571666518844966893153727083857065701457335392350610280109803508180669256651316750942633882752072894268939347686400159269884010257398015060954743456667045433988649841129101790802943046322577320944523954672568262123224671591189375235480124233327984892390814731420685998123665339692687656720595636400790910800150931816205960860007096403637242507175885667291292053842224340803802361578281446040579887204685002287879335191228783330729063266115638441306490581961256547934898396591401397084672149001016753599954862239353053407974117727979680287503419871479491269189109286273143315086664986374266821113187761327088225767590963127617496644620069577340914134850247949370630996677205888328857813373446296084719266995518212017723180952418533581692883447346359998453412266750036039164522801796296137898836069002046880151429789087013275587756272666797854729789525485468251525785686879490408806410495810310645619452742416108613256877425855127572005129049448423729357299827495708284991700324466175272590588246813674967504289651036781454383935469838023852787582195764906798670044887961511298339948044432182669645787392669571661985555214773743310337782887903964775801360028032114337749207962548457912805261999269529094907010258956332233396285448250929309300897737609447588892129067932434287513428405448143591130736341041879680664748994935345878875869245529639928856513891871069086542664691108111445193498945606732827669689510123639905603822338148931886097164987946432839846710035555948205031917074434677234056403792492275824807970672477578930174462216271629395836544101970997280416643532990665607211654922675013882225708410648454693135854850580723424931906071220008103696202694485143426574504593436189720351632870319658137365854312802069542118101824211414416831073918009376656725678945573127306360242075298882444814543323579083059658682307904464628687423904336824166286443362734553140517827290861233373454245806498165169586295022706892494224984016641318471805963843222265589836686379359091975746280051694280140823887566172003170006887091070958757953208690481094083745802015761153577269694467234067317338510521179880212646432059007849125433061344071490176704048648355404193246074548514352387005501931660017391825221222473184052462243792510650326473607772977029547784045892794755765650027230766903769915937538800692187067957391691457391006748943172812442781824894276758475081790197077344445183063953040347574679667413834235308387404489526345085986855604325500349546739201281661714091096133104889063422860503293936816562059500085034388212910574709937373901916772472437706253812448804960181451964566498496726840437390456111535633751387638968705988931643185538511098345072400281664133647453018555080027011449531725031152591525830843331689627304053030239182318013962892753874236522951503408462334094024610151891324313531000124981104714167141230729408848394224355767527943663132799886708614990368506497289305020037630902186135607359930914335160871750473957280263973316005848304313334430659656341016475420927806891283024822653018939396385632582801201880935998363794659945863426069538861680789905054255653413303081545943590078783414690351218315597526285336263761148624123380621919477608837612600575206292369634548292524617062223724718172657074273094072662101371308862569387040474235350474791617472465479482888428704224695763536144011514839909988519962559690335548767186603871885720747459186812862691180043060794474717711030563841252851527613197678438208914623226316718386910094341277034747730630496249442672061744240367636915087692252179452445096804155426566670324656804879051478059270456974120114752230915334797507440345005950954934011354376894846590253613914338064728650469214262989051629496680997966344328798351096584363723245856157748921381280911493158017857713330319181898295129845924861924096625106141738799932847260839315196456775690810222497025267768180743483841250506083322575029774855340947799428978398051181385842232856471145645333393092970824451322797259379937417263671258078578441652181994858932507481028803449439255550986053810106721835691171900861059597640665802675042039803285248703220903638616766160547371121312458010684592136082070037233472595266371832600897570725207831724834934133778913842894732152467672387597267882814773267957367625761510570999244185029424238786135240408626336135535557898764581334598161002568954679876169873962238043131878291067194652426932522977948666308784365526149776502294371099410384160434615485813637113959171524910897752584157447574407763660319596347971547664775891151895698562792753968774322118952516976116903856337352474072625320315816241516399289698826623379688390595314386979975472530133121220442906537940638745342898614783173356581475583226481466992305218507698521071485776507548038654118389872046145886489616168931487560009595959217732754306784421092860608194321974375414807008950335344887402874777861676911975685602667190637963123745238192935916081978904200474991706207846974000799366974654790372392620500297168563162119291321129780856020943990565212638231717911579231097766615348854918825510781422000689373966927415717231378714769386747487162632675007274399190388589758966538073443781842989767118107987595830929387771138229424922508006966573076752602334262308406582348666062908054513327386218585430838634393292227077360501660238333135070672578203176013031365109670012695848102126000797109476963046266942632188748780738272583644244860508955720843127581456653926175154765413522533070618937775351589985984287766851506064511579236135754777128336417034041211872114278424768478173135816840159971257829344893931488344984988011735222668396890268389901778940427731135161435710287921943653222370731486532394091895683410734443457710091666847095787688027892785304174369223088832041389509113375061500370718096869351275543860102215162437857106950584943367899914460828419384281852667104210019575795940865108450464760127774963598472328016651274345990874398722308565196558030431093730404237989251626539953816673789992955208482816146376531717183742921721093325200824481699283138272617016928583821137936601900764147511720010618179225610052907612635391966264719042324951258453864357241880886552154000874531985560658946075051710132322935864900382568056196442829246142540014852292863627017950533325560259497229478657321060602591240608411636559959147488699688424688432260181008071101345923155707227341138018757534169111862755359959815876471923710393576345127224923231116412918192721917693666906071497971086127630406570259864511092023357884790047577029087853512667003692944315160451978593670666380457444930961875201691369789164427959488681741927516483285081408751098495944162496675747078969481076606025988932906575364882861674898531173078171142215181654249409701993521692148491455084129207713282799950698244319385543280038600756793959976124937445874739028008713864863742036836000227854904140777372145443868652889599244419116115409835277067602031588424678263372082070200733789607127453564934021051218428376048767986934478473130918534328057656566456922853450734576460218346484313359853594567267931588864672932805981138946277811232877583616392211574090105562179967535896587078106117955520034985461870891363335484295313241565213918265994090221128917218640504148264117766760873259337464088120055997176151274447358489842337301694627118280162465907096342371288965632059105078522128540493528566394770559446848792724359588358356503220100559912575682843382659450288254827241804919683678439708947526125077124839357884201526162149085074437101143571513008161700048391571913062562582787258547154955184777485617721863925716628009831954169390473494034537415666217236033484865832054971658818994026756565328649627952827904594795260087340408520039627299157168609678941123378219658614307023333501431508772436330714031050209648874660228016916294897447163972472699737901482459705364092913852066614235755215907007231814275387289204403861289665146590135543821788504920812388454552071827521313474283198215965952043442850038095759222404417902532999013931685053545191876921681560788494977000247475026861883503343925284867483752375021025448841165790080193702232902152955797804022282840024058712113481289067640297840409297461951848149958021860586295060219396691141746182545769009432265481007048444391652438251777165644544440568701087830829109364726536062099907419579239806357963080693627346163850267197526652830406713264275738138863299672348489238776630093572068204069267098874344361258580181611040384187946822655844434920667537996959363179201452669458240185626745656010921072235104431801241176371074028554759561772572763182843655036650462644657723872828883715070464187366104959833586084444482953953044063864792928219444492895450633033994087682038434794813921778064136315708193593589885896449781756688339381586152830072955825409303707598509028167030095467215623164091602494262838338340337742300877361745369900483767581520830606942650778900248006044417229829016532507274179627257714700908469819870114252829214443483471398872384824140895273489829195591079951722225910070401421998718578882751257382569514085299893525314786385038480132985414267588864252145238666672391345142747635703059062951778154123892444376649920778104064138850526904693967755327758296558976790000410808309131791340776187515868177619362162734969725636577358833785567780570948606526195616131417722263749120024888798747814884735993943107275042163761932908723491771390589003117089396032236552200567091425043955996948823659279512986531684740630072187800104993108191162084027888341169518587745610336692287912813454697169214286768314816920401124574487081435920010085791142851205094732400805293041498614614780493575673989399789482683962228407041920280400928536076205882298365258623784232589740285942808267415216653935174480083429353386892577960198280394033887021040161594913961093138679241204637294114966475168326858387061852645004984621681857530176361051242266367894363887421832107838916809945744777785839028400038594806658070006656027341093834100215854113765780839261855602924391887781227995533347540784284195895630187907592805657776404874132777985169822839085130999110960331462059141056475983242088795828807313749916021643400085486250725827948806130037462830894941181078707413423118327689756950985156452728895509981628996745151225977621054766622454788237054123226045122034535564439125696167508596797872855215363823651953273137518888868377385176238081225239924227699955412643936102774532695830065242531479124147283228063149442012832305842953671145040909890615206614326476211507865810839015465423495181307645011297921886642506178173652128845138148847425326062930895395539999526183046390766450837672218032011974099893485278633115662959868628306404819327084614656399497453034781701410403309323947944594881054357735559192295962367052209604432075415091684979961798000909820314993739814916205371722736149092465942118157265346477740920580702098272972567645345156818179762300092092087414545937620856460256820830797040222271646915893456075244656729193263902126916621061765636216867172325642957635757662878610275267852128054447356963957311902994584538626723202454930750049422025114088399906975445856587486982964693029695334279881333782971307062299107115284070911471319642819246551835941680237274348000891069422279940167712873567929802496267336531248874207837786806632453079576018649600878494610996848160889305358698044168866894668760001508217730701567414878742977849113242237125011988946452668279615664629969309789009136900548275124961469268947911131587313090835315220032991076542972158453020663647495547890027747127172593436412338146016519079072659394229626409353650886608635429322631287622369243499690838915406236827041423123794982423967086601687031220641506048246650420513665099993608742787646616221104747069473365966078859598682275879065612982908708137520913694504976038802529541525161706004614935401871001342053774219449992527458153760323495219964045700742801710803269598902038447209582408743335463218568038891709364083090548424529998742878128836668671313339505546281068379254284921557960780123307817565110626511400869184602952895894206360761964659464193025380060769833324313057460163363874651623669277714604875629210963773233120478934357180217735167064466040860482493771831883955336086242636953677509914989439502400551251255686306053144167574938391447493002295113423090287640862259688576173902161188048689745077232210283867005905559150006103330117503498967369142200781129605246321331407259651909439771545652243623082299952623267644785622374530082346975413457657832605205456438826213718809330778350766583431365118343999938708574636734039680069712414475608728171215594470903769438534007991875822944904211747236828441437154850483163888217515627504397139423148029924375018405514877931547674161191238984319229385136191726536216853372641411410770093797697644536521989211445362630502181229174467181310064879243509531364901016391555718244402168103541357865064553466240284273891866891568745117289353620063862461199136740981718536052455602314478737869612025855170508726426680106051296878671384401471494967725247186205326203405018727847813282184204988469510837249008101038188424869252223848699030619527673337101217033086669572010991585327361475902462444568117453989641005157212343355048624568533301937787419759410592195172219259107499583118639444964589805130616702851945789527387108626301746776736500199845805475551561349521751123030198143487696194564694674652452065358616479011272647036497645413803249883883072391597211458449996025230274435208009120591341267835751371835988175469136981086235118808935223419619146538801498448855857134283976157341929113491306592627167553430984355306506352559357495425500232671821588917950997725639112563802496832405757120812171273434226427902235908641092674115493848476965847860464388099326677454903297026554932297671910631776050781374751008549720169809180190311351797827483221409661649677483692208818926291734126127957470937457864203391447269067865341539137450694409298770446836173027978332507265292582507899395446836652238053371954673725002789824159401446757863622119137317035379854342867630064441415551637479587361483295556653758095287790614979182368330496256545939209699016122229609127256134170147655051770368789694264273325086541448541470732796440406189708106152526617992779116556274159405796491926845120024215211325695818546518743737627992199054450278020453865104018009578650731676112379210757043314853492258671975939470056686441820329542998269916149578856485783503526187687062792089266236059409192305227976769265814761773770268004849341484538250750562728040554125836665669417346552343079215420052143594166990791419101362845352640522882552128735884200349372027716818651688686251409447335421929504860527136998052976399641646346889917260091941553502912803015387022135555176939684126632458936995967808740294228636017784117734518162687277380413670045513638163582024269880567680916433873298064485022927750202692372098932038649306595554173307410819694638605331002901382961448750834920616337845818785454862938506138330211512012823629288320094481832174151379510207232123994142356842599750272433882741299201165137338701737271074965526484052490919221170019985862438956986930451500134314785451171954135907839909125425767152351042950262590854921346995570797410504834316359006071168914128337932467506851792357935658721521468948644921941466225247753031569911304211318833533542153660162231651601462242022229414036895324221750389391236591333781441065754258355282698574209518015746358403882272982843739717318165720938347710973989811898701570172262218385896843973038941620137490377829438392197800339739340112135269900539371201979730113450128474709891358810325520377963602822082422917145215060927075709914076310160983537821995552032944674372011105430317797153460587751808951922546005722187041340399782891706298083483710316452619055194368326071204919451352496493587508392249725019473149034405876610909471267297950242950252608899711873253776315913301204409580679894690468003009523876372885037647645442899778687019638855396918469081012374416408627031490360594161391373348041800748856449466400087609533999122002789051618095483473407513341643913828387571681362873690283016156253788495505922964274510618868434524259445640899065548569294195382834780767070008306454481383288625123541530985525508600717008331178699049042903790450270848865624092620305261493750931783675717673376831392109801470122114530863679492562593681166918026469303188700638529395847514958303936925859757078351980428428125191743712766059129258213167168182172694582758272814739438111323379157216471500621341294606699414234359885350407409876587951677396503253754616049166659005144801115369548183310553313963169734914250844426843466545156669873488157276371396750786907586192701328318423212451041635927651275766275029864951176307301273461482785002736637439221012282763120378713718297064299884949303042217367830043276563945259134443898117510353092808692926590256999250044115987805273814487050812728849686865404798778742626068143684333094664063461792523740444029572737513151666379820464606973951868029433075244858587719593804912134007647059374200139233261914557080214172609942921607927290397449483119959779291494045831841852648465368962338399288771160949751205028165038136020913522497309356629265486188944309765352997911365822376060461008828372095881608147795452406662869501091675269683898243316095467298838812562501605511343108075312369692571832971857229487571249130417037924162587431749307743682830010667521173357250716688658276786429640992590235884373271783966955534412044595027329405639362174910863916728489853748479074933060457709555685813218177976628340202970964150418412823027345176842954253807120506151676925167300350012773757023506197605658006201390429581533531652760463868809748061279146151643556156795928165021218136945921226587224893650762672544800757049446902772887013761897813967184791710107718818903127483611951148134145924370223595479228376501718115202313954521455570008106619974974113013407755799244210903233637642721144523245462644288784389974051767114323000649847793837808831381996208092929677875787751232075695760705087975306620935694115958659030099541673747008024563888778668102886043554500852632759405817758576623718121387682309310919957365934213307050970271649696481027587416366808913362248926738586171719609975921758009655209945130784638916027599667970925193706996003767561199047374165043435835549471991079326503487485888548338375845343564252299337745403154601308340872672015436992550248017729031858964705904409391572461358401027377021032751934456577395752600725594381659268879083690561976732436758824893011652641024460363801071023653054216533352228490148924278780400614789661405712958717049135900845277904945071226411120087259055774051734152003754818679209500666381921529721471484406821826208037964508826220377505931596241423767091099992164808285416601072777253383970989924473462862516282260133361760553949154276488914937271671770526628910894112352614861233301276437565021418323709206128290177910242771531280589832253182670965948858995833661279724010480245140557702239219642816728254176218405987384908667058248841088720970356019867214306099394613535053817359571676074038811737730249076572498886180776700947861261158553568260019295432535668195126033565499834644721706027532595359489923338537075807407271537396368343315233855495151801584328592054707546743061950503710177583153433083079933177151653215433231974122794225821908949589295539113787389920766832200185913468653163891884628550325141620284133271485519929413900976191903718314692755303529265159491290901594066638873321123404184187969616710052370451148579025895873579403380861843420878464030261184265227817629095936802645411910798481314608246144149918402680927512618098965152935833451737101347884536513519511046138694879976303721990807143641293559811505544442537681416431487651673299059476843770557548136311450330562123930085437475260683369281292603006365228190568799175984620566360367027804967306696035997914554562362354983027934853562931144585951461833396797365237604463786617381231780173865587976909515462554777609780932679954389541204240123909554237989458334782240491687883730181588386230638512984036763004272773764534052956530097878783764712036254683171985185598781848618245483060226371479632799421015962138798689035834408355949228082637122029310395209222944511506223019258234052771887829421820730889940166661781662406908512471596203683769550696773423657781486935797178859722381138955778233776825818629823650045411199372967914122274144434514534580455904775282285222197090871009123042176396262447664937004454160554759839407053546858900104786771419042583605379740064428944994679610619859840012337228798615388443703054714201003307598345174890217960180019731332398106535621626551276344477239244774393504724848154181967637373837608955689453723121490199300039790437054702921703148623998703687302777847014355658053331538649597610538568337307202561687058277809841700446031402648226065743160295111814500395046614178931874633427602080576108072505114517068017169277266335881031269538688500322587860519670571396131843681490810467025110029053611223836494371211711739454648879026414035771871948721542343355133406372532148168333340311771377084081831010335968814347455527054970976501654614538228568229423740833067025482712078220530037734910808782347859785418460715371011697621272224436353105246244135644511365768696512599674472730298388891139563860111612349968278357901392369952997430063519983697920854616012222324713622850139727914383858445231078575743514355106812129284000707815758937187477613830780722603526893467846254384052969159754264509247937986383221492481189405788451755271103610550957350895226670043813601480616178449668422465534707080392109678245888036251505805538953196043558077306916275054863085564985584528046796971234865191534087402790277707611393125638262825905672449276706406925524697899619330114946247861303704184860155749630010754137107093736099291352650240623251847101490546883370668519817351605306251854282882494866237915695075452303780770636835049395822553663527998837970226929178022413093013931944024397381734351509735778735029419979100773161027628729971102964236250601680127471634532351372567589918407358771356934338603891162846534643341610478005123267882739712815249048330800152795341490116610891890327457129174531186672275824544000052912154142810460996717193284178961686828989616297453462587173722357154502183047785179920130713197160192953321040343472357932755067700799786043894251726805566173365911897895169438737599114804943584720189044728071962692213518849495928816610613019752069536996292713568075199766867134242859065071764616799804121612142376233532457404725433304691189300138405391148453586651818083413960623889866631590427866477449123935948626846176486638212102214665235640952317371288492117206603356075862141015132132100782510911955938746755375614873963019992284147668433548618322117184000301900250383281824215625920248502518229428241956695112368911875488029245432114112605115293023984126968500627056954266037414634129006695515228014377184922950229527257736335551257551257006201393762331283551776399275633198514926628342246105185812766465385026973777094884106882077278479919469338140095260321570480171097987565411432632605723560529133063946043442219551841027169461820597227784102814001782267559540420252157471171531240718396791627949336609422754397141562243976530408634156479752450976364720153601035988780837994305311025662457051506599963400555944684546729049410404641472545914725941704748577173416357789705992588487330696268769200540400273019908441131408754803682899384379439523213237971285525044423958947984269836875542383863680996716063862711215290130867090077232005032820303577036045964157292198990285137516083195078016617947209157543681219703038141399621738280276372158428194527547207791102291852669504285155597756065581315410863550194006788934023053262015770293286785823950259169569423550777243287700915817828827230936722608983837444541167114436797737986138180988351955265909524749272474963019498043101794531899606555268668657656675831361134875035556463656279924453627507630259913725253586721147852797713768991156774548635158582165111405497461373188127106875471113341707587441810053008567913313280402875735295877124670029135873010076883742366366800653692083493191459111059823277077340874717561971854315297445046167653022276849587987231289746665449928976573832030536906394284803131418297543891647567905479794112306696612099933534192114703837540475986376330927992248711797376082617253651083787988760028534475637679735771704367024741474459730777366193951269963491448153542062296355041926398111536809807582820533456267562264550156438377147654479169522151693276843685064113610746662780395757471304173477845039875031832252713438991618281528930340414913937298694464478323527692262269084082913009736786903547458917892026168316635675172798375747286282091169672289446115930333617452765175512297968784466952413556508786085587220858133406552108606884670395398098667445254505017352773982681629344155876325670534296553268246797395884237528774994106915945887994594418317988515970370361938613329647246341929819702563113722984915274575050802604680531131656229236419685979161928398797206026863086136387345037895706514573155676291365654125761232322336808268094063120532618122414769292230274830554256993035295756041241029930245027466667008974799750734805772613975262445484848833762132150859510316873919185871081445591910231434554378556257936912677972751107962431944146375097795436266297387374321374670129389277839192485183350248090237358752503755927627954840018061930364364770404685853624962325601402587035628609775989296898541183046918201711015118723904151517816264344242562031574874012902510863873988393310095817722311684734565037621403556027244214917052358119625141940688498695262245362421006453019402919357206849810050725761544846542485110128369629265682113611959503434210642555517199111365482565421181384926560154580057744384119749900430091528964919641166622569771612120483185963662104308725640058382231567635991114370363084908078590272160438391472898853244790681972766239374061282345397600388667884376673317237179522921877194883301181951326248028888073070836526753838648317251965337686520377491926398081873889813016510033609178483793393605385824734222969564738341934757234312633118116165405805195604533659002688783962131917374014238953022476759220858945231589515737186878423951983710171599074372756546792271358892458897207401813211361234943671246347876305644896114147830627850044270916990656201688801443223516615732149942786976930610907649435615026501196775508085193877245950292509299178290937354958546604444237602919667620750288470606046216211492058270485742207553235271510867528552141256756161165250960209465454306150508215378827648413428297338196633010284973246011853211877109757711635697160344456633627206083860525239610370473837384762794201381984623346631535405220662594651261421664277091550925145542914918041047327715729723142215406103880454655234905762493421616093712516015573561785342410173928275474962302471618474821101013165720442909236135863462665539793349937887638552839730219003723914558090765645473696039931689660427680610946278967213186534309926014198357470641511199766875451673133630477411801684546235351763121081453819238397719458170364415051531536684325500274501487873054467243937428317453819478837349874754495546920707610672669398343996609801884240982622066779473624558000653662640458347700096669885546628759481477353453798329503298609646841544161098770439538622483331805478964813197647539746341040051268667624357161392836313676722882189420453782177561971787387894984968276985650949564757148099055127223282764854208015215782867021202292613654970169398590685211715293203033108902615948140533960541475882994346452338090670614404064049003870875797864090446746603239087983520290951945006441341040383698532616793925593672695515625165875162919193732293158537661089849012531955982333877713257216256889414176559463714557128328106987473377521476260390804723923134402272355894642152983647320429559954914987131346321669758388244392232374015657521891767610335967527113845762031569761583387913684246179717836154426413916673752340353761380437829184538728612382077019919804104333522895390502601656715055286173526393762796059544347160924216883225507814375844163073053704875208264484639128325974471885202338967967659755712993536612709709237318523649505599114440898271288663355868535495400908244564283525137623742469251390796408257118697544465366676777526159844366076400563684024492992446326416622192259074182953404702440713395959159548587880342529993782777836061901059196604916720256159965870630461942913422234109769337640685632247708594457330828714788885854463632274235795854250842990111578948968810901282668972753604198127821885150134835187816230324980038945305205842489620876520706397230796433517120023177303028524774838398525261840509728730966883717284470698993759948552227899091104903768386197033818860803756322390632199465517145887243464564401674758216530628716819360703513147558142952190078692002721323359120889173286448776333828596483379866261559358693413518400659589038719368166916633923745548612476817084525372888083949607050693090331237116453886829868909574056727687324827713229974905728201332608328399700619428232929595257178788906124126190813692029031262588437834452984915332179527810610692962902803767331952385212200967873326744481596191713905593708401091836614013442101187371023309030004515582265283478222009669457298611406429854452425054734499263189303808038065095155159706616100362852042317962541591077287297683889583975270169379701496484409985096553663272836558468856368872338222402110066897881319598316155594950434215295643384253548249121457861737709103780267090999037734104887918321947506655555486622289552415536041445598260641066094778895893594034820802974315359538174934930662908124865506458177737127225752262701391387799459482722757159741263109425650980364767282273653077396781134347165493574840964850222044957387252002765160598848962313426024865484997314930870318170245853888171844415236917696767799872548129614892381492308794542953897214526936241987920549130338811993904206691961125984335348056318002580757917193338997483949962188928483885244362868965069071305300367510264470096385572775191770539117340644185008963627914855294255350931286838005349883880381530183277669649767685667478319093093104881927211574122477606335204534971134966046098436800597906142185589142711400711666604020712966341104645082553465698309785881242898940742002127452283781927094695178531512744315013586517064688907816720950125717881446835411019422459607087282481801619324117687630961158996068901402012699878977906500642485803310081594857806528889269620327169294500774540364645049944572226391964641100707980423461968018946650914629229197112925118048490560679034492632656200984475305614229777599555097429249721305390728171625176992079123993122533851132688207544950109070455592289717743277453673894291450180877910377209788776298890012839860879892766527752667439070897690821777396287448552504477735130019901895959299919005891161393191682820371771679217909848430008688387714275020712030338162252358960672256869810150600598159845998957834441180023394030176112752932275573580083087756364190285046459860352729823177257076467699027402447217675895809458896065158872441113620705456882251202498544385908590284976559666527022396238839355153267315527852371333423631137963325493196137438344128581922731301560202938286213101718219057426589737732636692286585375321988466730276828081931717333720681485142551615769082830138935046660465506209931507591790148586367496362358547490568804924628795657840364653811726738601220897054137610547649993228890135187245770515529944692034177260801391294063130060328994428321961392458597915276642074126585449751292969246538058983738688200712229004269003472910030522738671467461772375960852985176474211184892274693634333286675704788254001613004027930003387554503449055788967688152062285279965935768579145187919945250040643173727671531220606931938124147212134581807822436633307992266295293953088453269989799670867948304843023383634581184070278162896071245522137706827853636780446551513582546824733743710470458121985973572339470182534794764213323928064059703189062914711981748579740329345623175736544025046121925829831538247572402144779124158052705023896203817665148138952651767835241324075582488958215195416770457498148765234287870254103783550580678163396317880488073704441884221373795547192417928619781257957084065847040016431853742785691458994153290875978691278495246664472179804227629310947813069380687753562680345027945474501454794709003274099020452301702412553002168086154176822782376854094505243444896421577647851517004050864056554137348630712109023735043272213647383111487416434168933364443133166344363498660176467729965203078915002281936274975322925878664622310095034634092079591081145006758500345160225245182841880747817464176134799782811991249923091591230857229919139595776875733634285883822969758149411382999706533337361642299942095656820478533534708487026268527036990912844416721746522762739585493256318783577039565829725069684938366509815588700586516638769953347160691883181827752652398366790859510364292581494175180208848345757873916797159559614039858347027472264901199527328174934497852563375125292090141848626376190973812222258327456256672613662711553749691170596610768382271012699623660824942697774894849571003440992202333680508780713875341605505127537224379592404018338738294125586686791531120107083050551322155171033734519843413607337440385182650041730247353935192888026607323210140445954472708073427096863743634696394409910998102765684974967984548771035779368510756908923516983665940174162835651269168973782026054344908811763004171272953237503692010228446081334046544639078330573444743390838488081959751858765603950447361098256897198847486558827075340820341177707136757585625477322058652997202405858412062506633819350372122666705625108590641080809290960735668173353455365130391096426295117753032304727451523553679760359412569746907569980672972378424362102097654273357736957516249835704409142597742902502411844541665897278384605355508650906819602253360021461789445675196527229153594330568740861432991576592064403761455550461057552568916629030172376862100043470368153593267683788198572477421794644135704508529724458225032096281388336538959259359792535760710612888502450570297619592310895376487293279717074413854475535528391044983879032423997734283841764321380520714415781240647343933167853113118104639021087040528058500234910963067212031512463614646435348357064200086853158015958542228326896511479502824765083128984915841657312259092270042171255977711929213002777408365249506104530343214966188051141545646343927721768055250852226844075811398728074343905720114216943698857980907802419043367905488816905690422031192472642508873125929448614160393176731573242000741000660668243068369014924767152669308077244067439285814758684456014099528034034617639516687069361124594411897421332742266739161158381566016189541093198164706958968625833477412409571650171245964643994108831891666950573811419452866485378660683361958573992146389823428652350887592699501135184224427014728068170098202517491217272353996930656100017376441030592691666370105836107554424786256503748721043484793779568256384974607826788317528817164620910442536378503021963511387995736096831506167356697790098947942416531544079751697921317743158144563618794710778687250027381435685330950897861812339372490820434156997459691458454011234197914242033075012975579967651815597668213748656858116043024887322542953457552421881789569649785548643400590400121107009347459616286211739394541655061223838588318989000891304488116958291645171014799613551781595366109496873432834922216523296809717484799051397349331724548750008087797275075602598765227918866934589769699110676634000655071088872834020766615108342558666232547641819227905621304274132211587369692089650982973825327822089665331115029193533516061211645918967516325353906496521275563337636154077449430633387837402319685497799313142108796785146019655067569627821206072435979215700738940627020370975248226938063311728657433693460965797763440162415639108337406538186818601522824030186418676932100578717466988102317169601729561983815514975986924566389796380016975149972100750425647439694455398361474207783929073128522834655164899700154854308801840872401601203574874871430476992650941579813237790344384915946904807140060058938005331369032114641977089697914131810333348063694149452205255081434381145825436869239593660687976334161289378083344402302148008099603260097721889594463885693641680976157669071695212897416145607563661034715296792144615697428451958405976014468831836243914003516462027502716735053636180915832910863682325432453749816876199791296736559189781662162953136600872483706101691643587262486205534421284514737751838836690014537489462373535869752865608796803485766663074044628845071986991456024067365105517796298900975434171157349251371363758323145444043575695038063796135660966559435369372587356314497904902676834931882264648811577317758289674238303971786006666572503039466438901952695372360181162196394987125707756862109557585909171337949702079992026253403708022300441845896894706752339964396077159043228100750125953252508736822830982611536705941377830660337135863007391428208629214098139044036693021664345612849148302414878162466192281575317646196016218791667085240950212182786107525879896482436372958208854429039909692423658090351705823894019696602810420033142568792305020396167032867446317094149370116287977063732025415486844769209446462269230082723421373712364974231766489747386964055028961350650258612850969958261453345959435132704590503032880750685252688596312717558650463361938031432612436791561759844294740348274965926838928961449942540858145982007045103824424571750779644201776377281667462540760622923273635002997602082323338303342206751742897358518885452522809350270416736200410393737873735449841095837276281074651365017628872732766677684324048975016599157840009908133572075026061141466222233884288860893587869404827683590036510438963616733058512547106280593776538926176956883364490684190927592779793002778390864112370865532079243887607817570424374472783382979885457378798115993816353195114676354436255439062568359232372615521040418429508512813547585884644541762056634119277290794007541650660761792744843543661388047433475447634895889716934812545300330943605460811953821716898055261788065322516003313069455821182919347112913202560036514725605226226164306145368132291857431353983747473957714351824735519323597850316799493998102333501263359983271573319150333987746519818901947819066861559066209812890875718454015235272639597539015695359501871216136211172794622663156842230982900558204410746026658205887764924944557504932666702209164856365575980246491783768263046368195606552676350324092554838831260469333219348795387264630543951432863183548523864086250275573136842311255035302392654386710086721993611818701713551208306574029897462148352178419978439201676088097327630939140619236350803161776639709444169558772045393007469033682555018218160986486784296885268766010858949794314799258864722841170162953100428507755857485283448392407719853862858623842087178262858242596621906166579897255922121633424710586727400261154409689251506340182855268215627123123958992501466204789164864998678492195043832301816683082759773240336719617465939059581903265986946328317683252999838140746560788356767166011816423441124701690038938495055928723378414700392611031671788370009742413509507615823489698061680857855598756076442771643826703835126159900232935233773732926619956161966822142368815028565949167291403315206086048752979930627309891769936573390891228915695971056415320905098720277183729150001190079798168333351540299537351300318828167818793670318698705522212028233213344228619774246561713404245186729739127879965906071704752491654646856843691933338522855486701976059499830589676184145988563651310679282488077509311355668126789368330525131537357972606205757840618936496790457123439780003402417153485127959372894834718049633383442321353377266776374025863625573197419235011899498491226426480236351034020842337599059425267205220774203472441082023540286641318710794458267868947925735219884355276354357709018383548993234117172396791093294411657340292489032619166590360564468669211585039800413876646593328230918374465074097897069989165916693375526733866589008824114707083788205812373276451665351891093442701469412040123623407072541393787228770198520757372909078861900826680871220301526381145848515838948518545461022101137242605457102452915615996937274429752687835256908796299864086941634325615111824484903822365845732551517778220338360795259192782896706850612591118468264500791051576013721551985003019826565128215216040981047225908953332469989241233677113976999975606491095367536341401958947765171253150985805253082338741387364257066954645351818584998688878986090367172633852094716550172336558895636509772025442953611649129044065357802178678650350181457933543946974781904909712223999760068663747745390602300796599601736623892036964918946962438530113328867592840971823271327863952118423236908003301238055472345062619044871229167137140864655736217600167676872506773848588686668977690611750951662364430220883219617594893511073828469676861944747665399810499323483473538821617538250438714642979068991714305638771139090982780592741451007962194791554384514991349715072383222125237296055765479331509162119797446416467956600464754151129712542047871600772680178132507200829084649420703615149861838014910019743460170414673614777567668468457324932159517359304768647333835421300195552352024372116918863211954563601069812652051027894289537607078976675540818615518707482429897840148877328007782625466542751393294456447308583644217373044716914497061509107342951703264243059692796456507520007109675411345846573705653877867331120163716223366489969138042071441756852165131440804013201300919349967654621356461041544713248878471304349584433388007359561131780090064802545524675805245093358028587952594530317301544115642189117441941728958603043651141173468913473003588471518590421550874689573942024263420001777203258917125622782598197261798009712472956474423772471137238614391599918247967548277475168632433062145654822213696981896167125121631942052331797947458921909960651868028612266858318504176669999153758569620742650219490890397710028658834840581507281051559029868619653059637238209292499718709185142292481156667263249836680833133746424118632733118549004082965176418277491100694193451278975113450499240497462999775105041500210937901778019573518147386080311883612776630475483604419971286739025858605790701399835191651955302517828110399706779612869317924840942118109733101546367837695005071346844192706537837248732874343578202437079990563959732516646746216276256783882916572059728571911285382393355873464951612740715060410032226657888500861561458187560556872540949061525360187262405277430683729355733750739899938907180581318384318021237760906954996472359327465271075083030996279036161973754883386267824728105763842074265816701734885219292309037572972804298459050570025737147849361308136036675847428082828699875378053431319209780789309030750997478353504290836341767699041739224191898411136889809172797317338696991357700187322030536527913192446387863635111382129911336428353867348521013417511645710079047629410639138520176478831054252109422186260763137763322224457556955671837664706875050846657405986481259476827997106310928262441660957022103971543748633893641460016012996095714794035037747144463112783990501761142524440030744990938361788415940526040671930752852491261088662584008087566753816428250152577412070291164183007520386402817896883323146376816834084645374067275590082320850029592130994810656966019366641306860197058915215928560030040344916104048884175307964822345216950834969459305327806315273400117520644843336177650801104268281850726764814894572817447478961892361881493431782140249269157413319488459833107846525325241884289885773794753439709181697128265785080638467006908005316147016445664170581466491526965662130792453929290035589461448941745992770947986836824903744464327032632314094205415831984577062160747924617214040033584640526458624082729388569648846918286178458633431969103863369295816422932877280443199207791577660889507975393936544710567613283192838185479734211445398235408726486969083515732440054977586000857437482896742039609204347033969791229946666273061967825949158314925775818597187554263420828040404845996531393905162829596510491819129564080013071605549506866745524315446264427392151349191677239442966274532512638575110191409897486137804013983190999965859099467252441550721179176445388371460637748366563974017384608867456303671372135695959635509927643686284281382124967742240060173244860121235221076971563056963210080863934985605715165995439975673454220347483435742937914447266615690760270069908542283686016309148518314540431886838386360926159741437966137898414835813204787692847307634936156005602311600544009052103915281744641527894603310238294254164579480943071418575400382636340635235734854928140391505799161008536757016298409090925256976394782406244939200449035450007886446644532235287758018336991583405325585186819235955910910519740760894870207966698627819138045159144029868510262911201923205619822316339746362334277150585081102481326949432922814803278284123994613061606287514198971720152167730496431109717726526738180298812479619405345419218439469950606501456220034198044284697277811791384543614300998436453396149540782088565613890054135720690572556798774178180875546729612864452511303789846875947178372797564278136749800468685419222517783061637191562415979766620452493721772746810705909095914160699369951729893960720348736526594291194689857259116391636169937953207264451582054194013650807324921118929337905014513510026706574195241596284176900362583215153655033550968780973120900988226461879626627277362235541460012112296834906357985474521423490105123104288039706875699068488891468774322476897808214229303941678549774246844944839409560835621646863492303722943002502148609466297080789907230981961698224198784726157855505746799611953107157246972867168856797681899172991951229811413151087675065089081547279776159488690822021182685740334781575555685218612191490895719556465366669164771633297977139715032012568614463341256438963636325212552549281263373949631042116876714100324530652819812540302979640262444215889365154601428824104114206433681704880821159284878397794218698588586983167535395712137836715863011366242338475969567581463261182175024908204596859717253665245901536266034997106053260383181935489603947377474177785849908242660691251669217300662649521168980970566471962114856324503192855343886770954133467750160409774056729987790107600430525912156858392641596213846569477707909303848478612995440149134258143946093877462407603773413531046664269273523435380484479856406021874780507695389188801374916813717691782382952734853872334024033751246864295993343596849632299555762307735042800000491655700297860295602426907836558717146864798617705529976659798801984966670334380612400178540718472304760373054741531279387546360393224640773380585487077699302670218802527108492647292190448395919174691201523646206665731546770800674183354989869801632008410942128047638123236007373482360908130616291869963380056727868677139065589301381091535512955703745897821070089223129942142826122557588388729201712963724521594014343323751183136424244325777182307206072487332974215699840683912934038885350134469465057207014284460740812206443943868481554543960755729681325289288956974855185517427333547787533758834020195532995600345035422376417831687910296851193684207847084163885015930925952495926848524182971488084720210320033956665782648157151976047724213311352128670339883684775509409736533464431247880589932315726367465827101058903683190748917518732698450150390848908424447220335749016789091948564840790746064216348132024268572624283805374165369626893678978794292421483469549278846027506241127458610539477283682762934531462558074181505349917038580525732029220812540206114921783087778333098476623820577858929066653035404691694512166951823479359332389512308777322498528254099144965848360369763670353314409335012635500546855609166653845446461949080929201629801780119663799523005872561951266824424220792293201208255360918000223916616548797928047901014632610140011659978537276195464633878585597217423087955857818636643546313275207729447400716935787269165910553707721514159452836622465307163298150277336390627979391026941606586111445858406018904373212460905840040851253456720475380018562031626154053781446855492080474550557151407343645412759601488012822328717242854831796340235822940564911600320876452106196797372718252843938800075385674597221698527597190779707505151333224479014329506827266351163294824707244832576030068042424680908685424209680518375354135119412179925829465424913174702610372898485246840617033857528972502966255530763359856324132610870094590526027387530485822904105302283638124109598681456960853612044417124326003024815411433001595551117768693477640936800882191826279268510855337143633391321967963344681049752558559467854734157201102880209203626900117630177338438553481334020730519509260274806166825926325845190064240382519154371790698976782730024160704261664022751633115115612766397362329112404123602861424075197595684793926780539132536830171379873523035313389827385065848499532489249866710158649785945860725436080239494901925491242740413749231596031611257839696759566761521931472918292079659538229639019824860298868440396662762570766045017660009887140479372825462035817864963492659988751197695445052595263904842448261989357800360928930196962305557039304052067473870547730506803976480334586228519471425978385092004941550871677888271040562110169986340210014795926437526871410077498089575714733096815831547624098220685737211503808934247586458008592768084889771275959803299813661639797304844849501728110985640493874228160822562803483440643448374308389350863644934540529509358449086249464335246865094122748029773184730203467892054819775732444118101946511539592395986177456221778185616372263521563610015627249786005650048484343226962321118995912115802538479764061442456182171586681982665032805943094290376053452409549840252436385870205284931953797796934321350177826699903318107975923749281901309699958027052773838264843225485796853325912341425424803307436364967599935482944162617033361840436082571614949305003898502147662928536432113055292459066297365119405701560136056633699911443892644994306613906368244831199089702906935799958918944589910750921619848792819543881449178686797307929849029160024828483881041836260993822421115686869272376753118503116513945944756004372370632263289295376721577803886916953386567947070428129902901232991911359089854438078624774721362630508908490848881018250172811498155556686176391337143443091639428863702672124624365199830611034478129044584505063334747373950184501317058213746896794705866176237160140914119912221333634769796598747723356966167473267856353431274105778166879313623093823164157158509992096798004591401313221333231619924933397137776394518481704555969422790960012949931008722558903335541479170022524375434156177907211559784734364393651726375313811668179238473637265662820215402575977510775578664142995171319985683051841657139969986995560887344167191376016486384032611167995349558891770650270636061208396796784179242748914140325514593395057336191478118890094529944363329395910590418152267723902931675760501926922706844946294920562387606613044107714765935470867996409255749822475235927471455594886328734327057758814298512629278604316556114543105223983843976097145494913998359103710246300690047088774992471810366082254441698314271731924620176560791595425380037034192257505079453350362599244019429275529047032094902425219977593513157972747614636933480452353290492694590218068051591609858306052129931026495595783675063025995580261037200037024234489627346148172101766362683910739654741575705325425584586616206412946013917524201660425260064034841380580169679758583116191552601135667585867590169755331123693125658570198252488854301019098614988935859955541630677315510443950183078945022977725230393192857944631436739335011782333475458712607077184391076146865660116057369691753443445830207630060923098838310684496172902236151459616670277801761426340550291604185650187558861975900777038450604797858119724598741540741966194794643645850229907584808723651801094718648626494644833287093158953937451211656153408617906318487583896335723439352987358356223603774846030999976105747415004802658384398220900343845511980972559137346930332164550215495590011267924922174912513843864917002561373038118084136187166924608711819835467555062154921070522193862706830268552982863417249656252162608470493130287546863234870373534529694541510453183106104297930372279949456412111398348155739219447048210249483486230255175206422713372046513362828769340903433087780384133610298245502886880072595073799618744948540262782414155612408241152041877613818137373538420412834827750605146185827002449710799631073807315301254506399461120819126616660604147405648927094724872118418696807282273235056704134422379409981515923134907318235245250892943795645092593860884326553600565427065633162223233243036898029598617640738961819530551186369270731088822282218125840536280819452339018479122526459000827308113525706971631596268925058150642155082639230396823233814997822526517941073709672048904551565098346591880939804046689986504553709605016341156968015146152829891903115071319603344272403417719357668225951094332398530387008654610816534883838703545479122552360712670111417749604232024157792111961965065806740750883423972605367682051135616322772583565769253150206060632796112292907677175663148868110419253300907557640529940160504955275326788937191865466792126042366119653025013095780682788975124464724794340963277688681844774819478762332411570927439608932082217720799666190553267590012157912767764373476165019923966921934668842097670324324747123019702908650674092610155361313898857193256179428024846445492717170817650771804411872842643982596904776002588370273808211577898136561853950806968715236514433830597293117058776853018339374660765003711087871078835475977326795660407347880014435115157684400301980411908069711039008791245640876951399678162638988568997724638076013256222843940878928229283216401619629572801582375363344314596324890364030520703564882846147752069597232110526639786891387579798873823404235324373563580297491973838012751125362094111259181577846251118394744132040912720227337029656663998321997044791589438996484203164694623044652118081683218982689024400431962563581467815034589260042999918860161668257001841786155560506434508722884589351954762475334784044817366628202787602320385037905749057589826675368158841829895520262363439945539166726931156851843921810652085652024141275967608931884910898555556937789222193033655335008634886770309303210335046987559533875822461863580316210632175118505401865975625719686509891958701319593282657573741224936286633857729579515609350607018471971298970051287701136818100790266052432625213282167692059819207455140988004836796701059719348458962170531935354551898163005169721504858793600593524564157476681088601149954127891726462050516866007178391814212111427820164142710653093752722808487954180320794051347065303231648105299861234694961008653698689404761055989658964779662748438405526682395589375931321954260698102146675392057394985797039291749346788745832523105994758757881327114966615867548277189040068596041412416280892008718262791419960111041240085566222992403467396804664404677497847360101463339239930174819369837537511532163919718739863420041934503751464923651241278570883592337807334895039989911243180192743522993797689993135154382312867056583688584008648941629946211486939450551839563215013086380537740919940663359084315182373337842550899759744033394167241284737733892806613687312366721322029176698261510761046586338401696924195874061944412677208187141844240067606351494703174854276529666938782423499948795787941646017861447534598854168212007909950494883593856593032860265631643984683908958847204819856842819340934029699084526748182646960488853402382505328787236664159370241410084862717603855763887601749082084161810982983398908816055393147797970538680333811506240677151093080865353255782730694260639802693798641667260420116231775822703240900181519361254879143040882578462910653068364526211763826778221852132680059258736347845309444067677397265041690426600251480666896238208484402078411555465138869080081024574000281693475456249295203034703163806210639042316440464785948011895513806473346423023654308565464554307589154026205925144576269023121567785112129495350834531732687119024067108301229980496264086251913223070506683941078522355387164014694096308371914173794093790574867803459575993787389894834251510640174834286705126448634656918436862431242650676359662834239368255154279781881664471447256043799984669892575414938016544581228766121401942863679438187994891813351576887129648011729717771324543974928474028949498775775408854026281837964874375973698163055342157928583980362969474585038726613674913634899563110549758568396558528882841370322424663785683415355301449491954222708314331164311109241940335203152032370653018773689303230201508943660112048783342402580528167008204181684473060666045960145337104032069307995383928758703407850328559155566434189282874679613526932049264940159062758836422755000798256238198342558080720011312682920366813221118229807208595338915934293451910379801179276245319103140831736084129356356495871514417721854490249359980029646170237669885332582637094827602697111534186880034568615993392042554328914966270494231730821601491226845232244110898067305632957584252626847849763572632750762271081678097033069520573431757795142667742740196156965945370482637020463130745465604328352774375129678059466792592279333322249579560611601689990677457739007449282710231286482587081488408658818382805648891901362350498065110929356185464602916281929671086081154044576645027112003775124541754837320835230072601200555371756153709015290144705700147271290766145892522733240222333987393427177361013791272743438035282880653167152559607312147493511848552520801323115805037847373890438872196916447893994060213822710240183276853544229052418270721379700366742475803568117063494801987555109560669920227972622383448335030290985057756911899622973055944130091334774135867788806535350457090444451472762659209729441945409634021981216262227817766768872585716994279224290884358129983915498334797919298585329331164445200438598486750715165820125309944611058516108246220689675516344603721889990816682582951915899977735633777368633561941410200467382405537364658936367799254706056528063093989195323239561363823011170167400042665001940316900627955572115789028002030046354794003868811824249371285112208851599758139661098305142272772765626472561609959419535079204958213970956691063723146099325050950186091853046393866061500129282720810584728291969916852800063879767241067371120472661178162978900532877068300123867668868205499429446980301554284639051679755154834958614079065466277419644116629503218050139268059186102446111956471467490618987131445582307860129607507938755310132800694945110679696798271324708657979326765436349548320964428003660817603507336940937847728114159040724664207257009927340578578112912784163157726827191840532780435064701811899880818365011393388275085674419891250644918710615508302287141221637002247075928179707216830116470843935202537421268463381694911205111088792051962832647984699512334653038671229298896507242561081507990976753514442137835644678760928697728463970912795422090877491392238087617061323772249726561688757899831905069485379091419937310951830987828413461612001124414820092585238309222342264888746033128768984411156350096293325334316545987592740624633194122069414089056361329425499754448387477111664697963453624437161645059253727969766737389657345421809024686746783078098983474607152181215659572177449003843179429087340357303898357156102140628242331122482407502421685780774734651631715242168319185909633757869375463124389431129422357581618861013963414121684492516581597568907718370771332559420241745191780433338825041706344000832902959729488734013575397792319138890434209994639831138847004044342682816914628837071448577519942276793870613934644947022421816534106367335822813212217991787804767334095683261105605172620966714526181115546776207323161921353141290796431667882188351994815007635248083776174775890652134932952296192570434306724334540235212821557915398499508082354380602605700889303696649632808085809323869975873682120320564972339594797378367472989945937007199662677625825629193804877339422215915635119731548878357837818753975839973573470622487489162009470213745210360826447878184617848943450979698493614413239529054743646890452508335928466885617852733644255673685118913652853970749815097506179535641314679836125901163205847730851606021675103946014542701119789116631791671876391547910032607758542510702396235169454328907847665097163614644060680622374189091645279013503383769278182813601852576145741950245964939923910434768960013694013324473609293427428123776022426356700674354494728169948360163293591214754658182900821477794706678021210648751920333375682066878097287322299229653433409903078048691143406540456920224319069275763397992569503222514281283815550668319690271193202510503888957303981633914167361043888229490094317784544173086423039694682217297767075381629564147570861234010828816432436183673373808717755085349847571432224386645595089645508581417217802046055562715541876719860764779099371615492519006645236176758612630494171101994227440878734426999197648246106408645965453007464850479245073893280334750371756322169678662478731022395943655183904453714712689620589363728123264175035198737486257999491650190820442405251279117326698361897095760453510081902200416455196379403183170707808796020947747044845443192302543767838941195755861409967590848405510646644824178849708136224218428747564332213061119171712737371329515675589481803639976578498529978247919574240155344513596931447207271342160711515598403339873270554943255877402194086748337647503963983712405113183038827379622908382234340998590088253747833366081282323550505974211272081318543059865555287844637278524755438716139818174525158313778217628080007633165341142767017089092558839411423002802191314844377440562403015578538976098527688477009193274026871583661165391044801874521146639926571370004539373149441082199159656056564408709982516831907816057033001721656812177675252250232935786918526194646901723273757296757892628735282886408369027512357091440962784494902559321907921136304187631862364412474530992340043418984923746554804612915071469566325158156306350342283463668056009508311040637814645346892777315398043654710885771720498599959786835294489679634845426434074323739597904945794546535780794215798253276667724184494039767248084095593729969194420117124631219445035948335692821680122781190716674966798982944262679683925484979760872229582411246773658894219251537692131270894160796453299023480010955712173297725352856571974990848030333524491138379282399851991853695645422653982317444206270809368225432560188775266587696750841312977931489261517281961171455691783578826444115079944874438695396981422160697194349312429920091299767555674055205177703635942223619613042234847146127719402841373888045952385957522660827271306363423299355171133879708856627177196587003051426045721878401985529673374709730139159320855183588511109666109955071999424239213807433817891841034296005378624830422686268240030517637515408015871161375681515217568473016888168353391824259253611033287961023438867028140663899632586491332953556335412345157411969107038260091802141694493156395471392057205787687882378594845472764733523081540683955029687286694294290623187668181051269503289558749568889074670754668141446652033989667536241269085287796355087356055574780686950489428266843204896282948917136972792635271777877781975640555336525095572717359418911944261694029312533281323744115163050787242589419680111574346888920457493268033353540437171694829045682392808438499590346094935085875194517864226962046187952876745550489177191155174874315365525784134335133782692011037814609916688359288201961874163605920034289797141321483940704770030684347766273324981093486772394536505657614650797090138579336313566784353895299800310711672108433816364994986206598213033895991968745634305413445857205988175242244063699635650865372858371258154589845603277239949264575740072469338621730834355949107717399976847703543808093738270863216282713200404455653306782315027236491627803818897468354649087405043111507649260530595843896666932143174359748039384147139440079707971309502793463550364899670871914982554211335702997685310475971322633221382590057907099277677987011001500175173589734246072878379434105354965919048211508888505898972710544342606552073245958259059705868446133408318457162462643022600309504661733051242363613753932354285700610788478499171675915931465193855340356534717717243696775026792684441129894197942343014118089264074350823802911252571374904094837408864089113862837416358960219128692902023322001543662952116915881701627879707898767052020860011989237842066440039161022665013602807675966880591815454541018217259974045340743754930071065904943158795362896266214264839143730909781479185641128951872413195444692882917718697943546218852246125108785642313039534057189794778430002368480953772076455571459886006918543919854420196482492708364441648604174641394762623203064405994539324492383307326984208197930660207606530341965316135175559627949922527537198265111784443331164183170217033821697794108054656346434820509362438858693524668267730428873568960428328872088748920208626782202161886413888931007589163903926186150881634786174369696344380834395292737734707923123833921814728476064189292321619032554866848643431106710374110698629632446327725032209100965038436826582520623794941685909021438527065984273609643794688049463918189631359259152965374769571806267350303797195647444506343844568163914346528756590709739235290386791869385254054257808095216979334646872788121114534651798290624333594195325543774534757734312807338930612778592445627554534201772231229077661695390142850311074985048762813011929078398413188969083962987748292992194089005602716133003983729316667037481329431109138055570460092474311983443921615212001073995147898932509920726031383134833747125465882758294149367208664346110116452046701439693053514156940630056492328493725407385172828303047300719628235605596903496357990153524227797774177229309282774402503348609331871880344805434163560208801238596850035258132365217694039823772583562075060634561844949498764266019206449020868776493705559206431350031092787003135728364609771389119117329840898069852684541142209978987976860146758228719205018788099293709831859718582056637518749637155180064335557452246850491720380578360058997564322387314800505998174775635984559406164791533382586810555792041759959001548375582228957241484200579234706092640357711910321756352069329124598489322953945881913769645852258593542687232227711013569948522664551208935949009447459314728971618567965671205517285006772855711739856087474163129860577838022858279007811674901825380808338068159155965354487409000656023139328047169092386830518808059861953228442879901675108146312409785504835680059576114890221983791448587121805078925975608054256161534750321417724113531381679648838098779550789892357025556325136681183543149500607103858260704710785478362214630703446409911264314090147186886185462233732132570717807424651830380955211416744766121286721192570064099360595955361850161046841704777993731233501955815739289786611826357578848333641188912578687209121399600491255879782037880904687919634763601171431871915863821829108913611471420918958774085439573878516350561368445291129575996790867215976377206286108817247107383281374812513538186337756246567446200470764346836767110094150299211431987050175395275803460427665373159822868845899355474007583446933300855764568043558610855540833117258040528540243668526155971357604078006326917168790317279571552295735549567959377773383512590847125617200783679578560452351421445651901246951257219081611612246682175522907141995145379027418060498327278692222391016813606492503168839746115212918694584819044671305998390767805099649806457492458878774454381364086340160483893292891325158052972826118162281192905912302306463253435722751042990003701959796339990085128691600268732933901395850678154542864647629394936158314283565637966331579014153645475818028032756225183753778943718034404033376887159236131172010248773050182985365050384828193573282542936731956723358625836761758221745880882189160559447760338914304086699241488435069134985253580965068580966549716664036851971293138702405362150760489677700197256481193558836692211834423327984428344362497230380395499364376211364780144702820311018083187976655010636475181500640351147735940975954224231963418807489224377006617041691080988049335891299947897702894969063492021358467783024299875614977049961575949858866336072196298264572853664131026033981635279382203292249004096741439278424877674462516574568584609258196301149210659547278297983679494537027843400545639545265881603549770167065811361960819718356717053787108598705732339799282839458858983488734442545763217138484050400751316653378384799994188695436148205181612306719437651768054415503788596793922758430910099565558026584424614958413758917949112909460271847690667258639215441409640975661697373146061183871538002307850734624235155647129323103076355089747475970365441537690759004417292264886622819473676878015658962633747837808413413958252660035466511506029395237508382537014202653093563265157969487320013122555444455181244319154997183892523333901361603354635157793205614317902534915658542303566769788537570265305939200015843204966703301973194720495286230396170332476067180612210822652445660893705524195481384163793235398417588093490377631508110762808197008818110771809225726897151752727989538681181157953786354847655046178885972269775289827104926410102582948623774750762914166572750842306919777102735057707385076729954975421086161994344221324612467766079033804974634327274369921076737022379835037355164375930938021072355190372491578958919255499344277394657085859534861177599933006935126619933377185234852789071848010989795593504501131415884867551050177549088862969643807403497953705123506916324509184995415943730937333835191443036833052316691041662965077797064130760597202266974431614176595408299168540540905397404318501972205881872401106986917378111125413365878639684155173992236360154727873973561305441802792379886146830564581947188205801313842270859931780606879798402272375983450885873724208361621838775894455071063533452773016237376903158349707293826844163028828531240007971694869386870575868297902262603435042095509814148542041557017925611445348523631001491648818589725616666321847372532829298927303561056289357057347248728794813400544975334828703177383714729257464539676334805792060094572420170533361359022661029615710085899687817023304459634694226336997155136197947197561221994721356695416017674895720568316346133354157139274253271166029744408999463218277873987852781970990130631837154678861126267601024141664621159516093904974876441428776988712243317413946641520889202698171010913514662182893415855709394586232073549483193968315475412375633386007540627375272409040650007432047689034561436924085454727745171642022228659544380694641885066107939395987281144952764097514498678460391913053905593519555282075122783676099947791630689460039574897797779408920336248378108958318480993639606474515556734169469456988763490206662563658300211108892696423443430947021398962205524501683895113899041427399273892305685939236616172418873904914057016224193075206445230092900198363097872172197146036267828656586348203067589767681443577239870616712018118595048653957679674715075924953399417587434635205560737574624408702368100702879034245243598841802704702824815634533535403109424966119614466817245347679650371823142575209103384256221070657940992568342390920043579023233443541531177801338103565278796840043610755986321180308428154546262868047316998950092653531725643022621904152967113783182913078038059929992588876327093117205806858506310974411240938461026609871321409388074191671776318343292277206844780164485455025956248625570291572660798982779180008052535253153604891825392104664737859298844025314535392181675961800054161298776907984498643170555914184514782633910599689908184708237297957381086575142361130905239725976503332234104970309797571540983270885811481691022457471383036952518474579349464257496542494265111529754417068636613977534359724410444384293253414598615162885813393050917043737706872009793496362164742822647134425880537109940161399364647626422642006176883107021741734401487861799893265693349822529916461148391558602741424623801989368293666192036390171426343721518507616498199806146259862454048328873421536103601194894901588368053938314694603165794589124705588682015718749101449776465992251842708874920820901147645185591348102986087512547901083004487168637926915673792666606982205773208545006427788605736839941437161121560771897012226492326030911536629838110663607223572813841044061715342737174436622635560567313437675275001252413117495006582740462472664198690517441771169269668087281666743996649175907045807479440398684225247216173642648721749202216988378590376400190598519928643254421916889926502821300614336726643489197694670272140226641922473530981095626736156622351682712396410970331378844081838891472337672493337023541690760351708609920789761902003637900919691505779455798635259253741567544165109191147379351589320095572094133731650135545863312471060582490516478725180902484019320893122569600265061396476824362264210599635559776104099121479548518771256675048308317952528580266025094947016333932579723595549756307281098261718597143374041464374767363298050111321337195215567725006926630173011729263512288955711120505052387047827282910257581175886010015011563555203145916331225128427513683279112414033450206460776532047930353163550681556556581184575978214766478568616204305398056601165258607149752194205134132353693735257103119115619529144381023009255394266252517788161845210123762798381403206549786522480377632893359902870011991360161633890733614558358390001022401213503035219375834984792696749868975989028228268224719191690518252532735967644491196928655861859025202475798093603590355563266881925983978296774948451578433534601032064378584638810108299534298636895461475367489152537853029892348139533652876455368541343635352717229050260524702485393299645053719844985016089152353004467660104893047569638721169161657582676344247162558084456663701419516550992980535965543076180174069532443639529327758825523232929046491782928677372748889841855163516314812260437835964494364533163373805674923099736777102996696095649715929199720955971361555162821321836732485582355718768936710353631522406613818607110632508769518831306800621552751010159493477164590158695714147918859711324384146473691758705745788902513695549847677618173447119125352457012645152835493723563473971587358686897842125178652009065231148078074088959429045127556138295655052279737511482710428754562407138375906231156900067182574640479096963653916241465295326498799340875479839218917997407765712014174482225336864930453896803496432819715891429656708953855795661716049961061510220662384323540405806405487861590817073450255464405571596492641491391943636533226958485287467618208260627400274022888838528285399361402366152248484179241053443739089900890725913873942081254454833427834831547216288389760290847190883258234131092362791944838345224590128343775774382295965841163893214259394337198139456171895246685313313937143214335500434713513195744298748121961714202021906832327633080000774164078424836405346737700711727048337713633337724110269475621684823653510373444171165035715644258860092618220938612851030825851620228761287672351630347801718618088341382526640114679381682361051716670015244932891237801554808739375928918455577174654424835597179484135457973987799755088251668671577055001834968512565628385099676270657432867944978744186598690755638697204955937269528589341672322207012385580136330606164924624197124192565581728973281330617834921146418315760665435028248889548847825523741019458585548832163906424275461999141924916122695068126045988431999537120209263793832437566100032202615403039059815873597094375057362697981591957326916763171112811679772888193993165225334301880138510843339779175935164103812336101254708703094184092419777777295319482543278253134825790158809442433141390967527351401422572217783582394549918056855826752426543661207173412189861202943198010605524741101230970199081780585683109331861856247220970733056121936992027936621345531672991454715383593453327289233083668078887577712531299010951213737915829583403836805075370994336740951319842532017962772274439927740168050260009593364049861712539616358406772638057643836629444623418248597377472398397969849538783126934121000582519461507319109545705360993714960737704381647298812418480698360888550011321657610793455571681614631020155438485944203824704582095287611651192651431329400772437507015582525599193495281930957178562300985196555241803627591316564037840107899113800495923400891633416096063595544220205304651667886638740149042995601484952175851458259833227840880106426911798284365270803873253895923086659153181803843016429358351877532226197593570113517015975198569125539965898307012346961763564085896406030334075971749949764304867760382640741866433153332963603037037739040665999523215543645106896653988738238200546484085159356901358226311109437050162101530644876694905978504277558164617216098094939298607339770191989761941348981012149219130670651721875264488559956536766598752456965323842095913391686088325520209230582289598105324251419403891085443150680323240918532485334330709243802582865904136804166305290552366597663891925557292405776468754106497875018415203536917221212646046711404611116161783443902632252728420725133919940612509446618201584231157240832796547752894659824300589801847023525915907575518410029958560802262714904980822846110982583094765337748380247617719278509196643320285682761774757634097960552807057252163084415713466354758441567956239005514858730577686324115443717124059210272541941857784477719925133991121587083630570865327174384937855383707013474272399970620703291263391915542841602560786194291856219833560779010682521653460192532014252809701645414523206342580627745257981746694109657908774296658840625864321740426659941318871518108645940624841584489302240169408437745559661049379755788067569716313617803596828810110501370690192004527224851273834644957073906528448678250337704725184299074196454766796950073263543742441985990053572386502078395698264005926781600223907348043661147532597593421722986607206605746839692069370072144721151492434476856984787123889524427674421109782896285943703585773967713214918984283152923779664797807875150834681729963362869323274751248107466605176832189091346028843894809512784723393359803190660048207521523567885563421912592934352674924397663233389504245383345580010117064476441222610332415184441883801567254745229784213201591529803229144318296554976286733583817014466141760232273475527030382235205056288026093547001593373239934642088937704013850593978116041301135709939536445295174032491043739654726867786715979023931429581813269520842910467202839933723049791559639139985003848717744109007527583155469654672620367266134296043433722086968708417850696583347653941964647375661634024259723624308782111331056860345634600964741747086801513258036447762088954706778050588810076442402058729414495840675767895039692133539761843520737079270730723754195205034801087363163714528440837007508515826778121557276502897374410509620632765520767316308322993274582684031241360027951220654903564639126757666144330506135233854977817973661358428230261330410889481048693647231956724884999745459696272725520396988963980466302117132771407210271537035016553938930784902616804102746792492642852141396653027371482050596241071238663568454115834615760189389886747313336993348511498185377444052785169431062473407397493463849952768178477783821929591068700201506041690391383647695910974977240445226512390553600000000000000000000000000000000000000000000000000000000000000000000000000000000000000000000000000000000000000000000000000000000000000000000000000000000000000000000000000000000000000000000000000000000000000000000000000000000000000000000000000000000000000000000000000000000000000000000000000000000000000000000000000000000000000000000000000000000000000000000000000000000000000000000000000000000000000000000000000000000000000000000000000000000000000000000000000000000000000000000000000000000000000000000000000000000000000000000000000000000000000000000000000000000000000000000000000000000000000000000000000000000000000000000000000000000000000000000000000000000000000000000000000000000000000000000000000000000000000000000000000000000000000000000000000000000000000000000000000000000000000000000000000000000000000000000000000000000000000000000000000000000000000000000000000000000000000000000000000000000000000000000000000000000000000000000000000000000000000000000000000000000000000000000000000000000000000000000000000000000000000000000000000000000000000000000000000000000000000000000000000000000000000000000000000000000000000000000000000000000000000000000000000000000000000000000000000000000000000000000000000000000000000000000000000000000000000000000000000000000000000000000000000000000000000000000000000000000000000000000000000000000000000000000000000000000000000000000000000000000000000000000000000000000000000000000000000000000000000000000000000000000000000000000000000000000000000000000000000000000000000000000000000000000000000000000000000000000000000000000000000000000000000000000000000000000000000000000000000000000000000000000000000000000000000000000000000000000000000000000000000000000000000000000000000000000000000000000000000000000000000000000000000000000000000000000000000000000000000000000000000000000000000000000000000000000000000000000000000000000000000000000000000000000000000000000000000000000000000000000000000000000000000000000000000000000000000000000000000000000000000000000000000000000000000000000000000000000000000000000000000000000000000000000000000000000000000000000000000000000000000000000000000000000000000000000000000000000000000000000000000000000000000000000000000000000000000000000000000000000000000000000000000000000000000000000000000000000000000000000000000000000000000000000000000000000000000000000000000000000000000000000000000000000000000000000000000000000000000000000000000000000000000000000000000000000000000000000000000000000000000000000000000000000000000000000000000000000000000000000000000000000000000000000000000000000000000000000000000000000000000000000000000000000000000000000000000000000000000000000000000000000000000000000000000000000000000000000000000000000000000000000000000000000000000000000000000000000000000000000000000000000000000000000000000000000000000000000000000000000000000000000000000000000000000000000000000000000000000000000000000000000000000000000000000000000000000000000000000000000000000000000000000000000000000000000000000000000000000000000000000000000000000000000000000000000000000000000000000000000000000000000000000000000000000000000000000000000000000000000000000000000000000000000000000000000000000000000000000000000000000000000000000000000000000000000000000000000000000000000000000000000000000000000000000000000000000000000000000000000000000000000000000000000000000000000000000000000000000000000000000000000000000000000000000000000000000000000000000000000000000000000000000000000000000000000000000000000000000000000000000000000000000000000000000000000000000000000000000000000000000000000000000000000000000000000000000000000000000000000000000000000000000000000000000000000000000000000000000000000000000000000000000000000000000000000000000000000000000000000000000000000000000000000000000000000000000000000000000000000000000000000000000000000000000000000000000000000000000000000000000000000000000000000000000000000000000000000000000000000000000000000000000000000000000000000000000000000000000000000000000000000000000000000000000000000000000000000000000000000000000000000000000000000000000000000000000000000000000000000000000000000000000000000000000000000000000000000000000000000000000000000000000000000000000000000000000000000000000000000000000000000000000000000000000000000000000000000000000000000000000000000000000000000000000000000000000000000000000000000000000000000000000000000000000000000000000000000000000000000000000000000000000000000000000000000000000000000000000000000000000000000000000000000000000000000000000000000000000000000000000000000000000000000000000000000000000000000000000000000000000000000000000000000000000000000000000000000000000000000000000000000000000000000000000000000000000000000000000000000000000000000000000000000000000000000000000000000000000000000000000000000000000000000000000000000000000000000000000000000000000000000000000000000000000000000000000000000000000000000000000000000000000000000000000000000000000000000000000000000000000000000000000000000000000000000000000000000000000000000000000000000000000000000000000000000000000000000000000000000000000000000000000000000000000000000000000000000000000000000000000000000000000000000000000000000000000000000000000000000000000000000000000000000000000000000000000000000000000000000000000000000000000000000000000000000000000000000000000000000000000000000000000000000000000000000000000000000000000000000000000000000000000000000000000000000000000000000000000000000000000000000000000000000000000000000000000000000000000000000000000000000000000000000000000000000000000000000000000000000000000000000000000000000000000000000000000000000000000000000000000000000000000000000000000000000000000000000000000000000000000000000000000000000000000000
* UtilsJUnit4Test: @After method
* UtilsJUnit4Test: @Before method
* UtilsJUnit4Test: test method 3 - checkExpectedException()
* UtilsJUnit4Test: @After method
* UtilsJUnit4Test: @AfterClass method
]]></system-out>
  <system-err><![CDATA[]]></system-err>
</testsuite>
