<?xml version="1.0" encoding="UTF-8" ?>
<testsuite errors="1" failures="0" hostname="LAPTOP-3CKUMRO9" name="sample.MixJUnit3And4TestSuite" skipped="1" tests="8" time="1.259" timestamp="2020-03-19T18:06:27">
  <properties>
    <property name="libs.jsp-compiler.javadoc" value="" />
    <property name="netbeans.autoupdate.country" value="ES" />
    <property name="javac.test.classpath" value=":build/classes:C:\Program Files\NetBeans 8.2\platform\modules\ext\junit-4.12.jar:${libs.junit.classpath}:C:\Program Files\NetBeans 8.2\platform\modules\ext\hamcrest-core-1.3.jar" />
    <property name="libs.jsf20.maven-pom" value="" />
    <property name="libs.DataBindingME.src" value="C:\Program Files\NetBeans 8.2\mobility\sources\netbeans_databindingme-src.zip" />
    <property name="libs.spring-webmvc4.0.src" value="" />
    <property name="javac.includes" value="sample/MixJUnit3And4TestSuite.java" />
    <property name="ant.core.lib" value="C:\Program Files\NetBeans 8.2\extide\ant\lib\ant.jar" />
    <property name="javadoc.windowtitle" value="" />
    <property name="libs.jsp-compilation.javadoc" value="" />
    <property name="user.dir" value="C:\Users\barra\Documents\NetBeansProjects\JUnitSampleSol" />
    <property name="libs.javaee-api-7.0.src" value="" />
    <property name="java.vm.version" value="25.241-b07" />
    <property name="libs.DataBindingME.classpath" value="C:\Program Files\NetBeans 8.2\mobility\modules\ext\netbeans_databindingme.jar" />
    <property name="libs.j2me_common_ant.src" value="" />
    <property name="libs.MySQLDriver.classpath" value="C:\Program Files\NetBeans 8.2\ide\modules\ext\mysql-connector-java-5.1.23-bin.jar" />
    <property name="libs.eclipselinkmodelgen.src" value="" />
    <property name="javadoc.notree" value="false" />
    <property name="netbeans.autoupdate.version" value="1.23" />
    <property name="libs.javaee-web-api-6.0.classpath" value="C:\Program Files\NetBeans 8.2\enterprise\modules\ext\javaee-web-api-6.0.jar" />
    <property name="libs.DataBindingME-PIM.maven-pom" value="" />
    <property name="plugin.manager.detail.view.selected" value="true" />
    <property name="javac.profile.cmd.line.arg" value="" />
    <property name="jdk.home" value="C:\Program Files\Java\jdk1.8.0_241" />
    <property name="libs.javac-api.src" value="" />
    <property name="javadoc.noindex" value="false" />
    <property name="libs.jpa2-persistence.classpath" value="C:\Program Files\NetBeans 8.2\java\modules\ext\hibernate4\hibernate-jpa-2.1-api-1.0.0.Final.jar" />
    <property name="sun.os.patch.level" value="" />
    <property name="java.vm.specification.name" value="Java Virtual Machine Specification" />
    <property name="nb.show.statistics.ui" value="usageStatisticsEnabled" />
    <property name="netbeans.autoupdate.variant" value="" />
    <property name="have.tests" value="true" />
    <property name="org.xml.sax.driver" value="com.sun.org.apache.xerces.internal.jaxp.SAXParserImpl$JAXPSAXParser" />
    <property name="libs.hamcrest.classpath" value="C:\Program Files\NetBeans 8.2\platform\modules\ext\hamcrest-core-1.3.jar" />
    <property name="libs.javac-api.javadoc" value="" />
    <property name="os.name" value="Windows 10" />
    <property name="test.class" value="sample.MixJUnit3And4TestSuite" />
    <property name="libs.beans-binding.classpath" value="C:\Program Files\NetBeans 8.2\java\modules\ext\beansbinding-1.2.1.jar" />
    <property name="libs.javaee-endorsed-api-7.0.maven-pom" value="" />
    <property name="ap.proc.none.internal" value="" />
    <property name="libs.DataBindingME-SVG.javadoc" value="C:\Program Files\NetBeans 8.2\mobility\modules\docs\netbeans_databindingme_svg-api.zip" />
    <property name="libs.restapi.javadoc" value="" />
    <property name="libs.JWSAntTasks.maven-pom" value="" />
    <property name="libs.jstl.classpath" value="C:\Program Files\NetBeans 8.2\enterprise\modules\ext\jstl-impl.jar;C:\Program Files\NetBeans 8.2\enterprise\modules\ext\jstl-api.jar" />
    <property name="libs.testng.src" value="" />
    <property name="libs.spring-webmvc3.0.src" value="" />
    <property name="libs.restapi.classpath" value="C:\Program Files\NetBeans 8.2\enterprise\modules\ext\jaxrs-2.0\javax.ws.rs-api-2.0.jar" />
    <property name="java.vendor.url.bug" value="http://bugreport.sun.com/bugreport/" />
    <property name="libs.jaxb.maven-pom" value="" />
    <property name="os.arch" value="amd64" />
    <property name="libs.eclipselink.src" value="" />
    <property name="user.name" value="barra" />
    <property name="libs.jsf12.javadoc" value="C:\Program Files\NetBeans 8.2\enterprise\docs\javaee-doc-api.jar" />
    <property name="copylibs.rebase" value="true" />
    <property name="libs.j2me_common_ant.maven-pom" value="" />
    <property name="ant.file.JUnitSampleSol" value="C:\Users\barra\Documents\NetBeansProjects\JUnitSampleSol\build.xml" />
    <property name="libs.spring-webmvc3.0.maven-pom" value="" />
    <property name="libs.swing-layout.maven-pom" value="" />
    <property name="sun.java.command" value="org.apache.tools.ant.taskdefs.optional.junit.JUnitTestRunner sample.MixJUnit3And4TestSuite skipNonTests=false filtertrace=true haltOnError=false haltOnFailure=false showoutput=true outputtoformatters=true logfailedtests=true threadid=0 logtestlistenerevents=true formatter=org.apache.tools.ant.taskdefs.optional.junit.BriefJUnitResultFormatter formatter=org.apache.tools.ant.taskdefs.optional.junit.XMLJUnitResultFormatter,C:\Users\barra\Documents\NetBeansProjects\JUnitSampleSol\build\test\results\TEST-sample.MixJUnit3And4TestSuite.xml crashfile=C:\Users\barra\Documents\NetBeansProjects\JUnitSampleSol\build\junitvmwatcher8529352410783945357.properties propsfile=C:\Users\barra\Documents\NetBeansProjects\JUnitSampleSol\build\junit3175619405511668612.properties" />
    <property name="build.classes.dir" value="build/classes" />
    <property name="netbeans.accept_license_class" value="org.netbeans.license.AcceptLicense" />
    <property name="build.sysclasspath" value="ignore" />
    <property name="manifest.encoding" value="UTF-8" />
    <property name="ap.supported.internal" value="true" />
    <property name="java.failonerror" value="true" />
    <property name="libs.javaee-endorsed-api-7.0.javadoc" value="C:\Program Files\NetBeans 8.2\enterprise\docs\javaee-doc-api.jar" />
    <property name="libs.jaxws21.javadoc" value="C:\Program Files\NetBeans 8.2\java\docs\jaxws-api-doc.zip" />
    <property name="libs.spring-webmvc4.0.javadoc" value="" />
    <property name="includes" value="**" />
    <property name="user.country" value="ES" />
    <property name="javadoc.encoding" value="UTF-8" />
    <property name="javac.classpath" value="" />
    <property name="libs.jsp-compilation-syscp.src" value="" />
    <property name="libs.spring-framework400.classpath" value="C:\Program Files\NetBeans 8.2\ide\modules\org-apache-commons-logging.jar;C:\Program Files\NetBeans 8.2\java\modules\ext\cglib-2.2.jar;C:\Program Files\NetBeans 8.2\java\modules\ext\spring-4\spring-aop-4.0.1.RELEASE.jar;C:\Program Files\NetBeans 8.2\java\modules\ext\spring-4\spring-aspects-4.0.1.RELEASE.jar;C:\Program Files\NetBeans 8.2\java\modules\ext\spring-4\spring-beans-4.0.1.RELEASE.jar;C:\Program Files\NetBeans 8.2\java\modules\ext\spring-4\spring-build-src-4.0.1.RELEASE.jar;C:\Program Files\NetBeans 8.2\java\modules\ext\spring-4\spring-context-4.0.1.RELEASE.jar;C:\Program Files\NetBeans 8.2\java\modules\ext\spring-4\spring-context-support-4.0.1.RELEASE.jar;C:\Program Files\NetBeans 8.2\java\modules\ext\spring-4\spring-core-4.0.1.RELEASE.jar;C:\Program Files\NetBeans 8.2\java\modules\ext\spring-4\spring-expression-4.0.1.RELEASE.jar;C:\Program Files\NetBeans 8.2\java\modules\ext\spring-4\spring-framework-bom-4.0.1.RELEASE.jar;C:\Program Files\NetBeans 8.2\java\modules\ext\spring-4\spring-instrument-4.0.1.RELEASE.jar;C:\Program Files\NetBeans 8.2\java\modules\ext\spring-4\spring-instrument-tomcat-4.0.1.RELEASE.jar;C:\Program Files\NetBeans 8.2\java\modules\ext\spring-4\spring-jdbc-4.0.1.RELEASE.jar;C:\Program Files\NetBeans 8.2\java\modules\ext\spring-4\spring-jms-4.0.1.RELEASE.jar;C:\Program Files\NetBeans 8.2\java\modules\ext\spring-4\spring-messaging-4.0.1.RELEASE.jar;C:\Program Files\NetBeans 8.2\java\modules\ext\spring-4\spring-orm-4.0.1.RELEASE.jar;C:\Program Files\NetBeans 8.2\java\modules\ext\spring-4\spring-oxm-4.0.1.RELEASE.jar;C:\Program Files\NetBeans 8.2\java\modules\ext\spring-4\spring-test-4.0.1.RELEASE.jar;C:\Program Files\NetBeans 8.2\java\modules\ext\spring-4\spring-tx-4.0.1.RELEASE.jar;C:\Program Files\NetBeans 8.2\java\modules\ext\spring-4\spring-web-4.0.1.RELEASE.jar;C:\Program Files\NetBeans 8.2\java\modules\ext\spring-4\spring-webmvc-4.0.1.RELEASE.jar;C:\Program Files\NetBeans 8.2\java\modules\ext\spring-4\spring-webmvc-portlet-4.0.1.RELEASE.jar;C:\Program Files\NetBeans 8.2\java\modules\ext\spring-4\spring-websocket-4.0.1.RELEASE.jar" />
    <property name="debug-transport" value="dt_shmem" />
    <property name="netbeans.home" value="C:\Program Files\NetBeans 8.2\platform" />
    <property name="build.compiler.emacs" value="true" />
    <property name="libs.javaee-web-api-6.0.src" value="" />
    <property name="libs.jsp-compilation-syscp.classpath" value="C:\Program Files\NetBeans 8.2\extide\ant\lib\ant.jar;C:\Program Files\NetBeans 8.2\enterprise\modules\ext\servlet3.1-jsp2.3-api.jar;C:\Program Files\NetBeans 8.2\enterprise\modules\ext\glassfish-jspparser-4.0.jar;C:\Program Files\NetBeans 8.2\enterprise\modules\ext\jstl-impl.jar;C:\Program Files\NetBeans 8.2\enterprise\modules\ext\jsf-2_2\javax.faces.jar" />
    <property name="java.endorsed.dirs" value="C:\Program Files\Java\jdk1.8.0_241\jre\lib\endorsed" />
    <property name="libs.groovy-all.src" value="" />
    <property name="test.includes" value="sample/MixJUnit3And4TestSuite.java" />
    <property name="netbeans.dynamic.classpath" value="C:\Program Files\NetBeans 8.2\platform\core\asm-all-5.0.1.jar;C:\Program Files\NetBeans 8.2\platform\core\core-base.jar;C:\Program Files\NetBeans 8.2\platform\core\core.jar;C:\Program Files\NetBeans 8.2\platform\core\org-netbeans-libs-asm.jar;C:\Program Files\NetBeans 8.2\platform\core\org-openide-filesystems-compat8.jar;C:\Program Files\NetBeans 8.2\platform\core\org-openide-filesystems.jar;C:\Program Files\NetBeans 8.2\platform\core\locale\core-base_ja.jar;C:\Program Files\NetBeans 8.2\platform\core\locale\core-base_pt_BR.jar;C:\Program Files\NetBeans 8.2\platform\core\locale\core-base_ru.jar;C:\Program Files\NetBeans 8.2\platform\core\locale\core-base_zh_CN.jar;C:\Program Files\NetBeans 8.2\platform\core\locale\core_ja.jar;C:\Program Files\NetBeans 8.2\platform\core\locale\core_pt_BR.jar;C:\Program Files\NetBeans 8.2\platform\core\locale\core_ru.jar;C:\Program Files\NetBeans 8.2\platform\core\locale\core_zh_CN.jar;C:\Program Files\NetBeans 8.2\platform\core\locale\org-netbeans-libs-asm_ja.jar;C:\Program Files\NetBeans 8.2\platform\core\locale\org-netbeans-libs-asm_pt_BR.jar;C:\Program Files\NetBeans 8.2\platform\core\locale\org-netbeans-libs-asm_ru.jar;C:\Program Files\NetBeans 8.2\platform\core\locale\org-netbeans-libs-asm_zh_CN.jar;C:\Program Files\NetBeans 8.2\platform\core\locale\org-openide-filesystems-compat8_ja.jar;C:\Program Files\NetBeans 8.2\platform\core\locale\org-openide-filesystems-compat8_pt_BR.jar;C:\Program Files\NetBeans 8.2\platform\core\locale\org-openide-filesystems-compat8_ru.jar;C:\Program Files\NetBeans 8.2\platform\core\locale\org-openide-filesystems-compat8_zh_CN.jar;C:\Program Files\NetBeans 8.2\platform\core\locale\org-openide-filesystems_ja.jar;C:\Program Files\NetBeans 8.2\platform\core\locale\org-openide-filesystems_pt_BR.jar;C:\Program Files\NetBeans 8.2\platform\core\locale\org-openide-filesystems_ru.jar;C:\Program Files\NetBeans 8.2\platform\core\locale\org-openide-filesystems_zh_CN.jar;C:\Program Files\NetBeans 8.2\nb\core\org-netbeans-upgrader.jar;C:\Program Files\NetBeans 8.2\nb\core\locale\core_nb.jar;C:\Program Files\NetBeans 8.2\nb\core\locale\core_nb_ja.jar;C:\Program Files\NetBeans 8.2\nb\core\locale\core_nb_pt_BR.jar;C:\Program Files\NetBeans 8.2\nb\core\locale\core_nb_ru.jar;C:\Program Files\NetBeans 8.2\nb\core\locale\core_nb_zh_CN.jar;C:\Program Files\NetBeans 8.2\nb\core\locale\org-netbeans-upgrader_ja.jar;C:\Program Files\NetBeans 8.2\nb\core\locale\org-netbeans-upgrader_pt_BR.jar;C:\Program Files\NetBeans 8.2\nb\core\locale\org-netbeans-upgrader_ru.jar;C:\Program Files\NetBeans 8.2\nb\core\locale\org-netbeans-upgrader_zh_CN.jar" />
    <property name="java.vm.specification.version" value="1.8" />
    <property name="libs.hibernate4-support.src" value="" />
    <property name="ant.file.JUnitSampleSol-impl" value="C:\Users\barra\Documents\NetBeansProjects\JUnitSampleSol\nbproject\build-impl.xml" />
    <property name="libs.primefaces.classpath" value="C:\Program Files\NetBeans 8.2\enterprise\modules\ext\primefaces\primefaces-5.0.jar" />
    <property name="libs.javaee-api-6.0.classpath" value="C:\Program Files\NetBeans 8.2\enterprise\modules\ext\javaee-api-6.0.jar" />
    <property name="libs.groovy-all.maven-pom" value="" />
    <property name="netbeans.productversion" value="NetBeans IDE 8.2 (Build 201609300101)" />
    <property name="libs.jaxws21.src" value="" />
    <property name="do.archive" value="true" />
    <property name="netbeans.autoupdate.language" value="es" />
    <property name="java.vendor" value="Oracle Corporation" />
    <property name="libs.javaee-api-6.0.javadoc" value="C:\Program Files\NetBeans 8.2\enterprise\docs\javaee-doc-api.jar" />
    <property name="jar.index.metainf" value="false" />
    <property name="javac.debug" value="true" />
    <property name="javadoc.splitindex" value="true" />
    <property name="file.separator" value="\" />
    <property name="javac.includesfile.binary" value="C:\Users\barra\Documents\NetBeansProjects\JUnitSampleSol\null1689856248" />
    <property name="libs.junit_4.maven-pom" value="" />
    <property name="javac.test.processorpath" value=":build/classes:C:\Program Files\NetBeans 8.2\platform\modules\ext\junit-4.12.jar:${libs.junit.classpath}:C:\Program Files\NetBeans 8.2\platform\modules\ext\hamcrest-core-1.3.jar" />
    <property name="netbeans.buildnumber" value="201609300101" />
    <property name="libs.JWSAntTasks.javadoc" value="" />
    <property name="build.generated.sources.dir" value="build/generated-sources" />
    <property name="user.variant" value="" />
    <property name="libs.eclipselinkmodelgen.classpath" value="C:\Program Files\NetBeans 8.2\java\modules\ext\eclipselink\org.eclipse.persistence.jpa.modelgen_2.5.2.v20140319-9ad6abd.jar" />
    <property name="libs.javaee-endorsed-api-7.0.src" value="" />
    <property name="sun.java.launcher" value="SUN_STANDARD" />
    <property name="libs.hibernate4-persistencemodelgen.javadoc" value="" />
    <property name="libs.jaxb.javadoc" value="C:\Program Files\NetBeans 8.2\ide\docs\jaxb-api-doc.zip" />
    <property name="libs.struts.classpath" value="C:\Program Files\NetBeans 8.2\enterprise\modules\ext\struts\antlr-2.7.2.jar;C:\Program Files\NetBeans 8.2\enterprise\modules\ext\struts\bsf-2.3.0.jar;C:\Program Files\NetBeans 8.2\enterprise\modules\ext\struts\commons-beanutils-1.8.0.jar;C:\Program Files\NetBeans 8.2\enterprise\modules\ext\struts\commons-chain-1.2.jar;C:\Program Files\NetBeans 8.2\enterprise\modules\ext\struts\commons-digester-1.8.jar;C:\Program Files\NetBeans 8.2\enterprise\modules\ext\struts\commons-fileupload-1.1.1.jar;C:\Program Files\NetBeans 8.2\enterprise\modules\ext\struts\commons-io-1.1.jar;C:\Program Files\NetBeans 8.2\enterprise\modules\ext\struts\commons-logging-1.0.4.jar;C:\Program Files\NetBeans 8.2\enterprise\modules\ext\struts\commons-validator-1.3.1.jar;C:\Program Files\NetBeans 8.2\enterprise\modules\ext\struts\jstl-1.0.2.jar;C:\Program Files\NetBeans 8.2\enterprise\modules\ext\struts\oro-2.0.8.jar;C:\Program Files\NetBeans 8.2\enterprise\modules\ext\struts\standard-1.0.6.jar;C:\Program Files\NetBeans 8.2\enterprise\modules\ext\struts\struts-core-1.3.10.jar;C:\Program Files\NetBeans 8.2\enterprise\modules\ext\struts\struts-el-1.3.10.jar;C:\Program Files\NetBeans 8.2\enterprise\modules\ext\struts\struts-extras-1.3.10.jar;C:\Program Files\NetBeans 8.2\enterprise\modules\ext\struts\struts-faces-1.3.10.jar;C:\Program Files\NetBeans 8.2\enterprise\modules\ext\struts\struts-mailreader-dao-1.3.10.jar;C:\Program Files\NetBeans 8.2\enterprise\modules\ext\struts\struts-scripting-1.3.10.jar;C:\Program Files\NetBeans 8.2\enterprise\modules\ext\struts\struts-taglib-1.3.10.jar;C:\Program Files\NetBeans 8.2\enterprise\modules\ext\struts\struts-tiles-1.3.10.jar" />
    <property name="javac.includes.binary" value="C:\Users\barra\Documents\NetBeansProjects\JUnitSampleSol\build\test\classes\sample\MixJUnit3And4TestSuite.class" />
    <property name="ant.home" value="C:\Program Files\NetBeans 8.2\extide\ant" />
    <property name="libs.junit_4.src" value="C:\Program Files\NetBeans 8.2\platform\docs\junit-4.12-sources.jar" />
    <property name="libs.testng.classpath" value="C:\Program Files\NetBeans 8.2\platform\modules\ext\testng-6.8.1-dist.jar" />
    <property name="libs.absolutelayout.maven-pom" value="" />
    <property name="ant.java.version" value="1.8" />
    <property name="java.library.path" value="C:\Program Files\Java\jdk1.8.0_241\jre\bin;C:\windows\Sun\Java\bin;C:\windows\system32;C:\windows;C:\Program Files (x86)\Common Files\Oracle\Java\javapath;C:\windows\system32;C:\windows;C:\windows\System32\Wbem;C:\windows\System32\WindowsPowerShell\v1.0\;C:\windows\System32\OpenSSH\;C:\Users\barra\AppData\Local\Microsoft\WindowsApps;C:\AppServ\Apache24\bin;C:\AppServ\php7;C:\AppServ\MySQL\bin;C:\Program Files\Java\jdk-13.0.2\bin;;." />
    <property name="javadoc.author" value="false" />
    <property name="libs.metro.maven-pom" value="" />
    <property name="java.util.logging.config.class" value="org.netbeans.core.startup.TopLogging" />
    <property name="libs.spring-framework400.src" value="" />
    <property name="libs.PostgreSQLDriver.src" value="" />
    <property name="sun.arch.data.model" value="64" />
    <property name="basedir" value="C:\Users\barra\Documents\NetBeansProjects\JUnitSampleSol" />
    <property name="libs.jpa20-persistence.maven-pom" value="" />
    <property name="jar.compress" value="false" />
    <property name="libs.javaee-web-api-7.0.classpath" value="C:\Program Files\NetBeans 8.2\enterprise\modules\ext\javaee-web-api-7.0.jar" />
    <property name="path.separator" value=";" />
    <property name="libs.javaee-web-api-6.0.javadoc" value="C:\Program Files\NetBeans 8.2\enterprise\docs\javaee-doc-api.jar" />
    <property name="ant.junit.enabletestlistenerevents" value="true" />
    <property name="sun.io.unicode.encoding" value="UnicodeLittle" />
    <property name="libs.jaxws21.classpath" value="C:\Program Files\NetBeans 8.2\ide\modules\ext\jaxb\jaxb-impl.jar;C:\Program Files\NetBeans 8.2\ide\modules\ext\jaxb\jaxb-xjc.jar;C:\Program Files\NetBeans 8.2\java\modules\ext\jaxws22\FastInfoset.jar;C:\Program Files\NetBeans 8.2\java\modules\ext\jaxws22\gmbal-api-only.jar;C:\Program Files\NetBeans 8.2\java\modules\ext\jaxws22\ha-api.jar;C:\Program Files\NetBeans 8.2\java\modules\ext\jaxws22\javax.mail_1.4.jar;C:\Program Files\NetBeans 8.2\java\modules\ext\jaxws22\jaxws-rt.jar;C:\Program Files\NetBeans 8.2\java\modules\ext\jaxws22\jaxws-tools.jar;C:\Program Files\NetBeans 8.2\java\modules\ext\jaxws22\management-api.jar;C:\Program Files\NetBeans 8.2\java\modules\ext\jaxws22\mimepull.jar;C:\Program Files\NetBeans 8.2\java\modules\ext\jaxws22\policy.jar;C:\Program Files\NetBeans 8.2\java\modules\ext\jaxws22\saaj-impl.jar;C:\Program Files\NetBeans 8.2\java\modules\ext\jaxws22\stax-ex.jar;C:\Program Files\NetBeans 8.2\java\modules\ext\jaxws22\stax2-api.jar;C:\Program Files\NetBeans 8.2\java\modules\ext\jaxws22\streambuffer.jar;C:\Program Files\NetBeans 8.2\java\modules\ext\jaxws22\woodstox-core-asl.jar;C:\Program Files\NetBeans 8.2\java\modules\ext\jaxws22\api\jaxws-api.jar;C:\Program Files\NetBeans 8.2\java\modules\ext\jaxws22\api\jsr181-api.jar;C:\Program Files\NetBeans 8.2\java\modules\ext\jaxws22\api\javax.annotation.jar;C:\Program Files\NetBeans 8.2\java\modules\ext\jaxws22\api\saaj-api.jar;C:\Program Files\NetBeans 8.2\ide\modules\ext\jaxb\activation.jar;C:\Program Files\NetBeans 8.2\ide\modules\ext\jaxb\api\jaxb-api.jar;C:\Program Files\NetBeans 8.2\ide\modules\ext\jaxb\api\jsr173_1.0_api.jar" />
    <property name="libs.struts.src" value="" />
    <property name="apple.awt.graphics.UseQuartz" value="true" />
    <property name="user.language" value="es" />
    <property name="testng.mode" value="testng" />
    <property name="libs.JAXB-ENDORSED.maven-pom" value="" />
    <property name="libs.eclipselink.maven-pom" value="" />
    <property name="test.binaryincludes" value="&lt;nothing&gt;" />
    <property name="libs.primefaces.javadoc" value="" />
    <property name="libs.spring-framework300.maven-pom" value="" />
    <property name="run.test.classpath" value=":build/classes:C:\Program Files\NetBeans 8.2\platform\modules\ext\junit-4.12.jar:${libs.junit.classpath}:C:\Program Files\NetBeans 8.2\platform\modules\ext\hamcrest-core-1.3.jar:build/test/classes" />
    <property name="ant.project.invoked-targets" value="test-single" />
    <property name="test.binaryexcludes" value="" />
    <property name="libs.swing-layout.javadoc" value="C:\Program Files\NetBeans 8.2\platform\docs\swing-layout-1.0.4-doc.zip" />
    <property name="sun.java2d.dpiaware" value="true" />
    <property name="libs.hibernate4-persistence.maven-pom" value="" />
    <property name="libs.DataBindingME-SVG.classpath" value="C:\Program Files\NetBeans 8.2\mobility\modules\ext\netbeans_databindingme_svg.jar" />
    <property name="https.nonProxyHosts" value="localhost|127.0.0.1|LAPTOP-3CKUMRO9" />
    <property name="libs.PostgreSQLDriver.maven-pom" value="" />
    <property name="java.class.version" value="52.0" />
    <property name="libs.hibernate4-persistencemodelgen.maven-pom" value="" />
    <property name="libs.javaee-endorsed-api-6.0.src" value="" />
    <property name="libs.eclipselink.javadoc" value="C:\Program Files\NetBeans 8.2\java\modules\ext\docs\javax.persistence-2.1.0-doc.zip" />
    <property name="libs.jsp-compilation.maven-pom" value="" />
    <property name="user.properties.file" value="C:\Users\barra\AppData\Roaming\NetBeans\8.2\build.properties" />
    <property name="runtime.encoding" value="UTF-8" />
    <property name="libs.javac-api.maven-pom" value="" />
    <property name="file.encoding.pkg" value="sun.io" />
    <property name="sun.cpu.endian" value="little" />
    <property name="libs.JAXB-ENDORSED.javadoc" value="" />
    <property name="libs.JWSAntTasks.classpath" value="C:\Program Files\NetBeans 8.2\java\ant\extra\org-netbeans-modules-javawebstart-anttasks.jar" />
    <property name="libs.spring-webmvc4.0.maven-pom" value="" />
    <property name="libs.spring-framework300.src" value="" />
    <property name="libs.jstl.src" value="" />
    <property name="empty.dir" value="C:\Users\barra\Documents\NetBeansProjects\JUnitSampleSol\build\empty" />
    <property name="version-output" value="java version &quot;1.8" />
    <property name="test.binarytestincludes" value="" />
    <property name="libs.hibernate4-persistencemodelgen.src" value="" />
    <property name="javadoc.preview" value="true" />
    <property name="libs.jpa20-persistence.javadoc" value="C:\Program Files\NetBeans 8.2\java\modules\ext\docs\javax.persistence-2.1.0-doc.zip" />
    <property name="java.home" value="C:\Program Files\Java\jdk1.8.0_241\jre" />
    <property name="libs.jsp-compilation.src" value="" />
    <property name="debug.test.classpath" value=":build/classes:C:\Program Files\NetBeans 8.2\platform\modules\ext\junit-4.12.jar:${libs.junit.classpath}:C:\Program Files\NetBeans 8.2\platform\modules\ext\hamcrest-core-1.3.jar:build/test/classes" />
    <property name="libs.javaee-endorsed-api-6.0.classpath" value="C:\Program Files\NetBeans 8.2\enterprise\modules\ext\javaee6-endorsed\javax.annotation.jar;C:\Program Files\NetBeans 8.2\enterprise\modules\ext\javaee6-endorsed\jaxb-api-osgi.jar;C:\Program Files\NetBeans 8.2\enterprise\modules\ext\javaee6-endorsed\webservices-api-osgi.jar" />
    <property name="libs.javaee-api-6.0.src" value="" />
    <property name="netbeans.importclass" value="org.netbeans.upgrade.AutoUpgrade" />
    <property name="ant.project.default-target" value="default" />
    <property name="annotation.processing.run.all.processors" value="true" />
    <property name="libs.DataBindingME.maven-pom" value="" />
    <property name="libs.PostgreSQLDriver.javadoc" value="" />
    <property name="libs.restlib.classpath" value="C:\Program Files\NetBeans 8.2\enterprise\modules\ext\jersey2\ext\asm-all-repackaged-2.2.0-b21.jar;C:\Program Files\NetBeans 8.2\enterprise\modules\ext\jersey2\ext\cglib-2.2.0-b21.jar;C:\Program Files\NetBeans 8.2\enterprise\modules\ext\jersey2\ext\guava-14.0.1.jar;C:\Program Files\NetBeans 8.2\enterprise\modules\ext\jersey2\ext\hk2-api-2.2.0-b21.jar;C:\Program Files\NetBeans 8.2\enterprise\modules\ext\jersey2\ext\hk2-locator-2.2.0-b21.jar;C:\Program Files\NetBeans 8.2\enterprise\modules\ext\jersey2\ext\hk2-utils-2.2.0-b21.jar;C:\Program Files\NetBeans 8.2\enterprise\modules\ext\jersey2\ext\javax.annotation-api-1.2.jar;C:\Program Files\NetBeans 8.2\enterprise\modules\ext\jersey2\ext\javax.inject-2.2.0-b21.jar;C:\Program Files\NetBeans 8.2\enterprise\modules\ext\jersey2\ext\javax.servlet-api-3.0.1.jar;C:\Program Files\NetBeans 8.2\enterprise\modules\ext\jersey2\ext\jaxb-api-2.2.7.jar;C:\Program Files\NetBeans 8.2\enterprise\modules\ext\jersey2\ext\jersey-entity-filtering-2.5.1.jar;C:\Program Files\NetBeans 8.2\enterprise\modules\ext\jersey2\ext\jersey-media-moxy-2.5.1.jar;C:\Program Files\NetBeans 8.2\enterprise\modules\ext\jersey2\ext\org.osgi.core-4.2.0.jar;C:\Program Files\NetBeans 8.2\enterprise\modules\ext\jersey2\ext\osgi-resource-locator-1.0.1.jar;C:\Program Files\NetBeans 8.2\enterprise\modules\ext\jersey2\ext\persistence-api-1.0.jar;C:\Program Files\NetBeans 8.2\enterprise\modules\ext\jersey2\ext\validation-api-1.1.0.Final.jar;C:\Program Files\NetBeans 8.2\enterprise\modules\ext\jersey2\jersey-client.jar;C:\Program Files\NetBeans 8.2\enterprise\modules\ext\jersey2\jersey-common.jar;C:\Program Files\NetBeans 8.2\enterprise\modules\ext\jersey2\jersey-container-servlet.jar;C:\Program Files\NetBeans 8.2\enterprise\modules\ext\jersey2\jersey-container-servlet-core.jar;C:\Program Files\NetBeans 8.2\enterprise\modules\ext\jersey2\jersey-server.jar;C:\Program Files\NetBeans 8.2\java\modules\ext\eclipselink\eclipselink.jar" />
    <property name="libs.MySQLDriver.maven-pom" value="" />
    <property name="libs.hibernate4-persistence.javadoc" value="C:\Program Files\NetBeans 8.2\java\modules\ext\docs\javax.persistence-2.1.0-doc.zip" />
    <property name="http.nonProxyHosts" value="localhost|127.0.0.1|LAPTOP-3CKUMRO9" />
    <property name="libs.junit_4.javadoc" value="C:\Program Files\NetBeans 8.2\platform\docs\junit-4.12-javadoc.jar" />
    <property name="libs.javaee-web-api-6.0.maven-pom" value="" />
    <property name="run.classpath" value=":build/classes" />
    <property name="jna.boot.library.name" value="jnidispatch-422" />
    <property name="libs.javaee-endorsed-api-6.0.javadoc" value="C:\Program Files\NetBeans 8.2\enterprise\docs\javaee-doc-api.jar" />
    <property name="libs.javaee-api-7.0.classpath" value="C:\Program Files\NetBeans 8.2\enterprise\modules\ext\javaee-api-7.0.jar" />
    <property name="sun.awt.datatransfer.timeout" value="1000" />
    <property name="libs.spring-webmvc3.0.javadoc" value="" />
    <property name="libs.jpa2-persistence.maven-pom" value="" />
    <property name="libs.hibernate4-support.classpath" value="C:\Program Files\NetBeans 8.2\java\modules\ext\hibernate4\antlr-2.7.7.jar;C:\Program Files\NetBeans 8.2\java\modules\ext\hibernate4\c3p0-0.9.2.1.jar;C:\Program Files\NetBeans 8.2\java\modules\ext\hibernate4\hibernate-c3p0-4.3.1.Final.jar;C:\Program Files\NetBeans 8.2\java\modules\ext\hibernate4\mchange-commons-java-0.2.3.4.jar;C:\Program Files\NetBeans 8.2\java\modules\ext\hibernate4\dom4j-1.6.1.jar;C:\Program Files\NetBeans 8.2\java\modules\ext\hibernate4\ehcache-core-2.4.3.jar;C:\Program Files\NetBeans 8.2\java\modules\ext\hibernate4\hibernate-ehcache-4.3.1.Final.jar;C:\Program Files\NetBeans 8.2\java\modules\ext\hibernate4\hibernate-core-4.3.1.Final.jar;C:\Program Files\NetBeans 8.2\java\modules\ext\hibernate4\jboss-logging-3.1.3.GA.jar;C:\Program Files\NetBeans 8.2\java\modules\ext\hibernate4\hibernate-commons-annotations-4.0.4.Final.jar;C:\Program Files\NetBeans 8.2\java\modules\ext\hibernate4\hibernate-entitymanager-4.3.1.Final.jar;C:\Program Files\NetBeans 8.2\java\modules\ext\hibernate4\javassist-3.18.1-GA.jar;C:\Program Files\NetBeans 8.2\java\modules\ext\hibernate4\jboss-transaction-api_1.2_spec-1.0.0.Final.jar;C:\Program Files\NetBeans 8.2\java\modules\ext\hibernate4\slf4j-api-1.6.1.jar;C:\Program Files\NetBeans 8.2\java\modules\ext\hibernate4\slf4j-simple-1.6.1.jar" />
    <property name="nb.native.filechooser" value="false" />
    <property name="libs.restapi.src" value="" />
    <property name="sun.management.compiler" value="HotSpot 64-Bit Tiered Compilers" />
    <property name="libs.j2me_common_ant.javadoc" value="" />
    <property name="javac.deprecation" value="false" />
    <property name="javadoc.use" value="true" />
    <property name="sun.java2d.noddraw" value="true" />
    <property name="libs.jsp-compiler.classpath" value="C:\Program Files\NetBeans 8.2\enterprise\ant\extra\jspcompile.jar" />
    <property name="javac.processorpath" value="" />
    <property name="libs.hamcrest.maven-pom" value="" />
    <property name="javac.compilerargs" value="" />
    <property name="svnkit.http.methods" value="Basic" />
    <property name="ant.file" value="C:\Users\barra\Documents\NetBeansProjects\JUnitSampleSol\build.xml" />
    <property name="libs.beans-binding.maven-pom" value="" />
    <property name="libs.hibernate4-support.javadoc" value="C:\Program Files\NetBeans 8.2\java\modules\ext\docs\javax.persistence-2.1.0-doc.zip" />
    <property name="libs.jsf12.classpath" value="C:\Program Files\NetBeans 8.2\enterprise\modules\ext\jsf-1_2\commons-beanutils.jar;C:\Program Files\NetBeans 8.2\enterprise\modules\ext\jsf-1_2\commons-collections.jar;C:\Program Files\NetBeans 8.2\enterprise\modules\ext\jsf-1_2\commons-digester.jar;C:\Program Files\NetBeans 8.2\enterprise\modules\ext\jsf-1_2\commons-logging.jar;C:\Program Files\NetBeans 8.2\enterprise\modules\ext\jsf-1_2\jsf-api.jar;C:\Program Files\NetBeans 8.2\enterprise\modules\ext\jsf-1_2\jsf-impl.jar" />
    <property name="libs.jstl.maven-pom" value="" />
    <property name="libs.restapi.maven-pom" value="" />
    <property name="libs.beans-binding.src" value="" />
    <property name="ant.file.type.JUnitSampleSol" value="file" />
    <property name="java.vm.specification.vendor" value="Oracle Corporation" />
    <property name="libs.DataBindingME-PIM.javadoc" value="C:\Program Files\NetBeans 8.2\mobility\modules\docs\netbeans_databindingme_pim-api.zip" />
    <property name="libs.swing-layout.src" value="C:\Program Files\NetBeans 8.2\platform\docs\swing-layout-1.0.4-src.zip" />
    <property name="org.openide.major.version" value="IDE/1" />
    <property name="java.vm.name" value="Java HotSpot(TM) 64-Bit Server VM" />
    <property name="netbeans.user" value="C:\Users\barra\AppData\Roaming\NetBeans\8.2" />
    <property name="javadoc.additionalparam" value="" />
    <property name="java.io.tmpdir" value="C:\Users\barra\AppData\Local\Temp\" />
    <property name="java.vendor.url" value="http://java.oracle.com/" />
    <property name="endorsed.classpath.cmd.line.arg" value="" />
    <property name="jna.loaded" value="true" />
    <property name="junit.available" value="true" />
    <property name="libs.jsp-compiler.src" value="" />
    <property name="sun.boot.library.path" value="C:\Program Files\Java\jdk1.8.0_241\jre\bin" />
    <property name="have.sources" value="true" />
    <property name="libs.hamcrest.javadoc" value="" />
    <property name="debug.classpath" value=":build/classes" />
    <property name="javadoc.private" value="false" />
    <property name="test.src.dir" value="test" />
    <property name="libs.jsf20.classpath" value="C:\Program Files\NetBeans 8.2\enterprise\modules\ext\jsf-2_2\javax.faces.jar" />
    <property name="ap.processors.internal" value="" />
    <property name="meta.inf.dir" value="src/META-INF" />
    <property name="javadoc.encoding.used" value="UTF-8" />
    <property name="libs.DataBindingME-SVG.src" value="C:\Program Files\NetBeans 8.2\mobility\sources\netbeans_databindingme_svg-src.zip" />
    <property name="dist.jar" value="dist/JUnitSampleSol.jar" />
    <property name="libs.spring-framework400.maven-pom" value="" />
    <property name="java.runtime.name" value="Java(TM) SE Runtime Environment" />
    <property name="ant.project.name" value="JUnitSampleSol" />
    <property name="netbeans.hash.code" value="unique=NB_CND_EXTIDE_GFMOD_GROOVY_JAVA_JC_MOB_PHP_WEBCOMMON_WEBEE0ea27c6b7-e9b3-4380-b47b-adcee3723838_3f0f34c8-1668-48b1-9c2f-c0e60c4c5137" />
    <property name="netbeans.default_userdir_root" value="C:\Users\barra\AppData\Roaming\NetBeans" />
    <property name="libs.jsp-compilation-syscp.maven-pom" value="" />
    <property name="junit.selected.version" value="4" />
    <property name="sun.cpu.isalist" value="amd64" />
    <property name="libs.spring-framework400.javadoc" value="" />
    <property name="libs.CopyLibs.javadoc" value="" />
    <property name="org.openide.specification.version" value="6.2" />
    <property name="libs.DataBindingME-PIM.classpath" value="C:\Program Files\NetBeans 8.2\mobility\modules\ext\netbeans_databindingme_pim.jar" />
    <property name="user.home" value="C:\Users\barra" />
    <property name="annotation.processing.processors.list" value="" />
    <property name="libs.primefaces.maven-pom" value="" />
    <property name="debug-args-line" value="-Xdebug" />
    <property name="libs.javaee-api-6.0.maven-pom" value="" />
    <property name="libs.JWSAntTasks.src" value="" />
    <property name="jar.index" value="false" />
    <property name="libs.CopyLibs.maven-pom" value="" />
    <property name="libs.spring-framework300.javadoc" value="" />
    <property name="libs.absolutelayout.javadoc" value="" />
    <property name="guice.disable.misplaced.annotation.check" value="true" />
    <property name="java.specification.name" value="Java Platform API Specification" />
    <property name="java.specification.vendor" value="Oracle Corporation" />
    <property name="libs.javac-api.classpath" value="C:\Program Files\NetBeans 8.2\java\modules\ext\nb-javac-api.jar" />
    <property name="ant.file.type.JUnitSampleSol-impl" value="file" />
    <property name="java.version" value="1.8.0_241" />
    <property name="run.jvmargs.ide" value="" />
    <property name="javadoc.version" value="false" />
    <property name="libs.MySQLDriver.javadoc" value="" />
    <property name="org.openide.version" value="deprecated" />
    <property name="platform.java" value="C:\Program Files\Java\jdk1.8.0_241\jre/bin/java" />
    <property name="source.encoding" value="UTF-8" />
    <property name="ap.cmd.line.internal" value="" />
    <property name="libs.eclipselinkmodelgen.maven-pom" value="" />
    <property name="libs.jsp-compilation-syscp.javadoc" value="" />
    <property name="libs.eclipselinkmodelgen.javadoc" value="" />
    <property name="libs.javaee-endorsed-api-7.0.classpath" value="C:\Program Files\NetBeans 8.2\enterprise\modules\ext\javaee7-endorsed\javax.annotation-api.jar;C:\Program Files\NetBeans 8.2\enterprise\modules\ext\javaee7-endorsed\javax.xml.soap-api.jar;C:\Program Files\NetBeans 8.2\enterprise\modules\ext\javaee7-endorsed\jaxb-api-osgi.jar;C:\Program Files\NetBeans 8.2\enterprise\modules\ext\javaee7-endorsed\jaxws-api.jar;C:\Program Files\NetBeans 8.2\enterprise\modules\ext\javaee7-endorsed\jsr181-api.jar" />
    <property name="libs.metro.javadoc" value="C:\Program Files\NetBeans 8.2\enterprise\docs\metro-1.4-doc.zip" />
    <property name="libs.struts.maven-pom" value="" />
    <property name="netbeans.home+have.tests" value="true" />
    <property name="annotation.processing.processor.options" value="" />
    <property name="libs.testng.maven-pom" value="" />
    <property name="libs.jaxb.src" value="" />
    <property name="jdk.launcher.addexports.5" value="java.management/sun.management=ALL-UNNAMED" />
    <property name="jdk.launcher.addexports.4" value="java.desktop/com.sun.java.swing.plaf.windows=ALL-UNNAMED" />
    <property name="jdk.launcher.addexports.3" value="java.desktop/sun.awt.im=ALL-UNNAMED" />
    <property name="work.dir" value="C:\Users\barra\Documents\NetBeansProjects\JUnitSampleSol" />
    <property name="jdk.launcher.addexports.2" value="java.desktop/java.awt.peer=ALL-UNNAMED" />
    <property name="libs.jaxb.classpath" value="C:\Program Files\NetBeans 8.2\ide\modules\ext\jaxb\jaxb-impl.jar;C:\Program Files\NetBeans 8.2\ide\modules\ext\jaxb\jaxb-xjc.jar;C:\Program Files\NetBeans 8.2\ide\modules\ext\jaxb\jaxb1-impl.jar;C:\Program Files\NetBeans 8.2\ide\modules\ext\jaxb\activation.jar;C:\Program Files\NetBeans 8.2\ide\modules\ext\jaxb\api\jaxb-api.jar;C:\Program Files\NetBeans 8.2\ide\modules\ext\jaxb\api\jsr173_1.0_api.jar" />
    <property name="jdk.launcher.addexports.1" value="java.base/jdk.internal.jrtfs=ALL-UNNAMED" />
    <property name="jdk.launcher.addexports.0" value="java.desktop/sun.awt=ALL-UNNAMED" />
    <property name="do.depend" value="false" />
    <property name="dist.javadoc.dir" value="dist/javadoc" />
    <property name="libs.j2me_common_ant.classpath" value="C:\Program Files\NetBeans 8.2\mobility\modules\org-netbeans-modules-j2me-common-ant.jar;C:\Program Files\NetBeans 8.2\java\modules\org-netbeans-modules-classfile.jar" />
    <property name="libs.spring-webmvc3.0.classpath" value="C:\Program Files\NetBeans 8.2\java\modules\ext\spring-3.0\spring-webmvc-3.2.7.RELEASE.jar" />
    <property name="libs.swing-layout.classpath" value="C:\Program Files\NetBeans 8.2\platform\modules\ext\swing-layout-1.0.4.jar" />
    <property name="libs.javaee-web-api-7.0.maven-pom" value="" />
    <property name="libs.restlib.src" value="" />
    <property name="build.generated.dir" value="build/generated" />
    <property name="javac.source" value="1.6" />
    <property name="line.separator" value="&#xd;&#xa;" />
    <property name="java.specification.version" value="1.8" />
    <property name="java.vm.info" value="mixed mode" />
    <property name="libs.jaxws21.maven-pom" value="" />
    <property name="nb.junit.batch" value="true" />
    <property name="junit.forkmode" value="perTest" />
    <property name="sun.boot.class.path" value="C:\Program Files\Java\jdk1.8.0_241\jre\lib\resources.jar;C:\Program Files\Java\jdk1.8.0_241\jre\lib\rt.jar;C:\Program Files\Java\jdk1.8.0_241\jre\lib\sunrsasign.jar;C:\Program Files\Java\jdk1.8.0_241\jre\lib\jsse.jar;C:\Program Files\Java\jdk1.8.0_241\jre\lib\jce.jar;C:\Program Files\Java\jdk1.8.0_241\jre\lib\charsets.jar;C:\Program Files\Java\jdk1.8.0_241\jre\lib\jfr.jar;C:\Program Files\Java\jdk1.8.0_241\jre\classes" />
    <property name="javac.target" value="1.6" />
    <property name="built-jar.properties" value="C:\Users\barra\Documents\NetBeansProjects\JUnitSampleSol\build\built-jar.properties" />
    <property name="build.test.classes.dir" value="build/test/classes" />
    <property name="src.dir" value="src" />
    <property name="annotation.processing.enabled" value="true" />
    <property name="libs.jpa2-persistence.src" value="" />
    <property name="sun.awt.keepWorkingSetOnMinimize" value="true" />
    <property name="libs.jsf20.src" value="" />
    <property name="libs.jpa20-persistence.src" value="" />
    <property name="libs.DataBindingME-SVG.maven-pom" value="" />
    <property name="libs.jsf12.src" value="" />
    <property name="libs.struts.javadoc" value="C:\Program Files\NetBeans 8.2\enterprise\docs\struts-1.3.10-javadoc.zip" />
    <property name="ignore.failing.tests" value="true" />
    <property name="libs.javaee-web-api-7.0.src" value="" />
    <property name="libs.primefaces.src" value="" />
    <property name="dist.dir" value="dist" />
    <property name="libs.groovy-all.javadoc" value="" />
    <property name="testng.debug.mode" value="" />
    <property name="javac.fork" value="false" />
    <property name="libs.groovy-all.classpath" value="C:\Program Files\NetBeans 8.2\groovy\modules\ext\groovy-all.jar" />
    <property name="java.awt.printerjob" value="sun.awt.windows.WPrinterJob" />
    <property name="default.javac.source" value="1.8" />
    <property name="debug-transport-by-os" value="dt_shmem" />
    <property name="libs.MySQLDriver.src" value="" />
    <property name="sun.jnu.encoding" value="Cp1252" />
    <property name="java.runtime.version" value="1.8.0_241-b07" />
    <property name="build.test.results.dir" value="build/test/results" />
    <property name="default.javac.target" value="1.8" />
    <property name="libs.junit_4.classpath" value="C:\Program Files\NetBeans 8.2\platform\modules\ext\junit-4.12.jar" />
    <property name="user.timezone" value="" />
    <property name="nb.junit.single" value="false" />
    <property name="libs.javaee-endorsed-api-6.0.maven-pom" value="" />
    <property name="netbeans.dirs" value="C:\Program Files\NetBeans 8.2\nb;C:\Program Files\NetBeans 8.2\ergonomics;C:\Program Files\NetBeans 8.2\ide;C:\Program Files\NetBeans 8.2\extide;C:\Program Files\NetBeans 8.2\java;C:\Program Files\NetBeans 8.2\apisupport;C:\Program Files\NetBeans 8.2\webcommon;C:\Program Files\NetBeans 8.2\websvccommon;C:\Program Files\NetBeans 8.2\enterprise;C:\Program Files\NetBeans 8.2\mobility;C:\Program Files\NetBeans 8.2\profiler;C:\Program Files\NetBeans 8.2\python;C:\Program Files\NetBeans 8.2\php;C:\Program Files\NetBeans 8.2\identity;C:\Program Files\NetBeans 8.2\harness;C:\Program Files\NetBeans 8.2\cnd;C:\Program Files\NetBeans 8.2\cndext;C:\Program Files\NetBeans 8.2\dlight;C:\Program Files\NetBeans 8.2\groovy;C:\Program Files\NetBeans 8.2\extra;C:\Program Files\NetBeans 8.2\javacard;C:\Program Files\NetBeans 8.2\javafx" />
    <property name="libs.jsf20.javadoc" value="C:\Program Files\NetBeans 8.2\enterprise\docs\javaee-doc-api.jar" />
    <property name="libs.jstl.javadoc" value="C:\Program Files\NetBeans 8.2\enterprise\docs\javaee-doc-api.jar" />
    <property name="java.ext.dirs" value="C:\Program Files\Java\jdk1.8.0_241\jre\lib\ext;C:\windows\Sun\Java\lib\ext" />
    <property name="libs.metro.src" value="" />
    <property name="libs.absolutelayout.classpath" value="C:\Program Files\NetBeans 8.2\java\modules\ext\AbsoluteLayout.jar" />
    <property name="excludes" value="" />
    <property name="libs.restlib.maven-pom" value="" />
    <property name="libs.metro.classpath" value="C:\Program Files\NetBeans 8.2\ide\modules\ext\jaxb\activation.jar;C:\Program Files\NetBeans 8.2\enterprise\modules\ext\metro\webservices-api.jar;C:\Program Files\NetBeans 8.2\enterprise\modules\ext\metro\webservices-extra-api.jar;C:\Program Files\NetBeans 8.2\enterprise\modules\ext\metro\webservices-extra.jar;C:\Program Files\NetBeans 8.2\enterprise\modules\ext\metro\webservices-rt.jar;C:\Program Files\NetBeans 8.2\enterprise\modules\ext\metro\webservices-tools.jar" />
    <property name="libs.jpa2-persistence.javadoc" value="C:\Program Files\NetBeans 8.2\java\modules\ext\docs\javax.persistence-2.1.0-doc.zip" />
    <property name="libs.DataBindingME.javadoc" value="C:\Program Files\NetBeans 8.2\mobility\modules\docs\netbeans_databindingme-api.zip" />
    <property name="apple.laf.useScreenMenuBar" value="true" />
    <property name="java.class.path" value="C:\Users\barra\Documents\NetBeansProjects\JUnitSampleSol\build\classes;C:\Program Files\NetBeans 8.2\platform\modules\ext\junit-4.12.jar;C:\Program Files\NetBeans 8.2\platform\modules\ext\hamcrest-core-1.3.jar;C:\Users\barra\Documents\NetBeansProjects\JUnitSampleSol\build\test\classes;C:\Program Files\NetBeans 8.2\extide\ant\lib\ant-launcher.jar;C:\Program Files\NetBeans 8.2\extide\ant\lib\ant.jar;C:\Program Files\NetBeans 8.2\extide\ant\lib\ant-junit.jar;C:\Program Files\NetBeans 8.2\extide\ant\lib\ant-junit4.jar" />
    <property name="do.mkdist" value="true" />
    <property name="libs.absolutelayout.src" value="" />
    <property name="libs.jpa20-persistence.classpath" value="C:\Program Files\NetBeans 8.2\java\modules\ext\eclipselink\javax.persistence_2.1.0.v201304241213.jar" />
    <property name="os.version" value="10.0" />
    <property name="application.args" value="" />
    <property name="libs.javaee-api-7.0.maven-pom" value="" />
    <property name="sun.awt.enableExtraMouseButtons" value="true" />
    <property name="sun.desktop" value="windows" />
    <property name="libs.hibernate4-persistence.src" value="" />
    <property name="libs.hibernate4-support.maven-pom" value="" />
    <property name="libs.restlib.javadoc" value="" />
    <property name="libs.JAXB-ENDORSED.classpath" value="C:\Program Files\NetBeans 8.2\ide\modules\ext\jaxb\api\jaxb-api.jar" />
    <property name="nb.internal.action.name" value="test.single" />
    <property name="libs.eclipselink.classpath" value="C:\Program Files\NetBeans 8.2\java\modules\ext\eclipselink\eclipselink.jar;C:\Program Files\NetBeans 8.2\java\modules\ext\eclipselink\javax.persistence_2.1.0.v201304241213.jar;C:\Program Files\NetBeans 8.2\java\modules\ext\eclipselink\org.eclipse.persistence.jpa.jpql_2.5.2.v20140319-9ad6abd.jar" />
    <property name="libs.javaee-api-7.0.javadoc" value="C:\Program Files\NetBeans 8.2\enterprise\docs\javaee-doc-api.jar" />
    <property name="java.awt.graphicsenv" value="sun.awt.Win32GraphicsEnvironment" />
    <property name="libs.beans-binding.javadoc" value="C:\Program Files\NetBeans 8.2\java\docs\beansbinding-1.2.1-doc.zip" />
    <property name="java.vm.vendor" value="Oracle Corporation" />
    <property name="libs.CopyLibs.classpath" value="C:\Program Files\NetBeans 8.2\java\ant\extra\org-netbeans-modules-java-j2seproject-copylibstask.jar" />
    <property name="libs.spring-framework300.classpath" value="C:\Program Files\NetBeans 8.2\ide\modules\org-apache-commons-logging.jar;C:\Program Files\NetBeans 8.2\java\modules\ext\cglib-2.2.jar;C:\Program Files\NetBeans 8.2\java\modules\ext\spring-3.0\spring-aop-3.2.7.RELEASE.jar;C:\Program Files\NetBeans 8.2\java\modules\ext\spring-3.0\spring-aspects-3.2.7.RELEASE.jar;C:\Program Files\NetBeans 8.2\java\modules\ext\spring-3.0\spring-beans-3.2.7.RELEASE.jar;C:\Program Files\NetBeans 8.2\java\modules\ext\spring-3.0\spring-build-src-3.2.7.RELEASE.jar;C:\Program Files\NetBeans 8.2\java\modules\ext\spring-3.0\spring-context-3.2.7.RELEASE.jar;C:\Program Files\NetBeans 8.2\java\modules\ext\spring-3.0\spring-context-support-3.2.7.RELEASE.jar;C:\Program Files\NetBeans 8.2\java\modules\ext\spring-3.0\spring-core-3.2.7.RELEASE.jar;C:\Program Files\NetBeans 8.2\java\modules\ext\spring-3.0\spring-expression-3.2.7.RELEASE.jar;C:\Program Files\NetBeans 8.2\java\modules\ext\spring-3.0\spring-framework-bom-3.2.7.RELEASE.jar;C:\Program Files\NetBeans 8.2\java\modules\ext\spring-3.0\spring-instrument-3.2.7.RELEASE.jar;C:\Program Files\NetBeans 8.2\java\modules\ext\spring-3.0\spring-instrument-tomcat-3.2.7.RELEASE.jar;C:\Program Files\NetBeans 8.2\java\modules\ext\spring-3.0\spring-jdbc-3.2.7.RELEASE.jar;C:\Program Files\NetBeans 8.2\java\modules\ext\spring-3.0\spring-jms-3.2.7.RELEASE.jar;C:\Program Files\NetBeans 8.2\java\modules\ext\spring-3.0\spring-orm-3.2.7.RELEASE.jar;C:\Program Files\NetBeans 8.2\java\modules\ext\spring-3.0\spring-oxm-3.2.7.RELEASE.jar;C:\Program Files\NetBeans 8.2\java\modules\ext\spring-3.0\spring-struts-3.2.7.RELEASE.jar;C:\Program Files\NetBeans 8.2\java\modules\ext\spring-3.0\spring-test-3.2.7.RELEASE.jar;C:\Program Files\NetBeans 8.2\java\modules\ext\spring-3.0\spring-tx-3.2.7.RELEASE.jar;C:\Program Files\NetBeans 8.2\java\modules\ext\spring-3.0\spring-web-3.2.7.RELEASE.jar;C:\Program Files\NetBeans 8.2\java\modules\ext\spring-3.0\spring-webmvc-3.2.7.RELEASE.jar;C:\Program Files\NetBeans 8.2\java\modules\ext\spring-3.0\spring-webmvc-portlet-3.2.7.RELEASE.jar" />
    <property name="libs.jsp-compiler.maven-pom" value="" />
    <property name="libs.hamcrest.src" value="" />
    <property name="run.jvmargs" value="" />
    <property name="libs.hibernate4-persistence.classpath" value="C:\Program Files\NetBeans 8.2\java\modules\ext\hibernate4\antlr-2.7.7.jar;C:\Program Files\NetBeans 8.2\java\modules\ext\hibernate4\c3p0-0.9.2.1.jar;C:\Program Files\NetBeans 8.2\java\modules\ext\hibernate4\hibernate-c3p0-4.3.1.Final.jar;C:\Program Files\NetBeans 8.2\java\modules\ext\hibernate4\mchange-commons-java-0.2.3.4.jar;C:\Program Files\NetBeans 8.2\java\modules\ext\hibernate4\dom4j-1.6.1.jar;C:\Program Files\NetBeans 8.2\java\modules\ext\hibernate4\ehcache-core-2.4.3.jar;C:\Program Files\NetBeans 8.2\java\modules\ext\hibernate4\hibernate-ehcache-4.3.1.Final.jar;C:\Program Files\NetBeans 8.2\java\modules\ext\hibernate4\hibernate-core-4.3.1.Final.jar;C:\Program Files\NetBeans 8.2\java\modules\ext\hibernate4\jboss-logging-3.1.3.GA.jar;C:\Program Files\NetBeans 8.2\java\modules\ext\hibernate4\hibernate-commons-annotations-4.0.4.Final.jar;C:\Program Files\NetBeans 8.2\java\modules\ext\hibernate4\hibernate-entitymanager-4.3.1.Final.jar;C:\Program Files\NetBeans 8.2\java\modules\ext\hibernate4\javassist-3.18.1-GA.jar;C:\Program Files\NetBeans 8.2\java\modules\ext\hibernate4\jboss-transaction-api_1.2_spec-1.0.0.Final.jar;C:\Program Files\NetBeans 8.2\java\modules\ext\hibernate4\slf4j-api-1.6.1.jar;C:\Program Files\NetBeans 8.2\java\modules\ext\hibernate4\slf4j-simple-1.6.1.jar;C:\Program Files\NetBeans 8.2\java\modules\ext\hibernate4\hibernate-jpa-2.1-api-1.0.0.Final.jar" />
    <property name="libs.JAXB-ENDORSED.src" value="" />
    <property name="libs.testng.javadoc" value="C:\Program Files\NetBeans 8.2\platform\docs\testng-6.8.1-javadoc.zip" />
    <property name="libs.DataBindingME-PIM.src" value="C:\Program Files\NetBeans 8.2\mobility\sources\netbeans_databindingme_pim-src.zip" />
    <property name="user.script" value="" />
    <property name="libs.PostgreSQLDriver.classpath" value="C:\Program Files\NetBeans 8.2\ide\modules\ext\postgresql-9.4.1209.jar" />
    <property name="libs.jsf12.maven-pom" value="" />
    <property name="libs.hibernate4-persistencemodelgen.classpath" value="C:\Program Files\NetBeans 8.2\java\modules\ext\hibernate4\hibernate-jpamodelgen-4.3.1.Final.jar" />
    <property name="build.dir" value="build" />
    <property name="libs.CopyLibs.src" value="" />
    <property name="libs.jsp-compilation.classpath" value="C:\Program Files\NetBeans 8.2\extide\ant\lib\ant.jar;C:\Program Files\NetBeans 8.2\enterprise\modules\ext\servlet3.1-jsp2.3-api.jar;C:\Program Files\NetBeans 8.2\enterprise\modules\ext\glassfish-jspparser-4.0.jar;C:\Program Files\NetBeans 8.2\enterprise\modules\ext\jsf-2_2\javax.faces.jar;C:\Program Files\NetBeans 8.2\enterprise\modules\ext\jstl-api.jar;C:\Program Files\NetBeans 8.2\extide\ant\lib\ant-launcher.jar" />
    <property name="ant.version" value="Apache Ant(TM) version 1.9.7 compiled on April 9 2016" />
    <property name="file.encoding" value="Cp1252" />
    <property name="build.classes.excludes" value="**/*.java,**/*.form" />
    <property name="jdkBug6558476" value="false" />
    <property name="javadoc.nonavbar" value="false" />
    <property name="libs.spring-webmvc4.0.classpath" value="C:\Program Files\NetBeans 8.2\java\modules\ext\spring-4\spring-webmvc-4.0.1.RELEASE.jar" />
    <property name="platform.active" value="default_platform" />
    <property name="awt.toolkit" value="sun.awt.windows.WToolkit" />
    <property name="libs.javaee-web-api-7.0.javadoc" value="C:\Program Files\NetBeans 8.2\enterprise\docs\javaee-doc-api.jar" />
  </properties>
  <testcase classname="sample.VectorsJUnit4Test" name="equalsCheck" time="0.003" />
  <testcase classname="sample.VectorsJUnit4Test" name="ScalarMultiplicationCheck" time="0.0" />
  <testcase classname="sample.UtilsJUnit4Test" name="helloWorldCheck" time="0.001" />
  <testcase classname="sample.UtilsJUnit4Test" name="testWithTimeout" time="1.108">
    <error message="test timed out after 1000 milliseconds" type="org.junit.runners.model.TestTimedOutException">org.junit.runners.model.TestTimedOutException: test timed out after 1000 milliseconds
	at java.io.FileOutputStream.writeBytes(Native Method)
	at java.io.FileOutputStream.write(FileOutputStream.java:326)
	at java.io.BufferedOutputStream.write(BufferedOutputStream.java:122)
	at java.io.PrintStream.write(PrintStream.java:480)
	at java.io.PrintStream.write(PrintStream.java:480)
	at sun.nio.cs.StreamEncoder.writeBytes(StreamEncoder.java:221)
	at sun.nio.cs.StreamEncoder.implWrite(StreamEncoder.java:282)
	at sun.nio.cs.StreamEncoder.write(StreamEncoder.java:125)
	at java.io.OutputStreamWriter.write(OutputStreamWriter.java:207)
	at java.io.BufferedWriter.flushBuffer(BufferedWriter.java:129)
	at java.io.PrintStream.write(PrintStream.java:526)
	at java.io.PrintStream.print(PrintStream.java:669)
	at java.io.PrintStream.println(PrintStream.java:806)
	at sample.UtilsJUnit4Test.testWithTimeout(UtilsJUnit4Test.java:133)
	at java.util.concurrent.FutureTask.run(FutureTask.java:266)
	at java.lang.Thread.run(Thread.java:748)
</error>
  </testcase>
  <testcase classname="sample.UtilsJUnit4Test" name="temporarilyDisabledTest" time="0.0">
    <skipped />
  </testcase>
  <testcase classname="sample.UtilsJUnit4Test" name="checkExpectedException" time="0.001" />
  <testcase classname="sample.VectorsJUnit3Test" name="testEqual" time="0.001" />
  <testcase classname="sample.VectorsJUnit3Test" name="testScalarMultiplication" time="0.001" />
  <system-out><![CDATA[* VectorsJUnit4Test: equalsCheck()
* VectorsJUnit4Test: ScalarMultiplicationCheck()
* UtilsJUnit4Test: @BeforeClass method
* UtilsJUnit4Test: @Before method
* UtilsJUnit4Test: test method 1 - helloWorldCheck()
* UtilsJUnit4Test: @After method
* UtilsJUnit4Test: @Before method
* UtilsJUnit4Test: test method 2 - testWithTimeout()
computing 14767!
14767! = 157089591059623268887334454027807601538412725261849640650531805076612973143584192612326604978172781033560096198275140943613746860162399198044289912798727900069480440114388215608962223456092516025487009826813376147556277371671798318206376855699172844517081890772026121858089302342191479135257223742202583232617612097806344238903724973808324241382772249200560497491384024944101666583958030869514320607312303541793462763960473413241478988600001355453873085758420648849655815506212071624593667021359405798732264257909855519702084877651144135295296769828078819691685159174772923126087636983265300688743905142382719762755373417882764307155766888442383928228159407757113896549849962426057305240789965885044325028741260027312930664753415771145488634265597493795860509112440023861396274767619741749378617902534039085110388597864613592667768562974658264380946739881900799085584145479624960082978094775788150728656613127874512362347817445372033417851732059337727632746428960295932860556348358246373150987075246417885548593366482417547330546501388638810628410077598258827909521683339549404965721163026686785427851997464081177483296898836071765961944617434829727959652174859428647784087402710680580642913029563624568096275079632046809807284269699828097244196015666647295319090874609747960962668659588754805056380302522621950929849933879476778340371951265234698420051186819593271456404946162697473267507879857848303937486684307610904745371588718228105486221637543760161485265591614454692350945705501431408053166381605904837193971150923896519664063319443109876526663219127335648969045188346634335636233580277957202748088904237655620470758438731587623792957278600457914910017442194569555450433733081639222365913759648380605325017892395099541104459131204592672830911027716700967088540997168453671632276662060205957820783482222007494647270922542435664432550967084392638173811561459883020218850437378388469942911468365032815056231193258358289979934643915341223766661276542422014026323575595009629809620277907302124485553382856601836174039293165407800510966930869371236258282210369820657543921123922559689503917776767395631296949165711619229094150131450717900118682280791243726770151831986891897089199819911250007484140563186351364484415654918537753778548752396378292948588506455821921875951620991964907892944895147439092643955705712154497334575223978527183215103082855180167927347154160413414977600732993849969776996744369855806830244462756494326519431481667417386758314752199494299155207425655723869943149628460293030378004350414486492242036570607361732060158880488420093242942917617297020812125607229316927505021225104323712524680281450354446054035163210816853359648629447856327527041438086512352588860391664683553741718902457716286515286257215588429130457822737993888346677350837606700126576632423115214650457740640536448786814766407909259044252178696552212252503198823678424483419545939815857836173363845488783182937284938652763624512027936783204897790360678764947385382245903614560177539680544858017937605338302912268861399190333436766173260662035008189490130463554514124687015489832019434740471876570750544604862318273724356742279307469752131741184045910274892758088101056945198634292720140639691739690532082270393289726322866322226201904018420185697887601005403889739954467013477444427814255450781802040947989123288308178190172243354290690852608847461626209510153283557817305504304793632575747874275519569994621912341528829381629382530446223975652972232645125571233431014996079232098351511688480998141575509455946783026375986176141962084596141142991435459953624471963406264526519749669449586949038408566107708496966043591646758939039221953272964699237910301787786523065381798116273103563762037954611702153024636723680065365923138955621376261842782582699922970206105852626170914583473421837344274276657492075854910474815084407589003481142447167140426044142631862469108245441752124699304368266077132651632848340647561698562499188212371417934128904725943261660193312463811972514479120290424358233777845913729138746319125026735824431692181419047522531005501072831264555535249326538574698266001314081651844124441042487141720910014823273496452126584740845719566207091166879514050299898464633826228577397852821928653141690361848691391106718355381278101860225874199808811077031333410525374728131991020653260202243982003287573585785932470920656312569592075496823267713699723938154524891781024145324656971432442598814842209408797206488513337721379952017984039948575937713149737073269538883164214803845982457826692752029917777800606685367790219333335065847530886935470578274201715955615443645779556610198016110404570169146105401158295490447913745249286267932941419785510806879834252914464022595136880340115143327861079986403072999618624001837109259214067654007525099489150693061764610772558799765887360371274751734902567400851606570395590255095170122499963196223527363232217112399156324905919354420312669665044988333757144324763916326038323715663330571989804942338627901845647191867807337807966342672139316931568981472619997032763462664415319872790994408118216564066744296804975467833978335501327696562519122317756802349340680317897960731125546518237578421233143588250895439749114183928579274890688894976622989279285044883658321347039351127700010887140418926173440052273368162386943630149737378853704491768821352082710215662456600789249733549866015792021109661570410749564396452968540604077961245115165621538046784475606229730852593949475927300451462574821206244982448108144843926523269161565319102889715598586495266179779390174264397845414146059607932353746882811125060109005594242576124717460744696650130982323829982402509007907302664253239233637262161585926803346564600441426798298845410504288202925214534114333565681683661659511099094363978664944927420487675720059860575914880281930255311438642340082663947860324398861405341751660429361504139328844833732266263566725121621351245846448632054467957845044868013525290155718624050016960364960170126483082326125059493776383882222988734493376395085882581094967153181245656941863223524920744941869704153173603781487417311311934226944006751279755920907136912970362362008089195728695483567277824264146764961654309750975414499821059973800904803095893459022236445941484550231165722412596663734439976714351086555723628679092094585543387882903936950527598021503020197342910847348934716732263180813485007597819007103784172908260863239870263449446665826751135404868103585338098014915999098846651884682408268746092004654241730743422597455647127495779166569672375082656756106218707106577421335019336692490654179657789102375887879418490479299762684495599078555401087418667741577816215231988110573591342330982126768326206858076273623356084106613938435317352227841994179910450278180305238701901840743786433664331645286043722889148723470448081056667175538269204870364614378949880584344236614414307569945652144308584548900171881648036163661070101745990082224203676323512551305216801843760148030724281086369287869077113039268400174226880758571471518292780777965023358617843141481342466871211682154629309504461396613433496072944586097998206978557271853238067364531474395304881019487451013343243092013224974212509734596860962233787537512991228366941046180629582037167413737900521604975949487544066327310981234296751589246254345745443603018309871898540601786726630842999171359054818469389597449597786376263706636592749419084996809869412613900864812699481202612570049837264255565174871133023406846951777031722063445085080969161799945958253636261324433099838359302654162339225103006785876706950193571532007959463825653054427963588251721681863816878007828550454057730583878130167834443829864031712707932333916320445319199381276147555880332356489414795262397585214460095791958104768909211193884880898380886394698271691474984181165133131730718541131523623023285541955953235686795071364440420058135799672985418373716145006895304167632284627414490752309330841196913141521460728700506401357159107867278032731324072958329659506278968672234488470891751893459973505350802455432628511476676330408580688159147067560109536046274289352889677204312607929500683588934520671027316560338660910252314498365609264583486442976530694655057514884486824973953680323861283885020497441337336124432806571503664946270111580013847502967841196120825141481102146872425526392135397563571776815267465509914713895146283258134282660592476610618231496593504189291263377941922738199492730726233306161899567964891208297104424332952953510911061967845137833675303240065860156865964947207707288900698375733661603145051237116448888868458795486295587749751583178911401709940307261611199345380832920449102358331858152403222514303108662569678582946066252230272885787628165929348639402929124554317950331236661789767393436013714267508003183637210300714934029889515789224203976711651756759209007051298854768625901402352292044998772681816438463331874324949663516062473691126010525399367717205578022570966055386853373006151773463559991593108938423363319438556059422566525883607556832885509119447346262985691953241255755226143368850731939468837100006824915470985980023394781808163319241248433530040377929355974082614447890916808216817003953112434948193573366427443710704924890249505031411833774352719961686076846170141854798000820236363176729117342302312740943915469221371668666781201151624739597172318335854821923121520317465481255664474126045005371854554403929379369280814691840358019695654099445002616222291737223639933092866940384034135051122211253128071122779882552167650005591347684755840672520013358575047967758646395478620108760999823938663442339648767929074040498766765418379526966587876408769605499214836479621193676225935157224676885717453520287605760885364341543802402629283943450120286167388331548175157342939566856819203061981799159640907047741556288026671447813667354978691645861731352293388787727647235704487355520638117571488584457248347621319132550812142781718148044603900278100281855710035120929467872057355907536454370797130968796735107042942062398899180892588828288246982266871596890921160852709963229876721860297117631088571196946986500881157868254201061846617888532500190615617528073406812553671915192264818377810728411295721865780910633988087361226598461988620581887140200420283980848407627065341268518706619924497917945121385237717203073542840520227930061068752052292291903956866245631352258344847747213689646803630995619634333434478005266783838547050639285022743724267520944091961840231117853625713990698126120295867467810552002958695504163411284938467275998370011799469519189709147807131042320677729259745691408094188889628481817781451261907005660591513441124042341510928878871011813973623921724623069977190525614688486583117497738838818427117317260424071018509062567852566695633518836421973787196701609076724552188207038520735921747626038145252772151963849676254531037768565322052006560130750096628713474530810713294210669608535675883357441677320253087590129612001873251856500914839688582772323542599797868110463189444433733507059214353387836735619159062885127494090779316637899514264613951267439177338424765943020894355518918869826373244658072438065809019536560590506201253785258115236603819629837081420546918381395880873996363180240922905604160311821197458248044050643229038396761092886974509331626817291916210390497769255149487241995430184137352069996941099681497089060669628526599808054891140325360050518439666000136841788562742206085859164746457521887766153221999417312387333962990214198594761109135590423907519096008285477457031478341463815618490265009903505704579312087786096142281354665091523644655294807673442822374708133806650632533594563028462491937439451994947435621322427905018306394408295595891298007659801677441185439330679652413150645552933099230882325826238875904318400403064849161448102846390139987292173270246380954210371949032022890626085848061279489139912791137319862273127545328818763094389306344037247757442802042208123669921377283317170520467526584111975380723302117598962194196267662378513157464611754387899277715320940735521500738170375748428770064015075331232406477184654961651100460099570345515842539282276509314381609702174136907363627175495347852140266424479406954801352051309817581871131294242172056320115712253110052483848437900736422483751694197476231723732271626800111372907233967777082881928964457458789766340378874333786184715967049867436465325931644029034328224779111640861242543805665535488661295309440919819403467974729975878464582750967716041622808528969853349384046074398267130518754590305736686291668686869385420944766981788265768644789353908111356539732357608212051362088180537648341117814719780606337866170778839316927452220704878539498408083467918715539973854776849597464455790783863115603427602528238390503922765853285509899926005127507813944382186121910891039458645844576541047615090417392931957120795911626106757459523500067616145076384226997363422949232566958579308533586799076540350705444802551790923041768676134427508453217225569050789749101735943992810011073950255640002584844654312448797301090493827211066797085605962333460476636337507239966660190059797617341256943048632545442242081060817578980601542574391096911232258808695400409138340659091032526479767078793666306965029400898909395580205596837562980159302679816501215572015693880239178520173832541754830164519820565807664797788801633528048501520696459531323477690687565163580423079321527105908733520536789559850866218661302273127392821156313254614102553912563467084681325360071572329354505368994853800604955539343681896207338059001538094014706667786918853260035383689451690859711493183701114504229547258891276362532573172473708395052361812084062343995848611309956738486230600923121235132092936000380026404875038966202985266968737445488031882074120473026564704700558200850672906116394270685979711989885871344201943980316940597759851724984781579303020570865742227031128001776953674683706512755202210897755061674108627817317491755161583466139884271964708737262150696038958691939513180300786667506413493798297759567071908547223010174193673083747587972119098867911875443062848262344512115529104755877220988232905366020462822670848182160552016363924553835794696501946907259162268649196290903140732171778761319240212557076865751284344328318605520835760617687522168239538186695103970150394808760508196672818383969386246075992827706206469711998858000720549673450242139845672393808463467654766196108802381584075377658797045259859163261820701674824024646558876059676546950818366881910769613909476577530477739440148659044969599992882040305036872734899869856494617314944550388577994149497487614751409377999939499231799533970583833995685982408465044013599866603524429124107271034260679946889779024117603523916236003079704194103567002792588876423080786768087011611159125623135247939101523252112101178422410996096491558468853973316660425958453217118391445017395099732526006412202728717078792974975178082091512747920808391092360994231817504907711593193950201049821318763708245838725316909269212813174128006293685935612850763078720790868989844315440752589742162171770626992255927870560545512123601149964165475141246854615314896694676791755589711108401366601616310902973548110668886879599207871746034092979024976374519156571843845622659711779427375609695061425345845944003942948198442159320161838282843719976206688962699312104128547634419537308940545909648927709988273931302859173106677419515818478752142291023720208821051584665331728873724996012935481645668224555271764965195233619701806707030843800617524264795848453733585516998917669515119364309314566595817515690517062107168683026128944590173512330866390984126387957425087947175720463712781979944314403806518983153532050725245796536939641746697424579867845025191210950552454182258111146109462005527999320215670697659661714691571240125853998420297253527878236822974177046722749650383197271678328757271473637059201890254348352327100260343673515600568599867146688545582015045949407116645418960807960392147886699668082097367846769439478740782051130562134392876357326876376189236061685948992727925713194390024974240509763688841988547261528222551577869946310782035401457199547282464178249664349515012258286340919258298810871461414337654377716557167343053303784400995232134138157686194157714359822558318854726715754887083041454363037154925146409677585440620757712587269688340863864259490775755646994057388585932545627686049811779440464465837470563025528143504358619229120645166396821579591838034046861148715670186614579064914123014545131608246962757038768938757739022508666446774393805434325883420743540105316458224659328524111254781998852282395503718924928879315222585471593652453672373422992094933131038105315118263876631879486236407390884757740084068228889888353455543731004962647637816027378025785398313674112979349897002251647691715710885056173144317082795404216140526150535011039444565167046865553610431770295816175641514075060735151165163269449080713042600186536257521879363401723470299958498714772256539018468351269516686898590091512471082341669323095471495229733892801232487497586032890994740658118950670683586465521513981613860850513678616636676913680314520835377972063206628334625324326129297881240668742634134666966501486865976788802150192000594657072380733815958537486470644040716270874707475719007111525885861530579254658302120419636144424089276033227784409292262261467203034869960520928618685572281004587978938963608520952402428569727505566324304833308865586924553288429252800671434452286731702879279608792243256417321386855688469468250979174982889410110182779947903214585684083897948046333465204074190531393085541238125214901384833537018138792377202876343075297287572409037828524153894476868751710536774125819308812881381828386122743887243758777878090859731287825723061420408473380724397944424636817219184252379298309877869029462811393258073775450473325075441064598485623527345546552748756603501786150535181843105588531988270058725108323617931759346993198842334261698392311055488622408369993761438569553421377625434924672584233464605584175283010618584888099357524080801480680313284293789278278904015815888091365470733366950701614403657370127041967879776820597607433691271613236325035784296122969319185321546916543100082062331956826942265084484995072745486548261242738847658295825656951235563596713672218452936361677424330740960947100744458569279285578328215242643248133496114979426913463092034880784536308695429479242322585933272292750686610759993243568775858214670867300362459361047438583133794919378698193568292327022276428988262470983631729077504931513634769670893945854343381469978752426418095063577540968556616570205071615511630704028409944738561364581331012689377823652616084052468069037013562452290683875061441831406225903563089996126599839814881384099529030199889171622707618476828538913957306366284616518965124352807127541304636155690900314365748211872806907741713309391158877345997715475059417712763251807648848971152290595387720429921398007815516828814780279609469088911162910096352923218027751042061028017238835514488226810053064924930348046829731722871475996007908845239600202986966897515193490744347374866262620750432062033212364608862391990388417861041033005094626584811453618781022530554410896701207583608267789583958724752981175537441757818557534431519945165211240147274645068839978676915739263998643367088700977698918588870821720297946343778733476661478730781777017488274603838169580380067404773965279572460989529383786458619312732867248594059593184199389157738345283012618484352371054476824802847670686328068606707005254459386385154004611392411797483560062806382902798422898674243004440980582378730496442611789026773772174593862807049246899540006124757817181085725115713443105956957453937710772209590277375103167955944643174109633696598449646637320967511406251057430604992120899028582939337484744948406240772371594607150563873872673327085197782394826599366412910538616446420551762631938473489245885444755017777881552987778673641687734762069532840203020658829795574306696666880496766679057416309631724920806562180574261042344680904406463877454869341043803204067272193847855241586294293013560178005526503548961358923414513321252336307728292390678203764246597947743292382862177668391025401488821441182267562670744005415262421729564904177287885495087915088266326457433212769837896217175926255017963546308834396534438652305949973742691589513595567546597969359458295561384865843619399407416023450384908332705469295438467644560141128441244469136561164215812132003363066024208218247698985317587976195848660156172507618069005819243103855665009534409406997523336411107047568582195149871112475745209902438534721260709932323136959125599788761401676148624713073630528954667840648845379821923743119663356280216790662660663651282243535419279946229368971363660171601916363989291607845069418181052953358763698277998211785683498068534033631039611084676927175334841103259761573504257891065220172433079283267150758883474942807072015986015608176617611982997012677219166718609740627183754461561285253662533071071190987443840036739449512732983336681685505585342690814004823675582856534167941061853377069796762352810929371222897326539811332040900505477310463552660759276462580358542249343776895945696068268256932217919703131480314507882264268678916705209586756019337203225328215221620199609082806462940330596339056732446097814635541337707007348346032658478006094018080471297512716152452840230088998305551387256184266225430973163475547330869652837831498921624896983084255599416254955082496195532120818533573243970120995401827560514792392279538678655977813806857484637025199167905743680916593602002867933265443911621921379224164344338693988441631487925434059707617098140304253371362300054458020786977178478062349519101181510630004963383534885314331772776229421342979641347459050959836207785885268493164143967876562236353931697886319573043741576821063054777945071796042049240628167748505169403216742891030175655601919544624375249095691908272312517833525582935510604781279303933593470873069830395713730068323213137262484701078539135327269173707394480300595969759517681398414493942558383050445388428790998240720287192711058427732754122046664535352567129642855081122278003456310566454954004386383940318359681999052463435243458274167800466221356881764768095357408444890129290339828824636629558744445274885118855361391108733168859929804119552683235553360089387098125718981217478411121150605271579584217298899855403193353844948625362883076649298824717755522351360334422073014850529480198875689103723188722070292569167020727779055370899109482334080296333645351350871247548239503274971122114499375452066272713210224593630318279135976100731145333960607021548449128960649669743954091441791996120232871173586364087374430795216355441241506352573751803612907878288448156245118601088608956475293901123287246140525928301795905418229913160463441825319073777460019147256172976866471610080089545370344282753169347960141987153414066559191742873303182223227538307955530677830996674507319612568641783805267653040338292286056428610455551250588484164203893564698337534243868340731601579029553861503349110998574473456958070969906194221249855677813512422931957087447911579238503548485863650764865951610483164384768170764705305815107425056850899404868586884773485727522797497717530435027030474809808074407247958539407807040950224660981913905406982863991214164307979324560009020717808535714412705743377119762361962358954628015533716563870489933939208117482764460479913531104757279662360407911547456443390738032042918271956826348280484198845562456664991138224666049157794485384035180558854061550475779905458448143165850272539816528102965336802050555457447777380820570741508883249295630536867221057849290203463335143906570783500766593406760258002481443232821474858290520869208348586250535050714297005824556469477800006860970673816568424611659106754381342684202830889923136951032362634968693214152508548857921585501592367828204603206652740821146340386596872594117978653848458127851095833681405054194491141249537057202064837056331322583420267677002002627274844385729814065963991456824688452910542641499611178510618727013646835170774276870961929564079010827053849988636283481470864522277488178935571258721744416579465769907821305160652777270216428576789952553125469534672159199335824527126943916785033442765413770681677622035633866223460491962765343090573388603589377109512624022405690699456706992348641467170795249438776086255377603078603790065656760708463827923213071203005723325515597831054825717500165588997475746396577546798819286561317305669490316633804879136592354387636147818242728680224431364170341455160572228833781566247675529733240289622194393078783610051599292852714760971089355627561995696493601737120864412789789588545786779038925754339905043717432425065052336374928429588339915540233159848859966072799063747815206250113610847455872435417721984219139053748829114118234323245518916065333566358326820180929747088712606819785639231698001675434816400572567548336297286227746711821782027079864085064508558332020972204291268478415618011709901732010426612528584979396664069512072227063342845658313947705318679809437635914684622173710706234090608394482540295701212718189536252545651336864760918968021599494771785233751174635958954153949941696134950715679987742430052053416468652148813013654064587342720386990736245429495909276635694271237137787205016129286575451784171315974824869618054155997804582474179640916008594320614766093373425451181082164529769117900320893253631727961087836202104888884623544959488188038602046964379128436726797164503365153638161450881707872784992528918128127183166275021403632053899854063934190812856680254449227013566044768395881716905319814887791711104291216691819674523571918216379385169438005770860792705198743433676139188531798071594650845983727701319087022664175794622724487268211769330628065253620146925189674250122877850115209423880265304795077225148203763550388533663152028113104924654792692417119874824158534827335115326081333884211055541322230144261637544948873504278475083180436764223689051520331412750192823515866026359603883923015950386606389339262871417359425338024850850863851987565626767183905286181778246618821806188598461314358122051006261501773602618668406543384003589295040727377652027573497395389842015354667771363101265164224363735833274695303283480267843021527071622916503911532792250170899596881359293256719580264725579687109336597196888170576171191206271146126170664277892356500814157805521243819460913578437191236720948727972937114631577904998009056782896089476324127563620624515334317722933352488895775148965701964509363338407612170001665678619132975742270235814032977220586537781730116348309592503556269797072672175339178742155265348037311742295145141761179277232187021403836375645576030792486787996611542362681984831457129258278102071583661393868488315840694123940511728819901849953960773313985276951601705580400106448450172422174843849585156996291443345518209326338693832395815400419797922431341490735972020680042255164780910388603926936600722286058432805777739002328255174002787261906602615138592775726399554223754988709134974881956711121092958005172933880960911985464292465364981095016654019519493955404229634049132032809934890964015263078784639607607635337095064890713240826538700883804341169115094968472754206355046839481224369766805089172226128438119787084545421911909463119831766691748633473208258949050755616630421136135194483964281374476883941524810865693982085566193134157980100758163885972547972407632613637614049675194629661953953695089198484128496270167441613702235489798472549578272165984396362224348190365770757609821576391957553961199600210261001073110516031813257007093239341434883710846147488221743736141020723396136041449424890690649903235908158942236907797913789017513880979832004471188677489483622346504137317370432000928688052293226585408065579009492463222610591926500373471468029160131319615659778773700558553466244121318954866033231432138749118828179876910979890443248658637565881594304368538159945899379145678048163861009533975407777148641567330924044620181049335820729040297439072090894468446929832471686622014700706696767965777204004256775111252629574894036520495419186723401336856340285597806996013911003058453100678901862579414795415241551834044843946392278756445623003636534462736489172686297404016483357355947483406346374978122950814601878300706684874607249097057026686447271637917966234177042061205324901125056181100998781130214835053260529825374213514497547889802776164972517092105267613056524274370968427509111031161989142998010967337512084702997161349671193482594284609942750548775668044184383317423328492472016857293995482691409627799504226051489067656936804565147659306754497558857039064239957908232392864231846096416297911582621084435170193934444076776636065581005357949269774351344755211890892147980480318099938135996036064278795944017270956701220928042577676197873597308482985649305615926544264945195017707588972965678270972202947045014977072153463613942206992410342352645275640262894187184346420279373058893287546790137564158313220280608507286064497879407065907636785160282453035566310785230333453968243193503160878074471110759313837610418258153370897217214660201229666835143051906404178973563029538312624708089379658373987437400035107130091796211254512880117926229791756929218996834524255988999060717524153898132862616356090981352119794147565373793292273232477068113749040354513352482297066870710987587861808403912841459935280638643873778715040484249252629377216619262433022465925399252808395949282103084291547728240451502957097069024721599335013022684397857538246957701393238763164562959285885781042531613864302362654434718971104881357685048510064708855055508578787086470622011146940062338209066444722025812204684371518984777425173398786907278102912464770858397127579500575758278196593425474406919625019523668968213020448045356490099538993475987949019001478032882757114978119625728642477502915051547673715820994492375960702105023567588264573694716300789352844900314134626931213425982548198089274751361257437776190092778822921912006285126446149120176960473521409060534071772591756326859824341418417890110590265344794728572689036900153016228388206472269245042441465794590717120041381595106924700939857533029333431486273441913567063966152260135982621034684943774067567603700877729593402896264766867847834721608688599481799902388983382230773360317528316455212123135260622595702726495421778127869604094717788082957178196409523827118857200901146316055405841244467169731855243402178042026157998530280517447376096231082308591611336198105772329976717668843290890335547594526702183325864291909066104436822854221741048610943128793749155354720081443344664023556682323218077408212190345658877986604114848803879460651635515470204540075859779436822095946637890107783499174572945819645887709523329508441688130642644748050229543021631632799279980943124105021020030274897866425781034567753024470637621366495639970271857038117362841334729089778507361727748273468764325905545304536722245853946729039412430398391007350352064916185427887465912863632786642443865776695067555459048062746683865657838642089704937810898583126602577271269487345586775934766286406837619118664803903098757956656704350207115924959395181363124579438434388903458557403217032480418119624161500356102675489475248923879492196125715496705906145374299792027442941531702676369693647523750106199722808485812576103970241225430452356543074867156375365961307348667271545177644054795885038059233117439367786097540802285028847765980091096076647788800761707625011197794676645421749404802819265934357707387143418210960304181098184063364213199980172936667932113640442607591400571129128636898084344235329387334822851991806382691497637049312607416865583963123078895041483918406799904211073297102134268084509219799649344384497986987961424407045979622808211358395308511818161560760050911940598453556322761266987913959251002366181330390910661600600511867275334246374312214830889218267745634952751296618966948450748255269834117446398916022768519792111425679094613706521352380781312367754039476827396037922298098214624372758975179499151920041651865490741618458377357019305915804781832825899040605914211702729722521723473557813360662532766920032294517782840785758632519643499542897415334732792461924253946408167575255705629503144332184547666432688369301460444883184946056945784248062998836740423823091257946846381063372032192470966422505047470017086700138249015714770213152879925195700786117642260120599268698384721964716810943488099339294271920513423706401921035791125628349889835147478992233332867018135001397894728278446517376950068727366090823809763386300383222392050589063374524912264490542868065643308458394159851716794730435429168438071709053342598077452964327201482456363573524849754319656914531470788605880992630045632639045605992593421895879958789339740356774463376962367725866515210634489107569998915512224868636938418780506833390184693295672171627297920018828701540668362482894972285542412457560396042882097902848225339804400378213267497986664674688521616556270075856063192942555611902779395040931759887950810001488266833404852669429282572616081272438023667302103303295328043552869405439784121538867738514111798929204455248483771727069793668904447662680875194542014677540938465489159662199353918550537704947510665118773544405321188790346321194563761992923227861224160126488557135544857309714282261935494525244726769737383797718353705818551890236171132371529284721246728214744845665058839750918037229571120611588604953808478499647770212903454603307659735893056644774629210076396558400284093009353996835792734723409790283187511059369936824758070848962797657346950612750784842183679360514680242328954309138206152450268663530929248734999384871714797112567440718342500874436086496909615937410826240379258739860795370026907569164880631905494542980172887427909988580037084127346094452563151155728518899337028934697267813147056211772028147321130914669559224597614445837916844736272980826927738426159681033282960746603950347185567879455694202826832796757561731131912891515559661778579062691756686207865954781236266407404374042678005974138464068095930428285097911523445789535476070780553761566041512049947290213547929249262247643576463356039192441631992177563614150739015259351527150154036060712580821932837836881750713813128555787993011458826527132992178663551977435379292880985336888537974900622070220642553493564767743899906464176472843285985981646068571841915914838276550587034469786982928424982960910575920262916921066196101574931374086214666382857763133418986350331683008186431504712493709552113959495988586585483926825964965427207112727565019792111067473622708152593022591211023614862954071040101357703423392780593980644794569794049880372037163693091179666729687230174023989272281677562126825417896366422882079099972378230767274496447018821771852034416030183749691646632570996101061540426271364129850844677959214890384855012473691030796858436832203790724340491950949313498663362065213080387035381769629393620474345678528392842249447340302780731745378543018687299100575148736325004671859367115340517567581411070405045715113474810266666700636688256126915580733177163214632697745039069044508129968058330126287047000040455173569570266992014793250040034059321561794789490264623518865963152675633242363789577744758651745381363954599297508887909612826773173563928824593064529490164266169068258757572522688945389716490320683671945458060146695938877262806964347860035978024132124616556202091599982724700869539487928648841359278442352546769533549960050942054750149614261554949746404078496791480650438287863016212637732619131623081209635787223689014668426215756648537664377063443922935449983457800492342403752649889878670377205307161877601616519657959215544519141694751062492011479542308421254589749044154529826116893772524255131637497609815263288222962881430354060719391185243233114678031267469850839973680833349343318999388806061066638142060702520682687877527967642713180625877203689688768841031636776081485104997912939966092963405543691635630528094469735045218675983472278589418305650640162140017810318065216341666588578482477184863678548805014647278302873133054788241679688922239224262459663506437130549882216119426233245927961893711075711578171289878493838808126170375080388170842248745204777424821719708772405894747959200156533993202605460119242721843104410401363672802583605349721585370156234681215483853167112581236396315930454002605470459258738811360551352039107384335601904540086052126612779780673856846595273492628120688312723192961275974610751359591387475744924705247030622658318613063589951169692620831953101653267459659094463723829446335400090078264190279084057588013741031259998611111133256465269221847571186318356427859909898656957293284822528967697578650678718414774707883215221276502709768786751588980150542121012089546774597564837908728800633702436621139079894004374766083713021153518278929806272854271444027532059987738100542753038038849582707461671789422194922621228247317225698827367035542708513380689579660503334433388038051920333923468598165889818030416706914776472549893867719371503451247399783205764051762135893418892074571643193597062396166667447324726024322975373864013182906861927539794574451515135033119012970126959294295348683912704175897253767548724476108114736803199644395027546686490825311518405798254068894418193085779985156820954030312679672399103516879138685881827717521120264181741391590430462023782092947777058052366100998699026110276541828757347009438579912900657092621309983491214289989897413989918019095920379355976836056870339566687295564915787367758764564935890903780186806103510890944092288040170109212080418225675784035199587035574908610381284773101998485797103442801124668219920367803169597850813053033875995112247146427241720192285490080137232976319825157687262512279560672853364832582608256718367888826714317305878379299206653218906601597583372635953562457757852571180511687667667608480715759949653190006270359324851615868614572439177716637717564448918902294817567056078208332345356694956305802465482757184528143555261726370317111099733160659969835011884063511649063016692934535880701755853099016172217583854725393998274094767775552392762690182026478255985091409616505479549665076700738964736642094218704439017454392939595196876314478271052148898952497480074484789906232532983522413085560895326473340922494781412882819470233491668426660501455422707937950425798126375184335277785216422788100288162095194405700697335585064757302071036504735814137508530684717946192916259988434500156233488289982059070537136898573596322450330009907734226798613822179027934454914150010785340959373535777067515776263232915918296907454611709723500944772041189411511729440423710029920417839723807320978360219859912714694773313634321100246967558721914515452041105558302103938337765458161781616473071526444726177783412379962038289865379888219838582023694265309427388597618840094427864962469394067868193072613984565485266175214149727838390051088063946733386662999433451099200405644078047150161184054749357714018065056597253617038840322772620811196847117460138792830997477973598790465186858638384663362598832129756236127233002350660132563219649814283840720311135550046437010264326646449624155597683768541485822463070504113098331480948273897957999385866571070957790553186544409849497389915696673543540142299050911639875336314775372683330580804897339724507228697115143359519099223435522422756235456279008068904561228156264849999479647101678173740464076710308160845299845001238197592469792439763126652583963217678118463642848973057796079450059947391473594983884558731082027406373144735313562762004660709864372924390319785907370291108165586247379796337824392907257295179202967339887307355454133174518761504111845572053878927435941621799543070847877824103896002235091137753655843394760091198699579275931328235815966788769635587528605891654078313130334128256676040572891172256989422009713460120732996710256449529098285624970080758943356813100267320814824819922320910271194710637009382821468828515191462636522587662006809052102354442325613816737486161224501172944223196363587399332658394089197982097218343796945128293629306786390503974484514818966081052488636947497650624896999031103032187695938651646401045662755404896474822838923621810051902853543859841558464227288988419117451536247190828381145627403295350480865113458181591967157107275997125981759980468004229266177141591710776366054864251960338379381239463741934679708293693346445947842078230312272048716680665556970070019433527988330870886312972559267562786661371902355095789725929974507619279692455818619176367654260575814621640498329105749072021549821865392006948199427313022842804754962471999201965908725476746071824434206320035031386898068429763405305231382571775541208928928627574088956234526255802197850806717673784497452076322521768476002395803388088404586685015242332713368905511659675403558679920625596480332255522289020807476418889413226455393741704756549978077448719296307074986609079637355876716326342721438704753442966123822824239170632041134510667341468518868824803647587720541983193430307804768310128386926274292234734486408271978967929134223334004779374823157397735665308716973924924363832338968135859756857801405944444243236832937700557162303007281688921900895385563763372888748488293921420917036237063319653064675817119128486010886673883818588807301924189211436508462668052167467055244002968373323472650653428313110628120552276442865260660522851161923244004523485756642874406527141412767537966642341718172972416323414977136292612236119018273955309855156632039259234820984753378656807955268555212200146228983405716570178452074866798868813107253003018692552839900450791395024942923358319512090003285833912801439335681682049672432603991118950274678308839276031527588123357790278178170859496621428608299416000778457464048616091777994820870399723405313189824438532202041497644815376555633614362091243183850067674467779728082011671139697368044757506682540029613135297191693963290911996413085872803374112552209400497473791009807052766279358634907167724400758612639972839824409047385719394981541915115803736856667041446276564739881759656892354107167162613586342367548318226327912940973928437383285756184623703355472535607445057003579030705510210474742358075526236401840382100523365577292415339809903693019084951096370332779158080040058524568330874707430534745189435337894135767062995003605408399501314434436141906615515744606976637885790785917704508908616809110609697065324490464022940727545528311714035230251444736624282794599820607682991014086717859777019514681573285473109932075754107533649235186822413893487495023734153342932338874334641613189213342028248889163632171620707625344500051434684472896454380478617246456857003092737839944955212515861949612534174792925206893230639725518097211142321714265224851271900311366046502218613173554792207446443886989102812651278569866621868392506162621334933032841225216229158410631531180380731414235579547833810102700980582599614603134297946732550676026073622377158256339057466203013753093076838524046660071999768942966587462123232173222525371200981365877439536446900626075341942694172608425127454627450019322579544871689716485476989621407210785027568862101584188101026017146505334359675198468913681525045700514392417949872558693018873668950158895698534647021945672799910354557672696117115020021166305895022253823770078137333109779326782834320546021719686819404691639740424610279221502212675768160143191136684017346092802090307119400485975645230085249947194736339985015794613326011071565208948668766049003676004199521890368496423163516298720065642011826758892341674764003820231582380549912116872384668132382948280580620175124652308815697665280007300303740487434329972920372594892594962720019723473376608887609105111160121387759960212440107393811409734274481649357748839166912678348038397876172537438145340662345921417297168697397151180173250861535328596785119075206699093957663686540212477803025361516086634392604425572521637043477987819055424170217443261310077296459113468017861688654222636734950330050784967337667692557537725206586422830221712471407515694999755166756561521839384111191766570288549959683824159342675792780757519135618325050577062744134670510201645100179145406074613270482985493063509766813715466560059178653233152621673236368341665846199973051170881449450367290634054100340308942446561970206568736948073107941727530969550956123168000910938070692213715391401363892021361982410546950944782816965629294187097735210925833897269266303376742432452616367703793890786136160527163197156091463554105715182837576140370552860548158914079269953187418917231006404145370758541085480994768941328519960013867085475428295193681680646811747371346123301640937339323096252887759079548592443427421462476707714540560111430783042041337239548265445204488333058447136262378846566019854495727095447582090226102850898684361861490183935341086723983378788562443927210585211025937759915174573157144273174057690617157883765663858983810636175169074111744120985178786433938000413327004417690930657871422281177997164333429941674169508374148346454713737532434977041231852816717503100359645117607314955042164526436249429344283238372461577543257553052420590128781642864303438992314779403710828609254813790912579565002425472679430450674612635362824226532004839940405552896986689277092912464307335931453974318992527921296827289197163996886209230114753965768988375838028025168152185800350653973971988231240935126624548807974911860455913812545856205553882545643119212092308460469908502126835267040646073514925874197917211912888675815909331968325896120389264159254197584349605856057947522448807500630755461597363450582317401108313436125035814619946548262650397703782385309995879549832042696112343865705417050792236945057056196416332563464805978426026996883252195903155760905725515472567468078424891752730040521595026886145561107509718225314648978389027456897542804746692323385773484168236490023290144986204655902995094869052546135510642197006276612699869651073215989013008764547328372362804199069415320715507482829337623582600666357866305998139161522089776764995125706474558356977313292165864896438135218086325113556898453150052205411169390268614673600519121222991631050344497734887670955093219265140889867721953471558999112267287511175576324989302649809414086068722115449235277932462280304036962717839652517983411347603848720638263464784313934375842033591520876541323413445747305103441722699822240705553632786697452335098363491001778848383388750061883779035523645397281489514985112660606017870429462979102850343048239334087848931989273524906847658333718179335999434774454104767659771975524284305072901402551039176434031167121924954572494999501696893105152109701891925250178226431827810570728657731418237947522211780747629200736607995550260983231271466920658124096845092728337343920130672084013084238632905145331280507915490992282271929114541966067726288181969003174589399345799143972208078137821959553486009666618980211829809131296796301539945964099483044511935399517794378394883657136436030083723796275563930092052325341195816742092400113846131197529292825908750314135425367076886090915616158105723332585381400761337740657837805829666800436134577648779355217811423937000701038258869382195224041408612248086224575440728908576732428674817176945324574285337633228647573262113457680806486462584921148188575165000908515610388159611493945100549785296812647078134764221097343252830160837502603972881827503487876835227527723905351721032946484769079107297155182531829857512535586557776380988290914990601133156426724205264804035624572718597795117225778513935536688745165760392702508989679503269855354851853952810030517548049200285670160859660687854565994081098973338815520782737596939118034894198697227258426605687843037541691470436414770316213728452130371578146436435028355465882710105104028827019093613021673300797423659965516840480560962194739158034126849764437006252661486356023644304388417199415707520152817766899849512402316538633069167045230302786840173023173832796941899399109966909404290351399644791418410719265002032943125075708300052514984040625738592810621794090165907347090417863303968763613776858148363484335873104217352697679046161976242469385285046574395974361038672840720257014874855918826075543662695217440881800698837792760010902868620298142965864955220955679325231805253544696870268577173333261863675568609825677306632895095032574070145683801865027062041238904914422997312393652983673742194468738449167405455819204075513814075857654122691704224780040728950744238537629205243479195786146985892691266578619298087968050159566085171062861926583204358537195836399644109117863816233161172453701386945249063283623361861177025883940533353090855493998133514035556397701592118765992372479034749470625782868988208340898307617030229951491347424967199997794818285047285201638535047644463776650279800047309887729710876284256944353907209237113726214501980038908443368931107904919553610318086207265248196653219775399143100343712190816049204901800462077037588676106161043667001936386401206369098814415272231870400708354657318400754201347002235340651064437126659666142241886144361875481509672003096286894648464003407228338429851844771662960368044916447037901451041265635845865665675852423394244864558134376454518815958095476448688682148682653171591939426275828315968384731889321848107373439430878161485564577942343545712213050688785094462601823654155839390378292833251444843117413269920828377098939457217156439490575019731062560186107024824890742844299743946530988392825322305295822818055822192780734005482414454139621161983366159962699137967461437337389964317168583737085673489907963546604085979139811389861238212806277762447707997408443321141160165786353157525366753364176863220914217055103537756203007792198090075326018017010732074526575254886862739805208497343877181277909114783483236080121518886643481612805813478061894909955474053851326677496079294223748402578454795997378210211844593011060717773247929873860062951492799223559576274837754520918434729907795783810316066324752216173709565725385717220904954355221009623136339847838691869349166117149194238225200218387964866292925379568694672444949143712449057105944291945450900810312873507325936542088483845322254679359402762286115071012776147370837516741847769422097906896800980521042637190640649712167619433892563908796233460584389961513142390269720665847533489762714940213824749371679441725288411790379966531305960615878049533478903617936055920307992107882187805431079082035548151208130916487058909830647012367655552634603285676824016882057821796605202562038430280620312837132299944666382185506762343602962539171246225462812187888900765241766400914079075133517332722037460996736323795856369422727548202157185517068402995850220384169386267520830345770836916394697690275364684233220710575102428092688356231559641203505410434385819930701196714734301017529904001543945179524933588792639588616507899473188049077932576531599004864778122302993269449045364646017380222937355523275595605849125932837485296160427381563328106832820008602934376928301960424288079716221501015919907298778660296415181205953528916096929984171665583500489245977966690188806851694478871551683361630161925813986283521211859749817560673454032844223708462750137782915402600838944692664196208704747593159270343344681750553791419549175554502470724347909480652140477419457301667346645064077890124961245379173807394738256268052719347700782213046999153153187802128646463292595657733751182747046112438557490321113528774591712919352993698394483736389935094030936743717991699783487066046953655948855035104996528644176902739033889277349846743561276055438998709630746347542875700012261228610918633092541405010088582820052021658848288957603122741840704546272810437884692256747642968847003556786200197401004641289400638330591026540596175945208954880000000000000000000000000000000000000000000000000000000000000000000000000000000000000000000000000000000000000000000000000000000000000000000000000000000000000000000000000000000000000000000000000000000000000000000000000000000000000000000000000000000000000000000000000000000000000000000000000000000000000000000000000000000000000000000000000000000000000000000000000000000000000000000000000000000000000000000000000000000000000000000000000000000000000000000000000000000000000000000000000000000000000000000000000000000000000000000000000000000000000000000000000000000000000000000000000000000000000000000000000000000000000000000000000000000000000000000000000000000000000000000000000000000000000000000000000000000000000000000000000000000000000000000000000000000000000000000000000000000000000000000000000000000000000000000000000000000000000000000000000000000000000000000000000000000000000000000000000000000000000000000000000000000000000000000000000000000000000000000000000000000000000000000000000000000000000000000000000000000000000000000000000000000000000000000000000000000000000000000000000000000000000000000000000000000000000000000000000000000000000000000000000000000000000000000000000000000000000000000000000000000000000000000000000000000000000000000000000000000000000000000000000000000000000000000000000000000000000000000000000000000000000000000000000000000000000000000000000000000000000000000000000000000000000000000000000000000000000000000000000000000000000000000000000000000000000000000000000000000000000000000000000000000000000000000000000000000000000000000000000000000000000000000000000000000000000000000000000000000000000000000000000000000000000000000000000000000000000000000000000000000000000000000000000000000000000000000000000000000000000000000000000000000000000000000000000000000000000000000000000000000000000000000000000000000000000000000000000000000000000000000000000000000000000000000000000000000000000000000000000000000000000000000000000000000000000000000000000000000000000000000000000000000000000000000000000000000000000000000000000000000000000000000000000000000000000000000000000000000000000000000000000000000000000000000000000000000000000000000000000000000000000000000000000000000000000000000000000000000000000000000000000000000000000000000000000000000000000000000000000000000000000000000000000000000000000000000000000000000000000000000000000000000000000000000000000000000000000000000000000000000000000000000000000000000000000000000000000000000000000000000000000000000000000000000000000000000000000000000000000000000000000000000000000000000000000000000000000000000000000000000000000000000000000000000000000000000000000000000000000000000000000000000000000000000000000000000000000000000000000000000000000000000000000000000000000000000000000000000000000000000000000000000000000000000000000000000000000000000000000000000000000000000000000000000000000000000000000000000000000000000000000000000000000000000000000000000000000000000000000000000000000000000000000000000000000000000000000000000000000000000000000000000000000000000000000000000000000000000000000000000000000000000000000000000000000000000000000000000000000000000000000000000000000000000000000000000000000000000000000000000000000000000000000000000000000000000000000000000000000000000000000000000000000000000000000000000000000000000000000000000000000000000000000000000000000000000000000000000000000000000000000000000000000000000000000000000000000000000000000000000000000000000000000000000000000000000000000000000000000000000000000000000000000000000000000000000000000000000000000000000000000000000000000000000000000000000000000000000000000000000000000000000000000000000000000000000000000000000000000000000000000000000000000000
* UtilsJUnit4Test: @After method
* UtilsJUnit4Test: @Before method
* UtilsJUnit4Test: test method 3 - checkExpectedException()
* UtilsJUnit4Test: @After method
* UtilsJUnit4Test: @AfterClass method
* VectorsJUnit3Test: testEqual()
* VectorsJUnit3Test: testScalarMultiplication()
]]></system-out>
  <system-err><![CDATA[]]></system-err>
</testsuite>
